[2025-04-02 17:19:21Z INFO HostContext] No proxy settings were found based on environmental variables (http_proxy/https_proxy/HTTP_PROXY/HTTPS_PROXY)
[2025-04-02 17:19:21Z INFO HostContext] Well known directory 'Bin': 'C:\Users\vladi\Documents\GitHub\bob\actions-runner\bin'
[2025-04-02 17:19:21Z INFO HostContext] Well known directory 'Root': 'C:\Users\vladi\Documents\GitHub\bob\actions-runner'
[2025-04-02 17:19:21Z INFO HostContext] Well known config file 'Credentials': 'C:\Users\vladi\Documents\GitHub\bob\actions-runner\.credentials'
[2025-04-02 17:19:21Z INFO HostContext] Well known directory 'Bin': 'C:\Users\vladi\Documents\GitHub\bob\actions-runner\bin'
[2025-04-02 17:19:21Z INFO HostContext] Well known directory 'Root': 'C:\Users\vladi\Documents\GitHub\bob\actions-runner'
[2025-04-02 17:19:21Z INFO HostContext] Well known config file 'Runner': 'C:\Users\vladi\Documents\GitHub\bob\actions-runner\.runner'
[2025-04-02 17:19:21Z INFO Listener] Runner is built for Windows (X64) - win-x64.
[2025-04-02 17:19:21Z INFO Listener] RuntimeInformation: Microsoft Windows 10.0.19045.
[2025-04-02 17:19:21Z INFO Listener] Version: 2.323.0
[2025-04-02 17:19:21Z INFO Listener] Commit: d8b82f44a9ec0258904d5869ae683c31d5aac299
[2025-04-02 17:19:21Z INFO Listener] Culture: en-GB
[2025-04-02 17:19:21Z INFO Listener] UI Culture: en-GB
[2025-04-02 17:19:21Z INFO HostContext] Well known directory 'Bin': 'C:\Users\vladi\Documents\GitHub\bob\actions-runner\bin'
[2025-04-02 17:19:21Z INFO HostContext] Well known directory 'Root': 'C:\Users\vladi\Documents\GitHub\bob\actions-runner'
[2025-04-02 17:19:21Z INFO Listener] Validating directory permissions for: 'C:\Users\vladi\Documents\GitHub\bob\actions-runner'
[2025-04-02 17:19:21Z INFO CommandLineParser] Parse
[2025-04-02 17:19:21Z INFO CommandLineParser] Parsing 1 args
[2025-04-02 17:19:21Z INFO CommandLineParser] parsing argument
[2025-04-02 17:19:21Z INFO CommandLineParser] HasArgs: False
[2025-04-02 17:19:21Z INFO CommandLineParser] Adding Command: run
[2025-04-02 17:19:21Z INFO Listener] Arguments parsed
[2025-04-02 17:19:21Z INFO Runner] ExecuteCommand
[2025-04-02 17:19:21Z INFO ConfigurationStore] currentAssemblyLocation: C:\Users\vladi\Documents\GitHub\bob\actions-runner\bin\Runner.Listener.dll
[2025-04-02 17:19:21Z INFO HostContext] Well known directory 'Bin': 'C:\Users\vladi\Documents\GitHub\bob\actions-runner\bin'
[2025-04-02 17:19:21Z INFO ConfigurationStore] binPath: C:\Users\vladi\Documents\GitHub\bob\actions-runner\bin
[2025-04-02 17:19:21Z INFO HostContext] Well known directory 'Bin': 'C:\Users\vladi\Documents\GitHub\bob\actions-runner\bin'
[2025-04-02 17:19:21Z INFO HostContext] Well known directory 'Root': 'C:\Users\vladi\Documents\GitHub\bob\actions-runner'
[2025-04-02 17:19:21Z INFO ConfigurationStore] RootFolder: C:\Users\vladi\Documents\GitHub\bob\actions-runner
[2025-04-02 17:19:21Z INFO HostContext] Well known directory 'Bin': 'C:\Users\vladi\Documents\GitHub\bob\actions-runner\bin'
[2025-04-02 17:19:21Z INFO HostContext] Well known directory 'Root': 'C:\Users\vladi\Documents\GitHub\bob\actions-runner'
[2025-04-02 17:19:21Z INFO HostContext] Well known config file 'Runner': 'C:\Users\vladi\Documents\GitHub\bob\actions-runner\.runner'
[2025-04-02 17:19:21Z INFO ConfigurationStore] ConfigFilePath: C:\Users\vladi\Documents\GitHub\bob\actions-runner\.runner
[2025-04-02 17:19:21Z INFO HostContext] Well known directory 'Bin': 'C:\Users\vladi\Documents\GitHub\bob\actions-runner\bin'
[2025-04-02 17:19:21Z INFO HostContext] Well known directory 'Root': 'C:\Users\vladi\Documents\GitHub\bob\actions-runner'
[2025-04-02 17:19:21Z INFO HostContext] Well known config file 'MigratedRunner': 'C:\Users\vladi\Documents\GitHub\bob\actions-runner\.runner_migrated'
[2025-04-02 17:19:21Z INFO ConfigurationStore] MigratedConfigFilePath: C:\Users\vladi\Documents\GitHub\bob\actions-runner\.runner_migrated
[2025-04-02 17:19:21Z INFO HostContext] Well known directory 'Bin': 'C:\Users\vladi\Documents\GitHub\bob\actions-runner\bin'
[2025-04-02 17:19:21Z INFO HostContext] Well known directory 'Root': 'C:\Users\vladi\Documents\GitHub\bob\actions-runner'
[2025-04-02 17:19:21Z INFO HostContext] Well known config file 'Credentials': 'C:\Users\vladi\Documents\GitHub\bob\actions-runner\.credentials'
[2025-04-02 17:19:21Z INFO ConfigurationStore] CredFilePath: C:\Users\vladi\Documents\GitHub\bob\actions-runner\.credentials
[2025-04-02 17:19:21Z INFO HostContext] Well known directory 'Bin': 'C:\Users\vladi\Documents\GitHub\bob\actions-runner\bin'
[2025-04-02 17:19:21Z INFO HostContext] Well known directory 'Root': 'C:\Users\vladi\Documents\GitHub\bob\actions-runner'
[2025-04-02 17:19:21Z INFO HostContext] Well known config file 'MigratedCredentials': 'C:\Users\vladi\Documents\GitHub\bob\actions-runner\.credentials_migrated'
[2025-04-02 17:19:21Z INFO ConfigurationStore] MigratedCredFilePath: C:\Users\vladi\Documents\GitHub\bob\actions-runner\.credentials_migrated
[2025-04-02 17:19:21Z INFO HostContext] Well known directory 'Bin': 'C:\Users\vladi\Documents\GitHub\bob\actions-runner\bin'
[2025-04-02 17:19:21Z INFO HostContext] Well known directory 'Root': 'C:\Users\vladi\Documents\GitHub\bob\actions-runner'
[2025-04-02 17:19:21Z INFO HostContext] Well known config file 'Service': 'C:\Users\vladi\Documents\GitHub\bob\actions-runner\.service'
[2025-04-02 17:19:21Z INFO ConfigurationStore] ServiceConfigFilePath: C:\Users\vladi\Documents\GitHub\bob\actions-runner\.service
[2025-04-02 17:19:21Z INFO CommandSettings] Flag 'help': 'False'
[2025-04-02 17:19:21Z INFO CommandSettings] Flag 'version': 'False'
[2025-04-02 17:19:21Z INFO CommandSettings] Flag 'commit': 'False'
[2025-04-02 17:19:21Z INFO CommandSettings] Flag 'check': 'False'
[2025-04-02 17:19:21Z INFO CommandSettings] Command 'configure': 'False'
[2025-04-02 17:19:21Z INFO CommandSettings] Command 'remove': 'False'
[2025-04-02 17:19:21Z INFO CommandSettings] Command 'warmup': 'False'
[2025-04-02 17:19:21Z INFO ConfigurationManager] LoadSettings
[2025-04-02 17:19:21Z INFO ConfigurationStore] IsConfigured()
[2025-04-02 17:19:21Z INFO ConfigurationStore] IsConfigured: True
[2025-04-02 17:19:21Z INFO ConfigurationManager] Is configured: True
[2025-04-02 17:19:21Z INFO ConfigurationStore] Read setting file: 293 chars
[2025-04-02 17:19:21Z INFO ConfigurationManager] Settings Loaded
[2025-04-02 17:19:21Z INFO ConfigurationStore] IsServiceConfigured()
[2025-04-02 17:19:21Z INFO ConfigurationStore] IsServiceConfigured: False
[2025-04-02 17:19:21Z INFO CommandSettings] Command 'run': 'True'
[2025-04-02 17:19:21Z INFO ConfigurationStore] IsConfigured()
[2025-04-02 17:19:21Z INFO ConfigurationStore] IsConfigured: True
[2025-04-02 17:19:21Z INFO ConfigurationManager] Is configured: True
[2025-04-02 17:19:21Z INFO Runner] Could not parse the argument value '' for StartupType. Defaulting to Manual
[2025-04-02 17:19:21Z INFO Runner] Set runner startup type - Manual
[2025-04-02 17:19:21Z INFO CommandSettings] Flag 'once': 'False'
[2025-04-02 17:19:21Z INFO CommandSettings] Flag 'once': 'False'
[2025-04-02 17:19:21Z INFO Runner] RunAsync
[2025-04-02 17:19:21Z INFO ConfigurationManager] LoadSettings
[2025-04-02 17:19:21Z INFO ConfigurationStore] IsConfigured()
[2025-04-02 17:19:21Z INFO ConfigurationStore] IsConfigured: True
[2025-04-02 17:19:21Z INFO ConfigurationManager] Is configured: True
[2025-04-02 17:19:21Z INFO ConfigurationManager] Settings Loaded
[2025-04-02 17:19:21Z INFO MessageListener] {
  "AgentId": 22,
  "AgentName": "bobs",
  "PoolId": 1,
  "PoolName": "Default",
  "ServerUrl": "https://pipelinesghubeus10.actions.githubusercontent.com/h5c7vwOkcZCfReMtYahw11SJdlk2lSAMfnNmAt52iITzib6AAT/",
  "GitHubUrl": "https://github.com/vladxdboi/bob",
  "WorkFolder": "_work"
}
[2025-04-02 17:19:21Z INFO MessageListener] Loading Credentials
[2025-04-02 17:19:21Z INFO ConfigurationStore] HasCredentials()
[2025-04-02 17:19:21Z INFO ConfigurationStore] stored True
[2025-04-02 17:19:21Z INFO CredentialManager] GetCredentialProvider
[2025-04-02 17:19:21Z INFO CredentialManager] Creating type OAuth
[2025-04-02 17:19:21Z INFO CredentialManager] Creating credential type: OAuth
[2025-04-02 17:19:21Z INFO HostContext] Well known directory 'Bin': 'C:\Users\vladi\Documents\GitHub\bob\actions-runner\bin'
[2025-04-02 17:19:21Z INFO HostContext] Well known directory 'Root': 'C:\Users\vladi\Documents\GitHub\bob\actions-runner'
[2025-04-02 17:19:21Z INFO HostContext] Well known config file 'RSACredentials': 'C:\Users\vladi\Documents\GitHub\bob\actions-runner\.credentials_rsaparams'
[2025-04-02 17:19:21Z INFO RSAEncryptedFileKeyManager] Loading RSA key parameters from file C:\Users\vladi\Documents\GitHub\bob\actions-runner\.credentials_rsaparams
[2025-04-02 17:19:21Z INFO MessageListener] Attempt to create session.
[2025-04-02 17:19:21Z INFO MessageListener] Connecting to the Runner Server...
[2025-04-02 17:19:21Z INFO RunnerServer] EstablishVssConnection
[2025-04-02 17:19:21Z INFO RunnerServer] Establish connection with 100 seconds timeout.
[2025-04-02 17:19:21Z INFO GitHubActionsService] Starting operation Location.GetConnectionData
[2025-04-02 17:19:21Z INFO RunnerServer] EstablishVssConnection
[2025-04-02 17:19:21Z INFO RunnerServer] Establish connection with 60 seconds timeout.
[2025-04-02 17:19:21Z INFO GitHubActionsService] Starting operation Location.GetConnectionData
[2025-04-02 17:19:21Z INFO RunnerServer] EstablishVssConnection
[2025-04-02 17:19:21Z INFO RunnerServer] Establish connection with 60 seconds timeout.
[2025-04-02 17:19:21Z INFO GitHubActionsService] Starting operation Location.GetConnectionData
[2025-04-02 17:19:22Z INFO GitHubActionsService] Finished operation Location.GetConnectionData
[2025-04-02 17:19:22Z INFO GitHubActionsService] Finished operation Location.GetConnectionData
[2025-04-02 17:19:22Z INFO GitHubActionsService] Finished operation Location.GetConnectionData
[2025-04-02 17:19:22Z INFO MessageListener] VssConnection created
[2025-04-02 17:19:22Z INFO Terminal] WRITE LINE: 
[2025-04-02 17:19:22Z INFO Terminal] WRITE LINE: 
[2025-04-02 17:19:22Z INFO RSAEncryptedFileKeyManager] Loading RSA key parameters from file C:\Users\vladi\Documents\GitHub\bob\actions-runner\.credentials_rsaparams
[2025-04-02 17:19:22Z INFO RSAEncryptedFileKeyManager] Loading RSA key parameters from file C:\Users\vladi\Documents\GitHub\bob\actions-runner\.credentials_rsaparams
[2025-04-02 17:19:22Z INFO GitHubActionsService] AAD Correlation ID for this token request: Unknown
[2025-04-02 17:19:23Z INFO MessageListener] Session created.
[2025-04-02 17:19:23Z INFO Terminal] WRITE LINE: Current runner version: '2.323.0'
[2025-04-02 17:19:23Z INFO Terminal] WRITE LINE: 2025-04-02 17:19:23Z: Listening for Jobs
[2025-04-02 17:19:23Z INFO JobDispatcher] Set runner/worker IPC timeout to 30 seconds.
[2025-04-02 17:19:23Z INFO RSAEncryptedFileKeyManager] Loading RSA key parameters from file C:\Users\vladi\Documents\GitHub\bob\actions-runner\.credentials_rsaparams
[2025-04-02 17:19:23Z INFO GitHubActionsService] AAD Correlation ID for this token request: Unknown
[2025-04-02 17:19:24Z INFO MessageListener] Message '6778527632335343772' received from session '694bb74b-cd75-4b5d-a5ae-203180db893d'.
[2025-04-02 17:19:24Z INFO ConfigurationStore] HasCredentials()
[2025-04-02 17:19:24Z INFO ConfigurationStore] stored True
[2025-04-02 17:19:24Z INFO CredentialManager] GetCredentialProvider
[2025-04-02 17:19:24Z INFO CredentialManager] Creating type OAuth
[2025-04-02 17:19:24Z INFO CredentialManager] Creating credential type: OAuth
[2025-04-02 17:19:24Z INFO RSAEncryptedFileKeyManager] Loading RSA key parameters from file C:\Users\vladi\Documents\GitHub\bob\actions-runner\.credentials_rsaparams
[2025-04-02 17:19:24Z INFO RSAEncryptedFileKeyManager] Loading RSA key parameters from file C:\Users\vladi\Documents\GitHub\bob\actions-runner\.credentials_rsaparams
[2025-04-02 17:19:24Z INFO RSAEncryptedFileKeyManager] Loading RSA key parameters from file C:\Users\vladi\Documents\GitHub\bob\actions-runner\.credentials_rsaparams
[2025-04-02 17:19:25Z INFO GitHubActionsService] AAD Correlation ID for this token request: Unknown
[2025-04-02 17:19:26Z INFO JobDispatcher] Job request 0 for plan 8eeaccc0-b0be-4dad-b148-75abe6514107 job fd601c9b-e96f-5115-a260-5df2adeb98f0 received.
[2025-04-02 17:19:26Z INFO MessageListener] Received job status event. JobState: Busy
[2025-04-02 17:19:26Z INFO MessageListener] _getMessagesTokenSource is already disposed.
[2025-04-02 17:19:26Z INFO Terminal] WRITE LINE: 2025-04-02 17:19:26Z: Running job: install-pip-deps
[2025-04-02 17:19:26Z INFO JobDispatcher] Start renew job request 0 for job fd601c9b-e96f-5115-a260-5df2adeb98f0.
[2025-04-02 17:19:26Z INFO JobDispatcher] Successfully renew job fd601c9b-e96f-5115-a260-5df2adeb98f0, job is valid till 02/04/2025 17:29:25
[2025-04-02 17:19:26Z INFO HostContext] Well known directory 'Bin': 'C:\Users\vladi\Documents\GitHub\bob\actions-runner\bin'
[2025-04-02 17:19:26Z INFO ProcessInvokerWrapper] Starting process:
[2025-04-02 17:19:26Z INFO ProcessInvokerWrapper]   File name: 'C:\Users\vladi\Documents\GitHub\bob\actions-runner\bin\Runner.Worker.exe'
[2025-04-02 17:19:26Z INFO ProcessInvokerWrapper]   Arguments: 'spawnclient 2032 2200'
[2025-04-02 17:19:26Z INFO ProcessInvokerWrapper]   Working directory: 'C:\Users\vladi\Documents\GitHub\bob\actions-runner\bin'
[2025-04-02 17:19:26Z INFO ProcessInvokerWrapper]   Require exit code zero: 'False'
[2025-04-02 17:19:26Z INFO ProcessInvokerWrapper]   Encoding web name:  ; code page: ''
[2025-04-02 17:19:26Z INFO ProcessInvokerWrapper]   Force kill process on cancellation: 'True'
[2025-04-02 17:19:26Z INFO ProcessInvokerWrapper]   Redirected STDIN: 'False'
[2025-04-02 17:19:26Z INFO ProcessInvokerWrapper]   Persist current code page: 'False'
[2025-04-02 17:19:26Z INFO ProcessInvokerWrapper]   Keep redirected STDIN open: 'False'
[2025-04-02 17:19:26Z INFO ProcessInvokerWrapper]   High priority process: 'True'
[2025-04-02 17:19:26Z INFO ProcessInvokerWrapper] Process started with process id 17268, waiting for process exit.
[2025-04-02 17:19:26Z INFO JobDispatcher] Send job request message to worker for job fd601c9b-e96f-5115-a260-5df2adeb98f0.
[2025-04-02 17:19:26Z INFO ProcessChannel] Sending message of length 18882, with hash 'fc5222c1403a9c310bd23406776f3eccc84ef3b0c7f15b337add7a1d58c2c552'
[2025-04-02 17:19:27Z INFO JobNotification] Entering JobStarted Notification
[2025-04-02 17:19:27Z INFO JobNotification] Entering StartMonitor
[2025-04-02 17:19:53Z INFO ProcessInvokerWrapper] STDOUT/STDERR stream read finished.
[2025-04-02 17:19:53Z INFO ProcessInvokerWrapper] STDOUT/STDERR stream read finished.
[2025-04-02 17:19:53Z INFO ProcessInvokerWrapper] Finished process 17268 with exit code 100, and elapsed time 00:00:26.8601118.
[2025-04-02 17:19:53Z INFO JobDispatcher] Worker finished for job fd601c9b-e96f-5115-a260-5df2adeb98f0. Code: 100
[2025-04-02 17:19:53Z INFO JobDispatcher] finish job request for job fd601c9b-e96f-5115-a260-5df2adeb98f0 with result: Succeeded
[2025-04-02 17:19:53Z INFO Terminal] WRITE LINE: 2025-04-02 17:19:53Z: Job install-pip-deps completed with result: Succeeded
[2025-04-02 17:19:53Z INFO JobDispatcher] Stop renew job request for job fd601c9b-e96f-5115-a260-5df2adeb98f0.
[2025-04-02 17:19:53Z INFO JobDispatcher] job renew has been cancelled, stop renew job fd601c9b-e96f-5115-a260-5df2adeb98f0.
[2025-04-02 17:19:53Z INFO JobNotification] Entering JobCompleted Notification
[2025-04-02 17:19:53Z INFO JobNotification] Entering EndMonitor
[2025-04-02 17:19:53Z INFO MessageListener] Received job status event. JobState: Online
[2025-04-02 17:19:54Z INFO MessageListener] Message '7880381513774682180' received from session '694bb74b-cd75-4b5d-a5ae-203180db893d'.
[2025-04-02 17:19:54Z INFO ConfigurationStore] HasCredentials()
[2025-04-02 17:19:54Z INFO ConfigurationStore] stored True
[2025-04-02 17:19:54Z INFO CredentialManager] GetCredentialProvider
[2025-04-02 17:19:54Z INFO CredentialManager] Creating type OAuth
[2025-04-02 17:19:54Z INFO CredentialManager] Creating credential type: OAuth
[2025-04-02 17:19:54Z INFO RSAEncryptedFileKeyManager] Loading RSA key parameters from file C:\Users\vladi\Documents\GitHub\bob\actions-runner\.credentials_rsaparams
[2025-04-02 17:19:54Z INFO RSAEncryptedFileKeyManager] Loading RSA key parameters from file C:\Users\vladi\Documents\GitHub\bob\actions-runner\.credentials_rsaparams
[2025-04-02 17:19:54Z INFO RSAEncryptedFileKeyManager] Loading RSA key parameters from file C:\Users\vladi\Documents\GitHub\bob\actions-runner\.credentials_rsaparams
[2025-04-02 17:19:54Z INFO GitHubActionsService] AAD Correlation ID for this token request: Unknown
[2025-04-02 17:19:55Z INFO JobDispatcher] Job request 0 for plan 8eeaccc0-b0be-4dad-b148-75abe6514107 job f027af62-96b0-564e-83ee-498d4e8c8712 received.
[2025-04-02 17:19:55Z INFO MessageListener] Received job status event. JobState: Busy
[2025-04-02 17:19:55Z INFO MessageListener] _getMessagesTokenSource is already disposed.
[2025-04-02 17:19:55Z INFO JobDispatcher] Job request fd601c9b-e96f-5115-a260-5df2adeb98f0 processed succeed.
[2025-04-02 17:19:55Z INFO Terminal] WRITE LINE: 2025-04-02 17:19:55Z: Running job: deploy-to-dev
[2025-04-02 17:19:55Z INFO JobDispatcher] Start renew job request 0 for job f027af62-96b0-564e-83ee-498d4e8c8712.
[2025-04-02 17:19:56Z INFO JobDispatcher] Successfully renew job f027af62-96b0-564e-83ee-498d4e8c8712, job is valid till 02/04/2025 17:29:54
[2025-04-02 17:19:56Z INFO HostContext] Well known directory 'Bin': 'C:\Users\vladi\Documents\GitHub\bob\actions-runner\bin'
[2025-04-02 17:19:56Z INFO ProcessInvokerWrapper] Starting process:
[2025-04-02 17:19:56Z INFO ProcessInvokerWrapper]   File name: 'C:\Users\vladi\Documents\GitHub\bob\actions-runner\bin\Runner.Worker.exe'
[2025-04-02 17:19:56Z INFO ProcessInvokerWrapper]   Arguments: 'spawnclient 1616 1292'
[2025-04-02 17:19:56Z INFO ProcessInvokerWrapper]   Working directory: 'C:\Users\vladi\Documents\GitHub\bob\actions-runner\bin'
[2025-04-02 17:19:56Z INFO ProcessInvokerWrapper]   Require exit code zero: 'False'
[2025-04-02 17:19:56Z INFO ProcessInvokerWrapper]   Encoding web name:  ; code page: ''
[2025-04-02 17:19:56Z INFO ProcessInvokerWrapper]   Force kill process on cancellation: 'True'
[2025-04-02 17:19:56Z INFO ProcessInvokerWrapper]   Redirected STDIN: 'False'
[2025-04-02 17:19:56Z INFO ProcessInvokerWrapper]   Persist current code page: 'False'
[2025-04-02 17:19:56Z INFO ProcessInvokerWrapper]   Keep redirected STDIN open: 'False'
[2025-04-02 17:19:56Z INFO ProcessInvokerWrapper]   High priority process: 'True'
[2025-04-02 17:19:56Z INFO ProcessInvokerWrapper] Process started with process id 19948, waiting for process exit.
[2025-04-02 17:19:56Z INFO JobDispatcher] Send job request message to worker for job f027af62-96b0-564e-83ee-498d4e8c8712.
[2025-04-02 17:19:56Z INFO ProcessChannel] Sending message of length 19514, with hash 'c0fc513a1d54f86bda2556df7d7b594f48ef8fd1b27d849be74572308d795b1c'
[2025-04-02 17:19:56Z INFO JobNotification] Entering JobStarted Notification
[2025-04-02 17:19:56Z INFO JobNotification] Entering StartMonitor
[2025-04-02 17:20:23Z INFO ProcessInvokerWrapper] STDOUT/STDERR stream read finished.
[2025-04-02 17:20:23Z INFO ProcessInvokerWrapper] STDOUT/STDERR stream read finished.
[2025-04-02 17:20:23Z INFO ProcessInvokerWrapper] Finished process 19948 with exit code 102, and elapsed time 00:00:27.5306154.
[2025-04-02 17:20:23Z INFO JobDispatcher] Worker finished for job f027af62-96b0-564e-83ee-498d4e8c8712. Code: 102
[2025-04-02 17:20:23Z INFO JobDispatcher] finish job request for job f027af62-96b0-564e-83ee-498d4e8c8712 with result: Failed
[2025-04-02 17:20:23Z INFO Terminal] WRITE LINE: 2025-04-02 17:20:23Z: Job deploy-to-dev completed with result: Failed
[2025-04-02 17:20:23Z INFO JobDispatcher] Stop renew job request for job f027af62-96b0-564e-83ee-498d4e8c8712.
[2025-04-02 17:20:23Z INFO JobDispatcher] job renew has been cancelled, stop renew job f027af62-96b0-564e-83ee-498d4e8c8712.
[2025-04-02 17:20:23Z INFO JobNotification] Entering JobCompleted Notification
[2025-04-02 17:20:23Z INFO JobNotification] Entering EndMonitor
[2025-04-02 17:20:23Z INFO MessageListener] Received job status event. JobState: Online
[2025-04-02 17:21:01Z INFO MessageListener] Message '6516637280342709347' received from session '694bb74b-cd75-4b5d-a5ae-203180db893d'.
[2025-04-02 17:21:01Z INFO ConfigurationStore] HasCredentials()
[2025-04-02 17:21:01Z INFO ConfigurationStore] stored True
[2025-04-02 17:21:01Z INFO CredentialManager] GetCredentialProvider
[2025-04-02 17:21:01Z INFO CredentialManager] Creating type OAuth
[2025-04-02 17:21:01Z INFO CredentialManager] Creating credential type: OAuth
[2025-04-02 17:21:01Z INFO RSAEncryptedFileKeyManager] Loading RSA key parameters from file C:\Users\vladi\Documents\GitHub\bob\actions-runner\.credentials_rsaparams
[2025-04-02 17:21:01Z INFO RSAEncryptedFileKeyManager] Loading RSA key parameters from file C:\Users\vladi\Documents\GitHub\bob\actions-runner\.credentials_rsaparams
[2025-04-02 17:21:01Z INFO RSAEncryptedFileKeyManager] Loading RSA key parameters from file C:\Users\vladi\Documents\GitHub\bob\actions-runner\.credentials_rsaparams
[2025-04-02 17:21:01Z INFO GitHubActionsService] AAD Correlation ID for this token request: Unknown
[2025-04-02 17:21:02Z INFO JobDispatcher] Job request 0 for plan 54895b84-b8ba-4744-bdf7-897b5afcddeb job 5544a868-e63d-5962-9e03-85481306d8c2 received.
[2025-04-02 17:21:02Z INFO MessageListener] Received job status event. JobState: Busy
[2025-04-02 17:21:02Z INFO MessageListener] _getMessagesTokenSource is already disposed.
[2025-04-02 17:21:02Z INFO JobDispatcher] Job request f027af62-96b0-564e-83ee-498d4e8c8712 processed succeed.
[2025-04-02 17:21:02Z INFO Terminal] WRITE LINE: 2025-04-02 17:21:02Z: Running job: install-pip-deps
[2025-04-02 17:21:02Z INFO JobDispatcher] Start renew job request 0 for job 5544a868-e63d-5962-9e03-85481306d8c2.
[2025-04-02 17:21:03Z INFO JobDispatcher] Successfully renew job 5544a868-e63d-5962-9e03-85481306d8c2, job is valid till 02/04/2025 17:31:01
[2025-04-02 17:21:03Z INFO HostContext] Well known directory 'Bin': 'C:\Users\vladi\Documents\GitHub\bob\actions-runner\bin'
[2025-04-02 17:21:03Z INFO ProcessInvokerWrapper] Starting process:
[2025-04-02 17:21:03Z INFO ProcessInvokerWrapper]   File name: 'C:\Users\vladi\Documents\GitHub\bob\actions-runner\bin\Runner.Worker.exe'
[2025-04-02 17:21:03Z INFO ProcessInvokerWrapper]   Arguments: 'spawnclient 2272 1848'
[2025-04-02 17:21:03Z INFO ProcessInvokerWrapper]   Working directory: 'C:\Users\vladi\Documents\GitHub\bob\actions-runner\bin'
[2025-04-02 17:21:03Z INFO ProcessInvokerWrapper]   Require exit code zero: 'False'
[2025-04-02 17:21:03Z INFO ProcessInvokerWrapper]   Encoding web name:  ; code page: ''
[2025-04-02 17:21:03Z INFO ProcessInvokerWrapper]   Force kill process on cancellation: 'True'
[2025-04-02 17:21:03Z INFO ProcessInvokerWrapper]   Redirected STDIN: 'False'
[2025-04-02 17:21:03Z INFO ProcessInvokerWrapper]   Persist current code page: 'False'
[2025-04-02 17:21:03Z INFO ProcessInvokerWrapper]   Keep redirected STDIN open: 'False'
[2025-04-02 17:21:03Z INFO ProcessInvokerWrapper]   High priority process: 'True'
[2025-04-02 17:21:03Z INFO ProcessInvokerWrapper] Process started with process id 11604, waiting for process exit.
[2025-04-02 17:21:03Z INFO JobDispatcher] Send job request message to worker for job 5544a868-e63d-5962-9e03-85481306d8c2.
[2025-04-02 17:21:03Z INFO ProcessChannel] Sending message of length 18882, with hash '767f9ae5a3906ca42f42ce3e7f8fb0f4b0acb13f0a2fffbb0f9f1bb466c8549b'
[2025-04-02 17:21:03Z INFO JobNotification] Entering JobStarted Notification
[2025-04-02 17:21:03Z INFO JobNotification] Entering StartMonitor
[2025-04-02 17:21:13Z INFO ProcessInvokerWrapper] STDOUT/STDERR stream read finished.
[2025-04-02 17:21:13Z INFO ProcessInvokerWrapper] STDOUT/STDERR stream read finished.
[2025-04-02 17:21:13Z INFO ProcessInvokerWrapper] Finished process 11604 with exit code 102, and elapsed time 00:00:10.0313964.
[2025-04-02 17:21:13Z INFO JobDispatcher] Worker finished for job 5544a868-e63d-5962-9e03-85481306d8c2. Code: 102
[2025-04-02 17:21:13Z INFO JobDispatcher] finish job request for job 5544a868-e63d-5962-9e03-85481306d8c2 with result: Failed
[2025-04-02 17:21:13Z INFO Terminal] WRITE LINE: 2025-04-02 17:21:13Z: Job install-pip-deps completed with result: Failed
[2025-04-02 17:21:13Z INFO JobDispatcher] Stop renew job request for job 5544a868-e63d-5962-9e03-85481306d8c2.
[2025-04-02 17:21:13Z INFO JobDispatcher] job renew has been cancelled, stop renew job 5544a868-e63d-5962-9e03-85481306d8c2.
[2025-04-02 17:21:13Z INFO JobNotification] Entering JobCompleted Notification
[2025-04-02 17:21:13Z INFO JobNotification] Entering EndMonitor
[2025-04-02 17:21:13Z INFO MessageListener] Received job status event. JobState: Online
[2025-04-02 17:23:06Z INFO MessageListener] Message '1365240571989975000' received from session '694bb74b-cd75-4b5d-a5ae-203180db893d'.
[2025-04-02 17:23:06Z INFO ConfigurationStore] HasCredentials()
[2025-04-02 17:23:06Z INFO ConfigurationStore] stored True
[2025-04-02 17:23:06Z INFO CredentialManager] GetCredentialProvider
[2025-04-02 17:23:06Z INFO CredentialManager] Creating type OAuth
[2025-04-02 17:23:06Z INFO CredentialManager] Creating credential type: OAuth
[2025-04-02 17:23:06Z INFO RSAEncryptedFileKeyManager] Loading RSA key parameters from file C:\Users\vladi\Documents\GitHub\bob\actions-runner\.credentials_rsaparams
[2025-04-02 17:23:06Z INFO RSAEncryptedFileKeyManager] Loading RSA key parameters from file C:\Users\vladi\Documents\GitHub\bob\actions-runner\.credentials_rsaparams
[2025-04-02 17:23:06Z INFO RSAEncryptedFileKeyManager] Loading RSA key parameters from file C:\Users\vladi\Documents\GitHub\bob\actions-runner\.credentials_rsaparams
[2025-04-02 17:23:07Z INFO GitHubActionsService] AAD Correlation ID for this token request: Unknown
[2025-04-02 17:23:08Z INFO JobDispatcher] Job request 0 for plan ac7b473d-a14c-46d4-b825-720cea5db9ef job 37244ec1-e692-5c7e-a966-268282f8429e received.
[2025-04-02 17:23:08Z INFO MessageListener] Received job status event. JobState: Busy
[2025-04-02 17:23:08Z INFO MessageListener] _getMessagesTokenSource is already disposed.
[2025-04-02 17:23:08Z INFO JobDispatcher] Job request 5544a868-e63d-5962-9e03-85481306d8c2 processed succeed.
[2025-04-02 17:23:08Z INFO Terminal] WRITE LINE: 2025-04-02 17:23:08Z: Running job: install-pip-deps
[2025-04-02 17:23:08Z INFO JobDispatcher] Start renew job request 0 for job 37244ec1-e692-5c7e-a966-268282f8429e.
[2025-04-02 17:23:08Z INFO JobDispatcher] Successfully renew job 37244ec1-e692-5c7e-a966-268282f8429e, job is valid till 02/04/2025 17:33:07
[2025-04-02 17:23:08Z INFO HostContext] Well known directory 'Bin': 'C:\Users\vladi\Documents\GitHub\bob\actions-runner\bin'
[2025-04-02 17:23:08Z INFO ProcessInvokerWrapper] Starting process:
[2025-04-02 17:23:08Z INFO ProcessInvokerWrapper]   File name: 'C:\Users\vladi\Documents\GitHub\bob\actions-runner\bin\Runner.Worker.exe'
[2025-04-02 17:23:08Z INFO ProcessInvokerWrapper]   Arguments: 'spawnclient 2280 596'
[2025-04-02 17:23:08Z INFO ProcessInvokerWrapper]   Working directory: 'C:\Users\vladi\Documents\GitHub\bob\actions-runner\bin'
[2025-04-02 17:23:08Z INFO ProcessInvokerWrapper]   Require exit code zero: 'False'
[2025-04-02 17:23:08Z INFO ProcessInvokerWrapper]   Encoding web name:  ; code page: ''
[2025-04-02 17:23:08Z INFO ProcessInvokerWrapper]   Force kill process on cancellation: 'True'
[2025-04-02 17:23:08Z INFO ProcessInvokerWrapper]   Redirected STDIN: 'False'
[2025-04-02 17:23:08Z INFO ProcessInvokerWrapper]   Persist current code page: 'False'
[2025-04-02 17:23:08Z INFO ProcessInvokerWrapper]   Keep redirected STDIN open: 'False'
[2025-04-02 17:23:08Z INFO ProcessInvokerWrapper]   High priority process: 'True'
[2025-04-02 17:23:08Z INFO ProcessInvokerWrapper] Process started with process id 20204, waiting for process exit.
[2025-04-02 17:23:08Z INFO JobDispatcher] Send job request message to worker for job 37244ec1-e692-5c7e-a966-268282f8429e.
[2025-04-02 17:23:08Z INFO ProcessChannel] Sending message of length 18882, with hash '4af7fc10d8e8028d6753d73e6596a3ebf9e4a144a459d2de20bb6c6bf269f001'
[2025-04-02 17:23:09Z INFO JobNotification] Entering JobStarted Notification
[2025-04-02 17:23:09Z INFO JobNotification] Entering StartMonitor
[2025-04-02 17:23:18Z INFO ProcessInvokerWrapper] STDOUT/STDERR stream read finished.
[2025-04-02 17:23:18Z INFO ProcessInvokerWrapper] STDOUT/STDERR stream read finished.
[2025-04-02 17:23:18Z INFO ProcessInvokerWrapper] Finished process 20204 with exit code 102, and elapsed time 00:00:09.2205294.
[2025-04-02 17:23:18Z INFO JobDispatcher] Worker finished for job 37244ec1-e692-5c7e-a966-268282f8429e. Code: 102
[2025-04-02 17:23:18Z INFO JobDispatcher] finish job request for job 37244ec1-e692-5c7e-a966-268282f8429e with result: Failed
[2025-04-02 17:23:18Z INFO Terminal] WRITE LINE: 2025-04-02 17:23:18Z: Job install-pip-deps completed with result: Failed
[2025-04-02 17:23:18Z INFO JobDispatcher] Stop renew job request for job 37244ec1-e692-5c7e-a966-268282f8429e.
[2025-04-02 17:23:18Z INFO JobDispatcher] job renew has been cancelled, stop renew job 37244ec1-e692-5c7e-a966-268282f8429e.
[2025-04-02 17:23:18Z INFO JobNotification] Entering JobCompleted Notification
[2025-04-02 17:23:18Z INFO JobNotification] Entering EndMonitor
[2025-04-02 17:23:18Z INFO MessageListener] Received job status event. JobState: Online
[2025-04-02 17:23:50Z INFO MessageListener] Message '4273791685261509544' received from session '694bb74b-cd75-4b5d-a5ae-203180db893d'.
[2025-04-02 17:23:50Z INFO ConfigurationStore] HasCredentials()
[2025-04-02 17:23:50Z INFO ConfigurationStore] stored True
[2025-04-02 17:23:50Z INFO CredentialManager] GetCredentialProvider
[2025-04-02 17:23:50Z INFO CredentialManager] Creating type OAuth
[2025-04-02 17:23:50Z INFO CredentialManager] Creating credential type: OAuth
[2025-04-02 17:23:50Z INFO RSAEncryptedFileKeyManager] Loading RSA key parameters from file C:\Users\vladi\Documents\GitHub\bob\actions-runner\.credentials_rsaparams
[2025-04-02 17:23:50Z INFO RSAEncryptedFileKeyManager] Loading RSA key parameters from file C:\Users\vladi\Documents\GitHub\bob\actions-runner\.credentials_rsaparams
[2025-04-02 17:23:50Z INFO RSAEncryptedFileKeyManager] Loading RSA key parameters from file C:\Users\vladi\Documents\GitHub\bob\actions-runner\.credentials_rsaparams
[2025-04-02 17:23:50Z INFO GitHubActionsService] AAD Correlation ID for this token request: Unknown
[2025-04-02 17:23:51Z INFO JobDispatcher] Job request 0 for plan 22ce6a9c-bb00-4b70-af38-29f5fbf5e5e0 job f5f21a7a-a20e-53d2-a0c9-6abecb4d2b6c received.
[2025-04-02 17:23:51Z INFO MessageListener] Received job status event. JobState: Busy
[2025-04-02 17:23:51Z INFO MessageListener] _getMessagesTokenSource is already disposed.
[2025-04-02 17:23:51Z INFO JobDispatcher] Job request 37244ec1-e692-5c7e-a966-268282f8429e processed succeed.
[2025-04-02 17:23:51Z INFO Terminal] WRITE LINE: 2025-04-02 17:23:51Z: Running job: install-pip-deps
[2025-04-02 17:23:51Z INFO JobDispatcher] Start renew job request 0 for job f5f21a7a-a20e-53d2-a0c9-6abecb4d2b6c.
[2025-04-02 17:23:52Z INFO JobDispatcher] Successfully renew job f5f21a7a-a20e-53d2-a0c9-6abecb4d2b6c, job is valid till 02/04/2025 17:33:50
[2025-04-02 17:23:52Z INFO HostContext] Well known directory 'Bin': 'C:\Users\vladi\Documents\GitHub\bob\actions-runner\bin'
[2025-04-02 17:23:52Z INFO ProcessInvokerWrapper] Starting process:
[2025-04-02 17:23:52Z INFO ProcessInvokerWrapper]   File name: 'C:\Users\vladi\Documents\GitHub\bob\actions-runner\bin\Runner.Worker.exe'
[2025-04-02 17:23:52Z INFO ProcessInvokerWrapper]   Arguments: 'spawnclient 2196 2396'
[2025-04-02 17:23:52Z INFO ProcessInvokerWrapper]   Working directory: 'C:\Users\vladi\Documents\GitHub\bob\actions-runner\bin'
[2025-04-02 17:23:52Z INFO ProcessInvokerWrapper]   Require exit code zero: 'False'
[2025-04-02 17:23:52Z INFO ProcessInvokerWrapper]   Encoding web name:  ; code page: ''
[2025-04-02 17:23:52Z INFO ProcessInvokerWrapper]   Force kill process on cancellation: 'True'
[2025-04-02 17:23:52Z INFO ProcessInvokerWrapper]   Redirected STDIN: 'False'
[2025-04-02 17:23:52Z INFO ProcessInvokerWrapper]   Persist current code page: 'False'
[2025-04-02 17:23:52Z INFO ProcessInvokerWrapper]   Keep redirected STDIN open: 'False'
[2025-04-02 17:23:52Z INFO ProcessInvokerWrapper]   High priority process: 'True'
[2025-04-02 17:23:52Z INFO ProcessInvokerWrapper] Process started with process id 16232, waiting for process exit.
[2025-04-02 17:23:52Z INFO JobDispatcher] Send job request message to worker for job f5f21a7a-a20e-53d2-a0c9-6abecb4d2b6c.
[2025-04-02 17:23:52Z INFO ProcessChannel] Sending message of length 18882, with hash 'f2278bf1c9ea35f0ee3fa1d00ca39ddd3a161bbb2ac99487e2f9834cb5b5d51b'
[2025-04-02 17:23:52Z INFO JobNotification] Entering JobStarted Notification
[2025-04-02 17:23:52Z INFO JobNotification] Entering StartMonitor
[2025-04-02 17:24:01Z INFO ProcessInvokerWrapper] STDOUT/STDERR stream read finished.
[2025-04-02 17:24:01Z INFO ProcessInvokerWrapper] STDOUT/STDERR stream read finished.
[2025-04-02 17:24:01Z INFO ProcessInvokerWrapper] Finished process 16232 with exit code 102, and elapsed time 00:00:09.3515627.
[2025-04-02 17:24:01Z INFO JobDispatcher] Worker finished for job f5f21a7a-a20e-53d2-a0c9-6abecb4d2b6c. Code: 102
[2025-04-02 17:24:01Z INFO JobDispatcher] finish job request for job f5f21a7a-a20e-53d2-a0c9-6abecb4d2b6c with result: Failed
[2025-04-02 17:24:01Z INFO Terminal] WRITE LINE: 2025-04-02 17:24:01Z: Job install-pip-deps completed with result: Failed
[2025-04-02 17:24:01Z INFO JobDispatcher] Stop renew job request for job f5f21a7a-a20e-53d2-a0c9-6abecb4d2b6c.
[2025-04-02 17:24:01Z INFO JobDispatcher] job renew has been cancelled, stop renew job f5f21a7a-a20e-53d2-a0c9-6abecb4d2b6c.
[2025-04-02 17:24:01Z INFO JobNotification] Entering JobCompleted Notification
[2025-04-02 17:24:01Z INFO JobNotification] Entering EndMonitor
[2025-04-02 17:24:01Z INFO MessageListener] Received job status event. JobState: Online
[2025-04-02 17:24:24Z INFO Terminal] WRITE LINE: Exiting...
[2025-04-02 17:24:24Z INFO ConfigurationStore] IsServiceConfigured()
[2025-04-02 17:24:24Z INFO ConfigurationStore] IsServiceConfigured: False
[2025-04-02 17:24:24Z INFO HostContext] Runner will be shutdown for UserCancelled
[2025-04-02 17:24:24Z WARN GitHubActionsService] GET request to https://broker.actions.githubusercontent.com/message?sessionId=694bb74b-cd75-4b5d-a5ae-203180db893d&status=Busy&runnerVersion=2.323.0&os=Windows&architecture=X64&disableUpdate=false has been cancelled.
[2025-04-02 17:24:24Z ERR  BrokerServer] Catch exception during request
[2025-04-02 17:24:24Z ERR  BrokerServer] System.Threading.Tasks.TaskCanceledException: The operation was canceled.
 ---> System.Threading.Tasks.TaskCanceledException: The operation was canceled.
 ---> System.IO.IOException: Unable to read data from the transport connection: The I/O operation has been aborted because of either a thread exit or an application request..
 ---> System.Net.Sockets.SocketException (995): The I/O operation has been aborted because of either a thread exit or an application request.
   --- End of inner exception stack trace ---
   at System.Net.Sockets.Socket.AwaitableSocketAsyncEventArgs.System.Threading.Tasks.Sources.IValueTaskSource<System.Int32>.GetResult(Int16 token)
   at System.Net.Security.SslStream.EnsureFullTlsFrameAsync[TIOAdapter](CancellationToken cancellationToken, Int32 estimatedSize)
   at System.Runtime.CompilerServices.PoolingAsyncValueTaskMethodBuilder`1.StateMachineBox`1.System.Threading.Tasks.Sources.IValueTaskSource<TResult>.GetResult(Int16 token)
   at System.Net.Security.SslStream.ReadAsyncInternal[TIOAdapter](Memory`1 buffer, CancellationToken cancellationToken)
   at System.Runtime.CompilerServices.PoolingAsyncValueTaskMethodBuilder`1.StateMachineBox`1.System.Threading.Tasks.Sources.IValueTaskSource<TResult>.GetResult(Int16 token)
   at System.Net.Http.HttpConnection.SendAsync(HttpRequestMessage request, Boolean async, CancellationToken cancellationToken)
   --- End of inner exception stack trace ---
   at System.Net.Http.HttpConnection.SendAsync(HttpRequestMessage request, Boolean async, CancellationToken cancellationToken)
   at System.Net.Http.AuthenticationHelper.SendWithNtAuthAsync(HttpRequestMessage request, Uri authUri, Boolean async, ICredentials credentials, Boolean isProxyAuth, HttpConnection connection, HttpConnectionPool connectionPool, CancellationToken cancellationToken)
   at System.Net.Http.HttpConnectionPool.SendWithVersionDetectionAndRetryAsync(HttpRequestMessage request, Boolean async, Boolean doRequestAuth, CancellationToken cancellationToken)
   at System.Net.Http.AuthenticationHelper.SendWithAuthAsync(HttpRequestMessage request, Uri authUri, Boolean async, ICredentials credentials, Boolean preAuthenticate, Boolean isProxyAuth, Boolean doRequestAuth, HttpConnectionPool pool, CancellationToken cancellationToken)
   at System.Net.Http.RedirectHandler.SendAsync(HttpRequestMessage request, Boolean async, CancellationToken cancellationToken)
   at GitHub.Services.Common.RawHttpMessageHandler.SendAsync(HttpRequestMessage request, CancellationToken cancellationToken)
   at GitHub.Services.Common.VssHttpRetryMessageHandler.SendAsync(HttpRequestMessage request, CancellationToken cancellationToken)
   at System.Net.Http.HttpClient.<SendAsync>g__Core|83_0(HttpRequestMessage request, HttpCompletionOption completionOption, CancellationTokenSource cts, Boolean disposeCts, CancellationTokenSource pendingRequestsCts, CancellationToken originalCancellationToken)
   --- End of inner exception stack trace ---
   at System.Net.Http.HttpClient.HandleFailure(Exception e, Boolean telemetryStarted, HttpResponseMessage response, CancellationTokenSource cts, CancellationToken cancellationToken, CancellationTokenSource pendingRequestsCts)
   at System.Net.Http.HttpClient.<SendAsync>g__Core|83_0(HttpRequestMessage request, HttpCompletionOption completionOption, CancellationTokenSource cts, Boolean disposeCts, CancellationTokenSource pendingRequestsCts, CancellationToken originalCancellationToken)
   at Sdk.WebApi.WebApi.RawHttpClientBase.SendAsync(HttpRequestMessage message, HttpCompletionOption completionOption, Object userState, CancellationToken cancellationToken)
   at Sdk.WebApi.WebApi.RawHttpClientBase.SendAsync[T](HttpRequestMessage message, Boolean readErrorBody, Object userState, CancellationToken cancellationToken)
   at Sdk.WebApi.WebApi.RawHttpClientBase.SendAsync[T](HttpMethod method, IEnumerable`1 additionalHeaders, Uri requestUri, HttpContent content, IEnumerable`1 queryParameters, Boolean readErrorBody, Object userState, CancellationToken cancellationToken)
   at GitHub.Actions.RunService.WebApi.BrokerHttpClient.GetRunnerMessageAsync(Nullable`1 sessionId, String runnerVersion, Nullable`1 status, String os, String architecture, Nullable`1 disableUpdate, CancellationToken cancellationToken)
   at GitHub.Runner.Common.BrokerServer.<>c__DisplayClass7_0.<<GetRunnerMessageAsync>b__0>d.MoveNext()
--- End of stack trace from previous location ---
   at GitHub.Runner.Common.RunnerService.RetryRequest[T](Func`1 func, CancellationToken cancellationToken, Int32 maxRetryAttemptsCount, Func`2 shouldRetry)
[2025-04-02 17:24:24Z ERR  BrokerServer] #####################################################
[2025-04-02 17:24:24Z ERR  BrokerServer] System.Threading.Tasks.TaskCanceledException: The operation was canceled.
 ---> System.IO.IOException: Unable to read data from the transport connection: The I/O operation has been aborted because of either a thread exit or an application request..
 ---> System.Net.Sockets.SocketException (995): The I/O operation has been aborted because of either a thread exit or an application request.
   --- End of inner exception stack trace ---
   at System.Net.Sockets.Socket.AwaitableSocketAsyncEventArgs.System.Threading.Tasks.Sources.IValueTaskSource<System.Int32>.GetResult(Int16 token)
   at System.Net.Security.SslStream.EnsureFullTlsFrameAsync[TIOAdapter](CancellationToken cancellationToken, Int32 estimatedSize)
   at System.Runtime.CompilerServices.PoolingAsyncValueTaskMethodBuilder`1.StateMachineBox`1.System.Threading.Tasks.Sources.IValueTaskSource<TResult>.GetResult(Int16 token)
   at System.Net.Security.SslStream.ReadAsyncInternal[TIOAdapter](Memory`1 buffer, CancellationToken cancellationToken)
   at System.Runtime.CompilerServices.PoolingAsyncValueTaskMethodBuilder`1.StateMachineBox`1.System.Threading.Tasks.Sources.IValueTaskSource<TResult>.GetResult(Int16 token)
   at System.Net.Http.HttpConnection.SendAsync(HttpRequestMessage request, Boolean async, CancellationToken cancellationToken)
   --- End of inner exception stack trace ---
   at System.Net.Http.HttpConnection.SendAsync(HttpRequestMessage request, Boolean async, CancellationToken cancellationToken)
   at System.Net.Http.AuthenticationHelper.SendWithNtAuthAsync(HttpRequestMessage request, Uri authUri, Boolean async, ICredentials credentials, Boolean isProxyAuth, HttpConnection connection, HttpConnectionPool connectionPool, CancellationToken cancellationToken)
   at System.Net.Http.HttpConnectionPool.SendWithVersionDetectionAndRetryAsync(HttpRequestMessage request, Boolean async, Boolean doRequestAuth, CancellationToken cancellationToken)
   at System.Net.Http.AuthenticationHelper.SendWithAuthAsync(HttpRequestMessage request, Uri authUri, Boolean async, ICredentials credentials, Boolean preAuthenticate, Boolean isProxyAuth, Boolean doRequestAuth, HttpConnectionPool pool, CancellationToken cancellationToken)
   at System.Net.Http.RedirectHandler.SendAsync(HttpRequestMessage request, Boolean async, CancellationToken cancellationToken)
   at GitHub.Services.Common.RawHttpMessageHandler.SendAsync(HttpRequestMessage request, CancellationToken cancellationToken)
   at GitHub.Services.Common.VssHttpRetryMessageHandler.SendAsync(HttpRequestMessage request, CancellationToken cancellationToken)
   at System.Net.Http.HttpClient.<SendAsync>g__Core|83_0(HttpRequestMessage request, HttpCompletionOption completionOption, CancellationTokenSource cts, Boolean disposeCts, CancellationTokenSource pendingRequestsCts, CancellationToken originalCancellationToken)
[2025-04-02 17:24:24Z ERR  BrokerServer] #####################################################
[2025-04-02 17:24:24Z ERR  BrokerServer] System.IO.IOException: Unable to read data from the transport connection: The I/O operation has been aborted because of either a thread exit or an application request..
 ---> System.Net.Sockets.SocketException (995): The I/O operation has been aborted because of either a thread exit or an application request.
   --- End of inner exception stack trace ---
   at System.Net.Sockets.Socket.AwaitableSocketAsyncEventArgs.System.Threading.Tasks.Sources.IValueTaskSource<System.Int32>.GetResult(Int16 token)
   at System.Net.Security.SslStream.EnsureFullTlsFrameAsync[TIOAdapter](CancellationToken cancellationToken, Int32 estimatedSize)
   at System.Runtime.CompilerServices.PoolingAsyncValueTaskMethodBuilder`1.StateMachineBox`1.System.Threading.Tasks.Sources.IValueTaskSource<TResult>.GetResult(Int16 token)
   at System.Net.Security.SslStream.ReadAsyncInternal[TIOAdapter](Memory`1 buffer, CancellationToken cancellationToken)
   at System.Runtime.CompilerServices.PoolingAsyncValueTaskMethodBuilder`1.StateMachineBox`1.System.Threading.Tasks.Sources.IValueTaskSource<TResult>.GetResult(Int16 token)
   at System.Net.Http.HttpConnection.SendAsync(HttpRequestMessage request, Boolean async, CancellationToken cancellationToken)
[2025-04-02 17:24:24Z ERR  BrokerServer] #####################################################
[2025-04-02 17:24:24Z ERR  BrokerServer] System.Net.Sockets.SocketException (995): The I/O operation has been aborted because of either a thread exit or an application request.
[2025-04-02 17:24:24Z WARN BrokerServer] Back off 10.185 seconds before next retry. 4 attempt left.
[2025-04-02 17:24:24Z INFO MessageListener] Get next message has been cancelled.
[2025-04-02 17:24:24Z INFO JobDispatcher] Shutting down JobDispatcher. Make sure all WorkerDispatcher has finished.
[2025-04-02 17:24:24Z INFO JobDispatcher] Ensure WorkerDispatcher for job f5f21a7a-a20e-53d2-a0c9-6abecb4d2b6c run to finish, cancel any running job.
[2025-04-02 17:24:24Z INFO JobDispatcher] Job request f5f21a7a-a20e-53d2-a0c9-6abecb4d2b6c processed succeed.
[2025-04-02 17:24:24Z INFO Runner] Deleting Runner Session...
[2025-04-02 17:24:24Z INFO Listener] Runner execution been cancelled.
