[2025-04-02 13:34:53Z INFO HostContext] No proxy settings were found based on environmental variables (http_proxy/https_proxy/HTTP_PROXY/HTTPS_PROXY)
[2025-04-02 13:34:53Z INFO HostContext] Well known directory 'Bin': 'C:\Users\vladi\Documents\GitHub\bob\actions-runner\bin'
[2025-04-02 13:34:53Z INFO HostContext] Well known directory 'Root': 'C:\Users\vladi\Documents\GitHub\bob\actions-runner'
[2025-04-02 13:34:53Z INFO HostContext] Well known config file 'Credentials': 'C:\Users\vladi\Documents\GitHub\bob\actions-runner\.credentials'
[2025-04-02 13:34:54Z INFO HostContext] Well known directory 'Bin': 'C:\Users\vladi\Documents\GitHub\bob\actions-runner\bin'
[2025-04-02 13:34:54Z INFO HostContext] Well known directory 'Root': 'C:\Users\vladi\Documents\GitHub\bob\actions-runner'
[2025-04-02 13:34:54Z INFO HostContext] Well known config file 'Runner': 'C:\Users\vladi\Documents\GitHub\bob\actions-runner\.runner'
[2025-04-02 13:34:54Z INFO Listener] Runner is built for Windows (X64) - win-x64.
[2025-04-02 13:34:54Z INFO Listener] RuntimeInformation: Microsoft Windows 10.0.19045.
[2025-04-02 13:34:54Z INFO Listener] Version: 2.323.0
[2025-04-02 13:34:54Z INFO Listener] Commit: d8b82f44a9ec0258904d5869ae683c31d5aac299
[2025-04-02 13:34:54Z INFO Listener] Culture: en-GB
[2025-04-02 13:34:54Z INFO Listener] UI Culture: en-GB
[2025-04-02 13:34:54Z INFO HostContext] Well known directory 'Bin': 'C:\Users\vladi\Documents\GitHub\bob\actions-runner\bin'
[2025-04-02 13:34:54Z INFO HostContext] Well known directory 'Root': 'C:\Users\vladi\Documents\GitHub\bob\actions-runner'
[2025-04-02 13:34:54Z INFO Listener] Validating directory permissions for: 'C:\Users\vladi\Documents\GitHub\bob\actions-runner'
[2025-04-02 13:34:54Z INFO CommandLineParser] Parse
[2025-04-02 13:34:54Z INFO CommandLineParser] Parsing 1 args
[2025-04-02 13:34:54Z INFO CommandLineParser] parsing argument
[2025-04-02 13:34:54Z INFO CommandLineParser] HasArgs: False
[2025-04-02 13:34:54Z INFO CommandLineParser] Adding Command: run
[2025-04-02 13:34:54Z INFO Listener] Arguments parsed
[2025-04-02 13:34:54Z INFO Runner] ExecuteCommand
[2025-04-02 13:34:54Z INFO ConfigurationStore] currentAssemblyLocation: C:\Users\vladi\Documents\GitHub\bob\actions-runner\bin\Runner.Listener.dll
[2025-04-02 13:34:54Z INFO HostContext] Well known directory 'Bin': 'C:\Users\vladi\Documents\GitHub\bob\actions-runner\bin'
[2025-04-02 13:34:54Z INFO ConfigurationStore] binPath: C:\Users\vladi\Documents\GitHub\bob\actions-runner\bin
[2025-04-02 13:34:54Z INFO HostContext] Well known directory 'Bin': 'C:\Users\vladi\Documents\GitHub\bob\actions-runner\bin'
[2025-04-02 13:34:54Z INFO HostContext] Well known directory 'Root': 'C:\Users\vladi\Documents\GitHub\bob\actions-runner'
[2025-04-02 13:34:54Z INFO ConfigurationStore] RootFolder: C:\Users\vladi\Documents\GitHub\bob\actions-runner
[2025-04-02 13:34:54Z INFO HostContext] Well known directory 'Bin': 'C:\Users\vladi\Documents\GitHub\bob\actions-runner\bin'
[2025-04-02 13:34:54Z INFO HostContext] Well known directory 'Root': 'C:\Users\vladi\Documents\GitHub\bob\actions-runner'
[2025-04-02 13:34:54Z INFO HostContext] Well known config file 'Runner': 'C:\Users\vladi\Documents\GitHub\bob\actions-runner\.runner'
[2025-04-02 13:34:54Z INFO ConfigurationStore] ConfigFilePath: C:\Users\vladi\Documents\GitHub\bob\actions-runner\.runner
[2025-04-02 13:34:54Z INFO HostContext] Well known directory 'Bin': 'C:\Users\vladi\Documents\GitHub\bob\actions-runner\bin'
[2025-04-02 13:34:54Z INFO HostContext] Well known directory 'Root': 'C:\Users\vladi\Documents\GitHub\bob\actions-runner'
[2025-04-02 13:34:54Z INFO HostContext] Well known config file 'MigratedRunner': 'C:\Users\vladi\Documents\GitHub\bob\actions-runner\.runner_migrated'
[2025-04-02 13:34:54Z INFO ConfigurationStore] MigratedConfigFilePath: C:\Users\vladi\Documents\GitHub\bob\actions-runner\.runner_migrated
[2025-04-02 13:34:54Z INFO HostContext] Well known directory 'Bin': 'C:\Users\vladi\Documents\GitHub\bob\actions-runner\bin'
[2025-04-02 13:34:54Z INFO HostContext] Well known directory 'Root': 'C:\Users\vladi\Documents\GitHub\bob\actions-runner'
[2025-04-02 13:34:54Z INFO HostContext] Well known config file 'Credentials': 'C:\Users\vladi\Documents\GitHub\bob\actions-runner\.credentials'
[2025-04-02 13:34:54Z INFO ConfigurationStore] CredFilePath: C:\Users\vladi\Documents\GitHub\bob\actions-runner\.credentials
[2025-04-02 13:34:54Z INFO HostContext] Well known directory 'Bin': 'C:\Users\vladi\Documents\GitHub\bob\actions-runner\bin'
[2025-04-02 13:34:54Z INFO HostContext] Well known directory 'Root': 'C:\Users\vladi\Documents\GitHub\bob\actions-runner'
[2025-04-02 13:34:54Z INFO HostContext] Well known config file 'MigratedCredentials': 'C:\Users\vladi\Documents\GitHub\bob\actions-runner\.credentials_migrated'
[2025-04-02 13:34:54Z INFO ConfigurationStore] MigratedCredFilePath: C:\Users\vladi\Documents\GitHub\bob\actions-runner\.credentials_migrated
[2025-04-02 13:34:54Z INFO HostContext] Well known directory 'Bin': 'C:\Users\vladi\Documents\GitHub\bob\actions-runner\bin'
[2025-04-02 13:34:54Z INFO HostContext] Well known directory 'Root': 'C:\Users\vladi\Documents\GitHub\bob\actions-runner'
[2025-04-02 13:34:54Z INFO HostContext] Well known config file 'Service': 'C:\Users\vladi\Documents\GitHub\bob\actions-runner\.service'
[2025-04-02 13:34:54Z INFO ConfigurationStore] ServiceConfigFilePath: C:\Users\vladi\Documents\GitHub\bob\actions-runner\.service
[2025-04-02 13:34:54Z INFO CommandSettings] Flag 'help': 'False'
[2025-04-02 13:34:54Z INFO CommandSettings] Flag 'version': 'False'
[2025-04-02 13:34:54Z INFO CommandSettings] Flag 'commit': 'False'
[2025-04-02 13:34:54Z INFO CommandSettings] Flag 'check': 'False'
[2025-04-02 13:34:54Z INFO CommandSettings] Command 'configure': 'False'
[2025-04-02 13:34:54Z INFO CommandSettings] Command 'remove': 'False'
[2025-04-02 13:34:54Z INFO CommandSettings] Command 'warmup': 'False'
[2025-04-02 13:34:54Z INFO ConfigurationManager] LoadSettings
[2025-04-02 13:34:54Z INFO ConfigurationStore] IsConfigured()
[2025-04-02 13:34:54Z INFO ConfigurationStore] IsConfigured: True
[2025-04-02 13:34:54Z INFO ConfigurationManager] Is configured: True
[2025-04-02 13:34:54Z INFO ConfigurationStore] Read setting file: 293 chars
[2025-04-02 13:34:54Z INFO ConfigurationManager] Settings Loaded
[2025-04-02 13:34:54Z INFO ConfigurationStore] IsServiceConfigured()
[2025-04-02 13:34:54Z INFO ConfigurationStore] IsServiceConfigured: False
[2025-04-02 13:34:54Z INFO CommandSettings] Command 'run': 'True'
[2025-04-02 13:34:54Z INFO ConfigurationStore] IsConfigured()
[2025-04-02 13:34:54Z INFO ConfigurationStore] IsConfigured: True
[2025-04-02 13:34:54Z INFO ConfigurationManager] Is configured: True
[2025-04-02 13:34:54Z INFO Runner] Could not parse the argument value '' for StartupType. Defaulting to Manual
[2025-04-02 13:34:54Z INFO Runner] Set runner startup type - Manual
[2025-04-02 13:34:54Z INFO CommandSettings] Flag 'once': 'False'
[2025-04-02 13:34:54Z INFO CommandSettings] Flag 'once': 'False'
[2025-04-02 13:34:54Z INFO Runner] RunAsync
[2025-04-02 13:34:54Z INFO ConfigurationManager] LoadSettings
[2025-04-02 13:34:54Z INFO ConfigurationStore] IsConfigured()
[2025-04-02 13:34:54Z INFO ConfigurationStore] IsConfigured: True
[2025-04-02 13:34:54Z INFO ConfigurationManager] Is configured: True
[2025-04-02 13:34:54Z INFO ConfigurationManager] Settings Loaded
[2025-04-02 13:34:54Z INFO MessageListener] {
  "AgentId": 22,
  "AgentName": "bobs",
  "PoolId": 1,
  "PoolName": "Default",
  "ServerUrl": "https://pipelinesghubeus10.actions.githubusercontent.com/h5c7vwOkcZCfReMtYahw11SJdlk2lSAMfnNmAt52iITzib6AAT/",
  "GitHubUrl": "https://github.com/vladxdboi/bob",
  "WorkFolder": "_work"
}
[2025-04-02 13:34:54Z INFO MessageListener] Loading Credentials
[2025-04-02 13:34:54Z INFO ConfigurationStore] HasCredentials()
[2025-04-02 13:34:54Z INFO ConfigurationStore] stored True
[2025-04-02 13:34:54Z INFO CredentialManager] GetCredentialProvider
[2025-04-02 13:34:54Z INFO CredentialManager] Creating type OAuth
[2025-04-02 13:34:54Z INFO CredentialManager] Creating credential type: OAuth
[2025-04-02 13:34:54Z INFO HostContext] Well known directory 'Bin': 'C:\Users\vladi\Documents\GitHub\bob\actions-runner\bin'
[2025-04-02 13:34:54Z INFO HostContext] Well known directory 'Root': 'C:\Users\vladi\Documents\GitHub\bob\actions-runner'
[2025-04-02 13:34:54Z INFO HostContext] Well known config file 'RSACredentials': 'C:\Users\vladi\Documents\GitHub\bob\actions-runner\.credentials_rsaparams'
[2025-04-02 13:34:54Z INFO RSAEncryptedFileKeyManager] Loading RSA key parameters from file C:\Users\vladi\Documents\GitHub\bob\actions-runner\.credentials_rsaparams
[2025-04-02 13:34:54Z INFO MessageListener] Attempt to create session.
[2025-04-02 13:34:54Z INFO MessageListener] Connecting to the Runner Server...
[2025-04-02 13:34:54Z INFO RunnerServer] EstablishVssConnection
[2025-04-02 13:34:54Z INFO RunnerServer] Establish connection with 100 seconds timeout.
[2025-04-02 13:34:54Z INFO GitHubActionsService] Starting operation Location.GetConnectionData
[2025-04-02 13:34:54Z INFO RunnerServer] EstablishVssConnection
[2025-04-02 13:34:54Z INFO RunnerServer] Establish connection with 60 seconds timeout.
[2025-04-02 13:34:54Z INFO GitHubActionsService] Starting operation Location.GetConnectionData
[2025-04-02 13:34:54Z INFO RunnerServer] EstablishVssConnection
[2025-04-02 13:34:54Z INFO RunnerServer] Establish connection with 60 seconds timeout.
[2025-04-02 13:34:54Z INFO GitHubActionsService] Starting operation Location.GetConnectionData
[2025-04-02 13:34:54Z INFO GitHubActionsService] Finished operation Location.GetConnectionData
[2025-04-02 13:34:54Z INFO GitHubActionsService] Finished operation Location.GetConnectionData
[2025-04-02 13:34:54Z INFO GitHubActionsService] Finished operation Location.GetConnectionData
[2025-04-02 13:34:54Z INFO MessageListener] VssConnection created
[2025-04-02 13:34:54Z INFO Terminal] WRITE LINE: 
[2025-04-02 13:34:54Z INFO Terminal] WRITE LINE: 
[2025-04-02 13:34:55Z INFO RSAEncryptedFileKeyManager] Loading RSA key parameters from file C:\Users\vladi\Documents\GitHub\bob\actions-runner\.credentials_rsaparams
[2025-04-02 13:34:55Z INFO RSAEncryptedFileKeyManager] Loading RSA key parameters from file C:\Users\vladi\Documents\GitHub\bob\actions-runner\.credentials_rsaparams
[2025-04-02 13:34:55Z INFO GitHubActionsService] AAD Correlation ID for this token request: Unknown
[2025-04-02 13:34:55Z INFO MessageListener] Session created.
[2025-04-02 13:34:55Z INFO Terminal] WRITE LINE: Current runner version: '2.323.0'
[2025-04-02 13:34:55Z INFO Terminal] WRITE LINE: 2025-04-02 13:34:55Z: Listening for Jobs
[2025-04-02 13:34:55Z INFO JobDispatcher] Set runner/worker IPC timeout to 30 seconds.
[2025-04-02 13:34:56Z INFO RSAEncryptedFileKeyManager] Loading RSA key parameters from file C:\Users\vladi\Documents\GitHub\bob\actions-runner\.credentials_rsaparams
[2025-04-02 13:34:56Z INFO GitHubActionsService] AAD Correlation ID for this token request: Unknown
[2025-04-02 13:35:09Z INFO MessageListener] Message '685051921377861640' received from session 'a1b02de8-a050-4da0-91ef-2692769e0f4b'.
[2025-04-02 13:35:09Z INFO ConfigurationStore] HasCredentials()
[2025-04-02 13:35:09Z INFO ConfigurationStore] stored True
[2025-04-02 13:35:09Z INFO CredentialManager] GetCredentialProvider
[2025-04-02 13:35:09Z INFO CredentialManager] Creating type OAuth
[2025-04-02 13:35:09Z INFO CredentialManager] Creating credential type: OAuth
[2025-04-02 13:35:09Z INFO RSAEncryptedFileKeyManager] Loading RSA key parameters from file C:\Users\vladi\Documents\GitHub\bob\actions-runner\.credentials_rsaparams
[2025-04-02 13:35:09Z INFO RSAEncryptedFileKeyManager] Loading RSA key parameters from file C:\Users\vladi\Documents\GitHub\bob\actions-runner\.credentials_rsaparams
[2025-04-02 13:35:09Z INFO RSAEncryptedFileKeyManager] Loading RSA key parameters from file C:\Users\vladi\Documents\GitHub\bob\actions-runner\.credentials_rsaparams
[2025-04-02 13:35:10Z INFO GitHubActionsService] AAD Correlation ID for this token request: Unknown
[2025-04-02 13:35:11Z INFO JobDispatcher] Job request 0 for plan d3077d1f-e793-4c00-a92c-ad6ce3460d17 job 7ede42ea-d2d8-5c1b-a4f8-1d0981df837c received.
[2025-04-02 13:35:11Z INFO MessageListener] Received job status event. JobState: Busy
[2025-04-02 13:35:11Z INFO MessageListener] _getMessagesTokenSource is already disposed.
[2025-04-02 13:35:11Z INFO Terminal] WRITE LINE: 2025-04-02 13:35:11Z: Running job: install-pip-deps
[2025-04-02 13:35:11Z INFO JobDispatcher] Start renew job request 0 for job 7ede42ea-d2d8-5c1b-a4f8-1d0981df837c.
[2025-04-02 13:35:11Z INFO JobDispatcher] Successfully renew job 7ede42ea-d2d8-5c1b-a4f8-1d0981df837c, job is valid till 02/04/2025 13:45:10
[2025-04-02 13:35:11Z INFO HostContext] Well known directory 'Bin': 'C:\Users\vladi\Documents\GitHub\bob\actions-runner\bin'
[2025-04-02 13:35:11Z INFO ProcessInvokerWrapper] Starting process:
[2025-04-02 13:35:11Z INFO ProcessInvokerWrapper]   File name: 'C:\Users\vladi\Documents\GitHub\bob\actions-runner\bin\Runner.Worker.exe'
[2025-04-02 13:35:11Z INFO ProcessInvokerWrapper]   Arguments: 'spawnclient 2176 2148'
[2025-04-02 13:35:11Z INFO ProcessInvokerWrapper]   Working directory: 'C:\Users\vladi\Documents\GitHub\bob\actions-runner\bin'
[2025-04-02 13:35:11Z INFO ProcessInvokerWrapper]   Require exit code zero: 'False'
[2025-04-02 13:35:11Z INFO ProcessInvokerWrapper]   Encoding web name:  ; code page: ''
[2025-04-02 13:35:11Z INFO ProcessInvokerWrapper]   Force kill process on cancellation: 'True'
[2025-04-02 13:35:11Z INFO ProcessInvokerWrapper]   Redirected STDIN: 'False'
[2025-04-02 13:35:11Z INFO ProcessInvokerWrapper]   Persist current code page: 'False'
[2025-04-02 13:35:11Z INFO ProcessInvokerWrapper]   Keep redirected STDIN open: 'False'
[2025-04-02 13:35:11Z INFO ProcessInvokerWrapper]   High priority process: 'True'
[2025-04-02 13:35:11Z INFO ProcessInvokerWrapper] Process started with process id 18248, waiting for process exit.
[2025-04-02 13:35:11Z INFO JobDispatcher] Send job request message to worker for job 7ede42ea-d2d8-5c1b-a4f8-1d0981df837c.
[2025-04-02 13:35:11Z INFO ProcessChannel] Sending message of length 18882, with hash '5c22eaec48e5ec780fc360d0f7833ccbf89a429676614ecdd23bbe96efdf322a'
[2025-04-02 13:35:12Z INFO JobNotification] Entering JobStarted Notification
[2025-04-02 13:35:12Z INFO JobNotification] Entering StartMonitor
[2025-04-02 13:35:45Z INFO ProcessInvokerWrapper] STDOUT/STDERR stream read finished.
[2025-04-02 13:35:45Z INFO ProcessInvokerWrapper] STDOUT/STDERR stream read finished.
[2025-04-02 13:35:45Z INFO ProcessInvokerWrapper] Finished process 18248 with exit code 100, and elapsed time 00:00:33.1939424.
[2025-04-02 13:35:45Z INFO JobDispatcher] Worker finished for job 7ede42ea-d2d8-5c1b-a4f8-1d0981df837c. Code: 100
[2025-04-02 13:35:45Z INFO JobDispatcher] finish job request for job 7ede42ea-d2d8-5c1b-a4f8-1d0981df837c with result: Succeeded
[2025-04-02 13:35:45Z INFO Terminal] WRITE LINE: 2025-04-02 13:35:45Z: Job install-pip-deps completed with result: Succeeded
[2025-04-02 13:35:45Z INFO JobDispatcher] Stop renew job request for job 7ede42ea-d2d8-5c1b-a4f8-1d0981df837c.
[2025-04-02 13:35:45Z INFO JobDispatcher] job renew has been cancelled, stop renew job 7ede42ea-d2d8-5c1b-a4f8-1d0981df837c.
[2025-04-02 13:35:45Z INFO JobNotification] Entering JobCompleted Notification
[2025-04-02 13:35:45Z INFO JobNotification] Entering EndMonitor
[2025-04-02 13:35:45Z INFO MessageListener] Received job status event. JobState: Online
[2025-04-02 13:35:45Z INFO MessageListener] Message '3496052728109377476' received from session 'a1b02de8-a050-4da0-91ef-2692769e0f4b'.
[2025-04-02 13:35:45Z INFO ConfigurationStore] HasCredentials()
[2025-04-02 13:35:45Z INFO ConfigurationStore] stored True
[2025-04-02 13:35:45Z INFO CredentialManager] GetCredentialProvider
[2025-04-02 13:35:45Z INFO CredentialManager] Creating type OAuth
[2025-04-02 13:35:45Z INFO CredentialManager] Creating credential type: OAuth
[2025-04-02 13:35:45Z INFO RSAEncryptedFileKeyManager] Loading RSA key parameters from file C:\Users\vladi\Documents\GitHub\bob\actions-runner\.credentials_rsaparams
[2025-04-02 13:35:45Z INFO RSAEncryptedFileKeyManager] Loading RSA key parameters from file C:\Users\vladi\Documents\GitHub\bob\actions-runner\.credentials_rsaparams
[2025-04-02 13:35:45Z INFO RSAEncryptedFileKeyManager] Loading RSA key parameters from file C:\Users\vladi\Documents\GitHub\bob\actions-runner\.credentials_rsaparams
[2025-04-02 13:35:46Z INFO GitHubActionsService] AAD Correlation ID for this token request: Unknown
[2025-04-02 13:35:47Z INFO JobDispatcher] Job request 0 for plan d3077d1f-e793-4c00-a92c-ad6ce3460d17 job 80c5dc7a-0885-53e1-96c7-3f30726ecbcb received.
[2025-04-02 13:35:47Z INFO MessageListener] Received job status event. JobState: Busy
[2025-04-02 13:35:47Z INFO MessageListener] _getMessagesTokenSource is already disposed.
[2025-04-02 13:35:47Z INFO JobDispatcher] Job request 7ede42ea-d2d8-5c1b-a4f8-1d0981df837c processed succeed.
[2025-04-02 13:35:47Z INFO Terminal] WRITE LINE: 2025-04-02 13:35:47Z: Running job: deploy-to-dev
[2025-04-02 13:35:47Z INFO JobDispatcher] Start renew job request 0 for job 80c5dc7a-0885-53e1-96c7-3f30726ecbcb.
[2025-04-02 13:35:47Z INFO JobDispatcher] Successfully renew job 80c5dc7a-0885-53e1-96c7-3f30726ecbcb, job is valid till 02/04/2025 13:45:46
[2025-04-02 13:35:47Z INFO HostContext] Well known directory 'Bin': 'C:\Users\vladi\Documents\GitHub\bob\actions-runner\bin'
[2025-04-02 13:35:47Z INFO ProcessInvokerWrapper] Starting process:
[2025-04-02 13:35:47Z INFO ProcessInvokerWrapper]   File name: 'C:\Users\vladi\Documents\GitHub\bob\actions-runner\bin\Runner.Worker.exe'
[2025-04-02 13:35:47Z INFO ProcessInvokerWrapper]   Arguments: 'spawnclient 2308 2320'
[2025-04-02 13:35:47Z INFO ProcessInvokerWrapper]   Working directory: 'C:\Users\vladi\Documents\GitHub\bob\actions-runner\bin'
[2025-04-02 13:35:47Z INFO ProcessInvokerWrapper]   Require exit code zero: 'False'
[2025-04-02 13:35:47Z INFO ProcessInvokerWrapper]   Encoding web name:  ; code page: ''
[2025-04-02 13:35:47Z INFO ProcessInvokerWrapper]   Force kill process on cancellation: 'True'
[2025-04-02 13:35:47Z INFO ProcessInvokerWrapper]   Redirected STDIN: 'False'
[2025-04-02 13:35:47Z INFO ProcessInvokerWrapper]   Persist current code page: 'False'
[2025-04-02 13:35:47Z INFO ProcessInvokerWrapper]   Keep redirected STDIN open: 'False'
[2025-04-02 13:35:47Z INFO ProcessInvokerWrapper]   High priority process: 'True'
[2025-04-02 13:35:47Z INFO ProcessInvokerWrapper] Process started with process id 5916, waiting for process exit.
[2025-04-02 13:35:47Z INFO JobDispatcher] Send job request message to worker for job 80c5dc7a-0885-53e1-96c7-3f30726ecbcb.
[2025-04-02 13:35:47Z INFO ProcessChannel] Sending message of length 19349, with hash '1461e4d92d1b561bf047fb91f89060316fb003d1ba44e60c3c5a69c3d9750c69'
[2025-04-02 13:35:48Z INFO JobNotification] Entering JobStarted Notification
[2025-04-02 13:35:48Z INFO JobNotification] Entering StartMonitor
[2025-04-02 13:36:25Z INFO ProcessInvokerWrapper] STDOUT/STDERR stream read finished.
[2025-04-02 13:36:25Z INFO ProcessInvokerWrapper] STDOUT/STDERR stream read finished.
[2025-04-02 13:36:25Z INFO ProcessInvokerWrapper] Finished process 5916 with exit code 102, and elapsed time 00:00:37.3445144.
[2025-04-02 13:36:25Z INFO JobDispatcher] Worker finished for job 80c5dc7a-0885-53e1-96c7-3f30726ecbcb. Code: 102
[2025-04-02 13:36:25Z INFO JobDispatcher] finish job request for job 80c5dc7a-0885-53e1-96c7-3f30726ecbcb with result: Failed
[2025-04-02 13:36:25Z INFO Terminal] WRITE LINE: 2025-04-02 13:36:25Z: Job deploy-to-dev completed with result: Failed
[2025-04-02 13:36:25Z INFO JobDispatcher] Stop renew job request for job 80c5dc7a-0885-53e1-96c7-3f30726ecbcb.
[2025-04-02 13:36:25Z INFO JobDispatcher] job renew has been cancelled, stop renew job 80c5dc7a-0885-53e1-96c7-3f30726ecbcb.
[2025-04-02 13:36:25Z INFO JobNotification] Entering JobCompleted Notification
[2025-04-02 13:36:25Z INFO JobNotification] Entering EndMonitor
[2025-04-02 13:36:25Z INFO MessageListener] Received job status event. JobState: Online
[2025-04-02 13:38:47Z INFO HostContext] Runner will be shutdown for UserCancelled
[2025-04-02 13:38:47Z WARN GitHubActionsService] GET request to https://broker.actions.githubusercontent.com/message?sessionId=a1b02de8-a050-4da0-91ef-2692769e0f4b&status=Online&runnerVersion=2.323.0&os=Windows&architecture=X64&disableUpdate=false has been cancelled.
[2025-04-02 13:38:47Z ERR  BrokerServer] Catch exception during request
[2025-04-02 13:38:47Z ERR  BrokerServer] System.Threading.Tasks.TaskCanceledException: The operation was canceled.
 ---> System.Threading.Tasks.TaskCanceledException: The operation was canceled.
 ---> System.IO.IOException: Unable to read data from the transport connection: The I/O operation has been aborted because of either a thread exit or an application request..
 ---> System.Net.Sockets.SocketException (995): The I/O operation has been aborted because of either a thread exit or an application request.
   --- End of inner exception stack trace ---
   at System.Net.Sockets.Socket.AwaitableSocketAsyncEventArgs.ThrowException(SocketError error, CancellationToken cancellationToken)
   at System.Net.Sockets.Socket.AwaitableSocketAsyncEventArgs.System.Threading.Tasks.Sources.IValueTaskSource<System.Int32>.GetResult(Int16 token)
   at System.Net.Security.SslStream.EnsureFullTlsFrameAsync[TIOAdapter](CancellationToken cancellationToken, Int32 estimatedSize)
   at System.Runtime.CompilerServices.PoolingAsyncValueTaskMethodBuilder`1.StateMachineBox`1.System.Threading.Tasks.Sources.IValueTaskSource<TResult>.GetResult(Int16 token)
   at System.Net.Security.SslStream.ReadAsyncInternal[TIOAdapter](Memory`1 buffer, CancellationToken cancellationToken)
   at System.Runtime.CompilerServices.PoolingAsyncValueTaskMethodBuilder`1.StateMachineBox`1.System.Threading.Tasks.Sources.IValueTaskSource<TResult>.GetResult(Int16 token)
   at System.Net.Http.HttpConnection.SendAsync(HttpRequestMessage request, Boolean async, CancellationToken cancellationToken)
   --- End of inner exception stack trace ---
   at System.Net.Http.HttpConnection.SendAsync(HttpRequestMessage request, Boolean async, CancellationToken cancellationToken)
   at System.Net.Http.AuthenticationHelper.SendWithNtAuthAsync(HttpRequestMessage request, Uri authUri, Boolean async, ICredentials credentials, Boolean isProxyAuth, HttpConnection connection, HttpConnectionPool connectionPool, CancellationToken cancellationToken)
   at System.Net.Http.HttpConnectionPool.SendWithVersionDetectionAndRetryAsync(HttpRequestMessage request, Boolean async, Boolean doRequestAuth, CancellationToken cancellationToken)
   at System.Net.Http.AuthenticationHelper.SendWithAuthAsync(HttpRequestMessage request, Uri authUri, Boolean async, ICredentials credentials, Boolean preAuthenticate, Boolean isProxyAuth, Boolean doRequestAuth, HttpConnectionPool pool, CancellationToken cancellationToken)
   at System.Net.Http.RedirectHandler.SendAsync(HttpRequestMessage request, Boolean async, CancellationToken cancellationToken)
   at GitHub.Services.Common.RawHttpMessageHandler.SendAsync(HttpRequestMessage request, CancellationToken cancellationToken)
   at GitHub.Services.Common.VssHttpRetryMessageHandler.SendAsync(HttpRequestMessage request, CancellationToken cancellationToken)
   at System.Net.Http.HttpClient.<SendAsync>g__Core|83_0(HttpRequestMessage request, HttpCompletionOption completionOption, CancellationTokenSource cts, Boolean disposeCts, CancellationTokenSource pendingRequestsCts, CancellationToken originalCancellationToken)
   --- End of inner exception stack trace ---
   at System.Net.Http.HttpClient.HandleFailure(Exception e, Boolean telemetryStarted, HttpResponseMessage response, CancellationTokenSource cts, CancellationToken cancellationToken, CancellationTokenSource pendingRequestsCts)
   at System.Net.Http.HttpClient.<SendAsync>g__Core|83_0(HttpRequestMessage request, HttpCompletionOption completionOption, CancellationTokenSource cts, Boolean disposeCts, CancellationTokenSource pendingRequestsCts, CancellationToken originalCancellationToken)
   at Sdk.WebApi.WebApi.RawHttpClientBase.SendAsync(HttpRequestMessage message, HttpCompletionOption completionOption, Object userState, CancellationToken cancellationToken)
   at Sdk.WebApi.WebApi.RawHttpClientBase.SendAsync[T](HttpRequestMessage message, Boolean readErrorBody, Object userState, CancellationToken cancellationToken)
   at Sdk.WebApi.WebApi.RawHttpClientBase.SendAsync[T](HttpMethod method, IEnumerable`1 additionalHeaders, Uri requestUri, HttpContent content, IEnumerable`1 queryParameters, Boolean readErrorBody, Object userState, CancellationToken cancellationToken)
   at GitHub.Actions.RunService.WebApi.BrokerHttpClient.GetRunnerMessageAsync(Nullable`1 sessionId, String runnerVersion, Nullable`1 status, String os, String architecture, Nullable`1 disableUpdate, CancellationToken cancellationToken)
   at GitHub.Runner.Common.BrokerServer.<>c__DisplayClass7_0.<<GetRunnerMessageAsync>b__0>d.MoveNext()
--- End of stack trace from previous location ---
   at GitHub.Runner.Common.RunnerService.RetryRequest[T](Func`1 func, CancellationToken cancellationToken, Int32 maxRetryAttemptsCount, Func`2 shouldRetry)
[2025-04-02 13:38:47Z ERR  BrokerServer] #####################################################
[2025-04-02 13:38:47Z ERR  BrokerServer] System.Threading.Tasks.TaskCanceledException: The operation was canceled.
 ---> System.IO.IOException: Unable to read data from the transport connection: The I/O operation has been aborted because of either a thread exit or an application request..
 ---> System.Net.Sockets.SocketException (995): The I/O operation has been aborted because of either a thread exit or an application request.
   --- End of inner exception stack trace ---
   at System.Net.Sockets.Socket.AwaitableSocketAsyncEventArgs.ThrowException(SocketError error, CancellationToken cancellationToken)
   at System.Net.Sockets.Socket.AwaitableSocketAsyncEventArgs.System.Threading.Tasks.Sources.IValueTaskSource<System.Int32>.GetResult(Int16 token)
   at System.Net.Security.SslStream.EnsureFullTlsFrameAsync[TIOAdapter](CancellationToken cancellationToken, Int32 estimatedSize)
   at System.Runtime.CompilerServices.PoolingAsyncValueTaskMethodBuilder`1.StateMachineBox`1.System.Threading.Tasks.Sources.IValueTaskSource<TResult>.GetResult(Int16 token)
   at System.Net.Security.SslStream.ReadAsyncInternal[TIOAdapter](Memory`1 buffer, CancellationToken cancellationToken)
   at System.Runtime.CompilerServices.PoolingAsyncValueTaskMethodBuilder`1.StateMachineBox`1.System.Threading.Tasks.Sources.IValueTaskSource<TResult>.GetResult(Int16 token)
   at System.Net.Http.HttpConnection.SendAsync(HttpRequestMessage request, Boolean async, CancellationToken cancellationToken)
   --- End of inner exception stack trace ---
   at System.Net.Http.HttpConnection.SendAsync(HttpRequestMessage request, Boolean async, CancellationToken cancellationToken)
   at System.Net.Http.AuthenticationHelper.SendWithNtAuthAsync(HttpRequestMessage request, Uri authUri, Boolean async, ICredentials credentials, Boolean isProxyAuth, HttpConnection connection, HttpConnectionPool connectionPool, CancellationToken cancellationToken)
   at System.Net.Http.HttpConnectionPool.SendWithVersionDetectionAndRetryAsync(HttpRequestMessage request, Boolean async, Boolean doRequestAuth, CancellationToken cancellationToken)
   at System.Net.Http.AuthenticationHelper.SendWithAuthAsync(HttpRequestMessage request, Uri authUri, Boolean async, ICredentials credentials, Boolean preAuthenticate, Boolean isProxyAuth, Boolean doRequestAuth, HttpConnectionPool pool, CancellationToken cancellationToken)
   at System.Net.Http.RedirectHandler.SendAsync(HttpRequestMessage request, Boolean async, CancellationToken cancellationToken)
   at GitHub.Services.Common.RawHttpMessageHandler.SendAsync(HttpRequestMessage request, CancellationToken cancellationToken)
   at GitHub.Services.Common.VssHttpRetryMessageHandler.SendAsync(HttpRequestMessage request, CancellationToken cancellationToken)
   at System.Net.Http.HttpClient.<SendAsync>g__Core|83_0(HttpRequestMessage request, HttpCompletionOption completionOption, CancellationTokenSource cts, Boolean disposeCts, CancellationTokenSource pendingRequestsCts, CancellationToken originalCancellationToken)
[2025-04-02 13:38:47Z ERR  BrokerServer] #####################################################
[2025-04-02 13:38:47Z ERR  BrokerServer] System.IO.IOException: Unable to read data from the transport connection: The I/O operation has been aborted because of either a thread exit or an application request..
 ---> System.Net.Sockets.SocketException (995): The I/O operation has been aborted because of either a thread exit or an application request.
   --- End of inner exception stack trace ---
   at System.Net.Sockets.Socket.AwaitableSocketAsyncEventArgs.ThrowException(SocketError error, CancellationToken cancellationToken)
   at System.Net.Sockets.Socket.AwaitableSocketAsyncEventArgs.System.Threading.Tasks.Sources.IValueTaskSource<System.Int32>.GetResult(Int16 token)
   at System.Net.Security.SslStream.EnsureFullTlsFrameAsync[TIOAdapter](CancellationToken cancellationToken, Int32 estimatedSize)
   at System.Runtime.CompilerServices.PoolingAsyncValueTaskMethodBuilder`1.StateMachineBox`1.System.Threading.Tasks.Sources.IValueTaskSource<TResult>.GetResult(Int16 token)
   at System.Net.Security.SslStream.ReadAsyncInternal[TIOAdapter](Memory`1 buffer, CancellationToken cancellationToken)
   at System.Runtime.CompilerServices.PoolingAsyncValueTaskMethodBuilder`1.StateMachineBox`1.System.Threading.Tasks.Sources.IValueTaskSource<TResult>.GetResult(Int16 token)
   at System.Net.Http.HttpConnection.SendAsync(HttpRequestMessage request, Boolean async, CancellationToken cancellationToken)
[2025-04-02 13:38:47Z ERR  BrokerServer] #####################################################
[2025-04-02 13:38:47Z ERR  BrokerServer] System.Net.Sockets.SocketException (995): The I/O operation has been aborted because of either a thread exit or an application request.
[2025-04-02 13:38:47Z WARN BrokerServer] Back off 6.417 seconds before next retry. 4 attempt left.
[2025-04-02 13:38:47Z INFO MessageListener] Get next message has been cancelled.
[2025-04-02 13:38:47Z INFO JobDispatcher] Shutting down JobDispatcher. Make sure all WorkerDispatcher has finished.
[2025-04-02 13:38:47Z INFO JobDispatcher] Ensure WorkerDispatcher for job 80c5dc7a-0885-53e1-96c7-3f30726ecbcb run to finish, cancel any running job.
[2025-04-02 13:38:47Z INFO JobDispatcher] Job request 80c5dc7a-0885-53e1-96c7-3f30726ecbcb processed succeed.
[2025-04-02 13:38:47Z INFO Runner] Deleting Runner Session...
[2025-04-02 13:38:48Z INFO Listener] Runner execution been cancelled.
