[2025-04-01 13:54:45Z INFO HostContext] No proxy settings were found based on environmental variables (http_proxy/https_proxy/HTTP_PROXY/HTTPS_PROXY)
[2025-04-01 13:54:45Z INFO HostContext] Well known directory 'Bin': 'C:\Users\vladi\Documents\GitHub\bob\actions-runner\bin'
[2025-04-01 13:54:45Z INFO HostContext] Well known directory 'Root': 'C:\Users\vladi\Documents\GitHub\bob\actions-runner'
[2025-04-01 13:54:45Z INFO HostContext] Well known config file 'Credentials': 'C:\Users\vladi\Documents\GitHub\bob\actions-runner\.credentials'
[2025-04-01 13:54:45Z INFO HostContext] Well known directory 'Bin': 'C:\Users\vladi\Documents\GitHub\bob\actions-runner\bin'
[2025-04-01 13:54:45Z INFO HostContext] Well known directory 'Root': 'C:\Users\vladi\Documents\GitHub\bob\actions-runner'
[2025-04-01 13:54:45Z INFO HostContext] Well known config file 'Runner': 'C:\Users\vladi\Documents\GitHub\bob\actions-runner\.runner'
[2025-04-01 13:54:45Z INFO Listener] Runner is built for Windows (X64) - win-x64.
[2025-04-01 13:54:45Z INFO Listener] RuntimeInformation: Microsoft Windows 10.0.19045.
[2025-04-01 13:54:45Z INFO Listener] Version: 2.323.0
[2025-04-01 13:54:45Z INFO Listener] Commit: d8b82f44a9ec0258904d5869ae683c31d5aac299
[2025-04-01 13:54:45Z INFO Listener] Culture: en-GB
[2025-04-01 13:54:45Z INFO Listener] UI Culture: en-GB
[2025-04-01 13:54:45Z INFO HostContext] Well known directory 'Bin': 'C:\Users\vladi\Documents\GitHub\bob\actions-runner\bin'
[2025-04-01 13:54:45Z INFO HostContext] Well known directory 'Root': 'C:\Users\vladi\Documents\GitHub\bob\actions-runner'
[2025-04-01 13:54:45Z INFO Listener] Validating directory permissions for: 'C:\Users\vladi\Documents\GitHub\bob\actions-runner'
[2025-04-01 13:54:45Z INFO CommandLineParser] Parse
[2025-04-01 13:54:45Z INFO CommandLineParser] Parsing 5 args
[2025-04-01 13:54:45Z INFO CommandLineParser] parsing argument
[2025-04-01 13:54:45Z INFO CommandLineParser] HasArgs: False
[2025-04-01 13:54:45Z INFO CommandLineParser] Adding Command: configure
[2025-04-01 13:54:45Z INFO CommandLineParser] parsing argument
[2025-04-01 13:54:45Z INFO CommandLineParser] HasArgs: True
[2025-04-01 13:54:45Z INFO CommandLineParser] arg: url
[2025-04-01 13:54:45Z INFO CommandLineParser] parsing argument
[2025-04-01 13:54:45Z INFO CommandLineParser] HasArgs: True
[2025-04-01 13:54:45Z INFO CommandLineParser] Adding option 'url': 'https://github.com/vladxdboi/bob'
[2025-04-01 13:54:45Z INFO CommandLineParser] parsing argument
[2025-04-01 13:54:45Z INFO CommandLineParser] HasArgs: True
[2025-04-01 13:54:45Z INFO CommandLineParser] arg: token
[2025-04-01 13:54:45Z INFO CommandLineParser] parsing argument
[2025-04-01 13:54:45Z INFO CommandLineParser] HasArgs: True
[2025-04-01 13:54:45Z INFO CommandLineParser] Adding option 'token': '***'
[2025-04-01 13:54:45Z INFO Listener] Arguments parsed
[2025-04-01 13:54:45Z INFO Runner] ExecuteCommand
[2025-04-01 13:54:45Z INFO ConfigurationStore] currentAssemblyLocation: C:\Users\vladi\Documents\GitHub\bob\actions-runner\bin\Runner.Listener.dll
[2025-04-01 13:54:45Z INFO HostContext] Well known directory 'Bin': 'C:\Users\vladi\Documents\GitHub\bob\actions-runner\bin'
[2025-04-01 13:54:45Z INFO ConfigurationStore] binPath: C:\Users\vladi\Documents\GitHub\bob\actions-runner\bin
[2025-04-01 13:54:45Z INFO HostContext] Well known directory 'Bin': 'C:\Users\vladi\Documents\GitHub\bob\actions-runner\bin'
[2025-04-01 13:54:45Z INFO HostContext] Well known directory 'Root': 'C:\Users\vladi\Documents\GitHub\bob\actions-runner'
[2025-04-01 13:54:45Z INFO ConfigurationStore] RootFolder: C:\Users\vladi\Documents\GitHub\bob\actions-runner
[2025-04-01 13:54:45Z INFO HostContext] Well known directory 'Bin': 'C:\Users\vladi\Documents\GitHub\bob\actions-runner\bin'
[2025-04-01 13:54:45Z INFO HostContext] Well known directory 'Root': 'C:\Users\vladi\Documents\GitHub\bob\actions-runner'
[2025-04-01 13:54:45Z INFO HostContext] Well known config file 'Runner': 'C:\Users\vladi\Documents\GitHub\bob\actions-runner\.runner'
[2025-04-01 13:54:45Z INFO ConfigurationStore] ConfigFilePath: C:\Users\vladi\Documents\GitHub\bob\actions-runner\.runner
[2025-04-01 13:54:45Z INFO HostContext] Well known directory 'Bin': 'C:\Users\vladi\Documents\GitHub\bob\actions-runner\bin'
[2025-04-01 13:54:45Z INFO HostContext] Well known directory 'Root': 'C:\Users\vladi\Documents\GitHub\bob\actions-runner'
[2025-04-01 13:54:45Z INFO HostContext] Well known config file 'MigratedRunner': 'C:\Users\vladi\Documents\GitHub\bob\actions-runner\.runner_migrated'
[2025-04-01 13:54:45Z INFO ConfigurationStore] MigratedConfigFilePath: C:\Users\vladi\Documents\GitHub\bob\actions-runner\.runner_migrated
[2025-04-01 13:54:45Z INFO HostContext] Well known directory 'Bin': 'C:\Users\vladi\Documents\GitHub\bob\actions-runner\bin'
[2025-04-01 13:54:45Z INFO HostContext] Well known directory 'Root': 'C:\Users\vladi\Documents\GitHub\bob\actions-runner'
[2025-04-01 13:54:45Z INFO HostContext] Well known config file 'Credentials': 'C:\Users\vladi\Documents\GitHub\bob\actions-runner\.credentials'
[2025-04-01 13:54:45Z INFO ConfigurationStore] CredFilePath: C:\Users\vladi\Documents\GitHub\bob\actions-runner\.credentials
[2025-04-01 13:54:45Z INFO HostContext] Well known directory 'Bin': 'C:\Users\vladi\Documents\GitHub\bob\actions-runner\bin'
[2025-04-01 13:54:45Z INFO HostContext] Well known directory 'Root': 'C:\Users\vladi\Documents\GitHub\bob\actions-runner'
[2025-04-01 13:54:45Z INFO HostContext] Well known config file 'MigratedCredentials': 'C:\Users\vladi\Documents\GitHub\bob\actions-runner\.credentials_migrated'
[2025-04-01 13:54:45Z INFO ConfigurationStore] MigratedCredFilePath: C:\Users\vladi\Documents\GitHub\bob\actions-runner\.credentials_migrated
[2025-04-01 13:54:45Z INFO HostContext] Well known directory 'Bin': 'C:\Users\vladi\Documents\GitHub\bob\actions-runner\bin'
[2025-04-01 13:54:45Z INFO HostContext] Well known directory 'Root': 'C:\Users\vladi\Documents\GitHub\bob\actions-runner'
[2025-04-01 13:54:45Z INFO HostContext] Well known config file 'Service': 'C:\Users\vladi\Documents\GitHub\bob\actions-runner\.service'
[2025-04-01 13:54:45Z INFO ConfigurationStore] ServiceConfigFilePath: C:\Users\vladi\Documents\GitHub\bob\actions-runner\.service
[2025-04-01 13:54:45Z INFO CommandSettings] Flag 'help': 'False'
[2025-04-01 13:54:45Z INFO CommandSettings] Flag 'version': 'False'
[2025-04-01 13:54:45Z INFO CommandSettings] Flag 'commit': 'False'
[2025-04-01 13:54:45Z INFO CommandSettings] Flag 'check': 'False'
[2025-04-01 13:54:45Z INFO CommandSettings] Command 'configure': 'True'
[2025-04-01 13:54:45Z INFO Terminal] WRITE LINE: 
[2025-04-01 13:54:45Z INFO Terminal] WRITE LINE: --------------------------------------------------------------------------------
[2025-04-01 13:54:45Z INFO Terminal] WRITE LINE: |        ____ _ _   _   _       _          _        _   _                      |
[2025-04-01 13:54:45Z INFO Terminal] WRITE LINE: |       / ___(_) |_| | | |_   _| |__      / \   ___| |_(_) ___  _ __  ___      |
[2025-04-01 13:54:45Z INFO Terminal] WRITE LINE: |      | |  _| | __| |_| | | | | '_ \    / _ \ / __| __| |/ _ \| '_ \/ __|     |
[2025-04-01 13:54:45Z INFO Terminal] WRITE LINE: |      | |_| | | |_|  _  | |_| | |_) |  / ___ \ (__| |_| | (_) | | | \__ \     |
[2025-04-01 13:54:45Z INFO Terminal] WRITE LINE: |       \____|_|\__|_| |_|\__,_|_.__/  /_/   \_\___|\__|_|\___/|_| |_|___/     |
[2025-04-01 13:54:45Z INFO Terminal] WRITE LINE: |                                                                              |
[2025-04-01 13:54:45Z INFO Terminal] WRITE: |                       
[2025-04-01 13:54:45Z INFO Terminal] WRITE: Self-hosted runner registration
[2025-04-01 13:54:45Z INFO Terminal] WRITE LINE:                         |
[2025-04-01 13:54:45Z INFO Terminal] WRITE LINE: |                                                                              |
[2025-04-01 13:54:45Z INFO Terminal] WRITE LINE: --------------------------------------------------------------------------------
[2025-04-01 13:54:45Z INFO ConfigurationManager] ConfigureAsync
[2025-04-01 13:54:45Z INFO CommandSettings] Flag 'generateServiceConfig': 'False'
[2025-04-01 13:54:45Z INFO ConfigurationStore] IsConfigured()
[2025-04-01 13:54:45Z INFO ConfigurationStore] IsConfigured: False
[2025-04-01 13:54:45Z INFO ConfigurationManager] Is configured: False
[2025-04-01 13:54:45Z INFO CommandSettings] Arg 'url': 'https://github.com/vladxdboi/bob'
[2025-04-01 13:54:45Z INFO CommandSettings] Remove url from Arg dictionary.
[2025-04-01 13:54:45Z INFO CommandSettings] Arg 'token': '***'
[2025-04-01 13:54:45Z INFO CommandSettings] Remove token from Arg dictionary.
[2025-04-01 13:54:46Z INFO ConfigurationManager] Http response code: OK from 'POST https://api.github.com/actions/runner-registration' (C514:F3538:FEE28:15E7BA:67EBF023)
[2025-04-01 13:54:46Z INFO ConfigurationManager] Using V2 flow: False
[2025-04-01 13:54:46Z INFO ConfigurationManager] cred retrieved via GitHub auth
[2025-04-01 13:54:46Z INFO RunnerServer] EstablishVssConnection
[2025-04-01 13:54:46Z INFO RunnerServer] Establish connection with 100 seconds timeout.
[2025-04-01 13:54:46Z INFO GitHubActionsService] Starting operation Location.GetConnectionData
[2025-04-01 13:54:46Z INFO RunnerServer] EstablishVssConnection
[2025-04-01 13:54:46Z INFO RunnerServer] Establish connection with 60 seconds timeout.
[2025-04-01 13:54:46Z INFO GitHubActionsService] Starting operation Location.GetConnectionData
[2025-04-01 13:54:46Z INFO RunnerServer] EstablishVssConnection
[2025-04-01 13:54:46Z INFO RunnerServer] Establish connection with 60 seconds timeout.
[2025-04-01 13:54:46Z INFO GitHubActionsService] Starting operation Location.GetConnectionData
[2025-04-01 13:54:46Z INFO GitHubActionsService] Finished operation Location.GetConnectionData
[2025-04-01 13:54:46Z INFO GitHubActionsService] Finished operation Location.GetConnectionData
[2025-04-01 13:54:47Z INFO GitHubActionsService] Finished operation Location.GetConnectionData
[2025-04-01 13:54:48Z INFO Terminal] WRITE LINE: 
[2025-04-01 13:54:48Z INFO ConfigurationManager] Test Connection complete.
[2025-04-01 13:54:48Z INFO HostContext] Well known directory 'Bin': 'C:\Users\vladi\Documents\GitHub\bob\actions-runner\bin'
[2025-04-01 13:54:48Z INFO HostContext] Well known directory 'Root': 'C:\Users\vladi\Documents\GitHub\bob\actions-runner'
[2025-04-01 13:54:48Z INFO HostContext] Well known config file 'RSACredentials': 'C:\Users\vladi\Documents\GitHub\bob\actions-runner\.credentials_rsaparams'
[2025-04-01 13:54:48Z INFO RSAEncryptedFileKeyManager] Creating new RSA key using 2048-bit key length
[2025-04-01 13:54:48Z INFO RSAEncryptedFileKeyManager] Successfully saved RSA key parameters to file C:\Users\vladi\Documents\GitHub\bob\actions-runner\.credentials_rsaparams
[2025-04-01 13:54:48Z INFO CommandSettings] Arg 'runnergroup': ''
[2025-04-01 13:54:48Z INFO CommandSettings] Flag 'unattended': 'False'
[2025-04-01 13:54:48Z INFO PromptManager] ReadValue
[2025-04-01 13:54:48Z INFO Terminal] WRITE: Enter the name of the runner group to add this runner to: 
[2025-04-01 13:54:48Z INFO Terminal] WRITE: [press Enter for Default] 
[2025-04-01 13:54:48Z INFO Terminal] READ LINE
[2025-04-01 13:54:56Z INFO Terminal] Read value: 'bob'
[2025-04-01 13:54:56Z INFO Terminal] WRITE LINE: 
[2025-04-01 13:54:56Z ERR  Runner] GitHub.DistributedTask.WebApi.TaskAgentPoolNotFoundException: Could not find any self-hosted runner group named "bob".
   at GitHub.Runner.Listener.Configuration.ConfigurationManager.ConfigureAsync(CommandSettings command)
   at GitHub.Runner.Listener.Runner.ExecuteCommand(CommandSettings command)
[2025-04-01 13:54:56Z ERR  Terminal] WRITE ERROR: Could not find any self-hosted runner group named "bob".
[2025-04-01 13:54:56Z INFO Listener] Runner execution has finished with return code 1
