[2025-04-02 16:03:28Z INFO HostContext] No proxy settings were found based on environmental variables (http_proxy/https_proxy/HTTP_PROXY/HTTPS_PROXY)
[2025-04-02 16:03:28Z INFO HostContext] Well known directory 'Bin': 'C:\Users\vladi\Documents\GitHub\bob\actions-runner\bin'
[2025-04-02 16:03:28Z INFO HostContext] Well known directory 'Root': 'C:\Users\vladi\Documents\GitHub\bob\actions-runner'
[2025-04-02 16:03:28Z INFO HostContext] Well known config file 'Credentials': 'C:\Users\vladi\Documents\GitHub\bob\actions-runner\.credentials'
[2025-04-02 16:03:28Z INFO HostContext] Well known directory 'Bin': 'C:\Users\vladi\Documents\GitHub\bob\actions-runner\bin'
[2025-04-02 16:03:28Z INFO HostContext] Well known directory 'Root': 'C:\Users\vladi\Documents\GitHub\bob\actions-runner'
[2025-04-02 16:03:28Z INFO HostContext] Well known config file 'Runner': 'C:\Users\vladi\Documents\GitHub\bob\actions-runner\.runner'
[2025-04-02 16:03:28Z INFO Listener] Runner is built for Windows (X64) - win-x64.
[2025-04-02 16:03:28Z INFO Listener] RuntimeInformation: Microsoft Windows 10.0.19045.
[2025-04-02 16:03:28Z INFO Listener] Version: 2.323.0
[2025-04-02 16:03:28Z INFO Listener] Commit: d8b82f44a9ec0258904d5869ae683c31d5aac299
[2025-04-02 16:03:28Z INFO Listener] Culture: en-GB
[2025-04-02 16:03:28Z INFO Listener] UI Culture: en-GB
[2025-04-02 16:03:28Z INFO HostContext] Well known directory 'Bin': 'C:\Users\vladi\Documents\GitHub\bob\actions-runner\bin'
[2025-04-02 16:03:28Z INFO HostContext] Well known directory 'Root': 'C:\Users\vladi\Documents\GitHub\bob\actions-runner'
[2025-04-02 16:03:28Z INFO Listener] Validating directory permissions for: 'C:\Users\vladi\Documents\GitHub\bob\actions-runner'
[2025-04-02 16:03:28Z INFO CommandLineParser] Parse
[2025-04-02 16:03:28Z INFO CommandLineParser] Parsing 1 args
[2025-04-02 16:03:28Z INFO CommandLineParser] parsing argument
[2025-04-02 16:03:28Z INFO CommandLineParser] HasArgs: False
[2025-04-02 16:03:28Z INFO CommandLineParser] Adding Command: run
[2025-04-02 16:03:28Z INFO Listener] Arguments parsed
[2025-04-02 16:03:28Z INFO Runner] ExecuteCommand
[2025-04-02 16:03:28Z INFO ConfigurationStore] currentAssemblyLocation: C:\Users\vladi\Documents\GitHub\bob\actions-runner\bin\Runner.Listener.dll
[2025-04-02 16:03:28Z INFO HostContext] Well known directory 'Bin': 'C:\Users\vladi\Documents\GitHub\bob\actions-runner\bin'
[2025-04-02 16:03:28Z INFO ConfigurationStore] binPath: C:\Users\vladi\Documents\GitHub\bob\actions-runner\bin
[2025-04-02 16:03:28Z INFO HostContext] Well known directory 'Bin': 'C:\Users\vladi\Documents\GitHub\bob\actions-runner\bin'
[2025-04-02 16:03:28Z INFO HostContext] Well known directory 'Root': 'C:\Users\vladi\Documents\GitHub\bob\actions-runner'
[2025-04-02 16:03:28Z INFO ConfigurationStore] RootFolder: C:\Users\vladi\Documents\GitHub\bob\actions-runner
[2025-04-02 16:03:28Z INFO HostContext] Well known directory 'Bin': 'C:\Users\vladi\Documents\GitHub\bob\actions-runner\bin'
[2025-04-02 16:03:28Z INFO HostContext] Well known directory 'Root': 'C:\Users\vladi\Documents\GitHub\bob\actions-runner'
[2025-04-02 16:03:28Z INFO HostContext] Well known config file 'Runner': 'C:\Users\vladi\Documents\GitHub\bob\actions-runner\.runner'
[2025-04-02 16:03:28Z INFO ConfigurationStore] ConfigFilePath: C:\Users\vladi\Documents\GitHub\bob\actions-runner\.runner
[2025-04-02 16:03:28Z INFO HostContext] Well known directory 'Bin': 'C:\Users\vladi\Documents\GitHub\bob\actions-runner\bin'
[2025-04-02 16:03:28Z INFO HostContext] Well known directory 'Root': 'C:\Users\vladi\Documents\GitHub\bob\actions-runner'
[2025-04-02 16:03:28Z INFO HostContext] Well known config file 'MigratedRunner': 'C:\Users\vladi\Documents\GitHub\bob\actions-runner\.runner_migrated'
[2025-04-02 16:03:28Z INFO ConfigurationStore] MigratedConfigFilePath: C:\Users\vladi\Documents\GitHub\bob\actions-runner\.runner_migrated
[2025-04-02 16:03:28Z INFO HostContext] Well known directory 'Bin': 'C:\Users\vladi\Documents\GitHub\bob\actions-runner\bin'
[2025-04-02 16:03:28Z INFO HostContext] Well known directory 'Root': 'C:\Users\vladi\Documents\GitHub\bob\actions-runner'
[2025-04-02 16:03:28Z INFO HostContext] Well known config file 'Credentials': 'C:\Users\vladi\Documents\GitHub\bob\actions-runner\.credentials'
[2025-04-02 16:03:28Z INFO ConfigurationStore] CredFilePath: C:\Users\vladi\Documents\GitHub\bob\actions-runner\.credentials
[2025-04-02 16:03:28Z INFO HostContext] Well known directory 'Bin': 'C:\Users\vladi\Documents\GitHub\bob\actions-runner\bin'
[2025-04-02 16:03:28Z INFO HostContext] Well known directory 'Root': 'C:\Users\vladi\Documents\GitHub\bob\actions-runner'
[2025-04-02 16:03:28Z INFO HostContext] Well known config file 'MigratedCredentials': 'C:\Users\vladi\Documents\GitHub\bob\actions-runner\.credentials_migrated'
[2025-04-02 16:03:28Z INFO ConfigurationStore] MigratedCredFilePath: C:\Users\vladi\Documents\GitHub\bob\actions-runner\.credentials_migrated
[2025-04-02 16:03:28Z INFO HostContext] Well known directory 'Bin': 'C:\Users\vladi\Documents\GitHub\bob\actions-runner\bin'
[2025-04-02 16:03:28Z INFO HostContext] Well known directory 'Root': 'C:\Users\vladi\Documents\GitHub\bob\actions-runner'
[2025-04-02 16:03:28Z INFO HostContext] Well known config file 'Service': 'C:\Users\vladi\Documents\GitHub\bob\actions-runner\.service'
[2025-04-02 16:03:28Z INFO ConfigurationStore] ServiceConfigFilePath: C:\Users\vladi\Documents\GitHub\bob\actions-runner\.service
[2025-04-02 16:03:28Z INFO CommandSettings] Flag 'help': 'False'
[2025-04-02 16:03:28Z INFO CommandSettings] Flag 'version': 'False'
[2025-04-02 16:03:28Z INFO CommandSettings] Flag 'commit': 'False'
[2025-04-02 16:03:28Z INFO CommandSettings] Flag 'check': 'False'
[2025-04-02 16:03:28Z INFO CommandSettings] Command 'configure': 'False'
[2025-04-02 16:03:28Z INFO CommandSettings] Command 'remove': 'False'
[2025-04-02 16:03:28Z INFO CommandSettings] Command 'warmup': 'False'
[2025-04-02 16:03:28Z INFO ConfigurationManager] LoadSettings
[2025-04-02 16:03:28Z INFO ConfigurationStore] IsConfigured()
[2025-04-02 16:03:28Z INFO ConfigurationStore] IsConfigured: True
[2025-04-02 16:03:28Z INFO ConfigurationManager] Is configured: True
[2025-04-02 16:03:28Z INFO ConfigurationStore] Read setting file: 293 chars
[2025-04-02 16:03:28Z INFO ConfigurationManager] Settings Loaded
[2025-04-02 16:03:28Z INFO ConfigurationStore] IsServiceConfigured()
[2025-04-02 16:03:28Z INFO ConfigurationStore] IsServiceConfigured: False
[2025-04-02 16:03:28Z INFO CommandSettings] Command 'run': 'True'
[2025-04-02 16:03:28Z INFO ConfigurationStore] IsConfigured()
[2025-04-02 16:03:28Z INFO ConfigurationStore] IsConfigured: True
[2025-04-02 16:03:28Z INFO ConfigurationManager] Is configured: True
[2025-04-02 16:03:28Z INFO Runner] Could not parse the argument value '' for StartupType. Defaulting to Manual
[2025-04-02 16:03:28Z INFO Runner] Set runner startup type - Manual
[2025-04-02 16:03:28Z INFO CommandSettings] Flag 'once': 'False'
[2025-04-02 16:03:28Z INFO CommandSettings] Flag 'once': 'False'
[2025-04-02 16:03:28Z INFO Runner] RunAsync
[2025-04-02 16:03:28Z INFO ConfigurationManager] LoadSettings
[2025-04-02 16:03:28Z INFO ConfigurationStore] IsConfigured()
[2025-04-02 16:03:28Z INFO ConfigurationStore] IsConfigured: True
[2025-04-02 16:03:28Z INFO ConfigurationManager] Is configured: True
[2025-04-02 16:03:28Z INFO ConfigurationManager] Settings Loaded
[2025-04-02 16:03:28Z INFO MessageListener] {
  "AgentId": 22,
  "AgentName": "bobs",
  "PoolId": 1,
  "PoolName": "Default",
  "ServerUrl": "https://pipelinesghubeus10.actions.githubusercontent.com/h5c7vwOkcZCfReMtYahw11SJdlk2lSAMfnNmAt52iITzib6AAT/",
  "GitHubUrl": "https://github.com/vladxdboi/bob",
  "WorkFolder": "_work"
}
[2025-04-02 16:03:28Z INFO MessageListener] Loading Credentials
[2025-04-02 16:03:28Z INFO ConfigurationStore] HasCredentials()
[2025-04-02 16:03:28Z INFO ConfigurationStore] stored True
[2025-04-02 16:03:28Z INFO CredentialManager] GetCredentialProvider
[2025-04-02 16:03:28Z INFO CredentialManager] Creating type OAuth
[2025-04-02 16:03:28Z INFO CredentialManager] Creating credential type: OAuth
[2025-04-02 16:03:28Z INFO HostContext] Well known directory 'Bin': 'C:\Users\vladi\Documents\GitHub\bob\actions-runner\bin'
[2025-04-02 16:03:28Z INFO HostContext] Well known directory 'Root': 'C:\Users\vladi\Documents\GitHub\bob\actions-runner'
[2025-04-02 16:03:28Z INFO HostContext] Well known config file 'RSACredentials': 'C:\Users\vladi\Documents\GitHub\bob\actions-runner\.credentials_rsaparams'
[2025-04-02 16:03:28Z INFO RSAEncryptedFileKeyManager] Loading RSA key parameters from file C:\Users\vladi\Documents\GitHub\bob\actions-runner\.credentials_rsaparams
[2025-04-02 16:03:28Z INFO MessageListener] Attempt to create session.
[2025-04-02 16:03:28Z INFO MessageListener] Connecting to the Runner Server...
[2025-04-02 16:03:28Z INFO RunnerServer] EstablishVssConnection
[2025-04-02 16:03:28Z INFO RunnerServer] Establish connection with 100 seconds timeout.
[2025-04-02 16:03:29Z INFO GitHubActionsService] Starting operation Location.GetConnectionData
[2025-04-02 16:03:29Z INFO RunnerServer] EstablishVssConnection
[2025-04-02 16:03:29Z INFO RunnerServer] Establish connection with 60 seconds timeout.
[2025-04-02 16:03:29Z INFO GitHubActionsService] Starting operation Location.GetConnectionData
[2025-04-02 16:03:29Z INFO RunnerServer] EstablishVssConnection
[2025-04-02 16:03:29Z INFO RunnerServer] Establish connection with 60 seconds timeout.
[2025-04-02 16:03:29Z INFO GitHubActionsService] Starting operation Location.GetConnectionData
[2025-04-02 16:03:29Z INFO GitHubActionsService] Finished operation Location.GetConnectionData
[2025-04-02 16:03:29Z INFO GitHubActionsService] Finished operation Location.GetConnectionData
[2025-04-02 16:03:29Z INFO GitHubActionsService] Finished operation Location.GetConnectionData
[2025-04-02 16:03:29Z INFO MessageListener] VssConnection created
[2025-04-02 16:03:29Z INFO Terminal] WRITE LINE: 
[2025-04-02 16:03:29Z INFO Terminal] WRITE LINE: 
[2025-04-02 16:03:30Z INFO RSAEncryptedFileKeyManager] Loading RSA key parameters from file C:\Users\vladi\Documents\GitHub\bob\actions-runner\.credentials_rsaparams
[2025-04-02 16:03:30Z INFO RSAEncryptedFileKeyManager] Loading RSA key parameters from file C:\Users\vladi\Documents\GitHub\bob\actions-runner\.credentials_rsaparams
[2025-04-02 16:03:30Z INFO GitHubActionsService] AAD Correlation ID for this token request: Unknown
[2025-04-02 16:03:30Z ERR  GitHubActionsService] POST request to https://pipelinesghubeus10.actions.githubusercontent.com/h5c7vwOkcZCfReMtYahw11SJdlk2lSAMfnNmAt52iITzib6AAT/_apis/distributedtask/pools/1/sessions failed. HTTP Status: Conflict
[2025-04-02 16:03:30Z ERR  MessageListener] Catch exception during create session.
[2025-04-02 16:03:30Z ERR  MessageListener] GitHub.DistributedTask.WebApi.TaskAgentSessionConflictException: The actions runner bobs already has an active session.
   at GitHub.Services.WebApi.VssHttpClientBase.HandleResponseAsync(HttpResponseMessage response, CancellationToken cancellationToken)
   at GitHub.Services.WebApi.VssHttpClientBase.SendAsync(HttpRequestMessage message, HttpCompletionOption completionOption, Object userState, CancellationToken cancellationToken)
   at GitHub.Services.WebApi.VssHttpClientBase.SendAsync[T](HttpRequestMessage message, Object userState, CancellationToken cancellationToken)
   at GitHub.Services.WebApi.VssHttpClientBase.SendAsync[T](HttpMethod method, IEnumerable`1 additionalHeaders, Guid locationId, Object routeValues, ApiResourceVersion version, HttpContent content, IEnumerable`1 queryParameters, Object userState, CancellationToken cancellationToken)
   at GitHub.Runner.Listener.MessageListener.CreateSessionAsync(CancellationToken token)
[2025-04-02 16:03:30Z INFO MessageListener] The session for this runner already exists.
[2025-04-02 16:03:30Z ERR  Terminal] WRITE ERROR: A session for this runner already exists.
[2025-04-02 16:03:30Z INFO MessageListener] The session conflict exception haven't reached retry limit.
[2025-04-02 16:03:30Z ERR  Terminal] WRITE ERROR: 2025-04-02 16:03:30Z: Runner connect error: The actions runner bobs already has an active session.. Retrying until reconnected.
[2025-04-02 16:03:30Z INFO MessageListener] Sleeping for 30 seconds before retrying.
[2025-04-02 16:03:40Z INFO Terminal] WRITE LINE: Exiting...
[2025-04-02 16:03:40Z INFO ConfigurationStore] IsServiceConfigured()
[2025-04-02 16:03:40Z INFO ConfigurationStore] IsServiceConfigured: False
[2025-04-02 16:03:40Z INFO HostContext] Runner will be shutdown for UserCancelled
[2025-04-02 16:03:40Z INFO Listener] Runner execution been cancelled.
