[2025-04-02 13:39:22Z INFO HostContext] No proxy settings were found based on environmental variables (http_proxy/https_proxy/HTTP_PROXY/HTTPS_PROXY)
[2025-04-02 13:39:22Z INFO HostContext] Well known directory 'Bin': 'C:\Users\vladi\Documents\GitHub\bob\actions-runner\bin'
[2025-04-02 13:39:22Z INFO HostContext] Well known directory 'Root': 'C:\Users\vladi\Documents\GitHub\bob\actions-runner'
[2025-04-02 13:39:22Z INFO HostContext] Well known config file 'Credentials': 'C:\Users\vladi\Documents\GitHub\bob\actions-runner\.credentials'
[2025-04-02 13:39:22Z INFO HostContext] Well known directory 'Bin': 'C:\Users\vladi\Documents\GitHub\bob\actions-runner\bin'
[2025-04-02 13:39:22Z INFO HostContext] Well known directory 'Root': 'C:\Users\vladi\Documents\GitHub\bob\actions-runner'
[2025-04-02 13:39:22Z INFO HostContext] Well known config file 'Runner': 'C:\Users\vladi\Documents\GitHub\bob\actions-runner\.runner'
[2025-04-02 13:39:22Z INFO Listener] Runner is built for Windows (X64) - win-x64.
[2025-04-02 13:39:22Z INFO Listener] RuntimeInformation: Microsoft Windows 10.0.19045.
[2025-04-02 13:39:22Z INFO Listener] Version: 2.323.0
[2025-04-02 13:39:22Z INFO Listener] Commit: d8b82f44a9ec0258904d5869ae683c31d5aac299
[2025-04-02 13:39:22Z INFO Listener] Culture: en-GB
[2025-04-02 13:39:22Z INFO Listener] UI Culture: en-GB
[2025-04-02 13:39:22Z INFO HostContext] Well known directory 'Bin': 'C:\Users\vladi\Documents\GitHub\bob\actions-runner\bin'
[2025-04-02 13:39:22Z INFO HostContext] Well known directory 'Root': 'C:\Users\vladi\Documents\GitHub\bob\actions-runner'
[2025-04-02 13:39:22Z INFO Listener] Validating directory permissions for: 'C:\Users\vladi\Documents\GitHub\bob\actions-runner'
[2025-04-02 13:39:22Z INFO CommandLineParser] Parse
[2025-04-02 13:39:22Z INFO CommandLineParser] Parsing 1 args
[2025-04-02 13:39:22Z INFO CommandLineParser] parsing argument
[2025-04-02 13:39:22Z INFO CommandLineParser] HasArgs: False
[2025-04-02 13:39:22Z INFO CommandLineParser] Adding Command: run
[2025-04-02 13:39:22Z INFO Listener] Arguments parsed
[2025-04-02 13:39:22Z INFO Runner] ExecuteCommand
[2025-04-02 13:39:22Z INFO ConfigurationStore] currentAssemblyLocation: C:\Users\vladi\Documents\GitHub\bob\actions-runner\bin\Runner.Listener.dll
[2025-04-02 13:39:22Z INFO HostContext] Well known directory 'Bin': 'C:\Users\vladi\Documents\GitHub\bob\actions-runner\bin'
[2025-04-02 13:39:22Z INFO ConfigurationStore] binPath: C:\Users\vladi\Documents\GitHub\bob\actions-runner\bin
[2025-04-02 13:39:22Z INFO HostContext] Well known directory 'Bin': 'C:\Users\vladi\Documents\GitHub\bob\actions-runner\bin'
[2025-04-02 13:39:22Z INFO HostContext] Well known directory 'Root': 'C:\Users\vladi\Documents\GitHub\bob\actions-runner'
[2025-04-02 13:39:22Z INFO ConfigurationStore] RootFolder: C:\Users\vladi\Documents\GitHub\bob\actions-runner
[2025-04-02 13:39:22Z INFO HostContext] Well known directory 'Bin': 'C:\Users\vladi\Documents\GitHub\bob\actions-runner\bin'
[2025-04-02 13:39:22Z INFO HostContext] Well known directory 'Root': 'C:\Users\vladi\Documents\GitHub\bob\actions-runner'
[2025-04-02 13:39:22Z INFO HostContext] Well known config file 'Runner': 'C:\Users\vladi\Documents\GitHub\bob\actions-runner\.runner'
[2025-04-02 13:39:22Z INFO ConfigurationStore] ConfigFilePath: C:\Users\vladi\Documents\GitHub\bob\actions-runner\.runner
[2025-04-02 13:39:22Z INFO HostContext] Well known directory 'Bin': 'C:\Users\vladi\Documents\GitHub\bob\actions-runner\bin'
[2025-04-02 13:39:22Z INFO HostContext] Well known directory 'Root': 'C:\Users\vladi\Documents\GitHub\bob\actions-runner'
[2025-04-02 13:39:22Z INFO HostContext] Well known config file 'MigratedRunner': 'C:\Users\vladi\Documents\GitHub\bob\actions-runner\.runner_migrated'
[2025-04-02 13:39:22Z INFO ConfigurationStore] MigratedConfigFilePath: C:\Users\vladi\Documents\GitHub\bob\actions-runner\.runner_migrated
[2025-04-02 13:39:22Z INFO HostContext] Well known directory 'Bin': 'C:\Users\vladi\Documents\GitHub\bob\actions-runner\bin'
[2025-04-02 13:39:22Z INFO HostContext] Well known directory 'Root': 'C:\Users\vladi\Documents\GitHub\bob\actions-runner'
[2025-04-02 13:39:22Z INFO HostContext] Well known config file 'Credentials': 'C:\Users\vladi\Documents\GitHub\bob\actions-runner\.credentials'
[2025-04-02 13:39:22Z INFO ConfigurationStore] CredFilePath: C:\Users\vladi\Documents\GitHub\bob\actions-runner\.credentials
[2025-04-02 13:39:22Z INFO HostContext] Well known directory 'Bin': 'C:\Users\vladi\Documents\GitHub\bob\actions-runner\bin'
[2025-04-02 13:39:22Z INFO HostContext] Well known directory 'Root': 'C:\Users\vladi\Documents\GitHub\bob\actions-runner'
[2025-04-02 13:39:22Z INFO HostContext] Well known config file 'MigratedCredentials': 'C:\Users\vladi\Documents\GitHub\bob\actions-runner\.credentials_migrated'
[2025-04-02 13:39:22Z INFO ConfigurationStore] MigratedCredFilePath: C:\Users\vladi\Documents\GitHub\bob\actions-runner\.credentials_migrated
[2025-04-02 13:39:22Z INFO HostContext] Well known directory 'Bin': 'C:\Users\vladi\Documents\GitHub\bob\actions-runner\bin'
[2025-04-02 13:39:22Z INFO HostContext] Well known directory 'Root': 'C:\Users\vladi\Documents\GitHub\bob\actions-runner'
[2025-04-02 13:39:22Z INFO HostContext] Well known config file 'Service': 'C:\Users\vladi\Documents\GitHub\bob\actions-runner\.service'
[2025-04-02 13:39:22Z INFO ConfigurationStore] ServiceConfigFilePath: C:\Users\vladi\Documents\GitHub\bob\actions-runner\.service
[2025-04-02 13:39:22Z INFO CommandSettings] Flag 'help': 'False'
[2025-04-02 13:39:22Z INFO CommandSettings] Flag 'version': 'False'
[2025-04-02 13:39:22Z INFO CommandSettings] Flag 'commit': 'False'
[2025-04-02 13:39:22Z INFO CommandSettings] Flag 'check': 'False'
[2025-04-02 13:39:22Z INFO CommandSettings] Command 'configure': 'False'
[2025-04-02 13:39:22Z INFO CommandSettings] Command 'remove': 'False'
[2025-04-02 13:39:22Z INFO CommandSettings] Command 'warmup': 'False'
[2025-04-02 13:39:22Z INFO ConfigurationManager] LoadSettings
[2025-04-02 13:39:22Z INFO ConfigurationStore] IsConfigured()
[2025-04-02 13:39:22Z INFO ConfigurationStore] IsConfigured: True
[2025-04-02 13:39:22Z INFO ConfigurationManager] Is configured: True
[2025-04-02 13:39:22Z INFO ConfigurationStore] Read setting file: 293 chars
[2025-04-02 13:39:22Z INFO ConfigurationManager] Settings Loaded
[2025-04-02 13:39:22Z INFO ConfigurationStore] IsServiceConfigured()
[2025-04-02 13:39:22Z INFO ConfigurationStore] IsServiceConfigured: False
[2025-04-02 13:39:22Z INFO CommandSettings] Command 'run': 'True'
[2025-04-02 13:39:22Z INFO ConfigurationStore] IsConfigured()
[2025-04-02 13:39:22Z INFO ConfigurationStore] IsConfigured: True
[2025-04-02 13:39:22Z INFO ConfigurationManager] Is configured: True
[2025-04-02 13:39:22Z INFO Runner] Could not parse the argument value '' for StartupType. Defaulting to Manual
[2025-04-02 13:39:22Z INFO Runner] Set runner startup type - Manual
[2025-04-02 13:39:22Z INFO CommandSettings] Flag 'once': 'False'
[2025-04-02 13:39:22Z INFO CommandSettings] Flag 'once': 'False'
[2025-04-02 13:39:22Z INFO Runner] RunAsync
[2025-04-02 13:39:22Z INFO ConfigurationManager] LoadSettings
[2025-04-02 13:39:22Z INFO ConfigurationStore] IsConfigured()
[2025-04-02 13:39:22Z INFO ConfigurationStore] IsConfigured: True
[2025-04-02 13:39:22Z INFO ConfigurationManager] Is configured: True
[2025-04-02 13:39:22Z INFO ConfigurationManager] Settings Loaded
[2025-04-02 13:39:22Z INFO MessageListener] {
  "AgentId": 22,
  "AgentName": "bobs",
  "PoolId": 1,
  "PoolName": "Default",
  "ServerUrl": "https://pipelinesghubeus10.actions.githubusercontent.com/h5c7vwOkcZCfReMtYahw11SJdlk2lSAMfnNmAt52iITzib6AAT/",
  "GitHubUrl": "https://github.com/vladxdboi/bob",
  "WorkFolder": "_work"
}
[2025-04-02 13:39:22Z INFO MessageListener] Loading Credentials
[2025-04-02 13:39:22Z INFO ConfigurationStore] HasCredentials()
[2025-04-02 13:39:22Z INFO ConfigurationStore] stored True
[2025-04-02 13:39:22Z INFO CredentialManager] GetCredentialProvider
[2025-04-02 13:39:22Z INFO CredentialManager] Creating type OAuth
[2025-04-02 13:39:22Z INFO CredentialManager] Creating credential type: OAuth
[2025-04-02 13:39:22Z INFO HostContext] Well known directory 'Bin': 'C:\Users\vladi\Documents\GitHub\bob\actions-runner\bin'
[2025-04-02 13:39:22Z INFO HostContext] Well known directory 'Root': 'C:\Users\vladi\Documents\GitHub\bob\actions-runner'
[2025-04-02 13:39:22Z INFO HostContext] Well known config file 'RSACredentials': 'C:\Users\vladi\Documents\GitHub\bob\actions-runner\.credentials_rsaparams'
[2025-04-02 13:39:22Z INFO RSAEncryptedFileKeyManager] Loading RSA key parameters from file C:\Users\vladi\Documents\GitHub\bob\actions-runner\.credentials_rsaparams
[2025-04-02 13:39:22Z INFO MessageListener] Attempt to create session.
[2025-04-02 13:39:22Z INFO MessageListener] Connecting to the Runner Server...
[2025-04-02 13:39:22Z INFO RunnerServer] EstablishVssConnection
[2025-04-02 13:39:22Z INFO RunnerServer] Establish connection with 100 seconds timeout.
[2025-04-02 13:39:22Z INFO GitHubActionsService] Starting operation Location.GetConnectionData
[2025-04-02 13:39:22Z INFO RunnerServer] EstablishVssConnection
[2025-04-02 13:39:22Z INFO RunnerServer] Establish connection with 60 seconds timeout.
[2025-04-02 13:39:22Z INFO GitHubActionsService] Starting operation Location.GetConnectionData
[2025-04-02 13:39:22Z INFO RunnerServer] EstablishVssConnection
[2025-04-02 13:39:22Z INFO RunnerServer] Establish connection with 60 seconds timeout.
[2025-04-02 13:39:22Z INFO GitHubActionsService] Starting operation Location.GetConnectionData
[2025-04-02 13:39:23Z INFO GitHubActionsService] Finished operation Location.GetConnectionData
[2025-04-02 13:39:23Z INFO GitHubActionsService] Finished operation Location.GetConnectionData
[2025-04-02 13:39:23Z INFO GitHubActionsService] Finished operation Location.GetConnectionData
[2025-04-02 13:39:23Z INFO MessageListener] VssConnection created
[2025-04-02 13:39:23Z INFO Terminal] WRITE LINE: 
[2025-04-02 13:39:23Z INFO Terminal] WRITE LINE: 
[2025-04-02 13:39:23Z INFO RSAEncryptedFileKeyManager] Loading RSA key parameters from file C:\Users\vladi\Documents\GitHub\bob\actions-runner\.credentials_rsaparams
[2025-04-02 13:39:23Z INFO RSAEncryptedFileKeyManager] Loading RSA key parameters from file C:\Users\vladi\Documents\GitHub\bob\actions-runner\.credentials_rsaparams
[2025-04-02 13:39:24Z INFO GitHubActionsService] AAD Correlation ID for this token request: Unknown
[2025-04-02 13:39:24Z INFO MessageListener] Session created.
[2025-04-02 13:39:24Z INFO Terminal] WRITE LINE: Current runner version: '2.323.0'
[2025-04-02 13:39:24Z INFO Terminal] WRITE LINE: 2025-04-02 13:39:24Z: Listening for Jobs
[2025-04-02 13:39:24Z INFO JobDispatcher] Set runner/worker IPC timeout to 30 seconds.
[2025-04-02 13:39:24Z INFO RSAEncryptedFileKeyManager] Loading RSA key parameters from file C:\Users\vladi\Documents\GitHub\bob\actions-runner\.credentials_rsaparams
[2025-04-02 13:39:25Z INFO GitHubActionsService] AAD Correlation ID for this token request: Unknown
[2025-04-02 13:39:50Z INFO MessageListener] Message '867571845252907375' received from session '478e98f3-8e02-405d-8a4d-f45323c824aa'.
[2025-04-02 13:39:50Z INFO ConfigurationStore] HasCredentials()
[2025-04-02 13:39:50Z INFO ConfigurationStore] stored True
[2025-04-02 13:39:50Z INFO CredentialManager] GetCredentialProvider
[2025-04-02 13:39:50Z INFO CredentialManager] Creating type OAuth
[2025-04-02 13:39:50Z INFO CredentialManager] Creating credential type: OAuth
[2025-04-02 13:39:50Z INFO RSAEncryptedFileKeyManager] Loading RSA key parameters from file C:\Users\vladi\Documents\GitHub\bob\actions-runner\.credentials_rsaparams
[2025-04-02 13:39:50Z INFO RSAEncryptedFileKeyManager] Loading RSA key parameters from file C:\Users\vladi\Documents\GitHub\bob\actions-runner\.credentials_rsaparams
[2025-04-02 13:39:50Z INFO RSAEncryptedFileKeyManager] Loading RSA key parameters from file C:\Users\vladi\Documents\GitHub\bob\actions-runner\.credentials_rsaparams
[2025-04-02 13:39:51Z INFO GitHubActionsService] AAD Correlation ID for this token request: Unknown
[2025-04-02 13:39:52Z INFO JobDispatcher] Job request 0 for plan 7d1c4e62-cb2d-4c45-bbbe-8e15712d454b job 70a5e178-6a5b-5ecd-961a-d55d26390095 received.
[2025-04-02 13:39:52Z INFO MessageListener] Received job status event. JobState: Busy
[2025-04-02 13:39:52Z INFO MessageListener] _getMessagesTokenSource is already disposed.
[2025-04-02 13:39:52Z INFO Terminal] WRITE LINE: 2025-04-02 13:39:52Z: Running job: install-pip-deps
[2025-04-02 13:39:52Z INFO JobDispatcher] Start renew job request 0 for job 70a5e178-6a5b-5ecd-961a-d55d26390095.
[2025-04-02 13:39:52Z INFO JobDispatcher] Successfully renew job 70a5e178-6a5b-5ecd-961a-d55d26390095, job is valid till 02/04/2025 13:49:51
[2025-04-02 13:39:52Z INFO HostContext] Well known directory 'Bin': 'C:\Users\vladi\Documents\GitHub\bob\actions-runner\bin'
[2025-04-02 13:39:52Z INFO ProcessInvokerWrapper] Starting process:
[2025-04-02 13:39:52Z INFO ProcessInvokerWrapper]   File name: 'C:\Users\vladi\Documents\GitHub\bob\actions-runner\bin\Runner.Worker.exe'
[2025-04-02 13:39:52Z INFO ProcessInvokerWrapper]   Arguments: 'spawnclient 2176 2188'
[2025-04-02 13:39:52Z INFO ProcessInvokerWrapper]   Working directory: 'C:\Users\vladi\Documents\GitHub\bob\actions-runner\bin'
[2025-04-02 13:39:52Z INFO ProcessInvokerWrapper]   Require exit code zero: 'False'
[2025-04-02 13:39:52Z INFO ProcessInvokerWrapper]   Encoding web name:  ; code page: ''
[2025-04-02 13:39:52Z INFO ProcessInvokerWrapper]   Force kill process on cancellation: 'True'
[2025-04-02 13:39:52Z INFO ProcessInvokerWrapper]   Redirected STDIN: 'False'
[2025-04-02 13:39:52Z INFO ProcessInvokerWrapper]   Persist current code page: 'False'
[2025-04-02 13:39:52Z INFO ProcessInvokerWrapper]   Keep redirected STDIN open: 'False'
[2025-04-02 13:39:52Z INFO ProcessInvokerWrapper]   High priority process: 'True'
[2025-04-02 13:39:52Z INFO ProcessInvokerWrapper] Process started with process id 11416, waiting for process exit.
[2025-04-02 13:39:52Z INFO JobDispatcher] Send job request message to worker for job 70a5e178-6a5b-5ecd-961a-d55d26390095.
[2025-04-02 13:39:52Z INFO ProcessChannel] Sending message of length 18882, with hash '1badc55511600d4983db936e23505f0d02034baafdf85639788c188196446333'
[2025-04-02 13:39:53Z INFO JobNotification] Entering JobStarted Notification
[2025-04-02 13:39:53Z INFO JobNotification] Entering StartMonitor
[2025-04-02 13:40:37Z INFO ProcessInvokerWrapper] STDOUT/STDERR stream read finished.
[2025-04-02 13:40:37Z INFO ProcessInvokerWrapper] STDOUT/STDERR stream read finished.
[2025-04-02 13:40:37Z INFO ProcessInvokerWrapper] Finished process 11416 with exit code 100, and elapsed time 00:00:44.4604897.
[2025-04-02 13:40:37Z INFO JobDispatcher] Worker finished for job 70a5e178-6a5b-5ecd-961a-d55d26390095. Code: 100
[2025-04-02 13:40:37Z INFO JobDispatcher] finish job request for job 70a5e178-6a5b-5ecd-961a-d55d26390095 with result: Succeeded
[2025-04-02 13:40:37Z INFO Terminal] WRITE LINE: 2025-04-02 13:40:37Z: Job install-pip-deps completed with result: Succeeded
[2025-04-02 13:40:37Z INFO JobDispatcher] Stop renew job request for job 70a5e178-6a5b-5ecd-961a-d55d26390095.
[2025-04-02 13:40:37Z INFO JobDispatcher] job renew has been cancelled, stop renew job 70a5e178-6a5b-5ecd-961a-d55d26390095.
[2025-04-02 13:40:37Z INFO JobNotification] Entering JobCompleted Notification
[2025-04-02 13:40:37Z INFO JobNotification] Entering EndMonitor
[2025-04-02 13:40:37Z INFO MessageListener] Received job status event. JobState: Online
[2025-04-02 13:40:37Z INFO MessageListener] Message '4125684364552654729' received from session '478e98f3-8e02-405d-8a4d-f45323c824aa'.
[2025-04-02 13:40:37Z INFO ConfigurationStore] HasCredentials()
[2025-04-02 13:40:37Z INFO ConfigurationStore] stored True
[2025-04-02 13:40:37Z INFO CredentialManager] GetCredentialProvider
[2025-04-02 13:40:37Z INFO CredentialManager] Creating type OAuth
[2025-04-02 13:40:37Z INFO CredentialManager] Creating credential type: OAuth
[2025-04-02 13:40:37Z INFO RSAEncryptedFileKeyManager] Loading RSA key parameters from file C:\Users\vladi\Documents\GitHub\bob\actions-runner\.credentials_rsaparams
[2025-04-02 13:40:37Z INFO RSAEncryptedFileKeyManager] Loading RSA key parameters from file C:\Users\vladi\Documents\GitHub\bob\actions-runner\.credentials_rsaparams
[2025-04-02 13:40:37Z INFO RSAEncryptedFileKeyManager] Loading RSA key parameters from file C:\Users\vladi\Documents\GitHub\bob\actions-runner\.credentials_rsaparams
[2025-04-02 13:40:38Z INFO GitHubActionsService] AAD Correlation ID for this token request: Unknown
[2025-04-02 13:40:39Z INFO JobDispatcher] Job request 0 for plan 7d1c4e62-cb2d-4c45-bbbe-8e15712d454b job c7fdc630-a678-5ead-9595-0ec6dfb83b46 received.
[2025-04-02 13:40:39Z INFO MessageListener] Received job status event. JobState: Busy
[2025-04-02 13:40:39Z INFO MessageListener] _getMessagesTokenSource is already disposed.
[2025-04-02 13:40:39Z INFO JobDispatcher] Job request 70a5e178-6a5b-5ecd-961a-d55d26390095 processed succeed.
[2025-04-02 13:40:39Z INFO Terminal] WRITE LINE: 2025-04-02 13:40:39Z: Running job: deploy-to-dev
[2025-04-02 13:40:39Z INFO JobDispatcher] Start renew job request 0 for job c7fdc630-a678-5ead-9595-0ec6dfb83b46.
[2025-04-02 13:40:40Z INFO JobDispatcher] Successfully renew job c7fdc630-a678-5ead-9595-0ec6dfb83b46, job is valid till 02/04/2025 13:50:38
[2025-04-02 13:40:40Z INFO HostContext] Well known directory 'Bin': 'C:\Users\vladi\Documents\GitHub\bob\actions-runner\bin'
[2025-04-02 13:40:40Z INFO ProcessInvokerWrapper] Starting process:
[2025-04-02 13:40:40Z INFO ProcessInvokerWrapper]   File name: 'C:\Users\vladi\Documents\GitHub\bob\actions-runner\bin\Runner.Worker.exe'
[2025-04-02 13:40:40Z INFO ProcessInvokerWrapper]   Arguments: 'spawnclient 916 2020'
[2025-04-02 13:40:40Z INFO ProcessInvokerWrapper]   Working directory: 'C:\Users\vladi\Documents\GitHub\bob\actions-runner\bin'
[2025-04-02 13:40:40Z INFO ProcessInvokerWrapper]   Require exit code zero: 'False'
[2025-04-02 13:40:40Z INFO ProcessInvokerWrapper]   Encoding web name:  ; code page: ''
[2025-04-02 13:40:40Z INFO ProcessInvokerWrapper]   Force kill process on cancellation: 'True'
[2025-04-02 13:40:40Z INFO ProcessInvokerWrapper]   Redirected STDIN: 'False'
[2025-04-02 13:40:40Z INFO ProcessInvokerWrapper]   Persist current code page: 'False'
[2025-04-02 13:40:40Z INFO ProcessInvokerWrapper]   Keep redirected STDIN open: 'False'
[2025-04-02 13:40:40Z INFO ProcessInvokerWrapper]   High priority process: 'True'
[2025-04-02 13:40:40Z INFO ProcessInvokerWrapper] Process started with process id 19416, waiting for process exit.
[2025-04-02 13:40:40Z INFO JobDispatcher] Send job request message to worker for job c7fdc630-a678-5ead-9595-0ec6dfb83b46.
[2025-04-02 13:40:40Z INFO ProcessChannel] Sending message of length 19342, with hash '54ff124eb57d88d743456b96704765266cc94783ccef93b6df7b7edf91642676'
[2025-04-02 13:40:40Z INFO JobNotification] Entering JobStarted Notification
[2025-04-02 13:40:40Z INFO JobNotification] Entering StartMonitor
[2025-04-02 13:41:14Z INFO ProcessInvokerWrapper] STDOUT/STDERR stream read finished.
[2025-04-02 13:41:14Z INFO ProcessInvokerWrapper] STDOUT/STDERR stream read finished.
[2025-04-02 13:41:14Z INFO ProcessInvokerWrapper] Finished process 19416 with exit code 102, and elapsed time 00:00:34.2225613.
[2025-04-02 13:41:14Z INFO JobDispatcher] Worker finished for job c7fdc630-a678-5ead-9595-0ec6dfb83b46. Code: 102
[2025-04-02 13:41:14Z INFO JobDispatcher] finish job request for job c7fdc630-a678-5ead-9595-0ec6dfb83b46 with result: Failed
[2025-04-02 13:41:14Z INFO Terminal] WRITE LINE: 2025-04-02 13:41:14Z: Job deploy-to-dev completed with result: Failed
[2025-04-02 13:41:14Z INFO JobDispatcher] Stop renew job request for job c7fdc630-a678-5ead-9595-0ec6dfb83b46.
[2025-04-02 13:41:14Z INFO JobDispatcher] job renew has been cancelled, stop renew job c7fdc630-a678-5ead-9595-0ec6dfb83b46.
[2025-04-02 13:41:14Z INFO JobNotification] Entering JobCompleted Notification
[2025-04-02 13:41:14Z INFO JobNotification] Entering EndMonitor
[2025-04-02 13:41:14Z INFO MessageListener] Received job status event. JobState: Online
[2025-04-02 13:44:13Z INFO MessageListener] Message '8019753097381548725' received from session '478e98f3-8e02-405d-8a4d-f45323c824aa'.
[2025-04-02 13:44:13Z INFO ConfigurationStore] HasCredentials()
[2025-04-02 13:44:13Z INFO ConfigurationStore] stored True
[2025-04-02 13:44:13Z INFO CredentialManager] GetCredentialProvider
[2025-04-02 13:44:13Z INFO CredentialManager] Creating type OAuth
[2025-04-02 13:44:13Z INFO CredentialManager] Creating credential type: OAuth
[2025-04-02 13:44:13Z INFO RSAEncryptedFileKeyManager] Loading RSA key parameters from file C:\Users\vladi\Documents\GitHub\bob\actions-runner\.credentials_rsaparams
[2025-04-02 13:44:13Z INFO RSAEncryptedFileKeyManager] Loading RSA key parameters from file C:\Users\vladi\Documents\GitHub\bob\actions-runner\.credentials_rsaparams
[2025-04-02 13:44:14Z INFO RSAEncryptedFileKeyManager] Loading RSA key parameters from file C:\Users\vladi\Documents\GitHub\bob\actions-runner\.credentials_rsaparams
[2025-04-02 13:44:14Z INFO GitHubActionsService] AAD Correlation ID for this token request: Unknown
[2025-04-02 13:44:15Z INFO JobDispatcher] Job request 0 for plan 0005fa5d-bff2-4138-89ac-b5f6c0f1455b job e90804bf-ced1-50f8-b517-b4b2505db530 received.
[2025-04-02 13:44:15Z INFO MessageListener] Received job status event. JobState: Busy
[2025-04-02 13:44:15Z INFO MessageListener] _getMessagesTokenSource is already disposed.
[2025-04-02 13:44:15Z INFO JobDispatcher] Job request c7fdc630-a678-5ead-9595-0ec6dfb83b46 processed succeed.
[2025-04-02 13:44:15Z INFO Terminal] WRITE LINE: 2025-04-02 13:44:15Z: Running job: install-pip-deps
[2025-04-02 13:44:15Z INFO JobDispatcher] Start renew job request 0 for job e90804bf-ced1-50f8-b517-b4b2505db530.
[2025-04-02 13:44:15Z INFO JobDispatcher] Successfully renew job e90804bf-ced1-50f8-b517-b4b2505db530, job is valid till 02/04/2025 13:54:14
[2025-04-02 13:44:15Z INFO HostContext] Well known directory 'Bin': 'C:\Users\vladi\Documents\GitHub\bob\actions-runner\bin'
[2025-04-02 13:44:15Z INFO ProcessInvokerWrapper] Starting process:
[2025-04-02 13:44:15Z INFO ProcessInvokerWrapper]   File name: 'C:\Users\vladi\Documents\GitHub\bob\actions-runner\bin\Runner.Worker.exe'
[2025-04-02 13:44:15Z INFO ProcessInvokerWrapper]   Arguments: 'spawnclient 2124 2144'
[2025-04-02 13:44:15Z INFO ProcessInvokerWrapper]   Working directory: 'C:\Users\vladi\Documents\GitHub\bob\actions-runner\bin'
[2025-04-02 13:44:15Z INFO ProcessInvokerWrapper]   Require exit code zero: 'False'
[2025-04-02 13:44:15Z INFO ProcessInvokerWrapper]   Encoding web name:  ; code page: ''
[2025-04-02 13:44:15Z INFO ProcessInvokerWrapper]   Force kill process on cancellation: 'True'
[2025-04-02 13:44:15Z INFO ProcessInvokerWrapper]   Redirected STDIN: 'False'
[2025-04-02 13:44:15Z INFO ProcessInvokerWrapper]   Persist current code page: 'False'
[2025-04-02 13:44:15Z INFO ProcessInvokerWrapper]   Keep redirected STDIN open: 'False'
[2025-04-02 13:44:15Z INFO ProcessInvokerWrapper]   High priority process: 'True'
[2025-04-02 13:44:15Z INFO ProcessInvokerWrapper] Process started with process id 12772, waiting for process exit.
[2025-04-02 13:44:15Z INFO JobDispatcher] Send job request message to worker for job e90804bf-ced1-50f8-b517-b4b2505db530.
[2025-04-02 13:44:15Z INFO ProcessChannel] Sending message of length 18882, with hash '664cc0a55a7e92d1386b3be6eb7e9811903632a0e2a11e81aa635e24b3e05214'
[2025-04-02 13:44:16Z INFO JobNotification] Entering JobStarted Notification
[2025-04-02 13:44:16Z INFO JobNotification] Entering StartMonitor
[2025-04-02 13:44:58Z INFO ProcessInvokerWrapper] STDOUT/STDERR stream read finished.
[2025-04-02 13:44:58Z INFO ProcessInvokerWrapper] STDOUT/STDERR stream read finished.
[2025-04-02 13:44:58Z INFO ProcessInvokerWrapper] Finished process 12772 with exit code 100, and elapsed time 00:00:42.5695629.
[2025-04-02 13:44:58Z INFO JobDispatcher] Worker finished for job e90804bf-ced1-50f8-b517-b4b2505db530. Code: 100
[2025-04-02 13:44:58Z INFO JobDispatcher] finish job request for job e90804bf-ced1-50f8-b517-b4b2505db530 with result: Succeeded
[2025-04-02 13:44:58Z INFO Terminal] WRITE LINE: 2025-04-02 13:44:58Z: Job install-pip-deps completed with result: Succeeded
[2025-04-02 13:44:58Z INFO JobDispatcher] Stop renew job request for job e90804bf-ced1-50f8-b517-b4b2505db530.
[2025-04-02 13:44:58Z INFO JobDispatcher] job renew has been cancelled, stop renew job e90804bf-ced1-50f8-b517-b4b2505db530.
[2025-04-02 13:44:58Z INFO JobNotification] Entering JobCompleted Notification
[2025-04-02 13:44:58Z INFO JobNotification] Entering EndMonitor
[2025-04-02 13:44:58Z INFO MessageListener] Received job status event. JobState: Online
[2025-04-02 13:44:59Z INFO MessageListener] Message '957887987902363108' received from session '478e98f3-8e02-405d-8a4d-f45323c824aa'.
[2025-04-02 13:44:59Z INFO ConfigurationStore] HasCredentials()
[2025-04-02 13:44:59Z INFO ConfigurationStore] stored True
[2025-04-02 13:44:59Z INFO CredentialManager] GetCredentialProvider
[2025-04-02 13:44:59Z INFO CredentialManager] Creating type OAuth
[2025-04-02 13:44:59Z INFO CredentialManager] Creating credential type: OAuth
[2025-04-02 13:44:59Z INFO RSAEncryptedFileKeyManager] Loading RSA key parameters from file C:\Users\vladi\Documents\GitHub\bob\actions-runner\.credentials_rsaparams
[2025-04-02 13:44:59Z INFO RSAEncryptedFileKeyManager] Loading RSA key parameters from file C:\Users\vladi\Documents\GitHub\bob\actions-runner\.credentials_rsaparams
[2025-04-02 13:44:59Z INFO RSAEncryptedFileKeyManager] Loading RSA key parameters from file C:\Users\vladi\Documents\GitHub\bob\actions-runner\.credentials_rsaparams
[2025-04-02 13:44:59Z INFO GitHubActionsService] AAD Correlation ID for this token request: Unknown
[2025-04-02 13:45:00Z INFO JobDispatcher] Job request 0 for plan 0005fa5d-bff2-4138-89ac-b5f6c0f1455b job 28d6ea0e-2e22-5f44-a4bb-7941ed8d03d1 received.
[2025-04-02 13:45:00Z INFO MessageListener] Received job status event. JobState: Busy
[2025-04-02 13:45:00Z INFO MessageListener] _getMessagesTokenSource is already disposed.
[2025-04-02 13:45:00Z INFO JobDispatcher] Job request e90804bf-ced1-50f8-b517-b4b2505db530 processed succeed.
[2025-04-02 13:45:00Z INFO Terminal] WRITE LINE: 2025-04-02 13:45:00Z: Running job: deploy-to-dev
[2025-04-02 13:45:00Z INFO JobDispatcher] Start renew job request 0 for job 28d6ea0e-2e22-5f44-a4bb-7941ed8d03d1.
[2025-04-02 13:45:01Z INFO JobDispatcher] Successfully renew job 28d6ea0e-2e22-5f44-a4bb-7941ed8d03d1, job is valid till 02/04/2025 13:55:00
[2025-04-02 13:45:01Z INFO HostContext] Well known directory 'Bin': 'C:\Users\vladi\Documents\GitHub\bob\actions-runner\bin'
[2025-04-02 13:45:01Z INFO ProcessInvokerWrapper] Starting process:
[2025-04-02 13:45:01Z INFO ProcessInvokerWrapper]   File name: 'C:\Users\vladi\Documents\GitHub\bob\actions-runner\bin\Runner.Worker.exe'
[2025-04-02 13:45:01Z INFO ProcessInvokerWrapper]   Arguments: 'spawnclient 2292 1376'
[2025-04-02 13:45:01Z INFO ProcessInvokerWrapper]   Working directory: 'C:\Users\vladi\Documents\GitHub\bob\actions-runner\bin'
[2025-04-02 13:45:01Z INFO ProcessInvokerWrapper]   Require exit code zero: 'False'
[2025-04-02 13:45:01Z INFO ProcessInvokerWrapper]   Encoding web name:  ; code page: ''
[2025-04-02 13:45:01Z INFO ProcessInvokerWrapper]   Force kill process on cancellation: 'True'
[2025-04-02 13:45:01Z INFO ProcessInvokerWrapper]   Redirected STDIN: 'False'
[2025-04-02 13:45:01Z INFO ProcessInvokerWrapper]   Persist current code page: 'False'
[2025-04-02 13:45:01Z INFO ProcessInvokerWrapper]   Keep redirected STDIN open: 'False'
[2025-04-02 13:45:01Z INFO ProcessInvokerWrapper]   High priority process: 'True'
[2025-04-02 13:45:01Z INFO ProcessInvokerWrapper] Process started with process id 9712, waiting for process exit.
[2025-04-02 13:45:01Z INFO JobDispatcher] Send job request message to worker for job 28d6ea0e-2e22-5f44-a4bb-7941ed8d03d1.
[2025-04-02 13:45:01Z INFO ProcessChannel] Sending message of length 19344, with hash '69bd1b92e235544b2c19867b5e3aa86d109a151b3d69a68c274b6e19a0dade9c'
[2025-04-02 13:45:01Z INFO JobNotification] Entering JobStarted Notification
[2025-04-02 13:45:01Z INFO JobNotification] Entering StartMonitor
[2025-04-02 13:45:40Z INFO ProcessInvokerWrapper] STDOUT/STDERR stream read finished.
[2025-04-02 13:45:40Z INFO ProcessInvokerWrapper] STDOUT/STDERR stream read finished.
[2025-04-02 13:45:40Z INFO ProcessInvokerWrapper] Finished process 9712 with exit code 102, and elapsed time 00:00:39.4929443.
[2025-04-02 13:45:40Z INFO JobDispatcher] Worker finished for job 28d6ea0e-2e22-5f44-a4bb-7941ed8d03d1. Code: 102
[2025-04-02 13:45:40Z INFO JobDispatcher] finish job request for job 28d6ea0e-2e22-5f44-a4bb-7941ed8d03d1 with result: Failed
[2025-04-02 13:45:40Z INFO Terminal] WRITE LINE: 2025-04-02 13:45:40Z: Job deploy-to-dev completed with result: Failed
[2025-04-02 13:45:40Z INFO JobDispatcher] Stop renew job request for job 28d6ea0e-2e22-5f44-a4bb-7941ed8d03d1.
[2025-04-02 13:45:40Z INFO JobDispatcher] job renew has been cancelled, stop renew job 28d6ea0e-2e22-5f44-a4bb-7941ed8d03d1.
[2025-04-02 13:45:40Z INFO JobNotification] Entering JobCompleted Notification
[2025-04-02 13:45:40Z INFO JobNotification] Entering EndMonitor
[2025-04-02 13:45:40Z INFO MessageListener] Received job status event. JobState: Online
[2025-04-02 13:47:28Z INFO MessageListener] Message '7220522611626050291' received from session '478e98f3-8e02-405d-8a4d-f45323c824aa'.
[2025-04-02 13:47:28Z INFO ConfigurationStore] HasCredentials()
[2025-04-02 13:47:28Z INFO ConfigurationStore] stored True
[2025-04-02 13:47:28Z INFO CredentialManager] GetCredentialProvider
[2025-04-02 13:47:28Z INFO CredentialManager] Creating type OAuth
[2025-04-02 13:47:28Z INFO CredentialManager] Creating credential type: OAuth
[2025-04-02 13:47:28Z INFO RSAEncryptedFileKeyManager] Loading RSA key parameters from file C:\Users\vladi\Documents\GitHub\bob\actions-runner\.credentials_rsaparams
[2025-04-02 13:47:28Z INFO RSAEncryptedFileKeyManager] Loading RSA key parameters from file C:\Users\vladi\Documents\GitHub\bob\actions-runner\.credentials_rsaparams
[2025-04-02 13:47:28Z INFO RSAEncryptedFileKeyManager] Loading RSA key parameters from file C:\Users\vladi\Documents\GitHub\bob\actions-runner\.credentials_rsaparams
[2025-04-02 13:47:28Z INFO GitHubActionsService] AAD Correlation ID for this token request: Unknown
[2025-04-02 13:47:30Z INFO JobDispatcher] Job request 0 for plan a2c0ea92-4e62-47a6-85b8-14e1b8e50891 job 94f0d79d-8059-5781-b15a-324206b37f30 received.
[2025-04-02 13:47:30Z INFO MessageListener] Received job status event. JobState: Busy
[2025-04-02 13:47:30Z INFO MessageListener] _getMessagesTokenSource is already disposed.
[2025-04-02 13:47:30Z INFO JobDispatcher] Job request 28d6ea0e-2e22-5f44-a4bb-7941ed8d03d1 processed succeed.
[2025-04-02 13:47:30Z INFO Terminal] WRITE LINE: 2025-04-02 13:47:30Z: Running job: install-pip-deps
[2025-04-02 13:47:30Z INFO JobDispatcher] Start renew job request 0 for job 94f0d79d-8059-5781-b15a-324206b37f30.
[2025-04-02 13:47:30Z INFO JobDispatcher] Successfully renew job 94f0d79d-8059-5781-b15a-324206b37f30, job is valid till 02/04/2025 13:57:29
[2025-04-02 13:47:30Z INFO HostContext] Well known directory 'Bin': 'C:\Users\vladi\Documents\GitHub\bob\actions-runner\bin'
[2025-04-02 13:47:30Z INFO ProcessInvokerWrapper] Starting process:
[2025-04-02 13:47:30Z INFO ProcessInvokerWrapper]   File name: 'C:\Users\vladi\Documents\GitHub\bob\actions-runner\bin\Runner.Worker.exe'
[2025-04-02 13:47:30Z INFO ProcessInvokerWrapper]   Arguments: 'spawnclient 2496 2140'
[2025-04-02 13:47:30Z INFO ProcessInvokerWrapper]   Working directory: 'C:\Users\vladi\Documents\GitHub\bob\actions-runner\bin'
[2025-04-02 13:47:30Z INFO ProcessInvokerWrapper]   Require exit code zero: 'False'
[2025-04-02 13:47:30Z INFO ProcessInvokerWrapper]   Encoding web name:  ; code page: ''
[2025-04-02 13:47:30Z INFO ProcessInvokerWrapper]   Force kill process on cancellation: 'True'
[2025-04-02 13:47:30Z INFO ProcessInvokerWrapper]   Redirected STDIN: 'False'
[2025-04-02 13:47:30Z INFO ProcessInvokerWrapper]   Persist current code page: 'False'
[2025-04-02 13:47:30Z INFO ProcessInvokerWrapper]   Keep redirected STDIN open: 'False'
[2025-04-02 13:47:30Z INFO ProcessInvokerWrapper]   High priority process: 'True'
[2025-04-02 13:47:30Z INFO ProcessInvokerWrapper] Process started with process id 4788, waiting for process exit.
[2025-04-02 13:47:30Z INFO JobDispatcher] Send job request message to worker for job 94f0d79d-8059-5781-b15a-324206b37f30.
[2025-04-02 13:47:30Z INFO ProcessChannel] Sending message of length 18882, with hash '0085ae660358e2d4912869e091f9eb1fa5ab0fba507ec5de0adfc600d3b7d0ac'
[2025-04-02 13:47:30Z INFO JobNotification] Entering JobStarted Notification
[2025-04-02 13:47:30Z INFO JobNotification] Entering StartMonitor
[2025-04-02 13:48:10Z INFO ProcessInvokerWrapper] STDOUT/STDERR stream read finished.
[2025-04-02 13:48:10Z INFO ProcessInvokerWrapper] STDOUT/STDERR stream read finished.
[2025-04-02 13:48:10Z INFO ProcessInvokerWrapper] Finished process 4788 with exit code 100, and elapsed time 00:00:40.4340209.
[2025-04-02 13:48:10Z INFO JobDispatcher] Worker finished for job 94f0d79d-8059-5781-b15a-324206b37f30. Code: 100
[2025-04-02 13:48:10Z INFO JobDispatcher] finish job request for job 94f0d79d-8059-5781-b15a-324206b37f30 with result: Succeeded
[2025-04-02 13:48:10Z INFO Terminal] WRITE LINE: 2025-04-02 13:48:10Z: Job install-pip-deps completed with result: Succeeded
[2025-04-02 13:48:10Z INFO JobDispatcher] Stop renew job request for job 94f0d79d-8059-5781-b15a-324206b37f30.
[2025-04-02 13:48:10Z INFO JobDispatcher] job renew has been cancelled, stop renew job 94f0d79d-8059-5781-b15a-324206b37f30.
[2025-04-02 13:48:10Z INFO JobNotification] Entering JobCompleted Notification
[2025-04-02 13:48:10Z INFO JobNotification] Entering EndMonitor
[2025-04-02 13:48:10Z INFO MessageListener] Received job status event. JobState: Online
[2025-04-02 13:48:11Z INFO MessageListener] Message '8270493245356706146' received from session '478e98f3-8e02-405d-8a4d-f45323c824aa'.
[2025-04-02 13:48:11Z INFO ConfigurationStore] HasCredentials()
[2025-04-02 13:48:11Z INFO ConfigurationStore] stored True
[2025-04-02 13:48:11Z INFO CredentialManager] GetCredentialProvider
[2025-04-02 13:48:11Z INFO CredentialManager] Creating type OAuth
[2025-04-02 13:48:11Z INFO CredentialManager] Creating credential type: OAuth
[2025-04-02 13:48:11Z INFO RSAEncryptedFileKeyManager] Loading RSA key parameters from file C:\Users\vladi\Documents\GitHub\bob\actions-runner\.credentials_rsaparams
[2025-04-02 13:48:11Z INFO RSAEncryptedFileKeyManager] Loading RSA key parameters from file C:\Users\vladi\Documents\GitHub\bob\actions-runner\.credentials_rsaparams
[2025-04-02 13:48:11Z INFO RSAEncryptedFileKeyManager] Loading RSA key parameters from file C:\Users\vladi\Documents\GitHub\bob\actions-runner\.credentials_rsaparams
[2025-04-02 13:48:11Z INFO GitHubActionsService] AAD Correlation ID for this token request: Unknown
[2025-04-02 13:48:13Z INFO JobDispatcher] Job request 0 for plan a2c0ea92-4e62-47a6-85b8-14e1b8e50891 job e4545270-2393-5f92-b082-358a89b9b28a received.
[2025-04-02 13:48:13Z INFO MessageListener] Received job status event. JobState: Busy
[2025-04-02 13:48:13Z INFO MessageListener] _getMessagesTokenSource is already disposed.
[2025-04-02 13:48:13Z INFO JobDispatcher] Job request 94f0d79d-8059-5781-b15a-324206b37f30 processed succeed.
[2025-04-02 13:48:13Z INFO Terminal] WRITE LINE: 2025-04-02 13:48:13Z: Running job: deploy-to-dev
[2025-04-02 13:48:13Z INFO JobDispatcher] Start renew job request 0 for job e4545270-2393-5f92-b082-358a89b9b28a.
[2025-04-02 13:48:13Z INFO JobDispatcher] Successfully renew job e4545270-2393-5f92-b082-358a89b9b28a, job is valid till 02/04/2025 13:58:12
[2025-04-02 13:48:13Z INFO HostContext] Well known directory 'Bin': 'C:\Users\vladi\Documents\GitHub\bob\actions-runner\bin'
[2025-04-02 13:48:13Z INFO ProcessInvokerWrapper] Starting process:
[2025-04-02 13:48:13Z INFO ProcessInvokerWrapper]   File name: 'C:\Users\vladi\Documents\GitHub\bob\actions-runner\bin\Runner.Worker.exe'
[2025-04-02 13:48:13Z INFO ProcessInvokerWrapper]   Arguments: 'spawnclient 1408 2424'
[2025-04-02 13:48:13Z INFO ProcessInvokerWrapper]   Working directory: 'C:\Users\vladi\Documents\GitHub\bob\actions-runner\bin'
[2025-04-02 13:48:13Z INFO ProcessInvokerWrapper]   Require exit code zero: 'False'
[2025-04-02 13:48:13Z INFO ProcessInvokerWrapper]   Encoding web name:  ; code page: ''
[2025-04-02 13:48:13Z INFO ProcessInvokerWrapper]   Force kill process on cancellation: 'True'
[2025-04-02 13:48:13Z INFO ProcessInvokerWrapper]   Redirected STDIN: 'False'
[2025-04-02 13:48:13Z INFO ProcessInvokerWrapper]   Persist current code page: 'False'
[2025-04-02 13:48:13Z INFO ProcessInvokerWrapper]   Keep redirected STDIN open: 'False'
[2025-04-02 13:48:13Z INFO ProcessInvokerWrapper]   High priority process: 'True'
[2025-04-02 13:48:13Z INFO ProcessInvokerWrapper] Process started with process id 18604, waiting for process exit.
[2025-04-02 13:48:13Z INFO JobDispatcher] Send job request message to worker for job e4545270-2393-5f92-b082-358a89b9b28a.
[2025-04-02 13:48:13Z INFO ProcessChannel] Sending message of length 19329, with hash '8d6a72e6117b9442e8c2c8d9ddacd7b2afaca6390de431b59708aba1a6545b53'
[2025-04-02 13:48:13Z INFO JobNotification] Entering JobStarted Notification
[2025-04-02 13:48:13Z INFO JobNotification] Entering StartMonitor
[2025-04-02 13:48:47Z INFO ProcessInvokerWrapper] STDOUT/STDERR stream read finished.
[2025-04-02 13:48:47Z INFO ProcessInvokerWrapper] STDOUT/STDERR stream read finished.
[2025-04-02 13:48:47Z INFO ProcessInvokerWrapper] Finished process 18604 with exit code 102, and elapsed time 00:00:34.0730595.
[2025-04-02 13:48:47Z INFO JobDispatcher] Worker finished for job e4545270-2393-5f92-b082-358a89b9b28a. Code: 102
[2025-04-02 13:48:47Z INFO JobDispatcher] finish job request for job e4545270-2393-5f92-b082-358a89b9b28a with result: Failed
[2025-04-02 13:48:47Z INFO Terminal] WRITE LINE: 2025-04-02 13:48:47Z: Job deploy-to-dev completed with result: Failed
[2025-04-02 13:48:47Z INFO JobDispatcher] Stop renew job request for job e4545270-2393-5f92-b082-358a89b9b28a.
[2025-04-02 13:48:47Z INFO JobDispatcher] job renew has been cancelled, stop renew job e4545270-2393-5f92-b082-358a89b9b28a.
[2025-04-02 13:48:47Z INFO JobNotification] Entering JobCompleted Notification
[2025-04-02 13:48:47Z INFO JobNotification] Entering EndMonitor
[2025-04-02 13:48:47Z INFO MessageListener] Received job status event. JobState: Online
[2025-04-02 13:50:04Z INFO MessageListener] Message '8916929818251049675' received from session '478e98f3-8e02-405d-8a4d-f45323c824aa'.
[2025-04-02 13:50:04Z INFO ConfigurationStore] HasCredentials()
[2025-04-02 13:50:04Z INFO ConfigurationStore] stored True
[2025-04-02 13:50:04Z INFO CredentialManager] GetCredentialProvider
[2025-04-02 13:50:04Z INFO CredentialManager] Creating type OAuth
[2025-04-02 13:50:04Z INFO CredentialManager] Creating credential type: OAuth
[2025-04-02 13:50:04Z INFO RSAEncryptedFileKeyManager] Loading RSA key parameters from file C:\Users\vladi\Documents\GitHub\bob\actions-runner\.credentials_rsaparams
[2025-04-02 13:50:04Z INFO RSAEncryptedFileKeyManager] Loading RSA key parameters from file C:\Users\vladi\Documents\GitHub\bob\actions-runner\.credentials_rsaparams
[2025-04-02 13:50:04Z INFO RSAEncryptedFileKeyManager] Loading RSA key parameters from file C:\Users\vladi\Documents\GitHub\bob\actions-runner\.credentials_rsaparams
[2025-04-02 13:50:04Z INFO GitHubActionsService] AAD Correlation ID for this token request: Unknown
[2025-04-02 13:50:06Z INFO JobDispatcher] Job request 0 for plan 1a691d41-3565-4ff2-bf74-c69263341caf job b02c0988-4e33-568c-8509-489d828f519f received.
[2025-04-02 13:50:06Z INFO MessageListener] Received job status event. JobState: Busy
[2025-04-02 13:50:06Z INFO MessageListener] _getMessagesTokenSource is already disposed.
[2025-04-02 13:50:06Z INFO JobDispatcher] Job request e4545270-2393-5f92-b082-358a89b9b28a processed succeed.
[2025-04-02 13:50:06Z INFO Terminal] WRITE LINE: 2025-04-02 13:50:06Z: Running job: install-pip-deps
[2025-04-02 13:50:06Z INFO JobDispatcher] Start renew job request 0 for job b02c0988-4e33-568c-8509-489d828f519f.
[2025-04-02 13:50:06Z INFO JobDispatcher] Successfully renew job b02c0988-4e33-568c-8509-489d828f519f, job is valid till 02/04/2025 14:00:05
[2025-04-02 13:50:06Z INFO HostContext] Well known directory 'Bin': 'C:\Users\vladi\Documents\GitHub\bob\actions-runner\bin'
[2025-04-02 13:50:06Z INFO ProcessInvokerWrapper] Starting process:
[2025-04-02 13:50:06Z INFO ProcessInvokerWrapper]   File name: 'C:\Users\vladi\Documents\GitHub\bob\actions-runner\bin\Runner.Worker.exe'
[2025-04-02 13:50:06Z INFO ProcessInvokerWrapper]   Arguments: 'spawnclient 2352 2268'
[2025-04-02 13:50:06Z INFO ProcessInvokerWrapper]   Working directory: 'C:\Users\vladi\Documents\GitHub\bob\actions-runner\bin'
[2025-04-02 13:50:06Z INFO ProcessInvokerWrapper]   Require exit code zero: 'False'
[2025-04-02 13:50:06Z INFO ProcessInvokerWrapper]   Encoding web name:  ; code page: ''
[2025-04-02 13:50:06Z INFO ProcessInvokerWrapper]   Force kill process on cancellation: 'True'
[2025-04-02 13:50:06Z INFO ProcessInvokerWrapper]   Redirected STDIN: 'False'
[2025-04-02 13:50:06Z INFO ProcessInvokerWrapper]   Persist current code page: 'False'
[2025-04-02 13:50:06Z INFO ProcessInvokerWrapper]   Keep redirected STDIN open: 'False'
[2025-04-02 13:50:06Z INFO ProcessInvokerWrapper]   High priority process: 'True'
[2025-04-02 13:50:06Z INFO ProcessInvokerWrapper] Process started with process id 16592, waiting for process exit.
[2025-04-02 13:50:06Z INFO JobDispatcher] Send job request message to worker for job b02c0988-4e33-568c-8509-489d828f519f.
[2025-04-02 13:50:06Z INFO ProcessChannel] Sending message of length 18882, with hash '2639fe1afb994d04f29d0484acff875146e8370cdb9140f1d5a73634623d2d1d'
[2025-04-02 13:50:06Z INFO JobNotification] Entering JobStarted Notification
[2025-04-02 13:50:06Z INFO JobNotification] Entering StartMonitor
[2025-04-02 13:50:51Z INFO ProcessInvokerWrapper] STDOUT/STDERR stream read finished.
[2025-04-02 13:50:51Z INFO ProcessInvokerWrapper] STDOUT/STDERR stream read finished.
[2025-04-02 13:50:51Z INFO ProcessInvokerWrapper] Finished process 16592 with exit code 100, and elapsed time 00:00:45.0868280.
[2025-04-02 13:50:51Z INFO JobDispatcher] Worker finished for job b02c0988-4e33-568c-8509-489d828f519f. Code: 100
[2025-04-02 13:50:51Z INFO JobDispatcher] finish job request for job b02c0988-4e33-568c-8509-489d828f519f with result: Succeeded
[2025-04-02 13:50:51Z INFO Terminal] WRITE LINE: 2025-04-02 13:50:51Z: Job install-pip-deps completed with result: Succeeded
[2025-04-02 13:50:51Z INFO JobDispatcher] Stop renew job request for job b02c0988-4e33-568c-8509-489d828f519f.
[2025-04-02 13:50:51Z INFO JobDispatcher] job renew has been cancelled, stop renew job b02c0988-4e33-568c-8509-489d828f519f.
[2025-04-02 13:50:51Z INFO JobNotification] Entering JobCompleted Notification
[2025-04-02 13:50:51Z INFO JobNotification] Entering EndMonitor
[2025-04-02 13:50:51Z INFO MessageListener] Received job status event. JobState: Online
[2025-04-02 13:50:52Z INFO MessageListener] Message '2614467210064324547' received from session '478e98f3-8e02-405d-8a4d-f45323c824aa'.
[2025-04-02 13:50:52Z INFO ConfigurationStore] HasCredentials()
[2025-04-02 13:50:52Z INFO ConfigurationStore] stored True
[2025-04-02 13:50:52Z INFO CredentialManager] GetCredentialProvider
[2025-04-02 13:50:52Z INFO CredentialManager] Creating type OAuth
[2025-04-02 13:50:52Z INFO CredentialManager] Creating credential type: OAuth
[2025-04-02 13:50:52Z INFO RSAEncryptedFileKeyManager] Loading RSA key parameters from file C:\Users\vladi\Documents\GitHub\bob\actions-runner\.credentials_rsaparams
[2025-04-02 13:50:52Z INFO RSAEncryptedFileKeyManager] Loading RSA key parameters from file C:\Users\vladi\Documents\GitHub\bob\actions-runner\.credentials_rsaparams
[2025-04-02 13:50:52Z INFO RSAEncryptedFileKeyManager] Loading RSA key parameters from file C:\Users\vladi\Documents\GitHub\bob\actions-runner\.credentials_rsaparams
[2025-04-02 13:50:52Z INFO GitHubActionsService] AAD Correlation ID for this token request: Unknown
[2025-04-02 13:50:53Z INFO JobDispatcher] Job request 0 for plan 1a691d41-3565-4ff2-bf74-c69263341caf job c5f3d0e8-b2a4-51a4-ba19-cdfcd2de71e0 received.
[2025-04-02 13:50:53Z INFO MessageListener] Received job status event. JobState: Busy
[2025-04-02 13:50:53Z INFO MessageListener] _getMessagesTokenSource is already disposed.
[2025-04-02 13:50:53Z INFO JobDispatcher] Job request b02c0988-4e33-568c-8509-489d828f519f processed succeed.
[2025-04-02 13:50:53Z INFO Terminal] WRITE LINE: 2025-04-02 13:50:53Z: Running job: deploy-to-dev
[2025-04-02 13:50:53Z INFO JobDispatcher] Start renew job request 0 for job c5f3d0e8-b2a4-51a4-ba19-cdfcd2de71e0.
[2025-04-02 13:50:54Z INFO JobDispatcher] Successfully renew job c5f3d0e8-b2a4-51a4-ba19-cdfcd2de71e0, job is valid till 02/04/2025 14:00:53
[2025-04-02 13:50:54Z INFO HostContext] Well known directory 'Bin': 'C:\Users\vladi\Documents\GitHub\bob\actions-runner\bin'
[2025-04-02 13:50:54Z INFO ProcessInvokerWrapper] Starting process:
[2025-04-02 13:50:54Z INFO ProcessInvokerWrapper]   File name: 'C:\Users\vladi\Documents\GitHub\bob\actions-runner\bin\Runner.Worker.exe'
[2025-04-02 13:50:54Z INFO ProcessInvokerWrapper]   Arguments: 'spawnclient 2264 2144'
[2025-04-02 13:50:54Z INFO ProcessInvokerWrapper]   Working directory: 'C:\Users\vladi\Documents\GitHub\bob\actions-runner\bin'
[2025-04-02 13:50:54Z INFO ProcessInvokerWrapper]   Require exit code zero: 'False'
[2025-04-02 13:50:54Z INFO ProcessInvokerWrapper]   Encoding web name:  ; code page: ''
[2025-04-02 13:50:54Z INFO ProcessInvokerWrapper]   Force kill process on cancellation: 'True'
[2025-04-02 13:50:54Z INFO ProcessInvokerWrapper]   Redirected STDIN: 'False'
[2025-04-02 13:50:54Z INFO ProcessInvokerWrapper]   Persist current code page: 'False'
[2025-04-02 13:50:54Z INFO ProcessInvokerWrapper]   Keep redirected STDIN open: 'False'
[2025-04-02 13:50:54Z INFO ProcessInvokerWrapper]   High priority process: 'True'
[2025-04-02 13:50:54Z INFO ProcessInvokerWrapper] Process started with process id 15756, waiting for process exit.
[2025-04-02 13:50:54Z INFO JobDispatcher] Send job request message to worker for job c5f3d0e8-b2a4-51a4-ba19-cdfcd2de71e0.
[2025-04-02 13:50:54Z INFO ProcessChannel] Sending message of length 19337, with hash '5641e54d82d02b62e3528b6018ffe624883cf54b10025b356860ea819cbb6634'
[2025-04-02 13:50:54Z INFO JobNotification] Entering JobStarted Notification
[2025-04-02 13:50:54Z INFO JobNotification] Entering StartMonitor
[2025-04-02 13:51:27Z INFO ProcessInvokerWrapper] STDOUT/STDERR stream read finished.
[2025-04-02 13:51:27Z INFO ProcessInvokerWrapper] STDOUT/STDERR stream read finished.
[2025-04-02 13:51:27Z INFO ProcessInvokerWrapper] Finished process 15756 with exit code 102, and elapsed time 00:00:32.9407961.
[2025-04-02 13:51:27Z INFO JobDispatcher] Worker finished for job c5f3d0e8-b2a4-51a4-ba19-cdfcd2de71e0. Code: 102
[2025-04-02 13:51:27Z INFO JobDispatcher] finish job request for job c5f3d0e8-b2a4-51a4-ba19-cdfcd2de71e0 with result: Failed
[2025-04-02 13:51:27Z INFO Terminal] WRITE LINE: 2025-04-02 13:51:27Z: Job deploy-to-dev completed with result: Failed
[2025-04-02 13:51:27Z INFO JobDispatcher] Stop renew job request for job c5f3d0e8-b2a4-51a4-ba19-cdfcd2de71e0.
[2025-04-02 13:51:27Z INFO JobDispatcher] job renew has been cancelled, stop renew job c5f3d0e8-b2a4-51a4-ba19-cdfcd2de71e0.
[2025-04-02 13:51:27Z INFO JobNotification] Entering JobCompleted Notification
[2025-04-02 13:51:27Z INFO JobNotification] Entering EndMonitor
[2025-04-02 13:51:27Z INFO MessageListener] Received job status event. JobState: Online
[2025-04-02 13:52:57Z INFO MessageListener] Message '8797504724187461329' received from session '478e98f3-8e02-405d-8a4d-f45323c824aa'.
[2025-04-02 13:52:57Z INFO ConfigurationStore] HasCredentials()
[2025-04-02 13:52:57Z INFO ConfigurationStore] stored True
[2025-04-02 13:52:57Z INFO CredentialManager] GetCredentialProvider
[2025-04-02 13:52:57Z INFO CredentialManager] Creating type OAuth
[2025-04-02 13:52:57Z INFO CredentialManager] Creating credential type: OAuth
[2025-04-02 13:52:57Z INFO RSAEncryptedFileKeyManager] Loading RSA key parameters from file C:\Users\vladi\Documents\GitHub\bob\actions-runner\.credentials_rsaparams
[2025-04-02 13:52:57Z INFO RSAEncryptedFileKeyManager] Loading RSA key parameters from file C:\Users\vladi\Documents\GitHub\bob\actions-runner\.credentials_rsaparams
[2025-04-02 13:52:57Z INFO RSAEncryptedFileKeyManager] Loading RSA key parameters from file C:\Users\vladi\Documents\GitHub\bob\actions-runner\.credentials_rsaparams
[2025-04-02 13:52:57Z INFO GitHubActionsService] AAD Correlation ID for this token request: Unknown
[2025-04-02 13:52:59Z INFO JobDispatcher] Job request 0 for plan 3cf20acb-f750-4c8c-8c7d-c2178f8ebad5 job 3201f0c7-ae98-533f-85cc-3f3679a8c086 received.
[2025-04-02 13:52:59Z INFO MessageListener] Received job status event. JobState: Busy
[2025-04-02 13:52:59Z INFO MessageListener] _getMessagesTokenSource is already disposed.
[2025-04-02 13:52:59Z INFO JobDispatcher] Job request c5f3d0e8-b2a4-51a4-ba19-cdfcd2de71e0 processed succeed.
[2025-04-02 13:52:59Z INFO Terminal] WRITE LINE: 2025-04-02 13:52:59Z: Running job: install-pip-deps
[2025-04-02 13:52:59Z INFO JobDispatcher] Start renew job request 0 for job 3201f0c7-ae98-533f-85cc-3f3679a8c086.
[2025-04-02 13:52:59Z INFO JobDispatcher] Successfully renew job 3201f0c7-ae98-533f-85cc-3f3679a8c086, job is valid till 02/04/2025 14:02:58
[2025-04-02 13:52:59Z INFO HostContext] Well known directory 'Bin': 'C:\Users\vladi\Documents\GitHub\bob\actions-runner\bin'
[2025-04-02 13:52:59Z INFO ProcessInvokerWrapper] Starting process:
[2025-04-02 13:52:59Z INFO ProcessInvokerWrapper]   File name: 'C:\Users\vladi\Documents\GitHub\bob\actions-runner\bin\Runner.Worker.exe'
[2025-04-02 13:52:59Z INFO ProcessInvokerWrapper]   Arguments: 'spawnclient 1588 2412'
[2025-04-02 13:52:59Z INFO ProcessInvokerWrapper]   Working directory: 'C:\Users\vladi\Documents\GitHub\bob\actions-runner\bin'
[2025-04-02 13:52:59Z INFO ProcessInvokerWrapper]   Require exit code zero: 'False'
[2025-04-02 13:52:59Z INFO ProcessInvokerWrapper]   Encoding web name:  ; code page: ''
[2025-04-02 13:52:59Z INFO ProcessInvokerWrapper]   Force kill process on cancellation: 'True'
[2025-04-02 13:52:59Z INFO ProcessInvokerWrapper]   Redirected STDIN: 'False'
[2025-04-02 13:52:59Z INFO ProcessInvokerWrapper]   Persist current code page: 'False'
[2025-04-02 13:52:59Z INFO ProcessInvokerWrapper]   Keep redirected STDIN open: 'False'
[2025-04-02 13:52:59Z INFO ProcessInvokerWrapper]   High priority process: 'True'
[2025-04-02 13:52:59Z INFO ProcessInvokerWrapper] Process started with process id 8292, waiting for process exit.
[2025-04-02 13:52:59Z INFO JobDispatcher] Send job request message to worker for job 3201f0c7-ae98-533f-85cc-3f3679a8c086.
[2025-04-02 13:52:59Z INFO ProcessChannel] Sending message of length 18882, with hash 'cf92d985998899981c504d94ac0b1317b794a903407e03e79868ebc882d1a8ef'
[2025-04-02 13:52:59Z INFO JobNotification] Entering JobStarted Notification
[2025-04-02 13:52:59Z INFO JobNotification] Entering StartMonitor
[2025-04-02 13:53:42Z INFO ProcessInvokerWrapper] STDOUT/STDERR stream read finished.
[2025-04-02 13:53:42Z INFO ProcessInvokerWrapper] STDOUT/STDERR stream read finished.
[2025-04-02 13:53:42Z INFO ProcessInvokerWrapper] Finished process 8292 with exit code 100, and elapsed time 00:00:43.4002273.
[2025-04-02 13:53:42Z INFO JobDispatcher] Worker finished for job 3201f0c7-ae98-533f-85cc-3f3679a8c086. Code: 100
[2025-04-02 13:53:42Z INFO JobDispatcher] finish job request for job 3201f0c7-ae98-533f-85cc-3f3679a8c086 with result: Succeeded
[2025-04-02 13:53:42Z INFO Terminal] WRITE LINE: 2025-04-02 13:53:42Z: Job install-pip-deps completed with result: Succeeded
[2025-04-02 13:53:42Z INFO JobDispatcher] Stop renew job request for job 3201f0c7-ae98-533f-85cc-3f3679a8c086.
[2025-04-02 13:53:42Z INFO JobDispatcher] job renew has been cancelled, stop renew job 3201f0c7-ae98-533f-85cc-3f3679a8c086.
[2025-04-02 13:53:42Z INFO JobNotification] Entering JobCompleted Notification
[2025-04-02 13:53:42Z INFO JobNotification] Entering EndMonitor
[2025-04-02 13:53:42Z INFO MessageListener] Received job status event. JobState: Online
[2025-04-02 13:53:43Z INFO MessageListener] Message '8433223911730690934' received from session '478e98f3-8e02-405d-8a4d-f45323c824aa'.
[2025-04-02 13:53:43Z INFO ConfigurationStore] HasCredentials()
[2025-04-02 13:53:43Z INFO ConfigurationStore] stored True
[2025-04-02 13:53:43Z INFO CredentialManager] GetCredentialProvider
[2025-04-02 13:53:43Z INFO CredentialManager] Creating type OAuth
[2025-04-02 13:53:43Z INFO CredentialManager] Creating credential type: OAuth
[2025-04-02 13:53:43Z INFO RSAEncryptedFileKeyManager] Loading RSA key parameters from file C:\Users\vladi\Documents\GitHub\bob\actions-runner\.credentials_rsaparams
[2025-04-02 13:53:43Z INFO RSAEncryptedFileKeyManager] Loading RSA key parameters from file C:\Users\vladi\Documents\GitHub\bob\actions-runner\.credentials_rsaparams
[2025-04-02 13:53:43Z INFO RSAEncryptedFileKeyManager] Loading RSA key parameters from file C:\Users\vladi\Documents\GitHub\bob\actions-runner\.credentials_rsaparams
[2025-04-02 13:53:44Z INFO GitHubActionsService] AAD Correlation ID for this token request: Unknown
[2025-04-02 13:53:45Z INFO JobDispatcher] Job request 0 for plan 3cf20acb-f750-4c8c-8c7d-c2178f8ebad5 job bbe9efe1-49ce-5606-a194-861dc8fe7ce2 received.
[2025-04-02 13:53:45Z INFO MessageListener] Received job status event. JobState: Busy
[2025-04-02 13:53:45Z INFO MessageListener] _getMessagesTokenSource is already disposed.
[2025-04-02 13:53:45Z INFO JobDispatcher] Job request 3201f0c7-ae98-533f-85cc-3f3679a8c086 processed succeed.
[2025-04-02 13:53:45Z INFO Terminal] WRITE LINE: 2025-04-02 13:53:45Z: Running job: deploy-to-dev
[2025-04-02 13:53:45Z INFO JobDispatcher] Start renew job request 0 for job bbe9efe1-49ce-5606-a194-861dc8fe7ce2.
[2025-04-02 13:53:45Z INFO JobDispatcher] Successfully renew job bbe9efe1-49ce-5606-a194-861dc8fe7ce2, job is valid till 02/04/2025 14:03:44
[2025-04-02 13:53:45Z INFO HostContext] Well known directory 'Bin': 'C:\Users\vladi\Documents\GitHub\bob\actions-runner\bin'
[2025-04-02 13:53:45Z INFO ProcessInvokerWrapper] Starting process:
[2025-04-02 13:53:45Z INFO ProcessInvokerWrapper]   File name: 'C:\Users\vladi\Documents\GitHub\bob\actions-runner\bin\Runner.Worker.exe'
[2025-04-02 13:53:45Z INFO ProcessInvokerWrapper]   Arguments: 'spawnclient 2144 2620'
[2025-04-02 13:53:45Z INFO ProcessInvokerWrapper]   Working directory: 'C:\Users\vladi\Documents\GitHub\bob\actions-runner\bin'
[2025-04-02 13:53:45Z INFO ProcessInvokerWrapper]   Require exit code zero: 'False'
[2025-04-02 13:53:45Z INFO ProcessInvokerWrapper]   Encoding web name:  ; code page: ''
[2025-04-02 13:53:45Z INFO ProcessInvokerWrapper]   Force kill process on cancellation: 'True'
[2025-04-02 13:53:45Z INFO ProcessInvokerWrapper]   Redirected STDIN: 'False'
[2025-04-02 13:53:45Z INFO ProcessInvokerWrapper]   Persist current code page: 'False'
[2025-04-02 13:53:45Z INFO ProcessInvokerWrapper]   Keep redirected STDIN open: 'False'
[2025-04-02 13:53:45Z INFO ProcessInvokerWrapper]   High priority process: 'True'
[2025-04-02 13:53:45Z INFO ProcessInvokerWrapper] Process started with process id 5152, waiting for process exit.
[2025-04-02 13:53:45Z INFO JobDispatcher] Send job request message to worker for job bbe9efe1-49ce-5606-a194-861dc8fe7ce2.
[2025-04-02 13:53:45Z INFO ProcessChannel] Sending message of length 19346, with hash 'f18f16191a8b03abd239bbe2b08fe74eb2501b98923e3267c78da1643265c102'
[2025-04-02 13:53:45Z INFO JobNotification] Entering JobStarted Notification
[2025-04-02 13:53:45Z INFO JobNotification] Entering StartMonitor
[2025-04-02 13:54:17Z INFO ProcessInvokerWrapper] STDOUT/STDERR stream read finished.
[2025-04-02 13:54:17Z INFO ProcessInvokerWrapper] STDOUT/STDERR stream read finished.
[2025-04-02 13:54:17Z INFO ProcessInvokerWrapper] Finished process 5152 with exit code 102, and elapsed time 00:00:31.4032278.
[2025-04-02 13:54:17Z INFO JobDispatcher] Worker finished for job bbe9efe1-49ce-5606-a194-861dc8fe7ce2. Code: 102
[2025-04-02 13:54:17Z INFO JobDispatcher] finish job request for job bbe9efe1-49ce-5606-a194-861dc8fe7ce2 with result: Failed
[2025-04-02 13:54:17Z INFO Terminal] WRITE LINE: 2025-04-02 13:54:17Z: Job deploy-to-dev completed with result: Failed
[2025-04-02 13:54:17Z INFO JobDispatcher] Stop renew job request for job bbe9efe1-49ce-5606-a194-861dc8fe7ce2.
[2025-04-02 13:54:17Z INFO JobDispatcher] job renew has been cancelled, stop renew job bbe9efe1-49ce-5606-a194-861dc8fe7ce2.
[2025-04-02 13:54:17Z INFO JobNotification] Entering JobCompleted Notification
[2025-04-02 13:54:17Z INFO JobNotification] Entering EndMonitor
[2025-04-02 13:54:17Z INFO MessageListener] Received job status event. JobState: Online
[2025-04-02 13:55:18Z INFO MessageListener] Message '4391026592912661847' received from session '478e98f3-8e02-405d-8a4d-f45323c824aa'.
[2025-04-02 13:55:18Z INFO ConfigurationStore] HasCredentials()
[2025-04-02 13:55:18Z INFO ConfigurationStore] stored True
[2025-04-02 13:55:18Z INFO CredentialManager] GetCredentialProvider
[2025-04-02 13:55:18Z INFO CredentialManager] Creating type OAuth
[2025-04-02 13:55:18Z INFO CredentialManager] Creating credential type: OAuth
[2025-04-02 13:55:18Z INFO RSAEncryptedFileKeyManager] Loading RSA key parameters from file C:\Users\vladi\Documents\GitHub\bob\actions-runner\.credentials_rsaparams
[2025-04-02 13:55:18Z INFO RSAEncryptedFileKeyManager] Loading RSA key parameters from file C:\Users\vladi\Documents\GitHub\bob\actions-runner\.credentials_rsaparams
[2025-04-02 13:55:18Z INFO RSAEncryptedFileKeyManager] Loading RSA key parameters from file C:\Users\vladi\Documents\GitHub\bob\actions-runner\.credentials_rsaparams
[2025-04-02 13:55:18Z INFO GitHubActionsService] AAD Correlation ID for this token request: Unknown
[2025-04-02 13:55:19Z INFO JobDispatcher] Job request 0 for plan 35ca3018-850e-45a5-aeaf-87296957534a job 7b73bff7-1a47-5a13-9e2f-2ff62206d729 received.
[2025-04-02 13:55:19Z INFO MessageListener] Received job status event. JobState: Busy
[2025-04-02 13:55:19Z INFO MessageListener] _getMessagesTokenSource is already disposed.
[2025-04-02 13:55:19Z INFO JobDispatcher] Job request bbe9efe1-49ce-5606-a194-861dc8fe7ce2 processed succeed.
[2025-04-02 13:55:19Z INFO Terminal] WRITE LINE: 2025-04-02 13:55:19Z: Running job: install-pip-deps
[2025-04-02 13:55:19Z INFO JobDispatcher] Start renew job request 0 for job 7b73bff7-1a47-5a13-9e2f-2ff62206d729.
[2025-04-02 13:55:20Z INFO JobDispatcher] Successfully renew job 7b73bff7-1a47-5a13-9e2f-2ff62206d729, job is valid till 02/04/2025 14:05:19
[2025-04-02 13:55:20Z INFO HostContext] Well known directory 'Bin': 'C:\Users\vladi\Documents\GitHub\bob\actions-runner\bin'
[2025-04-02 13:55:20Z INFO ProcessInvokerWrapper] Starting process:
[2025-04-02 13:55:20Z INFO ProcessInvokerWrapper]   File name: 'C:\Users\vladi\Documents\GitHub\bob\actions-runner\bin\Runner.Worker.exe'
[2025-04-02 13:55:20Z INFO ProcessInvokerWrapper]   Arguments: 'spawnclient 2436 2700'
[2025-04-02 13:55:20Z INFO ProcessInvokerWrapper]   Working directory: 'C:\Users\vladi\Documents\GitHub\bob\actions-runner\bin'
[2025-04-02 13:55:20Z INFO ProcessInvokerWrapper]   Require exit code zero: 'False'
[2025-04-02 13:55:20Z INFO ProcessInvokerWrapper]   Encoding web name:  ; code page: ''
[2025-04-02 13:55:20Z INFO ProcessInvokerWrapper]   Force kill process on cancellation: 'True'
[2025-04-02 13:55:20Z INFO ProcessInvokerWrapper]   Redirected STDIN: 'False'
[2025-04-02 13:55:20Z INFO ProcessInvokerWrapper]   Persist current code page: 'False'
[2025-04-02 13:55:20Z INFO ProcessInvokerWrapper]   Keep redirected STDIN open: 'False'
[2025-04-02 13:55:20Z INFO ProcessInvokerWrapper]   High priority process: 'True'
[2025-04-02 13:55:20Z INFO ProcessInvokerWrapper] Process started with process id 17368, waiting for process exit.
[2025-04-02 13:55:20Z INFO JobDispatcher] Send job request message to worker for job 7b73bff7-1a47-5a13-9e2f-2ff62206d729.
[2025-04-02 13:55:20Z INFO ProcessChannel] Sending message of length 18882, with hash 'a630316c21d42abffd83f32ec8ea303513969958ac2056a57640f9793efcfeb6'
[2025-04-02 13:55:20Z INFO JobNotification] Entering JobStarted Notification
[2025-04-02 13:55:20Z INFO JobNotification] Entering StartMonitor
[2025-04-02 13:56:01Z INFO ProcessInvokerWrapper] STDOUT/STDERR stream read finished.
[2025-04-02 13:56:01Z INFO ProcessInvokerWrapper] STDOUT/STDERR stream read finished.
[2025-04-02 13:56:01Z INFO ProcessInvokerWrapper] Finished process 17368 with exit code 100, and elapsed time 00:00:41.2939894.
[2025-04-02 13:56:01Z INFO JobDispatcher] Worker finished for job 7b73bff7-1a47-5a13-9e2f-2ff62206d729. Code: 100
[2025-04-02 13:56:01Z INFO JobDispatcher] finish job request for job 7b73bff7-1a47-5a13-9e2f-2ff62206d729 with result: Succeeded
[2025-04-02 13:56:01Z INFO Terminal] WRITE LINE: 2025-04-02 13:56:01Z: Job install-pip-deps completed with result: Succeeded
[2025-04-02 13:56:01Z INFO JobDispatcher] Stop renew job request for job 7b73bff7-1a47-5a13-9e2f-2ff62206d729.
[2025-04-02 13:56:01Z INFO JobDispatcher] job renew has been cancelled, stop renew job 7b73bff7-1a47-5a13-9e2f-2ff62206d729.
[2025-04-02 13:56:01Z INFO JobNotification] Entering JobCompleted Notification
[2025-04-02 13:56:01Z INFO JobNotification] Entering EndMonitor
[2025-04-02 13:56:01Z INFO MessageListener] Received job status event. JobState: Online
[2025-04-02 13:56:02Z INFO MessageListener] Message '5644333009659552017' received from session '478e98f3-8e02-405d-8a4d-f45323c824aa'.
[2025-04-02 13:56:02Z INFO ConfigurationStore] HasCredentials()
[2025-04-02 13:56:02Z INFO ConfigurationStore] stored True
[2025-04-02 13:56:02Z INFO CredentialManager] GetCredentialProvider
[2025-04-02 13:56:02Z INFO CredentialManager] Creating type OAuth
[2025-04-02 13:56:02Z INFO CredentialManager] Creating credential type: OAuth
[2025-04-02 13:56:02Z INFO RSAEncryptedFileKeyManager] Loading RSA key parameters from file C:\Users\vladi\Documents\GitHub\bob\actions-runner\.credentials_rsaparams
[2025-04-02 13:56:02Z INFO RSAEncryptedFileKeyManager] Loading RSA key parameters from file C:\Users\vladi\Documents\GitHub\bob\actions-runner\.credentials_rsaparams
[2025-04-02 13:56:02Z INFO RSAEncryptedFileKeyManager] Loading RSA key parameters from file C:\Users\vladi\Documents\GitHub\bob\actions-runner\.credentials_rsaparams
[2025-04-02 13:56:02Z INFO GitHubActionsService] AAD Correlation ID for this token request: Unknown
[2025-04-02 13:56:03Z INFO JobDispatcher] Job request 0 for plan 35ca3018-850e-45a5-aeaf-87296957534a job 4c7277f6-4f9f-5627-b41c-47e65b9acd17 received.
[2025-04-02 13:56:03Z INFO MessageListener] Received job status event. JobState: Busy
[2025-04-02 13:56:03Z INFO MessageListener] _getMessagesTokenSource is already disposed.
[2025-04-02 13:56:03Z INFO JobDispatcher] Job request 7b73bff7-1a47-5a13-9e2f-2ff62206d729 processed succeed.
[2025-04-02 13:56:03Z INFO Terminal] WRITE LINE: 2025-04-02 13:56:03Z: Running job: deploy-to-dev
[2025-04-02 13:56:03Z INFO JobDispatcher] Start renew job request 0 for job 4c7277f6-4f9f-5627-b41c-47e65b9acd17.
[2025-04-02 13:56:04Z INFO JobDispatcher] Successfully renew job 4c7277f6-4f9f-5627-b41c-47e65b9acd17, job is valid till 02/04/2025 14:06:03
[2025-04-02 13:56:04Z INFO HostContext] Well known directory 'Bin': 'C:\Users\vladi\Documents\GitHub\bob\actions-runner\bin'
[2025-04-02 13:56:04Z INFO ProcessInvokerWrapper] Starting process:
[2025-04-02 13:56:04Z INFO ProcessInvokerWrapper]   File name: 'C:\Users\vladi\Documents\GitHub\bob\actions-runner\bin\Runner.Worker.exe'
[2025-04-02 13:56:04Z INFO ProcessInvokerWrapper]   Arguments: 'spawnclient 1924 1564'
[2025-04-02 13:56:04Z INFO ProcessInvokerWrapper]   Working directory: 'C:\Users\vladi\Documents\GitHub\bob\actions-runner\bin'
[2025-04-02 13:56:04Z INFO ProcessInvokerWrapper]   Require exit code zero: 'False'
[2025-04-02 13:56:04Z INFO ProcessInvokerWrapper]   Encoding web name:  ; code page: ''
[2025-04-02 13:56:04Z INFO ProcessInvokerWrapper]   Force kill process on cancellation: 'True'
[2025-04-02 13:56:04Z INFO ProcessInvokerWrapper]   Redirected STDIN: 'False'
[2025-04-02 13:56:04Z INFO ProcessInvokerWrapper]   Persist current code page: 'False'
[2025-04-02 13:56:04Z INFO ProcessInvokerWrapper]   Keep redirected STDIN open: 'False'
[2025-04-02 13:56:04Z INFO ProcessInvokerWrapper]   High priority process: 'True'
[2025-04-02 13:56:04Z INFO ProcessInvokerWrapper] Process started with process id 16744, waiting for process exit.
[2025-04-02 13:56:04Z INFO JobDispatcher] Send job request message to worker for job 4c7277f6-4f9f-5627-b41c-47e65b9acd17.
[2025-04-02 13:56:04Z INFO ProcessChannel] Sending message of length 19422, with hash '2efef3e73dbda845fe8f6b9f1ec3878b6358ecaf09340bb002561fe013d2391d'
[2025-04-02 13:56:04Z INFO JobNotification] Entering JobStarted Notification
[2025-04-02 13:56:04Z INFO JobNotification] Entering StartMonitor
[2025-04-02 13:56:38Z INFO ProcessInvokerWrapper] STDOUT/STDERR stream read finished.
[2025-04-02 13:56:38Z INFO ProcessInvokerWrapper] STDOUT/STDERR stream read finished.
[2025-04-02 13:56:38Z INFO ProcessInvokerWrapper] Finished process 16744 with exit code 102, and elapsed time 00:00:34.1598180.
[2025-04-02 13:56:38Z INFO JobDispatcher] Worker finished for job 4c7277f6-4f9f-5627-b41c-47e65b9acd17. Code: 102
[2025-04-02 13:56:38Z INFO JobDispatcher] finish job request for job 4c7277f6-4f9f-5627-b41c-47e65b9acd17 with result: Failed
[2025-04-02 13:56:38Z INFO Terminal] WRITE LINE: 2025-04-02 13:56:38Z: Job deploy-to-dev completed with result: Failed
[2025-04-02 13:56:38Z INFO JobDispatcher] Stop renew job request for job 4c7277f6-4f9f-5627-b41c-47e65b9acd17.
[2025-04-02 13:56:38Z INFO JobDispatcher] job renew has been cancelled, stop renew job 4c7277f6-4f9f-5627-b41c-47e65b9acd17.
[2025-04-02 13:56:38Z INFO JobNotification] Entering JobCompleted Notification
[2025-04-02 13:56:38Z INFO JobNotification] Entering EndMonitor
[2025-04-02 13:56:38Z INFO MessageListener] Received job status event. JobState: Online
[2025-04-02 14:00:51Z INFO Terminal] WRITE LINE: Exiting...
[2025-04-02 14:00:51Z INFO ConfigurationStore] IsServiceConfigured()
[2025-04-02 14:00:51Z INFO ConfigurationStore] IsServiceConfigured: False
[2025-04-02 14:00:51Z INFO HostContext] Runner will be shutdown for UserCancelled
[2025-04-02 14:00:51Z WARN GitHubActionsService] GET request to https://broker.actions.githubusercontent.com/message?sessionId=478e98f3-8e02-405d-8a4d-f45323c824aa&status=Online&runnerVersion=2.323.0&os=Windows&architecture=X64&disableUpdate=false has been cancelled.
[2025-04-02 14:00:51Z ERR  BrokerServer] Catch exception during request
[2025-04-02 14:00:51Z ERR  BrokerServer] System.Threading.Tasks.TaskCanceledException: The operation was canceled.
 ---> System.Threading.Tasks.TaskCanceledException: The operation was canceled.
 ---> System.IO.IOException: Unable to read data from the transport connection: The I/O operation has been aborted because of either a thread exit or an application request..
 ---> System.Net.Sockets.SocketException (995): The I/O operation has been aborted because of either a thread exit or an application request.
   --- End of inner exception stack trace ---
   at System.Net.Sockets.Socket.AwaitableSocketAsyncEventArgs.System.Threading.Tasks.Sources.IValueTaskSource<System.Int32>.GetResult(Int16 token)
   at System.Net.Security.SslStream.EnsureFullTlsFrameAsync[TIOAdapter](CancellationToken cancellationToken, Int32 estimatedSize)
   at System.Runtime.CompilerServices.PoolingAsyncValueTaskMethodBuilder`1.StateMachineBox`1.System.Threading.Tasks.Sources.IValueTaskSource<TResult>.GetResult(Int16 token)
   at System.Net.Security.SslStream.ReadAsyncInternal[TIOAdapter](Memory`1 buffer, CancellationToken cancellationToken)
   at System.Runtime.CompilerServices.PoolingAsyncValueTaskMethodBuilder`1.StateMachineBox`1.System.Threading.Tasks.Sources.IValueTaskSource<TResult>.GetResult(Int16 token)
   at System.Net.Http.HttpConnection.SendAsync(HttpRequestMessage request, Boolean async, CancellationToken cancellationToken)
   --- End of inner exception stack trace ---
   at System.Net.Http.HttpConnection.SendAsync(HttpRequestMessage request, Boolean async, CancellationToken cancellationToken)
   at System.Net.Http.AuthenticationHelper.SendWithNtAuthAsync(HttpRequestMessage request, Uri authUri, Boolean async, ICredentials credentials, Boolean isProxyAuth, HttpConnection connection, HttpConnectionPool connectionPool, CancellationToken cancellationToken)
   at System.Net.Http.HttpConnectionPool.SendWithVersionDetectionAndRetryAsync(HttpRequestMessage request, Boolean async, Boolean doRequestAuth, CancellationToken cancellationToken)
   at System.Net.Http.AuthenticationHelper.SendWithAuthAsync(HttpRequestMessage request, Uri authUri, Boolean async, ICredentials credentials, Boolean preAuthenticate, Boolean isProxyAuth, Boolean doRequestAuth, HttpConnectionPool pool, CancellationToken cancellationToken)
   at System.Net.Http.RedirectHandler.SendAsync(HttpRequestMessage request, Boolean async, CancellationToken cancellationToken)
   at GitHub.Services.Common.RawHttpMessageHandler.SendAsync(HttpRequestMessage request, CancellationToken cancellationToken)
   at GitHub.Services.Common.VssHttpRetryMessageHandler.SendAsync(HttpRequestMessage request, CancellationToken cancellationToken)
   at System.Net.Http.HttpClient.<SendAsync>g__Core|83_0(HttpRequestMessage request, HttpCompletionOption completionOption, CancellationTokenSource cts, Boolean disposeCts, CancellationTokenSource pendingRequestsCts, CancellationToken originalCancellationToken)
   --- End of inner exception stack trace ---
   at System.Net.Http.HttpClient.HandleFailure(Exception e, Boolean telemetryStarted, HttpResponseMessage response, CancellationTokenSource cts, CancellationToken cancellationToken, CancellationTokenSource pendingRequestsCts)
   at System.Net.Http.HttpClient.<SendAsync>g__Core|83_0(HttpRequestMessage request, HttpCompletionOption completionOption, CancellationTokenSource cts, Boolean disposeCts, CancellationTokenSource pendingRequestsCts, CancellationToken originalCancellationToken)
   at Sdk.WebApi.WebApi.RawHttpClientBase.SendAsync(HttpRequestMessage message, HttpCompletionOption completionOption, Object userState, CancellationToken cancellationToken)
   at Sdk.WebApi.WebApi.RawHttpClientBase.SendAsync[T](HttpRequestMessage message, Boolean readErrorBody, Object userState, CancellationToken cancellationToken)
   at Sdk.WebApi.WebApi.RawHttpClientBase.SendAsync[T](HttpMethod method, IEnumerable`1 additionalHeaders, Uri requestUri, HttpContent content, IEnumerable`1 queryParameters, Boolean readErrorBody, Object userState, CancellationToken cancellationToken)
   at GitHub.Actions.RunService.WebApi.BrokerHttpClient.GetRunnerMessageAsync(Nullable`1 sessionId, String runnerVersion, Nullable`1 status, String os, String architecture, Nullable`1 disableUpdate, CancellationToken cancellationToken)
   at GitHub.Runner.Common.BrokerServer.<>c__DisplayClass7_0.<<GetRunnerMessageAsync>b__0>d.MoveNext()
--- End of stack trace from previous location ---
   at GitHub.Runner.Common.RunnerService.RetryRequest[T](Func`1 func, CancellationToken cancellationToken, Int32 maxRetryAttemptsCount, Func`2 shouldRetry)
[2025-04-02 14:00:51Z ERR  BrokerServer] #####################################################
[2025-04-02 14:00:51Z ERR  BrokerServer] System.Threading.Tasks.TaskCanceledException: The operation was canceled.
 ---> System.IO.IOException: Unable to read data from the transport connection: The I/O operation has been aborted because of either a thread exit or an application request..
 ---> System.Net.Sockets.SocketException (995): The I/O operation has been aborted because of either a thread exit or an application request.
   --- End of inner exception stack trace ---
   at System.Net.Sockets.Socket.AwaitableSocketAsyncEventArgs.System.Threading.Tasks.Sources.IValueTaskSource<System.Int32>.GetResult(Int16 token)
   at System.Net.Security.SslStream.EnsureFullTlsFrameAsync[TIOAdapter](CancellationToken cancellationToken, Int32 estimatedSize)
   at System.Runtime.CompilerServices.PoolingAsyncValueTaskMethodBuilder`1.StateMachineBox`1.System.Threading.Tasks.Sources.IValueTaskSource<TResult>.GetResult(Int16 token)
   at System.Net.Security.SslStream.ReadAsyncInternal[TIOAdapter](Memory`1 buffer, CancellationToken cancellationToken)
   at System.Runtime.CompilerServices.PoolingAsyncValueTaskMethodBuilder`1.StateMachineBox`1.System.Threading.Tasks.Sources.IValueTaskSource<TResult>.GetResult(Int16 token)
   at System.Net.Http.HttpConnection.SendAsync(HttpRequestMessage request, Boolean async, CancellationToken cancellationToken)
   --- End of inner exception stack trace ---
   at System.Net.Http.HttpConnection.SendAsync(HttpRequestMessage request, Boolean async, CancellationToken cancellationToken)
   at System.Net.Http.AuthenticationHelper.SendWithNtAuthAsync(HttpRequestMessage request, Uri authUri, Boolean async, ICredentials credentials, Boolean isProxyAuth, HttpConnection connection, HttpConnectionPool connectionPool, CancellationToken cancellationToken)
   at System.Net.Http.HttpConnectionPool.SendWithVersionDetectionAndRetryAsync(HttpRequestMessage request, Boolean async, Boolean doRequestAuth, CancellationToken cancellationToken)
   at System.Net.Http.AuthenticationHelper.SendWithAuthAsync(HttpRequestMessage request, Uri authUri, Boolean async, ICredentials credentials, Boolean preAuthenticate, Boolean isProxyAuth, Boolean doRequestAuth, HttpConnectionPool pool, CancellationToken cancellationToken)
   at System.Net.Http.RedirectHandler.SendAsync(HttpRequestMessage request, Boolean async, CancellationToken cancellationToken)
   at GitHub.Services.Common.RawHttpMessageHandler.SendAsync(HttpRequestMessage request, CancellationToken cancellationToken)
   at GitHub.Services.Common.VssHttpRetryMessageHandler.SendAsync(HttpRequestMessage request, CancellationToken cancellationToken)
   at System.Net.Http.HttpClient.<SendAsync>g__Core|83_0(HttpRequestMessage request, HttpCompletionOption completionOption, CancellationTokenSource cts, Boolean disposeCts, CancellationTokenSource pendingRequestsCts, CancellationToken originalCancellationToken)
[2025-04-02 14:00:51Z ERR  BrokerServer] #####################################################
[2025-04-02 14:00:51Z ERR  BrokerServer] System.IO.IOException: Unable to read data from the transport connection: The I/O operation has been aborted because of either a thread exit or an application request..
 ---> System.Net.Sockets.SocketException (995): The I/O operation has been aborted because of either a thread exit or an application request.
   --- End of inner exception stack trace ---
   at System.Net.Sockets.Socket.AwaitableSocketAsyncEventArgs.System.Threading.Tasks.Sources.IValueTaskSource<System.Int32>.GetResult(Int16 token)
   at System.Net.Security.SslStream.EnsureFullTlsFrameAsync[TIOAdapter](CancellationToken cancellationToken, Int32 estimatedSize)
   at System.Runtime.CompilerServices.PoolingAsyncValueTaskMethodBuilder`1.StateMachineBox`1.System.Threading.Tasks.Sources.IValueTaskSource<TResult>.GetResult(Int16 token)
   at System.Net.Security.SslStream.ReadAsyncInternal[TIOAdapter](Memory`1 buffer, CancellationToken cancellationToken)
   at System.Runtime.CompilerServices.PoolingAsyncValueTaskMethodBuilder`1.StateMachineBox`1.System.Threading.Tasks.Sources.IValueTaskSource<TResult>.GetResult(Int16 token)
   at System.Net.Http.HttpConnection.SendAsync(HttpRequestMessage request, Boolean async, CancellationToken cancellationToken)
[2025-04-02 14:00:51Z ERR  BrokerServer] #####################################################
[2025-04-02 14:00:51Z ERR  BrokerServer] System.Net.Sockets.SocketException (995): The I/O operation has been aborted because of either a thread exit or an application request.
[2025-04-02 14:00:51Z WARN BrokerServer] Back off 11.889 seconds before next retry. 4 attempt left.
[2025-04-02 14:00:51Z INFO MessageListener] Get next message has been cancelled.
[2025-04-02 14:00:51Z INFO JobDispatcher] Shutting down JobDispatcher. Make sure all WorkerDispatcher has finished.
[2025-04-02 14:00:51Z INFO JobDispatcher] Ensure WorkerDispatcher for job 4c7277f6-4f9f-5627-b41c-47e65b9acd17 run to finish, cancel any running job.
[2025-04-02 14:00:51Z INFO JobDispatcher] Job request 4c7277f6-4f9f-5627-b41c-47e65b9acd17 processed succeed.
[2025-04-02 14:00:51Z INFO Runner] Deleting Runner Session...
[2025-04-02 14:00:51Z INFO Listener] Runner execution been cancelled.
