[2025-04-02 16:56:10Z INFO HostContext] No proxy settings were found based on environmental variables (http_proxy/https_proxy/HTTP_PROXY/HTTPS_PROXY)
[2025-04-02 16:56:10Z INFO HostContext] Well known directory 'Bin': 'C:\Users\vladi\Documents\GitHub\bob\actions-runner\bin'
[2025-04-02 16:56:10Z INFO HostContext] Well known directory 'Root': 'C:\Users\vladi\Documents\GitHub\bob\actions-runner'
[2025-04-02 16:56:10Z INFO HostContext] Well known config file 'Credentials': 'C:\Users\vladi\Documents\GitHub\bob\actions-runner\.credentials'
[2025-04-02 16:56:10Z INFO HostContext] Well known directory 'Bin': 'C:\Users\vladi\Documents\GitHub\bob\actions-runner\bin'
[2025-04-02 16:56:10Z INFO HostContext] Well known directory 'Root': 'C:\Users\vladi\Documents\GitHub\bob\actions-runner'
[2025-04-02 16:56:10Z INFO HostContext] Well known config file 'Runner': 'C:\Users\vladi\Documents\GitHub\bob\actions-runner\.runner'
[2025-04-02 16:56:10Z INFO Listener] Runner is built for Windows (X64) - win-x64.
[2025-04-02 16:56:10Z INFO Listener] RuntimeInformation: Microsoft Windows 10.0.19045.
[2025-04-02 16:56:10Z INFO Listener] Version: 2.323.0
[2025-04-02 16:56:10Z INFO Listener] Commit: d8b82f44a9ec0258904d5869ae683c31d5aac299
[2025-04-02 16:56:10Z INFO Listener] Culture: en-GB
[2025-04-02 16:56:10Z INFO Listener] UI Culture: en-GB
[2025-04-02 16:56:10Z INFO HostContext] Well known directory 'Bin': 'C:\Users\vladi\Documents\GitHub\bob\actions-runner\bin'
[2025-04-02 16:56:10Z INFO HostContext] Well known directory 'Root': 'C:\Users\vladi\Documents\GitHub\bob\actions-runner'
[2025-04-02 16:56:10Z INFO Listener] Validating directory permissions for: 'C:\Users\vladi\Documents\GitHub\bob\actions-runner'
[2025-04-02 16:56:10Z INFO CommandLineParser] Parse
[2025-04-02 16:56:10Z INFO CommandLineParser] Parsing 1 args
[2025-04-02 16:56:10Z INFO CommandLineParser] parsing argument
[2025-04-02 16:56:10Z INFO CommandLineParser] HasArgs: False
[2025-04-02 16:56:10Z INFO CommandLineParser] Adding Command: run
[2025-04-02 16:56:10Z INFO Listener] Arguments parsed
[2025-04-02 16:56:10Z INFO Runner] ExecuteCommand
[2025-04-02 16:56:10Z INFO ConfigurationStore] currentAssemblyLocation: C:\Users\vladi\Documents\GitHub\bob\actions-runner\bin\Runner.Listener.dll
[2025-04-02 16:56:10Z INFO HostContext] Well known directory 'Bin': 'C:\Users\vladi\Documents\GitHub\bob\actions-runner\bin'
[2025-04-02 16:56:10Z INFO ConfigurationStore] binPath: C:\Users\vladi\Documents\GitHub\bob\actions-runner\bin
[2025-04-02 16:56:10Z INFO HostContext] Well known directory 'Bin': 'C:\Users\vladi\Documents\GitHub\bob\actions-runner\bin'
[2025-04-02 16:56:10Z INFO HostContext] Well known directory 'Root': 'C:\Users\vladi\Documents\GitHub\bob\actions-runner'
[2025-04-02 16:56:10Z INFO ConfigurationStore] RootFolder: C:\Users\vladi\Documents\GitHub\bob\actions-runner
[2025-04-02 16:56:10Z INFO HostContext] Well known directory 'Bin': 'C:\Users\vladi\Documents\GitHub\bob\actions-runner\bin'
[2025-04-02 16:56:10Z INFO HostContext] Well known directory 'Root': 'C:\Users\vladi\Documents\GitHub\bob\actions-runner'
[2025-04-02 16:56:10Z INFO HostContext] Well known config file 'Runner': 'C:\Users\vladi\Documents\GitHub\bob\actions-runner\.runner'
[2025-04-02 16:56:10Z INFO ConfigurationStore] ConfigFilePath: C:\Users\vladi\Documents\GitHub\bob\actions-runner\.runner
[2025-04-02 16:56:10Z INFO HostContext] Well known directory 'Bin': 'C:\Users\vladi\Documents\GitHub\bob\actions-runner\bin'
[2025-04-02 16:56:10Z INFO HostContext] Well known directory 'Root': 'C:\Users\vladi\Documents\GitHub\bob\actions-runner'
[2025-04-02 16:56:10Z INFO HostContext] Well known config file 'MigratedRunner': 'C:\Users\vladi\Documents\GitHub\bob\actions-runner\.runner_migrated'
[2025-04-02 16:56:10Z INFO ConfigurationStore] MigratedConfigFilePath: C:\Users\vladi\Documents\GitHub\bob\actions-runner\.runner_migrated
[2025-04-02 16:56:10Z INFO HostContext] Well known directory 'Bin': 'C:\Users\vladi\Documents\GitHub\bob\actions-runner\bin'
[2025-04-02 16:56:10Z INFO HostContext] Well known directory 'Root': 'C:\Users\vladi\Documents\GitHub\bob\actions-runner'
[2025-04-02 16:56:10Z INFO HostContext] Well known config file 'Credentials': 'C:\Users\vladi\Documents\GitHub\bob\actions-runner\.credentials'
[2025-04-02 16:56:10Z INFO ConfigurationStore] CredFilePath: C:\Users\vladi\Documents\GitHub\bob\actions-runner\.credentials
[2025-04-02 16:56:10Z INFO HostContext] Well known directory 'Bin': 'C:\Users\vladi\Documents\GitHub\bob\actions-runner\bin'
[2025-04-02 16:56:10Z INFO HostContext] Well known directory 'Root': 'C:\Users\vladi\Documents\GitHub\bob\actions-runner'
[2025-04-02 16:56:10Z INFO HostContext] Well known config file 'MigratedCredentials': 'C:\Users\vladi\Documents\GitHub\bob\actions-runner\.credentials_migrated'
[2025-04-02 16:56:10Z INFO ConfigurationStore] MigratedCredFilePath: C:\Users\vladi\Documents\GitHub\bob\actions-runner\.credentials_migrated
[2025-04-02 16:56:10Z INFO HostContext] Well known directory 'Bin': 'C:\Users\vladi\Documents\GitHub\bob\actions-runner\bin'
[2025-04-02 16:56:10Z INFO HostContext] Well known directory 'Root': 'C:\Users\vladi\Documents\GitHub\bob\actions-runner'
[2025-04-02 16:56:10Z INFO HostContext] Well known config file 'Service': 'C:\Users\vladi\Documents\GitHub\bob\actions-runner\.service'
[2025-04-02 16:56:10Z INFO ConfigurationStore] ServiceConfigFilePath: C:\Users\vladi\Documents\GitHub\bob\actions-runner\.service
[2025-04-02 16:56:10Z INFO CommandSettings] Flag 'help': 'False'
[2025-04-02 16:56:10Z INFO CommandSettings] Flag 'version': 'False'
[2025-04-02 16:56:10Z INFO CommandSettings] Flag 'commit': 'False'
[2025-04-02 16:56:10Z INFO CommandSettings] Flag 'check': 'False'
[2025-04-02 16:56:10Z INFO CommandSettings] Command 'configure': 'False'
[2025-04-02 16:56:10Z INFO CommandSettings] Command 'remove': 'False'
[2025-04-02 16:56:10Z INFO CommandSettings] Command 'warmup': 'False'
[2025-04-02 16:56:10Z INFO ConfigurationManager] LoadSettings
[2025-04-02 16:56:10Z INFO ConfigurationStore] IsConfigured()
[2025-04-02 16:56:10Z INFO ConfigurationStore] IsConfigured: True
[2025-04-02 16:56:10Z INFO ConfigurationManager] Is configured: True
[2025-04-02 16:56:10Z INFO ConfigurationStore] Read setting file: 293 chars
[2025-04-02 16:56:10Z INFO ConfigurationManager] Settings Loaded
[2025-04-02 16:56:10Z INFO ConfigurationStore] IsServiceConfigured()
[2025-04-02 16:56:10Z INFO ConfigurationStore] IsServiceConfigured: False
[2025-04-02 16:56:10Z INFO CommandSettings] Command 'run': 'True'
[2025-04-02 16:56:10Z INFO ConfigurationStore] IsConfigured()
[2025-04-02 16:56:10Z INFO ConfigurationStore] IsConfigured: True
[2025-04-02 16:56:10Z INFO ConfigurationManager] Is configured: True
[2025-04-02 16:56:10Z INFO Runner] Could not parse the argument value '' for StartupType. Defaulting to Manual
[2025-04-02 16:56:10Z INFO Runner] Set runner startup type - Manual
[2025-04-02 16:56:10Z INFO CommandSettings] Flag 'once': 'False'
[2025-04-02 16:56:10Z INFO CommandSettings] Flag 'once': 'False'
[2025-04-02 16:56:10Z INFO Runner] RunAsync
[2025-04-02 16:56:10Z INFO ConfigurationManager] LoadSettings
[2025-04-02 16:56:10Z INFO ConfigurationStore] IsConfigured()
[2025-04-02 16:56:10Z INFO ConfigurationStore] IsConfigured: True
[2025-04-02 16:56:10Z INFO ConfigurationManager] Is configured: True
[2025-04-02 16:56:10Z INFO ConfigurationManager] Settings Loaded
[2025-04-02 16:56:10Z INFO MessageListener] {
  "AgentId": 22,
  "AgentName": "bobs",
  "PoolId": 1,
  "PoolName": "Default",
  "ServerUrl": "https://pipelinesghubeus10.actions.githubusercontent.com/h5c7vwOkcZCfReMtYahw11SJdlk2lSAMfnNmAt52iITzib6AAT/",
  "GitHubUrl": "https://github.com/vladxdboi/bob",
  "WorkFolder": "_work"
}
[2025-04-02 16:56:10Z INFO MessageListener] Loading Credentials
[2025-04-02 16:56:10Z INFO ConfigurationStore] HasCredentials()
[2025-04-02 16:56:10Z INFO ConfigurationStore] stored True
[2025-04-02 16:56:10Z INFO CredentialManager] GetCredentialProvider
[2025-04-02 16:56:10Z INFO CredentialManager] Creating type OAuth
[2025-04-02 16:56:10Z INFO CredentialManager] Creating credential type: OAuth
[2025-04-02 16:56:10Z INFO HostContext] Well known directory 'Bin': 'C:\Users\vladi\Documents\GitHub\bob\actions-runner\bin'
[2025-04-02 16:56:10Z INFO HostContext] Well known directory 'Root': 'C:\Users\vladi\Documents\GitHub\bob\actions-runner'
[2025-04-02 16:56:10Z INFO HostContext] Well known config file 'RSACredentials': 'C:\Users\vladi\Documents\GitHub\bob\actions-runner\.credentials_rsaparams'
[2025-04-02 16:56:10Z INFO RSAEncryptedFileKeyManager] Loading RSA key parameters from file C:\Users\vladi\Documents\GitHub\bob\actions-runner\.credentials_rsaparams
[2025-04-02 16:56:10Z INFO MessageListener] Attempt to create session.
[2025-04-02 16:56:10Z INFO MessageListener] Connecting to the Runner Server...
[2025-04-02 16:56:10Z INFO RunnerServer] EstablishVssConnection
[2025-04-02 16:56:10Z INFO RunnerServer] Establish connection with 100 seconds timeout.
[2025-04-02 16:56:11Z INFO GitHubActionsService] Starting operation Location.GetConnectionData
[2025-04-02 16:56:11Z INFO RunnerServer] EstablishVssConnection
[2025-04-02 16:56:11Z INFO RunnerServer] Establish connection with 60 seconds timeout.
[2025-04-02 16:56:11Z INFO GitHubActionsService] Starting operation Location.GetConnectionData
[2025-04-02 16:56:11Z INFO RunnerServer] EstablishVssConnection
[2025-04-02 16:56:11Z INFO RunnerServer] Establish connection with 60 seconds timeout.
[2025-04-02 16:56:11Z INFO GitHubActionsService] Starting operation Location.GetConnectionData
[2025-04-02 16:56:11Z INFO GitHubActionsService] Finished operation Location.GetConnectionData
[2025-04-02 16:56:11Z INFO GitHubActionsService] Finished operation Location.GetConnectionData
[2025-04-02 16:56:11Z INFO GitHubActionsService] Finished operation Location.GetConnectionData
[2025-04-02 16:56:11Z INFO MessageListener] VssConnection created
[2025-04-02 16:56:11Z INFO Terminal] WRITE LINE: 
[2025-04-02 16:56:11Z INFO Terminal] WRITE LINE: 
[2025-04-02 16:56:11Z INFO RSAEncryptedFileKeyManager] Loading RSA key parameters from file C:\Users\vladi\Documents\GitHub\bob\actions-runner\.credentials_rsaparams
[2025-04-02 16:56:12Z INFO RSAEncryptedFileKeyManager] Loading RSA key parameters from file C:\Users\vladi\Documents\GitHub\bob\actions-runner\.credentials_rsaparams
[2025-04-02 16:56:12Z INFO GitHubActionsService] AAD Correlation ID for this token request: Unknown
[2025-04-02 16:56:12Z INFO MessageListener] Session created.
[2025-04-02 16:56:12Z INFO Terminal] WRITE LINE: Current runner version: '2.323.0'
[2025-04-02 16:56:12Z INFO Terminal] WRITE LINE: 2025-04-02 16:56:12Z: Listening for Jobs
[2025-04-02 16:56:12Z INFO JobDispatcher] Set runner/worker IPC timeout to 30 seconds.
[2025-04-02 16:56:12Z INFO RSAEncryptedFileKeyManager] Loading RSA key parameters from file C:\Users\vladi\Documents\GitHub\bob\actions-runner\.credentials_rsaparams
[2025-04-02 16:56:13Z INFO GitHubActionsService] AAD Correlation ID for this token request: Unknown
[2025-04-02 16:56:20Z INFO MessageListener] Message '2540469605957927459' received from session 'dabf5d51-830a-4fb8-80fc-259d37bba3d1'.
[2025-04-02 16:56:20Z INFO ConfigurationStore] HasCredentials()
[2025-04-02 16:56:20Z INFO ConfigurationStore] stored True
[2025-04-02 16:56:20Z INFO CredentialManager] GetCredentialProvider
[2025-04-02 16:56:20Z INFO CredentialManager] Creating type OAuth
[2025-04-02 16:56:20Z INFO CredentialManager] Creating credential type: OAuth
[2025-04-02 16:56:20Z INFO RSAEncryptedFileKeyManager] Loading RSA key parameters from file C:\Users\vladi\Documents\GitHub\bob\actions-runner\.credentials_rsaparams
[2025-04-02 16:56:20Z INFO RSAEncryptedFileKeyManager] Loading RSA key parameters from file C:\Users\vladi\Documents\GitHub\bob\actions-runner\.credentials_rsaparams
[2025-04-02 16:56:20Z INFO RSAEncryptedFileKeyManager] Loading RSA key parameters from file C:\Users\vladi\Documents\GitHub\bob\actions-runner\.credentials_rsaparams
[2025-04-02 16:56:21Z INFO GitHubActionsService] AAD Correlation ID for this token request: Unknown
[2025-04-02 16:56:22Z INFO JobDispatcher] Job request 0 for plan cc5fad5e-5e55-476b-acf7-c244697d576a job 50c12ae2-ec48-5130-bc97-07dd4841acce received.
[2025-04-02 16:56:22Z INFO MessageListener] Received job status event. JobState: Busy
[2025-04-02 16:56:22Z INFO MessageListener] _getMessagesTokenSource is already disposed.
[2025-04-02 16:56:22Z INFO Terminal] WRITE LINE: 2025-04-02 16:56:22Z: Running job: install-pip-deps
[2025-04-02 16:56:22Z INFO JobDispatcher] Start renew job request 0 for job 50c12ae2-ec48-5130-bc97-07dd4841acce.
[2025-04-02 16:56:22Z INFO JobDispatcher] Successfully renew job 50c12ae2-ec48-5130-bc97-07dd4841acce, job is valid till 02/04/2025 17:06:21
[2025-04-02 16:56:22Z INFO HostContext] Well known directory 'Bin': 'C:\Users\vladi\Documents\GitHub\bob\actions-runner\bin'
[2025-04-02 16:56:22Z INFO ProcessInvokerWrapper] Starting process:
[2025-04-02 16:56:22Z INFO ProcessInvokerWrapper]   File name: 'C:\Users\vladi\Documents\GitHub\bob\actions-runner\bin\Runner.Worker.exe'
[2025-04-02 16:56:22Z INFO ProcessInvokerWrapper]   Arguments: 'spawnclient 2136 2144'
[2025-04-02 16:56:22Z INFO ProcessInvokerWrapper]   Working directory: 'C:\Users\vladi\Documents\GitHub\bob\actions-runner\bin'
[2025-04-02 16:56:22Z INFO ProcessInvokerWrapper]   Require exit code zero: 'False'
[2025-04-02 16:56:22Z INFO ProcessInvokerWrapper]   Encoding web name:  ; code page: ''
[2025-04-02 16:56:22Z INFO ProcessInvokerWrapper]   Force kill process on cancellation: 'True'
[2025-04-02 16:56:22Z INFO ProcessInvokerWrapper]   Redirected STDIN: 'False'
[2025-04-02 16:56:22Z INFO ProcessInvokerWrapper]   Persist current code page: 'False'
[2025-04-02 16:56:22Z INFO ProcessInvokerWrapper]   Keep redirected STDIN open: 'False'
[2025-04-02 16:56:22Z INFO ProcessInvokerWrapper]   High priority process: 'True'
[2025-04-02 16:56:22Z INFO ProcessInvokerWrapper] Process started with process id 20440, waiting for process exit.
[2025-04-02 16:56:22Z INFO JobDispatcher] Send job request message to worker for job 50c12ae2-ec48-5130-bc97-07dd4841acce.
[2025-04-02 16:56:22Z INFO ProcessChannel] Sending message of length 18881, with hash '393fb62f329c182efa7a8a545c43891c9f1e9cf2f580bad2d64489df2faec966'
[2025-04-02 16:56:23Z INFO JobNotification] Entering JobStarted Notification
[2025-04-02 16:56:23Z INFO JobNotification] Entering StartMonitor
[2025-04-02 16:56:48Z INFO ProcessInvokerWrapper] STDOUT/STDERR stream read finished.
[2025-04-02 16:56:48Z INFO ProcessInvokerWrapper] STDOUT/STDERR stream read finished.
[2025-04-02 16:56:48Z INFO ProcessInvokerWrapper] Finished process 20440 with exit code 100, and elapsed time 00:00:25.6013458.
[2025-04-02 16:56:48Z INFO JobDispatcher] Worker finished for job 50c12ae2-ec48-5130-bc97-07dd4841acce. Code: 100
[2025-04-02 16:56:48Z INFO JobDispatcher] finish job request for job 50c12ae2-ec48-5130-bc97-07dd4841acce with result: Succeeded
[2025-04-02 16:56:48Z INFO Terminal] WRITE LINE: 2025-04-02 16:56:48Z: Job install-pip-deps completed with result: Succeeded
[2025-04-02 16:56:48Z INFO JobDispatcher] Stop renew job request for job 50c12ae2-ec48-5130-bc97-07dd4841acce.
[2025-04-02 16:56:48Z INFO JobDispatcher] job renew has been cancelled, stop renew job 50c12ae2-ec48-5130-bc97-07dd4841acce.
[2025-04-02 16:56:48Z INFO JobNotification] Entering JobCompleted Notification
[2025-04-02 16:56:48Z INFO JobNotification] Entering EndMonitor
[2025-04-02 16:56:48Z INFO MessageListener] Received job status event. JobState: Online
[2025-04-02 16:56:48Z INFO MessageListener] Message '449202821549239215' received from session 'dabf5d51-830a-4fb8-80fc-259d37bba3d1'.
[2025-04-02 16:56:48Z INFO ConfigurationStore] HasCredentials()
[2025-04-02 16:56:48Z INFO ConfigurationStore] stored True
[2025-04-02 16:56:48Z INFO CredentialManager] GetCredentialProvider
[2025-04-02 16:56:48Z INFO CredentialManager] Creating type OAuth
[2025-04-02 16:56:48Z INFO CredentialManager] Creating credential type: OAuth
[2025-04-02 16:56:48Z INFO RSAEncryptedFileKeyManager] Loading RSA key parameters from file C:\Users\vladi\Documents\GitHub\bob\actions-runner\.credentials_rsaparams
[2025-04-02 16:56:48Z INFO RSAEncryptedFileKeyManager] Loading RSA key parameters from file C:\Users\vladi\Documents\GitHub\bob\actions-runner\.credentials_rsaparams
[2025-04-02 16:56:48Z INFO RSAEncryptedFileKeyManager] Loading RSA key parameters from file C:\Users\vladi\Documents\GitHub\bob\actions-runner\.credentials_rsaparams
[2025-04-02 16:56:49Z INFO GitHubActionsService] AAD Correlation ID for this token request: Unknown
[2025-04-02 16:56:50Z INFO JobDispatcher] Job request 0 for plan cc5fad5e-5e55-476b-acf7-c244697d576a job 21972dbf-1eff-5cea-9bd6-c760228981c7 received.
[2025-04-02 16:56:50Z INFO MessageListener] Received job status event. JobState: Busy
[2025-04-02 16:56:50Z INFO MessageListener] _getMessagesTokenSource is already disposed.
[2025-04-02 16:56:50Z INFO JobDispatcher] Job request 50c12ae2-ec48-5130-bc97-07dd4841acce processed succeed.
[2025-04-02 16:56:50Z INFO Terminal] WRITE LINE: 2025-04-02 16:56:50Z: Running job: deploy-to-dev
[2025-04-02 16:56:50Z INFO JobDispatcher] Start renew job request 0 for job 21972dbf-1eff-5cea-9bd6-c760228981c7.
[2025-04-02 16:56:50Z INFO JobDispatcher] Successfully renew job 21972dbf-1eff-5cea-9bd6-c760228981c7, job is valid till 02/04/2025 17:06:49
[2025-04-02 16:56:50Z INFO HostContext] Well known directory 'Bin': 'C:\Users\vladi\Documents\GitHub\bob\actions-runner\bin'
[2025-04-02 16:56:50Z INFO ProcessInvokerWrapper] Starting process:
[2025-04-02 16:56:50Z INFO ProcessInvokerWrapper]   File name: 'C:\Users\vladi\Documents\GitHub\bob\actions-runner\bin\Runner.Worker.exe'
[2025-04-02 16:56:50Z INFO ProcessInvokerWrapper]   Arguments: 'spawnclient 2236 600'
[2025-04-02 16:56:50Z INFO ProcessInvokerWrapper]   Working directory: 'C:\Users\vladi\Documents\GitHub\bob\actions-runner\bin'
[2025-04-02 16:56:50Z INFO ProcessInvokerWrapper]   Require exit code zero: 'False'
[2025-04-02 16:56:50Z INFO ProcessInvokerWrapper]   Encoding web name:  ; code page: ''
[2025-04-02 16:56:50Z INFO ProcessInvokerWrapper]   Force kill process on cancellation: 'True'
[2025-04-02 16:56:50Z INFO ProcessInvokerWrapper]   Redirected STDIN: 'False'
[2025-04-02 16:56:50Z INFO ProcessInvokerWrapper]   Persist current code page: 'False'
[2025-04-02 16:56:50Z INFO ProcessInvokerWrapper]   Keep redirected STDIN open: 'False'
[2025-04-02 16:56:50Z INFO ProcessInvokerWrapper]   High priority process: 'True'
[2025-04-02 16:56:50Z INFO ProcessInvokerWrapper] Process started with process id 15400, waiting for process exit.
[2025-04-02 16:56:50Z INFO JobDispatcher] Send job request message to worker for job 21972dbf-1eff-5cea-9bd6-c760228981c7.
[2025-04-02 16:56:50Z INFO ProcessChannel] Sending message of length 19524, with hash '9afbc0cb784c1df92b99e426fea13bf0b9bdaf01169d43eab9bf0aa35f0d60d9'
[2025-04-02 16:56:51Z INFO JobNotification] Entering JobStarted Notification
[2025-04-02 16:56:51Z INFO JobNotification] Entering StartMonitor
[2025-04-02 16:57:17Z INFO ProcessInvokerWrapper] STDOUT/STDERR stream read finished.
[2025-04-02 16:57:17Z INFO ProcessInvokerWrapper] STDOUT/STDERR stream read finished.
[2025-04-02 16:57:17Z INFO ProcessInvokerWrapper] Finished process 15400 with exit code 102, and elapsed time 00:00:26.8086355.
[2025-04-02 16:57:17Z INFO JobDispatcher] Worker finished for job 21972dbf-1eff-5cea-9bd6-c760228981c7. Code: 102
[2025-04-02 16:57:17Z INFO JobDispatcher] finish job request for job 21972dbf-1eff-5cea-9bd6-c760228981c7 with result: Failed
[2025-04-02 16:57:17Z INFO Terminal] WRITE LINE: 2025-04-02 16:57:17Z: Job deploy-to-dev completed with result: Failed
[2025-04-02 16:57:17Z INFO JobDispatcher] Stop renew job request for job 21972dbf-1eff-5cea-9bd6-c760228981c7.
[2025-04-02 16:57:17Z INFO JobDispatcher] job renew has been cancelled, stop renew job 21972dbf-1eff-5cea-9bd6-c760228981c7.
[2025-04-02 16:57:17Z INFO JobNotification] Entering JobCompleted Notification
[2025-04-02 16:57:17Z INFO JobNotification] Entering EndMonitor
[2025-04-02 16:57:17Z INFO MessageListener] Received job status event. JobState: Online
[2025-04-02 16:57:50Z INFO MessageListener] Message '5104399109761619826' received from session 'dabf5d51-830a-4fb8-80fc-259d37bba3d1'.
[2025-04-02 16:57:50Z INFO ConfigurationStore] HasCredentials()
[2025-04-02 16:57:50Z INFO ConfigurationStore] stored True
[2025-04-02 16:57:50Z INFO CredentialManager] GetCredentialProvider
[2025-04-02 16:57:50Z INFO CredentialManager] Creating type OAuth
[2025-04-02 16:57:50Z INFO CredentialManager] Creating credential type: OAuth
[2025-04-02 16:57:50Z INFO RSAEncryptedFileKeyManager] Loading RSA key parameters from file C:\Users\vladi\Documents\GitHub\bob\actions-runner\.credentials_rsaparams
[2025-04-02 16:57:50Z INFO RSAEncryptedFileKeyManager] Loading RSA key parameters from file C:\Users\vladi\Documents\GitHub\bob\actions-runner\.credentials_rsaparams
[2025-04-02 16:57:50Z INFO RSAEncryptedFileKeyManager] Loading RSA key parameters from file C:\Users\vladi\Documents\GitHub\bob\actions-runner\.credentials_rsaparams
[2025-04-02 16:57:50Z INFO GitHubActionsService] AAD Correlation ID for this token request: Unknown
[2025-04-02 16:57:51Z INFO JobDispatcher] Job request 0 for plan 56747281-0266-4d81-9ae2-d21346f44f87 job 4bbb03a5-babb-5a58-a2a2-e7cc45a8ddd4 received.
[2025-04-02 16:57:51Z INFO MessageListener] Received job status event. JobState: Busy
[2025-04-02 16:57:51Z INFO MessageListener] _getMessagesTokenSource is already disposed.
[2025-04-02 16:57:51Z INFO JobDispatcher] Job request 21972dbf-1eff-5cea-9bd6-c760228981c7 processed succeed.
[2025-04-02 16:57:51Z INFO Terminal] WRITE LINE: 2025-04-02 16:57:51Z: Running job: install-pip-deps
[2025-04-02 16:57:51Z INFO JobDispatcher] Start renew job request 0 for job 4bbb03a5-babb-5a58-a2a2-e7cc45a8ddd4.
[2025-04-02 16:57:52Z INFO JobDispatcher] Successfully renew job 4bbb03a5-babb-5a58-a2a2-e7cc45a8ddd4, job is valid till 02/04/2025 17:07:50
[2025-04-02 16:57:52Z INFO HostContext] Well known directory 'Bin': 'C:\Users\vladi\Documents\GitHub\bob\actions-runner\bin'
[2025-04-02 16:57:52Z INFO ProcessInvokerWrapper] Starting process:
[2025-04-02 16:57:52Z INFO ProcessInvokerWrapper]   File name: 'C:\Users\vladi\Documents\GitHub\bob\actions-runner\bin\Runner.Worker.exe'
[2025-04-02 16:57:52Z INFO ProcessInvokerWrapper]   Arguments: 'spawnclient 2188 1988'
[2025-04-02 16:57:52Z INFO ProcessInvokerWrapper]   Working directory: 'C:\Users\vladi\Documents\GitHub\bob\actions-runner\bin'
[2025-04-02 16:57:52Z INFO ProcessInvokerWrapper]   Require exit code zero: 'False'
[2025-04-02 16:57:52Z INFO ProcessInvokerWrapper]   Encoding web name:  ; code page: ''
[2025-04-02 16:57:52Z INFO ProcessInvokerWrapper]   Force kill process on cancellation: 'True'
[2025-04-02 16:57:52Z INFO ProcessInvokerWrapper]   Redirected STDIN: 'False'
[2025-04-02 16:57:52Z INFO ProcessInvokerWrapper]   Persist current code page: 'False'
[2025-04-02 16:57:52Z INFO ProcessInvokerWrapper]   Keep redirected STDIN open: 'False'
[2025-04-02 16:57:52Z INFO ProcessInvokerWrapper]   High priority process: 'True'
[2025-04-02 16:57:52Z INFO ProcessInvokerWrapper] Process started with process id 20124, waiting for process exit.
[2025-04-02 16:57:52Z INFO JobDispatcher] Send job request message to worker for job 4bbb03a5-babb-5a58-a2a2-e7cc45a8ddd4.
[2025-04-02 16:57:52Z INFO ProcessChannel] Sending message of length 18882, with hash '11a64230f8beea6c004687d91b56bb7b71cb555929e0e210a962269dfb7163b9'
[2025-04-02 16:57:52Z INFO JobNotification] Entering JobStarted Notification
[2025-04-02 16:57:52Z INFO JobNotification] Entering StartMonitor
[2025-04-02 16:58:02Z INFO ProcessInvokerWrapper] STDOUT/STDERR stream read finished.
[2025-04-02 16:58:02Z INFO ProcessInvokerWrapper] STDOUT/STDERR stream read finished.
[2025-04-02 16:58:02Z INFO ProcessInvokerWrapper] Finished process 20124 with exit code 102, and elapsed time 00:00:10.1682138.
[2025-04-02 16:58:02Z INFO JobDispatcher] Worker finished for job 4bbb03a5-babb-5a58-a2a2-e7cc45a8ddd4. Code: 102
[2025-04-02 16:58:02Z INFO JobDispatcher] finish job request for job 4bbb03a5-babb-5a58-a2a2-e7cc45a8ddd4 with result: Failed
[2025-04-02 16:58:02Z INFO Terminal] WRITE LINE: 2025-04-02 16:58:02Z: Job install-pip-deps completed with result: Failed
[2025-04-02 16:58:02Z INFO JobDispatcher] Stop renew job request for job 4bbb03a5-babb-5a58-a2a2-e7cc45a8ddd4.
[2025-04-02 16:58:02Z INFO JobDispatcher] job renew has been cancelled, stop renew job 4bbb03a5-babb-5a58-a2a2-e7cc45a8ddd4.
[2025-04-02 16:58:02Z INFO JobNotification] Entering JobCompleted Notification
[2025-04-02 16:58:02Z INFO JobNotification] Entering EndMonitor
[2025-04-02 16:58:02Z INFO MessageListener] Received job status event. JobState: Online
[2025-04-02 16:58:17Z INFO MessageListener] Message '3028327361816176311' received from session 'dabf5d51-830a-4fb8-80fc-259d37bba3d1'.
[2025-04-02 16:58:17Z INFO ConfigurationStore] HasCredentials()
[2025-04-02 16:58:17Z INFO ConfigurationStore] stored True
[2025-04-02 16:58:17Z INFO CredentialManager] GetCredentialProvider
[2025-04-02 16:58:17Z INFO CredentialManager] Creating type OAuth
[2025-04-02 16:58:17Z INFO CredentialManager] Creating credential type: OAuth
[2025-04-02 16:58:17Z INFO RSAEncryptedFileKeyManager] Loading RSA key parameters from file C:\Users\vladi\Documents\GitHub\bob\actions-runner\.credentials_rsaparams
[2025-04-02 16:58:17Z INFO RSAEncryptedFileKeyManager] Loading RSA key parameters from file C:\Users\vladi\Documents\GitHub\bob\actions-runner\.credentials_rsaparams
[2025-04-02 16:58:17Z INFO RSAEncryptedFileKeyManager] Loading RSA key parameters from file C:\Users\vladi\Documents\GitHub\bob\actions-runner\.credentials_rsaparams
[2025-04-02 16:58:17Z INFO GitHubActionsService] AAD Correlation ID for this token request: Unknown
[2025-04-02 16:58:18Z INFO JobDispatcher] Job request 0 for plan 268c2e61-76ce-4cda-bedd-e1c8b520847c job 7a8b3e00-5508-5ddd-a5a7-59f6c3407f3a received.
[2025-04-02 16:58:18Z INFO MessageListener] Received job status event. JobState: Busy
[2025-04-02 16:58:18Z INFO MessageListener] _getMessagesTokenSource is already disposed.
[2025-04-02 16:58:18Z INFO JobDispatcher] Job request 4bbb03a5-babb-5a58-a2a2-e7cc45a8ddd4 processed succeed.
[2025-04-02 16:58:18Z INFO Terminal] WRITE LINE: 2025-04-02 16:58:18Z: Running job: install-pip-deps
[2025-04-02 16:58:18Z INFO JobDispatcher] Start renew job request 0 for job 7a8b3e00-5508-5ddd-a5a7-59f6c3407f3a.
[2025-04-02 16:58:19Z INFO JobDispatcher] Successfully renew job 7a8b3e00-5508-5ddd-a5a7-59f6c3407f3a, job is valid till 02/04/2025 17:08:17
[2025-04-02 16:58:19Z INFO HostContext] Well known directory 'Bin': 'C:\Users\vladi\Documents\GitHub\bob\actions-runner\bin'
[2025-04-02 16:58:19Z INFO ProcessInvokerWrapper] Starting process:
[2025-04-02 16:58:19Z INFO ProcessInvokerWrapper]   File name: 'C:\Users\vladi\Documents\GitHub\bob\actions-runner\bin\Runner.Worker.exe'
[2025-04-02 16:58:19Z INFO ProcessInvokerWrapper]   Arguments: 'spawnclient 1576 2328'
[2025-04-02 16:58:19Z INFO ProcessInvokerWrapper]   Working directory: 'C:\Users\vladi\Documents\GitHub\bob\actions-runner\bin'
[2025-04-02 16:58:19Z INFO ProcessInvokerWrapper]   Require exit code zero: 'False'
[2025-04-02 16:58:19Z INFO ProcessInvokerWrapper]   Encoding web name:  ; code page: ''
[2025-04-02 16:58:19Z INFO ProcessInvokerWrapper]   Force kill process on cancellation: 'True'
[2025-04-02 16:58:19Z INFO ProcessInvokerWrapper]   Redirected STDIN: 'False'
[2025-04-02 16:58:19Z INFO ProcessInvokerWrapper]   Persist current code page: 'False'
[2025-04-02 16:58:19Z INFO ProcessInvokerWrapper]   Keep redirected STDIN open: 'False'
[2025-04-02 16:58:19Z INFO ProcessInvokerWrapper]   High priority process: 'True'
[2025-04-02 16:58:19Z INFO ProcessInvokerWrapper] Process started with process id 19168, waiting for process exit.
[2025-04-02 16:58:19Z INFO JobDispatcher] Send job request message to worker for job 7a8b3e00-5508-5ddd-a5a7-59f6c3407f3a.
[2025-04-02 16:58:19Z INFO ProcessChannel] Sending message of length 18882, with hash 'abe6f68f368279b728035182483caeb54257bc36d48198dedb85d1b5cb1cfe56'
[2025-04-02 16:58:19Z INFO JobNotification] Entering JobStarted Notification
[2025-04-02 16:58:19Z INFO JobNotification] Entering StartMonitor
[2025-04-02 16:58:28Z INFO ProcessInvokerWrapper] STDOUT/STDERR stream read finished.
[2025-04-02 16:58:28Z INFO ProcessInvokerWrapper] STDOUT/STDERR stream read finished.
[2025-04-02 16:58:28Z INFO ProcessInvokerWrapper] Finished process 19168 with exit code 102, and elapsed time 00:00:08.9077743.
[2025-04-02 16:58:28Z INFO JobDispatcher] Worker finished for job 7a8b3e00-5508-5ddd-a5a7-59f6c3407f3a. Code: 102
[2025-04-02 16:58:28Z INFO JobDispatcher] finish job request for job 7a8b3e00-5508-5ddd-a5a7-59f6c3407f3a with result: Failed
[2025-04-02 16:58:28Z INFO Terminal] WRITE LINE: 2025-04-02 16:58:28Z: Job install-pip-deps completed with result: Failed
[2025-04-02 16:58:28Z INFO JobDispatcher] Stop renew job request for job 7a8b3e00-5508-5ddd-a5a7-59f6c3407f3a.
[2025-04-02 16:58:28Z INFO JobDispatcher] job renew has been cancelled, stop renew job 7a8b3e00-5508-5ddd-a5a7-59f6c3407f3a.
[2025-04-02 16:58:28Z INFO JobNotification] Entering JobCompleted Notification
[2025-04-02 16:58:28Z INFO JobNotification] Entering EndMonitor
[2025-04-02 16:58:28Z INFO MessageListener] Received job status event. JobState: Online
[2025-04-02 16:59:21Z INFO MessageListener] Message '6143690490327317933' received from session 'dabf5d51-830a-4fb8-80fc-259d37bba3d1'.
[2025-04-02 16:59:21Z INFO ConfigurationStore] HasCredentials()
[2025-04-02 16:59:21Z INFO ConfigurationStore] stored True
[2025-04-02 16:59:21Z INFO CredentialManager] GetCredentialProvider
[2025-04-02 16:59:21Z INFO CredentialManager] Creating type OAuth
[2025-04-02 16:59:21Z INFO CredentialManager] Creating credential type: OAuth
[2025-04-02 16:59:21Z INFO RSAEncryptedFileKeyManager] Loading RSA key parameters from file C:\Users\vladi\Documents\GitHub\bob\actions-runner\.credentials_rsaparams
[2025-04-02 16:59:21Z INFO RSAEncryptedFileKeyManager] Loading RSA key parameters from file C:\Users\vladi\Documents\GitHub\bob\actions-runner\.credentials_rsaparams
[2025-04-02 16:59:21Z INFO RSAEncryptedFileKeyManager] Loading RSA key parameters from file C:\Users\vladi\Documents\GitHub\bob\actions-runner\.credentials_rsaparams
[2025-04-02 16:59:22Z INFO GitHubActionsService] AAD Correlation ID for this token request: Unknown
[2025-04-02 16:59:23Z INFO JobDispatcher] Job request 0 for plan d945b22d-87ae-465f-89d6-74a6928b1af9 job c7c1fa63-dd00-5aa5-b075-c4de37554fa4 received.
[2025-04-02 16:59:23Z INFO MessageListener] Received job status event. JobState: Busy
[2025-04-02 16:59:23Z INFO MessageListener] _getMessagesTokenSource is already disposed.
[2025-04-02 16:59:23Z INFO JobDispatcher] Job request 7a8b3e00-5508-5ddd-a5a7-59f6c3407f3a processed succeed.
[2025-04-02 16:59:23Z INFO Terminal] WRITE LINE: 2025-04-02 16:59:23Z: Running job: install-pip-deps
[2025-04-02 16:59:23Z INFO JobDispatcher] Start renew job request 0 for job c7c1fa63-dd00-5aa5-b075-c4de37554fa4.
[2025-04-02 16:59:24Z INFO JobDispatcher] Successfully renew job c7c1fa63-dd00-5aa5-b075-c4de37554fa4, job is valid till 02/04/2025 17:09:22
[2025-04-02 16:59:24Z INFO HostContext] Well known directory 'Bin': 'C:\Users\vladi\Documents\GitHub\bob\actions-runner\bin'
[2025-04-02 16:59:24Z INFO ProcessInvokerWrapper] Starting process:
[2025-04-02 16:59:24Z INFO ProcessInvokerWrapper]   File name: 'C:\Users\vladi\Documents\GitHub\bob\actions-runner\bin\Runner.Worker.exe'
[2025-04-02 16:59:24Z INFO ProcessInvokerWrapper]   Arguments: 'spawnclient 2300 2292'
[2025-04-02 16:59:24Z INFO ProcessInvokerWrapper]   Working directory: 'C:\Users\vladi\Documents\GitHub\bob\actions-runner\bin'
[2025-04-02 16:59:24Z INFO ProcessInvokerWrapper]   Require exit code zero: 'False'
[2025-04-02 16:59:24Z INFO ProcessInvokerWrapper]   Encoding web name:  ; code page: ''
[2025-04-02 16:59:24Z INFO ProcessInvokerWrapper]   Force kill process on cancellation: 'True'
[2025-04-02 16:59:24Z INFO ProcessInvokerWrapper]   Redirected STDIN: 'False'
[2025-04-02 16:59:24Z INFO ProcessInvokerWrapper]   Persist current code page: 'False'
[2025-04-02 16:59:24Z INFO ProcessInvokerWrapper]   Keep redirected STDIN open: 'False'
[2025-04-02 16:59:24Z INFO ProcessInvokerWrapper]   High priority process: 'True'
[2025-04-02 16:59:24Z INFO ProcessInvokerWrapper] Process started with process id 4128, waiting for process exit.
[2025-04-02 16:59:24Z INFO JobDispatcher] Send job request message to worker for job c7c1fa63-dd00-5aa5-b075-c4de37554fa4.
[2025-04-02 16:59:24Z INFO ProcessChannel] Sending message of length 18882, with hash '2b43aa6dda69760f1b75d148c65aebc16200d93c57d0761da74b9b151330b983'
[2025-04-02 16:59:24Z INFO JobNotification] Entering JobStarted Notification
[2025-04-02 16:59:24Z INFO JobNotification] Entering StartMonitor
[2025-04-02 16:59:58Z INFO ProcessInvokerWrapper] STDOUT/STDERR stream read finished.
[2025-04-02 16:59:58Z INFO ProcessInvokerWrapper] STDOUT/STDERR stream read finished.
[2025-04-02 16:59:58Z INFO ProcessInvokerWrapper] Finished process 4128 with exit code 100, and elapsed time 00:00:34.9892148.
[2025-04-02 16:59:58Z INFO JobDispatcher] Worker finished for job c7c1fa63-dd00-5aa5-b075-c4de37554fa4. Code: 100
[2025-04-02 16:59:58Z INFO JobDispatcher] finish job request for job c7c1fa63-dd00-5aa5-b075-c4de37554fa4 with result: Succeeded
[2025-04-02 16:59:58Z INFO Terminal] WRITE LINE: 2025-04-02 16:59:58Z: Job install-pip-deps completed with result: Succeeded
[2025-04-02 16:59:58Z INFO JobDispatcher] Stop renew job request for job c7c1fa63-dd00-5aa5-b075-c4de37554fa4.
[2025-04-02 16:59:58Z INFO JobDispatcher] job renew has been cancelled, stop renew job c7c1fa63-dd00-5aa5-b075-c4de37554fa4.
[2025-04-02 16:59:58Z INFO JobNotification] Entering JobCompleted Notification
[2025-04-02 16:59:58Z INFO JobNotification] Entering EndMonitor
[2025-04-02 16:59:58Z INFO MessageListener] Received job status event. JobState: Online
[2025-04-02 16:59:59Z INFO MessageListener] Message '141360377074451039' received from session 'dabf5d51-830a-4fb8-80fc-259d37bba3d1'.
[2025-04-02 16:59:59Z INFO ConfigurationStore] HasCredentials()
[2025-04-02 16:59:59Z INFO ConfigurationStore] stored True
[2025-04-02 16:59:59Z INFO CredentialManager] GetCredentialProvider
[2025-04-02 16:59:59Z INFO CredentialManager] Creating type OAuth
[2025-04-02 16:59:59Z INFO CredentialManager] Creating credential type: OAuth
[2025-04-02 16:59:59Z INFO RSAEncryptedFileKeyManager] Loading RSA key parameters from file C:\Users\vladi\Documents\GitHub\bob\actions-runner\.credentials_rsaparams
[2025-04-02 16:59:59Z INFO RSAEncryptedFileKeyManager] Loading RSA key parameters from file C:\Users\vladi\Documents\GitHub\bob\actions-runner\.credentials_rsaparams
[2025-04-02 16:59:59Z INFO RSAEncryptedFileKeyManager] Loading RSA key parameters from file C:\Users\vladi\Documents\GitHub\bob\actions-runner\.credentials_rsaparams
[2025-04-02 17:00:00Z INFO GitHubActionsService] AAD Correlation ID for this token request: Unknown
[2025-04-02 17:00:01Z INFO JobDispatcher] Job request 0 for plan d945b22d-87ae-465f-89d6-74a6928b1af9 job 3d82933c-c91c-50b1-84c4-b0000d887769 received.
[2025-04-02 17:00:01Z INFO MessageListener] Received job status event. JobState: Busy
[2025-04-02 17:00:01Z INFO MessageListener] _getMessagesTokenSource is already disposed.
[2025-04-02 17:00:01Z INFO JobDispatcher] Job request c7c1fa63-dd00-5aa5-b075-c4de37554fa4 processed succeed.
[2025-04-02 17:00:01Z INFO Terminal] WRITE LINE: 2025-04-02 17:00:01Z: Running job: deploy-to-dev
[2025-04-02 17:00:01Z INFO JobDispatcher] Start renew job request 0 for job 3d82933c-c91c-50b1-84c4-b0000d887769.
[2025-04-02 17:00:01Z INFO JobDispatcher] Successfully renew job 3d82933c-c91c-50b1-84c4-b0000d887769, job is valid till 02/04/2025 17:10:00
[2025-04-02 17:00:01Z INFO HostContext] Well known directory 'Bin': 'C:\Users\vladi\Documents\GitHub\bob\actions-runner\bin'
[2025-04-02 17:00:01Z INFO ProcessInvokerWrapper] Starting process:
[2025-04-02 17:00:01Z INFO ProcessInvokerWrapper]   File name: 'C:\Users\vladi\Documents\GitHub\bob\actions-runner\bin\Runner.Worker.exe'
[2025-04-02 17:00:01Z INFO ProcessInvokerWrapper]   Arguments: 'spawnclient 2244 1988'
[2025-04-02 17:00:01Z INFO ProcessInvokerWrapper]   Working directory: 'C:\Users\vladi\Documents\GitHub\bob\actions-runner\bin'
[2025-04-02 17:00:01Z INFO ProcessInvokerWrapper]   Require exit code zero: 'False'
[2025-04-02 17:00:01Z INFO ProcessInvokerWrapper]   Encoding web name:  ; code page: ''
[2025-04-02 17:00:01Z INFO ProcessInvokerWrapper]   Force kill process on cancellation: 'True'
[2025-04-02 17:00:01Z INFO ProcessInvokerWrapper]   Redirected STDIN: 'False'
[2025-04-02 17:00:01Z INFO ProcessInvokerWrapper]   Persist current code page: 'False'
[2025-04-02 17:00:01Z INFO ProcessInvokerWrapper]   Keep redirected STDIN open: 'False'
[2025-04-02 17:00:01Z INFO ProcessInvokerWrapper]   High priority process: 'True'
[2025-04-02 17:00:01Z INFO ProcessInvokerWrapper] Process started with process id 18012, waiting for process exit.
[2025-04-02 17:00:01Z INFO JobDispatcher] Send job request message to worker for job 3d82933c-c91c-50b1-84c4-b0000d887769.
[2025-04-02 17:00:01Z INFO ProcessChannel] Sending message of length 19532, with hash '7541769204b02e58a16d0bbeb685d324d75c55786105f6e06f7034df7f7c20b1'
[2025-04-02 17:00:02Z INFO JobNotification] Entering JobStarted Notification
[2025-04-02 17:00:02Z INFO JobNotification] Entering StartMonitor
[2025-04-02 17:00:26Z INFO ProcessInvokerWrapper] STDOUT/STDERR stream read finished.
[2025-04-02 17:00:26Z INFO ProcessInvokerWrapper] STDOUT/STDERR stream read finished.
[2025-04-02 17:00:26Z INFO ProcessInvokerWrapper] Finished process 18012 with exit code 102, and elapsed time 00:00:25.2258573.
[2025-04-02 17:00:26Z INFO JobDispatcher] Worker finished for job 3d82933c-c91c-50b1-84c4-b0000d887769. Code: 102
[2025-04-02 17:00:26Z INFO JobDispatcher] finish job request for job 3d82933c-c91c-50b1-84c4-b0000d887769 with result: Failed
[2025-04-02 17:00:26Z INFO Terminal] WRITE LINE: 2025-04-02 17:00:26Z: Job deploy-to-dev completed with result: Failed
[2025-04-02 17:00:26Z INFO JobDispatcher] Stop renew job request for job 3d82933c-c91c-50b1-84c4-b0000d887769.
[2025-04-02 17:00:26Z INFO JobDispatcher] job renew has been cancelled, stop renew job 3d82933c-c91c-50b1-84c4-b0000d887769.
[2025-04-02 17:00:26Z INFO JobNotification] Entering JobCompleted Notification
[2025-04-02 17:00:26Z INFO JobNotification] Entering EndMonitor
[2025-04-02 17:00:26Z INFO MessageListener] Received job status event. JobState: Online
[2025-04-02 17:01:20Z INFO MessageListener] Message '1081407568544721456' received from session 'dabf5d51-830a-4fb8-80fc-259d37bba3d1'.
[2025-04-02 17:01:20Z INFO ConfigurationStore] HasCredentials()
[2025-04-02 17:01:20Z INFO ConfigurationStore] stored True
[2025-04-02 17:01:20Z INFO CredentialManager] GetCredentialProvider
[2025-04-02 17:01:20Z INFO CredentialManager] Creating type OAuth
[2025-04-02 17:01:20Z INFO CredentialManager] Creating credential type: OAuth
[2025-04-02 17:01:20Z INFO RSAEncryptedFileKeyManager] Loading RSA key parameters from file C:\Users\vladi\Documents\GitHub\bob\actions-runner\.credentials_rsaparams
[2025-04-02 17:01:20Z INFO RSAEncryptedFileKeyManager] Loading RSA key parameters from file C:\Users\vladi\Documents\GitHub\bob\actions-runner\.credentials_rsaparams
[2025-04-02 17:01:20Z INFO RSAEncryptedFileKeyManager] Loading RSA key parameters from file C:\Users\vladi\Documents\GitHub\bob\actions-runner\.credentials_rsaparams
[2025-04-02 17:01:20Z INFO GitHubActionsService] AAD Correlation ID for this token request: Unknown
[2025-04-02 17:01:21Z INFO JobDispatcher] Job request 0 for plan ba42cfb4-6b7d-41c4-b3c4-9e0d9b8bd310 job 26d08e64-95f7-53ce-9481-fa489efc09d3 received.
[2025-04-02 17:01:21Z INFO MessageListener] Received job status event. JobState: Busy
[2025-04-02 17:01:21Z INFO MessageListener] _getMessagesTokenSource is already disposed.
[2025-04-02 17:01:21Z INFO JobDispatcher] Job request 3d82933c-c91c-50b1-84c4-b0000d887769 processed succeed.
[2025-04-02 17:01:21Z INFO Terminal] WRITE LINE: 2025-04-02 17:01:21Z: Running job: install-pip-deps
[2025-04-02 17:01:21Z INFO JobDispatcher] Start renew job request 0 for job 26d08e64-95f7-53ce-9481-fa489efc09d3.
[2025-04-02 17:01:22Z INFO JobDispatcher] Successfully renew job 26d08e64-95f7-53ce-9481-fa489efc09d3, job is valid till 02/04/2025 17:11:20
[2025-04-02 17:01:22Z INFO HostContext] Well known directory 'Bin': 'C:\Users\vladi\Documents\GitHub\bob\actions-runner\bin'
[2025-04-02 17:01:22Z INFO ProcessInvokerWrapper] Starting process:
[2025-04-02 17:01:22Z INFO ProcessInvokerWrapper]   File name: 'C:\Users\vladi\Documents\GitHub\bob\actions-runner\bin\Runner.Worker.exe'
[2025-04-02 17:01:22Z INFO ProcessInvokerWrapper]   Arguments: 'spawnclient 2352 1628'
[2025-04-02 17:01:22Z INFO ProcessInvokerWrapper]   Working directory: 'C:\Users\vladi\Documents\GitHub\bob\actions-runner\bin'
[2025-04-02 17:01:22Z INFO ProcessInvokerWrapper]   Require exit code zero: 'False'
[2025-04-02 17:01:22Z INFO ProcessInvokerWrapper]   Encoding web name:  ; code page: ''
[2025-04-02 17:01:22Z INFO ProcessInvokerWrapper]   Force kill process on cancellation: 'True'
[2025-04-02 17:01:22Z INFO ProcessInvokerWrapper]   Redirected STDIN: 'False'
[2025-04-02 17:01:22Z INFO ProcessInvokerWrapper]   Persist current code page: 'False'
[2025-04-02 17:01:22Z INFO ProcessInvokerWrapper]   Keep redirected STDIN open: 'False'
[2025-04-02 17:01:22Z INFO ProcessInvokerWrapper]   High priority process: 'True'
[2025-04-02 17:01:22Z INFO ProcessInvokerWrapper] Process started with process id 18624, waiting for process exit.
[2025-04-02 17:01:22Z INFO JobDispatcher] Send job request message to worker for job 26d08e64-95f7-53ce-9481-fa489efc09d3.
[2025-04-02 17:01:22Z INFO ProcessChannel] Sending message of length 18882, with hash '75a3b596d501ce2ae0a995fcf5a1807b6682266a30352d85a1f4a0663e07b228'
[2025-04-02 17:01:22Z INFO JobNotification] Entering JobStarted Notification
[2025-04-02 17:01:22Z INFO JobNotification] Entering StartMonitor
[2025-04-02 17:01:47Z INFO ProcessInvokerWrapper] STDOUT/STDERR stream read finished.
[2025-04-02 17:01:47Z INFO ProcessInvokerWrapper] STDOUT/STDERR stream read finished.
[2025-04-02 17:01:47Z INFO ProcessInvokerWrapper] Finished process 18624 with exit code 100, and elapsed time 00:00:25.0852102.
[2025-04-02 17:01:47Z INFO JobDispatcher] Worker finished for job 26d08e64-95f7-53ce-9481-fa489efc09d3. Code: 100
[2025-04-02 17:01:47Z INFO JobDispatcher] finish job request for job 26d08e64-95f7-53ce-9481-fa489efc09d3 with result: Succeeded
[2025-04-02 17:01:47Z INFO Terminal] WRITE LINE: 2025-04-02 17:01:47Z: Job install-pip-deps completed with result: Succeeded
[2025-04-02 17:01:47Z INFO JobDispatcher] Stop renew job request for job 26d08e64-95f7-53ce-9481-fa489efc09d3.
[2025-04-02 17:01:47Z INFO JobDispatcher] job renew has been cancelled, stop renew job 26d08e64-95f7-53ce-9481-fa489efc09d3.
[2025-04-02 17:01:47Z INFO JobNotification] Entering JobCompleted Notification
[2025-04-02 17:01:47Z INFO JobNotification] Entering EndMonitor
[2025-04-02 17:01:47Z INFO MessageListener] Received job status event. JobState: Online
[2025-04-02 17:01:47Z INFO MessageListener] Message '997838509101219087' received from session 'dabf5d51-830a-4fb8-80fc-259d37bba3d1'.
[2025-04-02 17:01:47Z INFO ConfigurationStore] HasCredentials()
[2025-04-02 17:01:47Z INFO ConfigurationStore] stored True
[2025-04-02 17:01:47Z INFO CredentialManager] GetCredentialProvider
[2025-04-02 17:01:47Z INFO CredentialManager] Creating type OAuth
[2025-04-02 17:01:47Z INFO CredentialManager] Creating credential type: OAuth
[2025-04-02 17:01:47Z INFO RSAEncryptedFileKeyManager] Loading RSA key parameters from file C:\Users\vladi\Documents\GitHub\bob\actions-runner\.credentials_rsaparams
[2025-04-02 17:01:47Z INFO RSAEncryptedFileKeyManager] Loading RSA key parameters from file C:\Users\vladi\Documents\GitHub\bob\actions-runner\.credentials_rsaparams
[2025-04-02 17:01:47Z INFO RSAEncryptedFileKeyManager] Loading RSA key parameters from file C:\Users\vladi\Documents\GitHub\bob\actions-runner\.credentials_rsaparams
[2025-04-02 17:01:48Z INFO GitHubActionsService] AAD Correlation ID for this token request: Unknown
[2025-04-02 17:01:49Z INFO JobDispatcher] Job request 0 for plan ba42cfb4-6b7d-41c4-b3c4-9e0d9b8bd310 job bd452fbf-6a3b-50a2-a77c-8195876fd27b received.
[2025-04-02 17:01:49Z INFO MessageListener] Received job status event. JobState: Busy
[2025-04-02 17:01:49Z INFO MessageListener] _getMessagesTokenSource is already disposed.
[2025-04-02 17:01:49Z INFO JobDispatcher] Job request 26d08e64-95f7-53ce-9481-fa489efc09d3 processed succeed.
[2025-04-02 17:01:49Z INFO Terminal] WRITE LINE: 2025-04-02 17:01:49Z: Running job: deploy-to-dev
[2025-04-02 17:01:49Z INFO JobDispatcher] Start renew job request 0 for job bd452fbf-6a3b-50a2-a77c-8195876fd27b.
[2025-04-02 17:01:49Z INFO JobDispatcher] Successfully renew job bd452fbf-6a3b-50a2-a77c-8195876fd27b, job is valid till 02/04/2025 17:11:48
[2025-04-02 17:01:49Z INFO HostContext] Well known directory 'Bin': 'C:\Users\vladi\Documents\GitHub\bob\actions-runner\bin'
[2025-04-02 17:01:49Z INFO ProcessInvokerWrapper] Starting process:
[2025-04-02 17:01:49Z INFO ProcessInvokerWrapper]   File name: 'C:\Users\vladi\Documents\GitHub\bob\actions-runner\bin\Runner.Worker.exe'
[2025-04-02 17:01:49Z INFO ProcessInvokerWrapper]   Arguments: 'spawnclient 1580 2204'
[2025-04-02 17:01:49Z INFO ProcessInvokerWrapper]   Working directory: 'C:\Users\vladi\Documents\GitHub\bob\actions-runner\bin'
[2025-04-02 17:01:49Z INFO ProcessInvokerWrapper]   Require exit code zero: 'False'
[2025-04-02 17:01:49Z INFO ProcessInvokerWrapper]   Encoding web name:  ; code page: ''
[2025-04-02 17:01:49Z INFO ProcessInvokerWrapper]   Force kill process on cancellation: 'True'
[2025-04-02 17:01:49Z INFO ProcessInvokerWrapper]   Redirected STDIN: 'False'
[2025-04-02 17:01:49Z INFO ProcessInvokerWrapper]   Persist current code page: 'False'
[2025-04-02 17:01:49Z INFO ProcessInvokerWrapper]   Keep redirected STDIN open: 'False'
[2025-04-02 17:01:49Z INFO ProcessInvokerWrapper]   High priority process: 'True'
[2025-04-02 17:01:49Z INFO ProcessInvokerWrapper] Process started with process id 2740, waiting for process exit.
[2025-04-02 17:01:49Z INFO JobDispatcher] Send job request message to worker for job bd452fbf-6a3b-50a2-a77c-8195876fd27b.
[2025-04-02 17:01:49Z INFO ProcessChannel] Sending message of length 19532, with hash '5d1f1ab63db6d0c6624620d086812464bbe024c7b063957c54b70b66f951cbba'
[2025-04-02 17:01:50Z INFO JobNotification] Entering JobStarted Notification
[2025-04-02 17:01:50Z INFO JobNotification] Entering StartMonitor
[2025-04-02 17:02:16Z INFO ProcessInvokerWrapper] STDOUT/STDERR stream read finished.
[2025-04-02 17:02:16Z INFO ProcessInvokerWrapper] STDOUT/STDERR stream read finished.
[2025-04-02 17:02:17Z INFO ProcessInvokerWrapper] Finished process 2740 with exit code 102, and elapsed time 00:00:27.4280854.
[2025-04-02 17:02:17Z INFO JobDispatcher] Worker finished for job bd452fbf-6a3b-50a2-a77c-8195876fd27b. Code: 102
[2025-04-02 17:02:17Z INFO JobDispatcher] finish job request for job bd452fbf-6a3b-50a2-a77c-8195876fd27b with result: Failed
[2025-04-02 17:02:17Z INFO Terminal] WRITE LINE: 2025-04-02 17:02:17Z: Job deploy-to-dev completed with result: Failed
[2025-04-02 17:02:17Z INFO JobDispatcher] Stop renew job request for job bd452fbf-6a3b-50a2-a77c-8195876fd27b.
[2025-04-02 17:02:17Z INFO JobDispatcher] job renew has been cancelled, stop renew job bd452fbf-6a3b-50a2-a77c-8195876fd27b.
[2025-04-02 17:02:17Z INFO JobNotification] Entering JobCompleted Notification
[2025-04-02 17:02:17Z INFO JobNotification] Entering EndMonitor
[2025-04-02 17:02:17Z INFO MessageListener] Received job status event. JobState: Online
[2025-04-02 17:04:18Z INFO MessageListener] Message '3807199922269928208' received from session 'dabf5d51-830a-4fb8-80fc-259d37bba3d1'.
[2025-04-02 17:04:18Z INFO ConfigurationStore] HasCredentials()
[2025-04-02 17:04:18Z INFO ConfigurationStore] stored True
[2025-04-02 17:04:18Z INFO CredentialManager] GetCredentialProvider
[2025-04-02 17:04:18Z INFO CredentialManager] Creating type OAuth
[2025-04-02 17:04:18Z INFO CredentialManager] Creating credential type: OAuth
[2025-04-02 17:04:18Z INFO RSAEncryptedFileKeyManager] Loading RSA key parameters from file C:\Users\vladi\Documents\GitHub\bob\actions-runner\.credentials_rsaparams
[2025-04-02 17:04:18Z INFO RSAEncryptedFileKeyManager] Loading RSA key parameters from file C:\Users\vladi\Documents\GitHub\bob\actions-runner\.credentials_rsaparams
[2025-04-02 17:04:18Z INFO RSAEncryptedFileKeyManager] Loading RSA key parameters from file C:\Users\vladi\Documents\GitHub\bob\actions-runner\.credentials_rsaparams
[2025-04-02 17:04:18Z INFO GitHubActionsService] AAD Correlation ID for this token request: Unknown
[2025-04-02 17:04:19Z INFO JobDispatcher] Job request 0 for plan c67ef31e-2c0a-43b6-a0c0-6fda4595ca9f job 19eb34f2-ab4c-5368-a141-727dca8dd51b received.
[2025-04-02 17:04:19Z INFO MessageListener] Received job status event. JobState: Busy
[2025-04-02 17:04:19Z INFO MessageListener] _getMessagesTokenSource is already disposed.
[2025-04-02 17:04:19Z INFO JobDispatcher] Job request bd452fbf-6a3b-50a2-a77c-8195876fd27b processed succeed.
[2025-04-02 17:04:19Z INFO Terminal] WRITE LINE: 2025-04-02 17:04:19Z: Running job: install-pip-deps
[2025-04-02 17:04:19Z INFO JobDispatcher] Start renew job request 0 for job 19eb34f2-ab4c-5368-a141-727dca8dd51b.
[2025-04-02 17:04:20Z INFO JobDispatcher] Successfully renew job 19eb34f2-ab4c-5368-a141-727dca8dd51b, job is valid till 02/04/2025 17:14:18
[2025-04-02 17:04:20Z INFO HostContext] Well known directory 'Bin': 'C:\Users\vladi\Documents\GitHub\bob\actions-runner\bin'
[2025-04-02 17:04:20Z INFO ProcessInvokerWrapper] Starting process:
[2025-04-02 17:04:20Z INFO ProcessInvokerWrapper]   File name: 'C:\Users\vladi\Documents\GitHub\bob\actions-runner\bin\Runner.Worker.exe'
[2025-04-02 17:04:20Z INFO ProcessInvokerWrapper]   Arguments: 'spawnclient 1332 2364'
[2025-04-02 17:04:20Z INFO ProcessInvokerWrapper]   Working directory: 'C:\Users\vladi\Documents\GitHub\bob\actions-runner\bin'
[2025-04-02 17:04:20Z INFO ProcessInvokerWrapper]   Require exit code zero: 'False'
[2025-04-02 17:04:20Z INFO ProcessInvokerWrapper]   Encoding web name:  ; code page: ''
[2025-04-02 17:04:20Z INFO ProcessInvokerWrapper]   Force kill process on cancellation: 'True'
[2025-04-02 17:04:20Z INFO ProcessInvokerWrapper]   Redirected STDIN: 'False'
[2025-04-02 17:04:20Z INFO ProcessInvokerWrapper]   Persist current code page: 'False'
[2025-04-02 17:04:20Z INFO ProcessInvokerWrapper]   Keep redirected STDIN open: 'False'
[2025-04-02 17:04:20Z INFO ProcessInvokerWrapper]   High priority process: 'True'
[2025-04-02 17:04:20Z INFO ProcessInvokerWrapper] Process started with process id 6924, waiting for process exit.
[2025-04-02 17:04:20Z INFO JobDispatcher] Send job request message to worker for job 19eb34f2-ab4c-5368-a141-727dca8dd51b.
[2025-04-02 17:04:20Z INFO ProcessChannel] Sending message of length 18882, with hash '673862eccb58388b5cb0df3e1ce7d98f17b3e06f3f88b7cd67c79248415d8fe1'
[2025-04-02 17:04:20Z INFO JobNotification] Entering JobStarted Notification
[2025-04-02 17:04:20Z INFO JobNotification] Entering StartMonitor
[2025-04-02 17:04:46Z INFO ProcessInvokerWrapper] STDOUT/STDERR stream read finished.
[2025-04-02 17:04:46Z INFO ProcessInvokerWrapper] STDOUT/STDERR stream read finished.
[2025-04-02 17:04:46Z INFO ProcessInvokerWrapper] Finished process 6924 with exit code 100, and elapsed time 00:00:25.8748544.
[2025-04-02 17:04:46Z INFO JobDispatcher] Worker finished for job 19eb34f2-ab4c-5368-a141-727dca8dd51b. Code: 100
[2025-04-02 17:04:46Z INFO JobDispatcher] finish job request for job 19eb34f2-ab4c-5368-a141-727dca8dd51b with result: Succeeded
[2025-04-02 17:04:46Z INFO Terminal] WRITE LINE: 2025-04-02 17:04:46Z: Job install-pip-deps completed with result: Succeeded
[2025-04-02 17:04:46Z INFO JobDispatcher] Stop renew job request for job 19eb34f2-ab4c-5368-a141-727dca8dd51b.
[2025-04-02 17:04:46Z INFO JobDispatcher] job renew has been cancelled, stop renew job 19eb34f2-ab4c-5368-a141-727dca8dd51b.
[2025-04-02 17:04:46Z INFO JobNotification] Entering JobCompleted Notification
[2025-04-02 17:04:46Z INFO JobNotification] Entering EndMonitor
[2025-04-02 17:04:46Z INFO MessageListener] Received job status event. JobState: Online
[2025-04-02 17:04:46Z INFO MessageListener] Message '2653300556441764615' received from session 'dabf5d51-830a-4fb8-80fc-259d37bba3d1'.
[2025-04-02 17:04:46Z INFO ConfigurationStore] HasCredentials()
[2025-04-02 17:04:46Z INFO ConfigurationStore] stored True
[2025-04-02 17:04:46Z INFO CredentialManager] GetCredentialProvider
[2025-04-02 17:04:46Z INFO CredentialManager] Creating type OAuth
[2025-04-02 17:04:46Z INFO CredentialManager] Creating credential type: OAuth
[2025-04-02 17:04:46Z INFO RSAEncryptedFileKeyManager] Loading RSA key parameters from file C:\Users\vladi\Documents\GitHub\bob\actions-runner\.credentials_rsaparams
[2025-04-02 17:04:46Z INFO RSAEncryptedFileKeyManager] Loading RSA key parameters from file C:\Users\vladi\Documents\GitHub\bob\actions-runner\.credentials_rsaparams
[2025-04-02 17:04:46Z INFO RSAEncryptedFileKeyManager] Loading RSA key parameters from file C:\Users\vladi\Documents\GitHub\bob\actions-runner\.credentials_rsaparams
[2025-04-02 17:04:47Z INFO GitHubActionsService] AAD Correlation ID for this token request: Unknown
[2025-04-02 17:04:48Z INFO JobDispatcher] Job request 0 for plan c67ef31e-2c0a-43b6-a0c0-6fda4595ca9f job 1c487b04-84da-5c55-892d-68d0be8d1795 received.
[2025-04-02 17:04:48Z INFO MessageListener] Received job status event. JobState: Busy
[2025-04-02 17:04:48Z INFO MessageListener] _getMessagesTokenSource is already disposed.
[2025-04-02 17:04:48Z INFO JobDispatcher] Job request 19eb34f2-ab4c-5368-a141-727dca8dd51b processed succeed.
[2025-04-02 17:04:48Z INFO Terminal] WRITE LINE: 2025-04-02 17:04:48Z: Running job: deploy-to-dev
[2025-04-02 17:04:48Z INFO JobDispatcher] Start renew job request 0 for job 1c487b04-84da-5c55-892d-68d0be8d1795.
[2025-04-02 17:04:48Z INFO JobDispatcher] Successfully renew job 1c487b04-84da-5c55-892d-68d0be8d1795, job is valid till 02/04/2025 17:14:47
[2025-04-02 17:04:48Z INFO HostContext] Well known directory 'Bin': 'C:\Users\vladi\Documents\GitHub\bob\actions-runner\bin'
[2025-04-02 17:04:48Z INFO ProcessInvokerWrapper] Starting process:
[2025-04-02 17:04:48Z INFO ProcessInvokerWrapper]   File name: 'C:\Users\vladi\Documents\GitHub\bob\actions-runner\bin\Runner.Worker.exe'
[2025-04-02 17:04:48Z INFO ProcessInvokerWrapper]   Arguments: 'spawnclient 2512 2524'
[2025-04-02 17:04:48Z INFO ProcessInvokerWrapper]   Working directory: 'C:\Users\vladi\Documents\GitHub\bob\actions-runner\bin'
[2025-04-02 17:04:48Z INFO ProcessInvokerWrapper]   Require exit code zero: 'False'
[2025-04-02 17:04:48Z INFO ProcessInvokerWrapper]   Encoding web name:  ; code page: ''
[2025-04-02 17:04:48Z INFO ProcessInvokerWrapper]   Force kill process on cancellation: 'True'
[2025-04-02 17:04:48Z INFO ProcessInvokerWrapper]   Redirected STDIN: 'False'
[2025-04-02 17:04:48Z INFO ProcessInvokerWrapper]   Persist current code page: 'False'
[2025-04-02 17:04:48Z INFO ProcessInvokerWrapper]   Keep redirected STDIN open: 'False'
[2025-04-02 17:04:48Z INFO ProcessInvokerWrapper]   High priority process: 'True'
[2025-04-02 17:04:48Z INFO ProcessInvokerWrapper] Process started with process id 16780, waiting for process exit.
[2025-04-02 17:04:48Z INFO JobDispatcher] Send job request message to worker for job 1c487b04-84da-5c55-892d-68d0be8d1795.
[2025-04-02 17:04:48Z INFO ProcessChannel] Sending message of length 19521, with hash '6bb00736c2ceb86fe5f3fcf4d650a06e04bfc3592e98f579249924a0fc93f2fc'
[2025-04-02 17:04:48Z INFO JobNotification] Entering JobStarted Notification
[2025-04-02 17:04:48Z INFO JobNotification] Entering StartMonitor
[2025-04-02 17:05:14Z INFO ProcessInvokerWrapper] STDOUT/STDERR stream read finished.
[2025-04-02 17:05:14Z INFO ProcessInvokerWrapper] STDOUT/STDERR stream read finished.
[2025-04-02 17:05:14Z INFO ProcessInvokerWrapper] Finished process 16780 with exit code 102, and elapsed time 00:00:25.5203915.
[2025-04-02 17:05:14Z INFO JobDispatcher] Worker finished for job 1c487b04-84da-5c55-892d-68d0be8d1795. Code: 102
[2025-04-02 17:05:14Z INFO JobDispatcher] finish job request for job 1c487b04-84da-5c55-892d-68d0be8d1795 with result: Failed
[2025-04-02 17:05:14Z INFO Terminal] WRITE LINE: 2025-04-02 17:05:14Z: Job deploy-to-dev completed with result: Failed
[2025-04-02 17:05:14Z INFO JobDispatcher] Stop renew job request for job 1c487b04-84da-5c55-892d-68d0be8d1795.
[2025-04-02 17:05:14Z INFO JobDispatcher] job renew has been cancelled, stop renew job 1c487b04-84da-5c55-892d-68d0be8d1795.
[2025-04-02 17:05:14Z INFO JobNotification] Entering JobCompleted Notification
[2025-04-02 17:05:14Z INFO JobNotification] Entering EndMonitor
[2025-04-02 17:05:14Z INFO MessageListener] Received job status event. JobState: Online
[2025-04-02 17:09:10Z INFO HostContext] Runner will be shutdown for UserCancelled
[2025-04-02 17:09:10Z WARN GitHubActionsService] GET request to https://broker.actions.githubusercontent.com/message?sessionId=dabf5d51-830a-4fb8-80fc-259d37bba3d1&status=Online&runnerVersion=2.323.0&os=Windows&architecture=X64&disableUpdate=false has been cancelled.
[2025-04-02 17:09:10Z ERR  BrokerServer] Catch exception during request
[2025-04-02 17:09:10Z ERR  BrokerServer] System.Threading.Tasks.TaskCanceledException: The operation was canceled.
 ---> System.Threading.Tasks.TaskCanceledException: The operation was canceled.
 ---> System.IO.IOException: Unable to read data from the transport connection: The I/O operation has been aborted because of either a thread exit or an application request..
 ---> System.Net.Sockets.SocketException (995): The I/O operation has been aborted because of either a thread exit or an application request.
   --- End of inner exception stack trace ---
   at System.Net.Sockets.Socket.AwaitableSocketAsyncEventArgs.System.Threading.Tasks.Sources.IValueTaskSource<System.Int32>.GetResult(Int16 token)
   at System.Net.Security.SslStream.EnsureFullTlsFrameAsync[TIOAdapter](CancellationToken cancellationToken, Int32 estimatedSize)
   at System.Runtime.CompilerServices.PoolingAsyncValueTaskMethodBuilder`1.StateMachineBox`1.System.Threading.Tasks.Sources.IValueTaskSource<TResult>.GetResult(Int16 token)
   at System.Net.Security.SslStream.ReadAsyncInternal[TIOAdapter](Memory`1 buffer, CancellationToken cancellationToken)
   at System.Runtime.CompilerServices.PoolingAsyncValueTaskMethodBuilder`1.StateMachineBox`1.System.Threading.Tasks.Sources.IValueTaskSource<TResult>.GetResult(Int16 token)
   at System.Net.Http.HttpConnection.SendAsync(HttpRequestMessage request, Boolean async, CancellationToken cancellationToken)
   --- End of inner exception stack trace ---
   at System.Net.Http.HttpConnection.SendAsync(HttpRequestMessage request, Boolean async, CancellationToken cancellationToken)
   at System.Net.Http.AuthenticationHelper.SendWithNtAuthAsync(HttpRequestMessage request, Uri authUri, Boolean async, ICredentials credentials, Boolean isProxyAuth, HttpConnection connection, HttpConnectionPool connectionPool, CancellationToken cancellationToken)
   at System.Net.Http.HttpConnectionPool.SendWithVersionDetectionAndRetryAsync(HttpRequestMessage request, Boolean async, Boolean doRequestAuth, CancellationToken cancellationToken)
   at System.Net.Http.AuthenticationHelper.SendWithAuthAsync(HttpRequestMessage request, Uri authUri, Boolean async, ICredentials credentials, Boolean preAuthenticate, Boolean isProxyAuth, Boolean doRequestAuth, HttpConnectionPool pool, CancellationToken cancellationToken)
   at System.Net.Http.RedirectHandler.SendAsync(HttpRequestMessage request, Boolean async, CancellationToken cancellationToken)
   at GitHub.Services.Common.RawHttpMessageHandler.SendAsync(HttpRequestMessage request, CancellationToken cancellationToken)
   at GitHub.Services.Common.VssHttpRetryMessageHandler.SendAsync(HttpRequestMessage request, CancellationToken cancellationToken)
   at System.Net.Http.HttpClient.<SendAsync>g__Core|83_0(HttpRequestMessage request, HttpCompletionOption completionOption, CancellationTokenSource cts, Boolean disposeCts, CancellationTokenSource pendingRequestsCts, CancellationToken originalCancellationToken)
   --- End of inner exception stack trace ---
   at System.Net.Http.HttpClient.HandleFailure(Exception e, Boolean telemetryStarted, HttpResponseMessage response, CancellationTokenSource cts, CancellationToken cancellationToken, CancellationTokenSource pendingRequestsCts)
   at System.Net.Http.HttpClient.<SendAsync>g__Core|83_0(HttpRequestMessage request, HttpCompletionOption completionOption, CancellationTokenSource cts, Boolean disposeCts, CancellationTokenSource pendingRequestsCts, CancellationToken originalCancellationToken)
   at Sdk.WebApi.WebApi.RawHttpClientBase.SendAsync(HttpRequestMessage message, HttpCompletionOption completionOption, Object userState, CancellationToken cancellationToken)
   at Sdk.WebApi.WebApi.RawHttpClientBase.SendAsync[T](HttpRequestMessage message, Boolean readErrorBody, Object userState, CancellationToken cancellationToken)
   at Sdk.WebApi.WebApi.RawHttpClientBase.SendAsync[T](HttpMethod method, IEnumerable`1 additionalHeaders, Uri requestUri, HttpContent content, IEnumerable`1 queryParameters, Boolean readErrorBody, Object userState, CancellationToken cancellationToken)
   at GitHub.Actions.RunService.WebApi.BrokerHttpClient.GetRunnerMessageAsync(Nullable`1 sessionId, String runnerVersion, Nullable`1 status, String os, String architecture, Nullable`1 disableUpdate, CancellationToken cancellationToken)
   at GitHub.Runner.Common.BrokerServer.<>c__DisplayClass7_0.<<GetRunnerMessageAsync>b__0>d.MoveNext()
--- End of stack trace from previous location ---
   at GitHub.Runner.Common.RunnerService.RetryRequest[T](Func`1 func, CancellationToken cancellationToken, Int32 maxRetryAttemptsCount, Func`2 shouldRetry)
[2025-04-02 17:09:10Z ERR  BrokerServer] #####################################################
[2025-04-02 17:09:10Z ERR  BrokerServer] System.Threading.Tasks.TaskCanceledException: The operation was canceled.
 ---> System.IO.IOException: Unable to read data from the transport connection: The I/O operation has been aborted because of either a thread exit or an application request..
 ---> System.Net.Sockets.SocketException (995): The I/O operation has been aborted because of either a thread exit or an application request.
   --- End of inner exception stack trace ---
   at System.Net.Sockets.Socket.AwaitableSocketAsyncEventArgs.System.Threading.Tasks.Sources.IValueTaskSource<System.Int32>.GetResult(Int16 token)
   at System.Net.Security.SslStream.EnsureFullTlsFrameAsync[TIOAdapter](CancellationToken cancellationToken, Int32 estimatedSize)
   at System.Runtime.CompilerServices.PoolingAsyncValueTaskMethodBuilder`1.StateMachineBox`1.System.Threading.Tasks.Sources.IValueTaskSource<TResult>.GetResult(Int16 token)
   at System.Net.Security.SslStream.ReadAsyncInternal[TIOAdapter](Memory`1 buffer, CancellationToken cancellationToken)
   at System.Runtime.CompilerServices.PoolingAsyncValueTaskMethodBuilder`1.StateMachineBox`1.System.Threading.Tasks.Sources.IValueTaskSource<TResult>.GetResult(Int16 token)
   at System.Net.Http.HttpConnection.SendAsync(HttpRequestMessage request, Boolean async, CancellationToken cancellationToken)
   --- End of inner exception stack trace ---
   at System.Net.Http.HttpConnection.SendAsync(HttpRequestMessage request, Boolean async, CancellationToken cancellationToken)
   at System.Net.Http.AuthenticationHelper.SendWithNtAuthAsync(HttpRequestMessage request, Uri authUri, Boolean async, ICredentials credentials, Boolean isProxyAuth, HttpConnection connection, HttpConnectionPool connectionPool, CancellationToken cancellationToken)
   at System.Net.Http.HttpConnectionPool.SendWithVersionDetectionAndRetryAsync(HttpRequestMessage request, Boolean async, Boolean doRequestAuth, CancellationToken cancellationToken)
   at System.Net.Http.AuthenticationHelper.SendWithAuthAsync(HttpRequestMessage request, Uri authUri, Boolean async, ICredentials credentials, Boolean preAuthenticate, Boolean isProxyAuth, Boolean doRequestAuth, HttpConnectionPool pool, CancellationToken cancellationToken)
   at System.Net.Http.RedirectHandler.SendAsync(HttpRequestMessage request, Boolean async, CancellationToken cancellationToken)
   at GitHub.Services.Common.RawHttpMessageHandler.SendAsync(HttpRequestMessage request, CancellationToken cancellationToken)
   at GitHub.Services.Common.VssHttpRetryMessageHandler.SendAsync(HttpRequestMessage request, CancellationToken cancellationToken)
   at System.Net.Http.HttpClient.<SendAsync>g__Core|83_0(HttpRequestMessage request, HttpCompletionOption completionOption, CancellationTokenSource cts, Boolean disposeCts, CancellationTokenSource pendingRequestsCts, CancellationToken originalCancellationToken)
[2025-04-02 17:09:10Z ERR  BrokerServer] #####################################################
[2025-04-02 17:09:10Z ERR  BrokerServer] System.IO.IOException: Unable to read data from the transport connection: The I/O operation has been aborted because of either a thread exit or an application request..
 ---> System.Net.Sockets.SocketException (995): The I/O operation has been aborted because of either a thread exit or an application request.
   --- End of inner exception stack trace ---
   at System.Net.Sockets.Socket.AwaitableSocketAsyncEventArgs.System.Threading.Tasks.Sources.IValueTaskSource<System.Int32>.GetResult(Int16 token)
   at System.Net.Security.SslStream.EnsureFullTlsFrameAsync[TIOAdapter](CancellationToken cancellationToken, Int32 estimatedSize)
   at System.Runtime.CompilerServices.PoolingAsyncValueTaskMethodBuilder`1.StateMachineBox`1.System.Threading.Tasks.Sources.IValueTaskSource<TResult>.GetResult(Int16 token)
   at System.Net.Security.SslStream.ReadAsyncInternal[TIOAdapter](Memory`1 buffer, CancellationToken cancellationToken)
   at System.Runtime.CompilerServices.PoolingAsyncValueTaskMethodBuilder`1.StateMachineBox`1.System.Threading.Tasks.Sources.IValueTaskSource<TResult>.GetResult(Int16 token)
   at System.Net.Http.HttpConnection.SendAsync(HttpRequestMessage request, Boolean async, CancellationToken cancellationToken)
[2025-04-02 17:09:10Z ERR  BrokerServer] #####################################################
[2025-04-02 17:09:10Z ERR  BrokerServer] System.Net.Sockets.SocketException (995): The I/O operation has been aborted because of either a thread exit or an application request.
[2025-04-02 17:09:10Z WARN BrokerServer] Back off 6.178 seconds before next retry. 4 attempt left.
[2025-04-02 17:09:10Z INFO MessageListener] Get next message has been cancelled.
[2025-04-02 17:09:10Z INFO JobDispatcher] Shutting down JobDispatcher. Make sure all WorkerDispatcher has finished.
[2025-04-02 17:09:10Z INFO JobDispatcher] Ensure WorkerDispatcher for job 1c487b04-84da-5c55-892d-68d0be8d1795 run to finish, cancel any running job.
[2025-04-02 17:09:10Z INFO JobDispatcher] Job request 1c487b04-84da-5c55-892d-68d0be8d1795 processed succeed.
[2025-04-02 17:09:10Z INFO Runner] Deleting Runner Session...
[2025-04-02 17:09:10Z INFO Listener] Runner execution been cancelled.
