[2025-04-02 12:30:52Z INFO HostContext] No proxy settings were found based on environmental variables (http_proxy/https_proxy/HTTP_PROXY/HTTPS_PROXY)
[2025-04-02 12:30:52Z INFO HostContext] Well known directory 'Bin': 'C:\Users\vladi\Documents\GitHub\bob\actions-runner\bin'
[2025-04-02 12:30:52Z INFO HostContext] Well known directory 'Root': 'C:\Users\vladi\Documents\GitHub\bob\actions-runner'
[2025-04-02 12:30:52Z INFO HostContext] Well known config file 'Credentials': 'C:\Users\vladi\Documents\GitHub\bob\actions-runner\.credentials'
[2025-04-02 12:30:52Z INFO HostContext] Well known directory 'Bin': 'C:\Users\vladi\Documents\GitHub\bob\actions-runner\bin'
[2025-04-02 12:30:52Z INFO HostContext] Well known directory 'Root': 'C:\Users\vladi\Documents\GitHub\bob\actions-runner'
[2025-04-02 12:30:52Z INFO HostContext] Well known config file 'Runner': 'C:\Users\vladi\Documents\GitHub\bob\actions-runner\.runner'
[2025-04-02 12:30:52Z INFO Listener] Runner is built for Windows (X64) - win-x64.
[2025-04-02 12:30:52Z INFO Listener] RuntimeInformation: Microsoft Windows 10.0.19045.
[2025-04-02 12:30:52Z INFO Listener] Version: 2.323.0
[2025-04-02 12:30:52Z INFO Listener] Commit: d8b82f44a9ec0258904d5869ae683c31d5aac299
[2025-04-02 12:30:52Z INFO Listener] Culture: en-GB
[2025-04-02 12:30:52Z INFO Listener] UI Culture: en-GB
[2025-04-02 12:30:52Z INFO HostContext] Well known directory 'Bin': 'C:\Users\vladi\Documents\GitHub\bob\actions-runner\bin'
[2025-04-02 12:30:52Z INFO HostContext] Well known directory 'Root': 'C:\Users\vladi\Documents\GitHub\bob\actions-runner'
[2025-04-02 12:30:52Z INFO Listener] Validating directory permissions for: 'C:\Users\vladi\Documents\GitHub\bob\actions-runner'
[2025-04-02 12:30:52Z INFO CommandLineParser] Parse
[2025-04-02 12:30:52Z INFO CommandLineParser] Parsing 1 args
[2025-04-02 12:30:52Z INFO CommandLineParser] parsing argument
[2025-04-02 12:30:52Z INFO CommandLineParser] HasArgs: False
[2025-04-02 12:30:52Z INFO CommandLineParser] Adding Command: run
[2025-04-02 12:30:52Z INFO Listener] Arguments parsed
[2025-04-02 12:30:53Z INFO Runner] ExecuteCommand
[2025-04-02 12:30:53Z INFO ConfigurationStore] currentAssemblyLocation: C:\Users\vladi\Documents\GitHub\bob\actions-runner\bin\Runner.Listener.dll
[2025-04-02 12:30:53Z INFO HostContext] Well known directory 'Bin': 'C:\Users\vladi\Documents\GitHub\bob\actions-runner\bin'
[2025-04-02 12:30:53Z INFO ConfigurationStore] binPath: C:\Users\vladi\Documents\GitHub\bob\actions-runner\bin
[2025-04-02 12:30:53Z INFO HostContext] Well known directory 'Bin': 'C:\Users\vladi\Documents\GitHub\bob\actions-runner\bin'
[2025-04-02 12:30:53Z INFO HostContext] Well known directory 'Root': 'C:\Users\vladi\Documents\GitHub\bob\actions-runner'
[2025-04-02 12:30:53Z INFO ConfigurationStore] RootFolder: C:\Users\vladi\Documents\GitHub\bob\actions-runner
[2025-04-02 12:30:53Z INFO HostContext] Well known directory 'Bin': 'C:\Users\vladi\Documents\GitHub\bob\actions-runner\bin'
[2025-04-02 12:30:53Z INFO HostContext] Well known directory 'Root': 'C:\Users\vladi\Documents\GitHub\bob\actions-runner'
[2025-04-02 12:30:53Z INFO HostContext] Well known config file 'Runner': 'C:\Users\vladi\Documents\GitHub\bob\actions-runner\.runner'
[2025-04-02 12:30:53Z INFO ConfigurationStore] ConfigFilePath: C:\Users\vladi\Documents\GitHub\bob\actions-runner\.runner
[2025-04-02 12:30:53Z INFO HostContext] Well known directory 'Bin': 'C:\Users\vladi\Documents\GitHub\bob\actions-runner\bin'
[2025-04-02 12:30:53Z INFO HostContext] Well known directory 'Root': 'C:\Users\vladi\Documents\GitHub\bob\actions-runner'
[2025-04-02 12:30:53Z INFO HostContext] Well known config file 'MigratedRunner': 'C:\Users\vladi\Documents\GitHub\bob\actions-runner\.runner_migrated'
[2025-04-02 12:30:53Z INFO ConfigurationStore] MigratedConfigFilePath: C:\Users\vladi\Documents\GitHub\bob\actions-runner\.runner_migrated
[2025-04-02 12:30:53Z INFO HostContext] Well known directory 'Bin': 'C:\Users\vladi\Documents\GitHub\bob\actions-runner\bin'
[2025-04-02 12:30:53Z INFO HostContext] Well known directory 'Root': 'C:\Users\vladi\Documents\GitHub\bob\actions-runner'
[2025-04-02 12:30:53Z INFO HostContext] Well known config file 'Credentials': 'C:\Users\vladi\Documents\GitHub\bob\actions-runner\.credentials'
[2025-04-02 12:30:53Z INFO ConfigurationStore] CredFilePath: C:\Users\vladi\Documents\GitHub\bob\actions-runner\.credentials
[2025-04-02 12:30:53Z INFO HostContext] Well known directory 'Bin': 'C:\Users\vladi\Documents\GitHub\bob\actions-runner\bin'
[2025-04-02 12:30:53Z INFO HostContext] Well known directory 'Root': 'C:\Users\vladi\Documents\GitHub\bob\actions-runner'
[2025-04-02 12:30:53Z INFO HostContext] Well known config file 'MigratedCredentials': 'C:\Users\vladi\Documents\GitHub\bob\actions-runner\.credentials_migrated'
[2025-04-02 12:30:53Z INFO ConfigurationStore] MigratedCredFilePath: C:\Users\vladi\Documents\GitHub\bob\actions-runner\.credentials_migrated
[2025-04-02 12:30:53Z INFO HostContext] Well known directory 'Bin': 'C:\Users\vladi\Documents\GitHub\bob\actions-runner\bin'
[2025-04-02 12:30:53Z INFO HostContext] Well known directory 'Root': 'C:\Users\vladi\Documents\GitHub\bob\actions-runner'
[2025-04-02 12:30:53Z INFO HostContext] Well known config file 'Service': 'C:\Users\vladi\Documents\GitHub\bob\actions-runner\.service'
[2025-04-02 12:30:53Z INFO ConfigurationStore] ServiceConfigFilePath: C:\Users\vladi\Documents\GitHub\bob\actions-runner\.service
[2025-04-02 12:30:53Z INFO CommandSettings] Flag 'help': 'False'
[2025-04-02 12:30:53Z INFO CommandSettings] Flag 'version': 'False'
[2025-04-02 12:30:53Z INFO CommandSettings] Flag 'commit': 'False'
[2025-04-02 12:30:53Z INFO CommandSettings] Flag 'check': 'False'
[2025-04-02 12:30:53Z INFO CommandSettings] Command 'configure': 'False'
[2025-04-02 12:30:53Z INFO CommandSettings] Command 'remove': 'False'
[2025-04-02 12:30:53Z INFO CommandSettings] Command 'warmup': 'False'
[2025-04-02 12:30:53Z INFO ConfigurationManager] LoadSettings
[2025-04-02 12:30:53Z INFO ConfigurationStore] IsConfigured()
[2025-04-02 12:30:53Z INFO ConfigurationStore] IsConfigured: True
[2025-04-02 12:30:53Z INFO ConfigurationManager] Is configured: True
[2025-04-02 12:30:53Z INFO ConfigurationStore] Read setting file: 293 chars
[2025-04-02 12:30:53Z INFO ConfigurationManager] Settings Loaded
[2025-04-02 12:30:53Z INFO ConfigurationStore] IsServiceConfigured()
[2025-04-02 12:30:53Z INFO ConfigurationStore] IsServiceConfigured: False
[2025-04-02 12:30:53Z INFO CommandSettings] Command 'run': 'True'
[2025-04-02 12:30:53Z INFO ConfigurationStore] IsConfigured()
[2025-04-02 12:30:53Z INFO ConfigurationStore] IsConfigured: True
[2025-04-02 12:30:53Z INFO ConfigurationManager] Is configured: True
[2025-04-02 12:30:53Z INFO Runner] Could not parse the argument value '' for StartupType. Defaulting to Manual
[2025-04-02 12:30:53Z INFO Runner] Set runner startup type - Manual
[2025-04-02 12:30:53Z INFO CommandSettings] Flag 'once': 'False'
[2025-04-02 12:30:53Z INFO CommandSettings] Flag 'once': 'False'
[2025-04-02 12:30:53Z INFO Runner] RunAsync
[2025-04-02 12:30:53Z INFO ConfigurationManager] LoadSettings
[2025-04-02 12:30:53Z INFO ConfigurationStore] IsConfigured()
[2025-04-02 12:30:53Z INFO ConfigurationStore] IsConfigured: True
[2025-04-02 12:30:53Z INFO ConfigurationManager] Is configured: True
[2025-04-02 12:30:53Z INFO ConfigurationManager] Settings Loaded
[2025-04-02 12:30:53Z INFO MessageListener] {
  "AgentId": 22,
  "AgentName": "bobs",
  "PoolId": 1,
  "PoolName": "Default",
  "ServerUrl": "https://pipelinesghubeus10.actions.githubusercontent.com/h5c7vwOkcZCfReMtYahw11SJdlk2lSAMfnNmAt52iITzib6AAT/",
  "GitHubUrl": "https://github.com/vladxdboi/bob",
  "WorkFolder": "_work"
}
[2025-04-02 12:30:53Z INFO MessageListener] Loading Credentials
[2025-04-02 12:30:53Z INFO ConfigurationStore] HasCredentials()
[2025-04-02 12:30:53Z INFO ConfigurationStore] stored True
[2025-04-02 12:30:53Z INFO CredentialManager] GetCredentialProvider
[2025-04-02 12:30:53Z INFO CredentialManager] Creating type OAuth
[2025-04-02 12:30:53Z INFO CredentialManager] Creating credential type: OAuth
[2025-04-02 12:30:53Z INFO HostContext] Well known directory 'Bin': 'C:\Users\vladi\Documents\GitHub\bob\actions-runner\bin'
[2025-04-02 12:30:53Z INFO HostContext] Well known directory 'Root': 'C:\Users\vladi\Documents\GitHub\bob\actions-runner'
[2025-04-02 12:30:53Z INFO HostContext] Well known config file 'RSACredentials': 'C:\Users\vladi\Documents\GitHub\bob\actions-runner\.credentials_rsaparams'
[2025-04-02 12:30:53Z INFO RSAEncryptedFileKeyManager] Loading RSA key parameters from file C:\Users\vladi\Documents\GitHub\bob\actions-runner\.credentials_rsaparams
[2025-04-02 12:30:53Z INFO MessageListener] Attempt to create session.
[2025-04-02 12:30:53Z INFO MessageListener] Connecting to the Runner Server...
[2025-04-02 12:30:53Z INFO RunnerServer] EstablishVssConnection
[2025-04-02 12:30:53Z INFO RunnerServer] Establish connection with 100 seconds timeout.
[2025-04-02 12:30:53Z INFO GitHubActionsService] Starting operation Location.GetConnectionData
[2025-04-02 12:30:53Z INFO RunnerServer] EstablishVssConnection
[2025-04-02 12:30:53Z INFO RunnerServer] Establish connection with 60 seconds timeout.
[2025-04-02 12:30:53Z INFO GitHubActionsService] Starting operation Location.GetConnectionData
[2025-04-02 12:30:53Z INFO RunnerServer] EstablishVssConnection
[2025-04-02 12:30:53Z INFO RunnerServer] Establish connection with 60 seconds timeout.
[2025-04-02 12:30:53Z INFO GitHubActionsService] Starting operation Location.GetConnectionData
[2025-04-02 12:30:53Z INFO GitHubActionsService] Finished operation Location.GetConnectionData
[2025-04-02 12:30:53Z INFO GitHubActionsService] Finished operation Location.GetConnectionData
[2025-04-02 12:30:53Z INFO GitHubActionsService] Finished operation Location.GetConnectionData
[2025-04-02 12:30:53Z INFO MessageListener] VssConnection created
[2025-04-02 12:30:53Z INFO Terminal] WRITE LINE: 
[2025-04-02 12:30:53Z INFO Terminal] WRITE LINE: 
[2025-04-02 12:30:53Z INFO RSAEncryptedFileKeyManager] Loading RSA key parameters from file C:\Users\vladi\Documents\GitHub\bob\actions-runner\.credentials_rsaparams
[2025-04-02 12:30:53Z INFO RSAEncryptedFileKeyManager] Loading RSA key parameters from file C:\Users\vladi\Documents\GitHub\bob\actions-runner\.credentials_rsaparams
[2025-04-02 12:30:54Z INFO GitHubActionsService] AAD Correlation ID for this token request: Unknown
[2025-04-02 12:30:54Z INFO MessageListener] Session created.
[2025-04-02 12:30:54Z INFO Terminal] WRITE LINE: Current runner version: '2.323.0'
[2025-04-02 12:30:54Z INFO Terminal] WRITE LINE: 2025-04-02 12:30:54Z: Listening for Jobs
[2025-04-02 12:30:54Z INFO JobDispatcher] Set runner/worker IPC timeout to 30 seconds.
[2025-04-02 12:30:54Z INFO RSAEncryptedFileKeyManager] Loading RSA key parameters from file C:\Users\vladi\Documents\GitHub\bob\actions-runner\.credentials_rsaparams
[2025-04-02 12:30:55Z INFO GitHubActionsService] AAD Correlation ID for this token request: Unknown
[2025-04-02 12:30:56Z INFO MessageListener] Message '6361393054009689039' received from session '46a15616-e515-4ae3-8da3-9541d1a67077'.
[2025-04-02 12:30:56Z INFO ConfigurationStore] HasCredentials()
[2025-04-02 12:30:56Z INFO ConfigurationStore] stored True
[2025-04-02 12:30:56Z INFO CredentialManager] GetCredentialProvider
[2025-04-02 12:30:56Z INFO CredentialManager] Creating type OAuth
[2025-04-02 12:30:56Z INFO CredentialManager] Creating credential type: OAuth
[2025-04-02 12:30:56Z INFO RSAEncryptedFileKeyManager] Loading RSA key parameters from file C:\Users\vladi\Documents\GitHub\bob\actions-runner\.credentials_rsaparams
[2025-04-02 12:30:56Z INFO RSAEncryptedFileKeyManager] Loading RSA key parameters from file C:\Users\vladi\Documents\GitHub\bob\actions-runner\.credentials_rsaparams
[2025-04-02 12:30:56Z INFO RSAEncryptedFileKeyManager] Loading RSA key parameters from file C:\Users\vladi\Documents\GitHub\bob\actions-runner\.credentials_rsaparams
[2025-04-02 12:30:56Z INFO GitHubActionsService] AAD Correlation ID for this token request: Unknown
[2025-04-02 12:30:58Z INFO JobDispatcher] Job request 0 for plan 299ad87c-fa1a-4165-a608-e3718daa0e67 job 83811444-589c-512a-a226-f80da05a4149 received.
[2025-04-02 12:30:58Z INFO MessageListener] Received job status event. JobState: Busy
[2025-04-02 12:30:58Z INFO MessageListener] _getMessagesTokenSource is already disposed.
[2025-04-02 12:30:58Z INFO Terminal] WRITE LINE: 2025-04-02 12:30:58Z: Running job: install-pip-deps
[2025-04-02 12:30:58Z INFO JobDispatcher] Start renew job request 0 for job 83811444-589c-512a-a226-f80da05a4149.
[2025-04-02 12:30:58Z INFO JobDispatcher] Successfully renew job 83811444-589c-512a-a226-f80da05a4149, job is valid till 02/04/2025 12:40:57
[2025-04-02 12:30:58Z INFO HostContext] Well known directory 'Bin': 'C:\Users\vladi\Documents\GitHub\bob\actions-runner\bin'
[2025-04-02 12:30:58Z INFO ProcessInvokerWrapper] Starting process:
[2025-04-02 12:30:58Z INFO ProcessInvokerWrapper]   File name: 'C:\Users\vladi\Documents\GitHub\bob\actions-runner\bin\Runner.Worker.exe'
[2025-04-02 12:30:58Z INFO ProcessInvokerWrapper]   Arguments: 'spawnclient 2204 2216'
[2025-04-02 12:30:58Z INFO ProcessInvokerWrapper]   Working directory: 'C:\Users\vladi\Documents\GitHub\bob\actions-runner\bin'
[2025-04-02 12:30:58Z INFO ProcessInvokerWrapper]   Require exit code zero: 'False'
[2025-04-02 12:30:58Z INFO ProcessInvokerWrapper]   Encoding web name:  ; code page: ''
[2025-04-02 12:30:58Z INFO ProcessInvokerWrapper]   Force kill process on cancellation: 'True'
[2025-04-02 12:30:58Z INFO ProcessInvokerWrapper]   Redirected STDIN: 'False'
[2025-04-02 12:30:58Z INFO ProcessInvokerWrapper]   Persist current code page: 'False'
[2025-04-02 12:30:58Z INFO ProcessInvokerWrapper]   Keep redirected STDIN open: 'False'
[2025-04-02 12:30:58Z INFO ProcessInvokerWrapper]   High priority process: 'True'
[2025-04-02 12:30:58Z INFO ProcessInvokerWrapper] Process started with process id 13616, waiting for process exit.
[2025-04-02 12:30:58Z INFO JobDispatcher] Send job request message to worker for job 83811444-589c-512a-a226-f80da05a4149.
[2025-04-02 12:30:58Z INFO ProcessChannel] Sending message of length 18878, with hash '637f9c31020503a86870ef120977d86b9c8026b9fc8583f0b46ab80a61680ef3'
[2025-04-02 12:30:58Z INFO JobNotification] Entering JobStarted Notification
[2025-04-02 12:30:58Z INFO JobNotification] Entering StartMonitor
[2025-04-02 12:30:59Z INFO MessageListener] Message '9195900363420647414' received from session '46a15616-e515-4ae3-8da3-9541d1a67077'.
[2025-04-02 12:30:59Z INFO JobDispatcher] Job cancellation request 83811444-589c-512a-a226-f80da05a4149 received, cancellation timeout 5 minutes.
[2025-04-02 12:30:59Z INFO JobDispatcher] Send job cancellation message to worker for job 83811444-589c-512a-a226-f80da05a4149.
[2025-04-02 12:30:59Z INFO ProcessChannel] Sending message of length 0, with hash 'e3b0c44298fc1c149afbf4c8996fb92427ae41e4649b934ca495991b7852b855'
[2025-04-02 12:31:02Z INFO ProcessInvokerWrapper] STDOUT/STDERR stream read finished.
[2025-04-02 12:31:02Z INFO ProcessInvokerWrapper] STDOUT/STDERR stream read finished.
[2025-04-02 12:31:02Z INFO ProcessInvokerWrapper] Finished process 13616 with exit code 103, and elapsed time 00:00:04.3578701.
[2025-04-02 12:31:02Z INFO JobDispatcher] finish job request for job 83811444-589c-512a-a226-f80da05a4149 with result: Canceled
[2025-04-02 12:31:02Z INFO Terminal] WRITE LINE: 2025-04-02 12:31:02Z: Job install-pip-deps completed with result: Canceled
[2025-04-02 12:31:02Z INFO JobDispatcher] Stop renew job request for job 83811444-589c-512a-a226-f80da05a4149.
[2025-04-02 12:31:02Z INFO JobDispatcher] job renew has been cancelled, stop renew job 83811444-589c-512a-a226-f80da05a4149.
[2025-04-02 12:31:02Z INFO JobNotification] Entering JobCompleted Notification
[2025-04-02 12:31:02Z INFO JobNotification] Entering EndMonitor
[2025-04-02 12:31:02Z INFO MessageListener] Received job status event. JobState: Online
[2025-04-02 12:31:10Z INFO MessageListener] Message '5712073958465964451' received from session '46a15616-e515-4ae3-8da3-9541d1a67077'.
[2025-04-02 12:31:10Z INFO ConfigurationStore] HasCredentials()
[2025-04-02 12:31:10Z INFO ConfigurationStore] stored True
[2025-04-02 12:31:10Z INFO CredentialManager] GetCredentialProvider
[2025-04-02 12:31:10Z INFO CredentialManager] Creating type OAuth
[2025-04-02 12:31:10Z INFO CredentialManager] Creating credential type: OAuth
[2025-04-02 12:31:10Z INFO RSAEncryptedFileKeyManager] Loading RSA key parameters from file C:\Users\vladi\Documents\GitHub\bob\actions-runner\.credentials_rsaparams
[2025-04-02 12:31:10Z INFO RSAEncryptedFileKeyManager] Loading RSA key parameters from file C:\Users\vladi\Documents\GitHub\bob\actions-runner\.credentials_rsaparams
[2025-04-02 12:31:10Z INFO RSAEncryptedFileKeyManager] Loading RSA key parameters from file C:\Users\vladi\Documents\GitHub\bob\actions-runner\.credentials_rsaparams
[2025-04-02 12:31:10Z INFO GitHubActionsService] AAD Correlation ID for this token request: Unknown
[2025-04-02 12:31:11Z INFO JobDispatcher] Job request 0 for plan 688e7338-0641-41b6-a4a1-b8b2a15b18e2 job 0196f29c-b2a4-5f3e-ac91-99766ae3fcbc received.
[2025-04-02 12:31:11Z INFO MessageListener] Received job status event. JobState: Busy
[2025-04-02 12:31:11Z INFO MessageListener] _getMessagesTokenSource is already disposed.
[2025-04-02 12:31:11Z INFO JobDispatcher] Job request 83811444-589c-512a-a226-f80da05a4149 processed succeed.
[2025-04-02 12:31:11Z INFO Terminal] WRITE LINE: 2025-04-02 12:31:11Z: Running job: install-pip-deps
[2025-04-02 12:31:11Z INFO JobDispatcher] Start renew job request 0 for job 0196f29c-b2a4-5f3e-ac91-99766ae3fcbc.
[2025-04-02 12:31:12Z INFO JobDispatcher] Successfully renew job 0196f29c-b2a4-5f3e-ac91-99766ae3fcbc, job is valid till 02/04/2025 12:41:11
[2025-04-02 12:31:12Z INFO HostContext] Well known directory 'Bin': 'C:\Users\vladi\Documents\GitHub\bob\actions-runner\bin'
[2025-04-02 12:31:12Z INFO ProcessInvokerWrapper] Starting process:
[2025-04-02 12:31:12Z INFO ProcessInvokerWrapper]   File name: 'C:\Users\vladi\Documents\GitHub\bob\actions-runner\bin\Runner.Worker.exe'
[2025-04-02 12:31:12Z INFO ProcessInvokerWrapper]   Arguments: 'spawnclient 2316 2328'
[2025-04-02 12:31:12Z INFO ProcessInvokerWrapper]   Working directory: 'C:\Users\vladi\Documents\GitHub\bob\actions-runner\bin'
[2025-04-02 12:31:12Z INFO ProcessInvokerWrapper]   Require exit code zero: 'False'
[2025-04-02 12:31:12Z INFO ProcessInvokerWrapper]   Encoding web name:  ; code page: ''
[2025-04-02 12:31:12Z INFO ProcessInvokerWrapper]   Force kill process on cancellation: 'True'
[2025-04-02 12:31:12Z INFO ProcessInvokerWrapper]   Redirected STDIN: 'False'
[2025-04-02 12:31:12Z INFO ProcessInvokerWrapper]   Persist current code page: 'False'
[2025-04-02 12:31:12Z INFO ProcessInvokerWrapper]   Keep redirected STDIN open: 'False'
[2025-04-02 12:31:12Z INFO ProcessInvokerWrapper]   High priority process: 'True'
[2025-04-02 12:31:12Z INFO ProcessInvokerWrapper] Process started with process id 9276, waiting for process exit.
[2025-04-02 12:31:12Z INFO JobDispatcher] Send job request message to worker for job 0196f29c-b2a4-5f3e-ac91-99766ae3fcbc.
[2025-04-02 12:31:12Z INFO ProcessChannel] Sending message of length 18879, with hash '125fa60ccfe08dc42fc237fabc1841d3cb8afbb2c38b2f47ba0466fb4af0c4ba'
[2025-04-02 12:31:12Z INFO JobNotification] Entering JobStarted Notification
[2025-04-02 12:31:12Z INFO JobNotification] Entering StartMonitor
[2025-04-02 12:31:55Z INFO ProcessInvokerWrapper] STDOUT/STDERR stream read finished.
[2025-04-02 12:31:55Z INFO ProcessInvokerWrapper] STDOUT/STDERR stream read finished.
[2025-04-02 12:31:55Z INFO ProcessInvokerWrapper] Finished process 9276 with exit code 102, and elapsed time 00:00:43.0825180.
[2025-04-02 12:31:55Z INFO JobDispatcher] Worker finished for job 0196f29c-b2a4-5f3e-ac91-99766ae3fcbc. Code: 102
[2025-04-02 12:31:55Z INFO JobDispatcher] finish job request for job 0196f29c-b2a4-5f3e-ac91-99766ae3fcbc with result: Failed
[2025-04-02 12:31:55Z INFO Terminal] WRITE LINE: 2025-04-02 12:31:55Z: Job install-pip-deps completed with result: Failed
[2025-04-02 12:31:55Z INFO JobDispatcher] Stop renew job request for job 0196f29c-b2a4-5f3e-ac91-99766ae3fcbc.
[2025-04-02 12:31:55Z INFO JobDispatcher] job renew has been cancelled, stop renew job 0196f29c-b2a4-5f3e-ac91-99766ae3fcbc.
[2025-04-02 12:31:55Z INFO JobNotification] Entering JobCompleted Notification
[2025-04-02 12:31:55Z INFO JobNotification] Entering EndMonitor
[2025-04-02 12:31:55Z INFO MessageListener] Received job status event. JobState: Online
[2025-04-02 12:37:05Z INFO MessageListener] Message '584857903849901604' received from session '46a15616-e515-4ae3-8da3-9541d1a67077'.
[2025-04-02 12:37:05Z INFO ConfigurationStore] HasCredentials()
[2025-04-02 12:37:05Z INFO ConfigurationStore] stored True
[2025-04-02 12:37:05Z INFO CredentialManager] GetCredentialProvider
[2025-04-02 12:37:05Z INFO CredentialManager] Creating type OAuth
[2025-04-02 12:37:05Z INFO CredentialManager] Creating credential type: OAuth
[2025-04-02 12:37:05Z INFO RSAEncryptedFileKeyManager] Loading RSA key parameters from file C:\Users\vladi\Documents\GitHub\bob\actions-runner\.credentials_rsaparams
[2025-04-02 12:37:05Z INFO RSAEncryptedFileKeyManager] Loading RSA key parameters from file C:\Users\vladi\Documents\GitHub\bob\actions-runner\.credentials_rsaparams
[2025-04-02 12:37:05Z INFO RSAEncryptedFileKeyManager] Loading RSA key parameters from file C:\Users\vladi\Documents\GitHub\bob\actions-runner\.credentials_rsaparams
[2025-04-02 12:37:05Z INFO GitHubActionsService] AAD Correlation ID for this token request: Unknown
[2025-04-02 12:37:06Z INFO JobDispatcher] Job request 0 for plan 4bef19e1-3944-4ba7-9b41-0144f8d5a544 job 4e8e019d-3bdd-5954-9a20-0ac02d4f41a1 received.
[2025-04-02 12:37:06Z INFO MessageListener] Received job status event. JobState: Busy
[2025-04-02 12:37:06Z INFO MessageListener] _getMessagesTokenSource is already disposed.
[2025-04-02 12:37:06Z INFO JobDispatcher] Job request 0196f29c-b2a4-5f3e-ac91-99766ae3fcbc processed succeed.
[2025-04-02 12:37:06Z INFO Terminal] WRITE LINE: 2025-04-02 12:37:06Z: Running job: install-pip-deps
[2025-04-02 12:37:06Z INFO JobDispatcher] Start renew job request 0 for job 4e8e019d-3bdd-5954-9a20-0ac02d4f41a1.
[2025-04-02 12:37:07Z INFO JobDispatcher] Successfully renew job 4e8e019d-3bdd-5954-9a20-0ac02d4f41a1, job is valid till 02/04/2025 12:47:06
[2025-04-02 12:37:07Z INFO HostContext] Well known directory 'Bin': 'C:\Users\vladi\Documents\GitHub\bob\actions-runner\bin'
[2025-04-02 12:37:07Z INFO ProcessInvokerWrapper] Starting process:
[2025-04-02 12:37:07Z INFO ProcessInvokerWrapper]   File name: 'C:\Users\vladi\Documents\GitHub\bob\actions-runner\bin\Runner.Worker.exe'
[2025-04-02 12:37:07Z INFO ProcessInvokerWrapper]   Arguments: 'spawnclient 1564 1568'
[2025-04-02 12:37:07Z INFO ProcessInvokerWrapper]   Working directory: 'C:\Users\vladi\Documents\GitHub\bob\actions-runner\bin'
[2025-04-02 12:37:07Z INFO ProcessInvokerWrapper]   Require exit code zero: 'False'
[2025-04-02 12:37:07Z INFO ProcessInvokerWrapper]   Encoding web name:  ; code page: ''
[2025-04-02 12:37:07Z INFO ProcessInvokerWrapper]   Force kill process on cancellation: 'True'
[2025-04-02 12:37:07Z INFO ProcessInvokerWrapper]   Redirected STDIN: 'False'
[2025-04-02 12:37:07Z INFO ProcessInvokerWrapper]   Persist current code page: 'False'
[2025-04-02 12:37:07Z INFO ProcessInvokerWrapper]   Keep redirected STDIN open: 'False'
[2025-04-02 12:37:07Z INFO ProcessInvokerWrapper]   High priority process: 'True'
[2025-04-02 12:37:07Z INFO ProcessInvokerWrapper] Process started with process id 9372, waiting for process exit.
[2025-04-02 12:37:07Z INFO JobDispatcher] Send job request message to worker for job 4e8e019d-3bdd-5954-9a20-0ac02d4f41a1.
[2025-04-02 12:37:07Z INFO ProcessChannel] Sending message of length 18879, with hash '6943342d67c52c5e5548f69f2cbe3e95c760954f1f0f07a900db5d43fe9147bb'
[2025-04-02 12:37:07Z INFO JobNotification] Entering JobStarted Notification
[2025-04-02 12:37:07Z INFO JobNotification] Entering StartMonitor
[2025-04-02 12:37:39Z INFO ProcessInvokerWrapper] STDOUT/STDERR stream read finished.
[2025-04-02 12:37:39Z INFO ProcessInvokerWrapper] STDOUT/STDERR stream read finished.
[2025-04-02 12:37:39Z INFO ProcessInvokerWrapper] Finished process 9372 with exit code 102, and elapsed time 00:00:32.4211324.
[2025-04-02 12:37:39Z INFO JobDispatcher] Worker finished for job 4e8e019d-3bdd-5954-9a20-0ac02d4f41a1. Code: 102
[2025-04-02 12:37:39Z INFO JobDispatcher] finish job request for job 4e8e019d-3bdd-5954-9a20-0ac02d4f41a1 with result: Failed
[2025-04-02 12:37:39Z INFO Terminal] WRITE LINE: 2025-04-02 12:37:39Z: Job install-pip-deps completed with result: Failed
[2025-04-02 12:37:39Z INFO JobDispatcher] Stop renew job request for job 4e8e019d-3bdd-5954-9a20-0ac02d4f41a1.
[2025-04-02 12:37:39Z INFO JobDispatcher] job renew has been cancelled, stop renew job 4e8e019d-3bdd-5954-9a20-0ac02d4f41a1.
[2025-04-02 12:37:39Z INFO JobNotification] Entering JobCompleted Notification
[2025-04-02 12:37:39Z INFO JobNotification] Entering EndMonitor
[2025-04-02 12:37:39Z INFO MessageListener] Received job status event. JobState: Online
[2025-04-02 12:38:19Z INFO HostContext] Runner will be shutdown for UserCancelled
[2025-04-02 12:38:19Z WARN GitHubActionsService] GET request to https://broker.actions.githubusercontent.com/message?sessionId=46a15616-e515-4ae3-8da3-9541d1a67077&status=Online&runnerVersion=2.323.0&os=Windows&architecture=X64&disableUpdate=false has been cancelled.
[2025-04-02 12:38:19Z ERR  BrokerServer] Catch exception during request
[2025-04-02 12:38:19Z ERR  BrokerServer] System.Threading.Tasks.TaskCanceledException: The operation was canceled.
 ---> System.Threading.Tasks.TaskCanceledException: The operation was canceled.
 ---> System.IO.IOException: Unable to read data from the transport connection: The I/O operation has been aborted because of either a thread exit or an application request..
 ---> System.Net.Sockets.SocketException (995): The I/O operation has been aborted because of either a thread exit or an application request.
   --- End of inner exception stack trace ---
   at System.Net.Sockets.Socket.AwaitableSocketAsyncEventArgs.System.Threading.Tasks.Sources.IValueTaskSource<System.Int32>.GetResult(Int16 token)
   at System.Net.Security.SslStream.EnsureFullTlsFrameAsync[TIOAdapter](CancellationToken cancellationToken, Int32 estimatedSize)
   at System.Runtime.CompilerServices.PoolingAsyncValueTaskMethodBuilder`1.StateMachineBox`1.System.Threading.Tasks.Sources.IValueTaskSource<TResult>.GetResult(Int16 token)
   at System.Net.Security.SslStream.ReadAsyncInternal[TIOAdapter](Memory`1 buffer, CancellationToken cancellationToken)
   at System.Runtime.CompilerServices.PoolingAsyncValueTaskMethodBuilder`1.StateMachineBox`1.System.Threading.Tasks.Sources.IValueTaskSource<TResult>.GetResult(Int16 token)
   at System.Net.Http.HttpConnection.SendAsync(HttpRequestMessage request, Boolean async, CancellationToken cancellationToken)
   --- End of inner exception stack trace ---
   at System.Net.Http.HttpConnection.SendAsync(HttpRequestMessage request, Boolean async, CancellationToken cancellationToken)
   at System.Net.Http.AuthenticationHelper.SendWithNtAuthAsync(HttpRequestMessage request, Uri authUri, Boolean async, ICredentials credentials, Boolean isProxyAuth, HttpConnection connection, HttpConnectionPool connectionPool, CancellationToken cancellationToken)
   at System.Net.Http.HttpConnectionPool.SendWithVersionDetectionAndRetryAsync(HttpRequestMessage request, Boolean async, Boolean doRequestAuth, CancellationToken cancellationToken)
   at System.Net.Http.AuthenticationHelper.SendWithAuthAsync(HttpRequestMessage request, Uri authUri, Boolean async, ICredentials credentials, Boolean preAuthenticate, Boolean isProxyAuth, Boolean doRequestAuth, HttpConnectionPool pool, CancellationToken cancellationToken)
   at System.Net.Http.RedirectHandler.SendAsync(HttpRequestMessage request, Boolean async, CancellationToken cancellationToken)
   at GitHub.Services.Common.RawHttpMessageHandler.SendAsync(HttpRequestMessage request, CancellationToken cancellationToken)
   at GitHub.Services.Common.VssHttpRetryMessageHandler.SendAsync(HttpRequestMessage request, CancellationToken cancellationToken)
   at System.Net.Http.HttpClient.<SendAsync>g__Core|83_0(HttpRequestMessage request, HttpCompletionOption completionOption, CancellationTokenSource cts, Boolean disposeCts, CancellationTokenSource pendingRequestsCts, CancellationToken originalCancellationToken)
   --- End of inner exception stack trace ---
   at System.Net.Http.HttpClient.HandleFailure(Exception e, Boolean telemetryStarted, HttpResponseMessage response, CancellationTokenSource cts, CancellationToken cancellationToken, CancellationTokenSource pendingRequestsCts)
   at System.Net.Http.HttpClient.<SendAsync>g__Core|83_0(HttpRequestMessage request, HttpCompletionOption completionOption, CancellationTokenSource cts, Boolean disposeCts, CancellationTokenSource pendingRequestsCts, CancellationToken originalCancellationToken)
   at Sdk.WebApi.WebApi.RawHttpClientBase.SendAsync(HttpRequestMessage message, HttpCompletionOption completionOption, Object userState, CancellationToken cancellationToken)
   at Sdk.WebApi.WebApi.RawHttpClientBase.SendAsync[T](HttpRequestMessage message, Boolean readErrorBody, Object userState, CancellationToken cancellationToken)
   at Sdk.WebApi.WebApi.RawHttpClientBase.SendAsync[T](HttpMethod method, IEnumerable`1 additionalHeaders, Uri requestUri, HttpContent content, IEnumerable`1 queryParameters, Boolean readErrorBody, Object userState, CancellationToken cancellationToken)
   at GitHub.Actions.RunService.WebApi.BrokerHttpClient.GetRunnerMessageAsync(Nullable`1 sessionId, String runnerVersion, Nullable`1 status, String os, String architecture, Nullable`1 disableUpdate, CancellationToken cancellationToken)
   at GitHub.Runner.Common.BrokerServer.<>c__DisplayClass7_0.<<GetRunnerMessageAsync>b__0>d.MoveNext()
--- End of stack trace from previous location ---
   at GitHub.Runner.Common.RunnerService.RetryRequest[T](Func`1 func, CancellationToken cancellationToken, Int32 maxRetryAttemptsCount, Func`2 shouldRetry)
[2025-04-02 12:38:19Z ERR  BrokerServer] #####################################################
[2025-04-02 12:38:19Z ERR  BrokerServer] System.Threading.Tasks.TaskCanceledException: The operation was canceled.
 ---> System.IO.IOException: Unable to read data from the transport connection: The I/O operation has been aborted because of either a thread exit or an application request..
 ---> System.Net.Sockets.SocketException (995): The I/O operation has been aborted because of either a thread exit or an application request.
   --- End of inner exception stack trace ---
   at System.Net.Sockets.Socket.AwaitableSocketAsyncEventArgs.System.Threading.Tasks.Sources.IValueTaskSource<System.Int32>.GetResult(Int16 token)
   at System.Net.Security.SslStream.EnsureFullTlsFrameAsync[TIOAdapter](CancellationToken cancellationToken, Int32 estimatedSize)
   at System.Runtime.CompilerServices.PoolingAsyncValueTaskMethodBuilder`1.StateMachineBox`1.System.Threading.Tasks.Sources.IValueTaskSource<TResult>.GetResult(Int16 token)
   at System.Net.Security.SslStream.ReadAsyncInternal[TIOAdapter](Memory`1 buffer, CancellationToken cancellationToken)
   at System.Runtime.CompilerServices.PoolingAsyncValueTaskMethodBuilder`1.StateMachineBox`1.System.Threading.Tasks.Sources.IValueTaskSource<TResult>.GetResult(Int16 token)
   at System.Net.Http.HttpConnection.SendAsync(HttpRequestMessage request, Boolean async, CancellationToken cancellationToken)
   --- End of inner exception stack trace ---
   at System.Net.Http.HttpConnection.SendAsync(HttpRequestMessage request, Boolean async, CancellationToken cancellationToken)
   at System.Net.Http.AuthenticationHelper.SendWithNtAuthAsync(HttpRequestMessage request, Uri authUri, Boolean async, ICredentials credentials, Boolean isProxyAuth, HttpConnection connection, HttpConnectionPool connectionPool, CancellationToken cancellationToken)
   at System.Net.Http.HttpConnectionPool.SendWithVersionDetectionAndRetryAsync(HttpRequestMessage request, Boolean async, Boolean doRequestAuth, CancellationToken cancellationToken)
   at System.Net.Http.AuthenticationHelper.SendWithAuthAsync(HttpRequestMessage request, Uri authUri, Boolean async, ICredentials credentials, Boolean preAuthenticate, Boolean isProxyAuth, Boolean doRequestAuth, HttpConnectionPool pool, CancellationToken cancellationToken)
   at System.Net.Http.RedirectHandler.SendAsync(HttpRequestMessage request, Boolean async, CancellationToken cancellationToken)
   at GitHub.Services.Common.RawHttpMessageHandler.SendAsync(HttpRequestMessage request, CancellationToken cancellationToken)
   at GitHub.Services.Common.VssHttpRetryMessageHandler.SendAsync(HttpRequestMessage request, CancellationToken cancellationToken)
   at System.Net.Http.HttpClient.<SendAsync>g__Core|83_0(HttpRequestMessage request, HttpCompletionOption completionOption, CancellationTokenSource cts, Boolean disposeCts, CancellationTokenSource pendingRequestsCts, CancellationToken originalCancellationToken)
[2025-04-02 12:38:19Z ERR  BrokerServer] #####################################################
[2025-04-02 12:38:19Z ERR  BrokerServer] System.IO.IOException: Unable to read data from the transport connection: The I/O operation has been aborted because of either a thread exit or an application request..
 ---> System.Net.Sockets.SocketException (995): The I/O operation has been aborted because of either a thread exit or an application request.
   --- End of inner exception stack trace ---
   at System.Net.Sockets.Socket.AwaitableSocketAsyncEventArgs.System.Threading.Tasks.Sources.IValueTaskSource<System.Int32>.GetResult(Int16 token)
   at System.Net.Security.SslStream.EnsureFullTlsFrameAsync[TIOAdapter](CancellationToken cancellationToken, Int32 estimatedSize)
   at System.Runtime.CompilerServices.PoolingAsyncValueTaskMethodBuilder`1.StateMachineBox`1.System.Threading.Tasks.Sources.IValueTaskSource<TResult>.GetResult(Int16 token)
   at System.Net.Security.SslStream.ReadAsyncInternal[TIOAdapter](Memory`1 buffer, CancellationToken cancellationToken)
   at System.Runtime.CompilerServices.PoolingAsyncValueTaskMethodBuilder`1.StateMachineBox`1.System.Threading.Tasks.Sources.IValueTaskSource<TResult>.GetResult(Int16 token)
   at System.Net.Http.HttpConnection.SendAsync(HttpRequestMessage request, Boolean async, CancellationToken cancellationToken)
[2025-04-02 12:38:19Z ERR  BrokerServer] #####################################################
[2025-04-02 12:38:19Z ERR  BrokerServer] System.Net.Sockets.SocketException (995): The I/O operation has been aborted because of either a thread exit or an application request.
[2025-04-02 12:38:19Z WARN BrokerServer] Back off 8.898 seconds before next retry. 4 attempt left.
[2025-04-02 12:38:19Z INFO MessageListener] Get next message has been cancelled.
[2025-04-02 12:38:19Z INFO JobDispatcher] Shutting down JobDispatcher. Make sure all WorkerDispatcher has finished.
[2025-04-02 12:38:19Z INFO JobDispatcher] Ensure WorkerDispatcher for job 4e8e019d-3bdd-5954-9a20-0ac02d4f41a1 run to finish, cancel any running job.
[2025-04-02 12:38:19Z INFO JobDispatcher] Job request 4e8e019d-3bdd-5954-9a20-0ac02d4f41a1 processed succeed.
[2025-04-02 12:38:19Z INFO Runner] Deleting Runner Session...
[2025-04-02 12:38:19Z INFO Listener] Runner execution been cancelled.
