[2025-04-02 16:03:44Z INFO HostContext] No proxy settings were found based on environmental variables (http_proxy/https_proxy/HTTP_PROXY/HTTPS_PROXY)
[2025-04-02 16:03:44Z INFO HostContext] Well known directory 'Bin': 'C:\Users\vladi\Documents\GitHub\bob\actions-runner\bin'
[2025-04-02 16:03:44Z INFO HostContext] Well known directory 'Root': 'C:\Users\vladi\Documents\GitHub\bob\actions-runner'
[2025-04-02 16:03:44Z INFO HostContext] Well known config file 'Credentials': 'C:\Users\vladi\Documents\GitHub\bob\actions-runner\.credentials'
[2025-04-02 16:03:44Z INFO HostContext] Well known directory 'Bin': 'C:\Users\vladi\Documents\GitHub\bob\actions-runner\bin'
[2025-04-02 16:03:44Z INFO HostContext] Well known directory 'Root': 'C:\Users\vladi\Documents\GitHub\bob\actions-runner'
[2025-04-02 16:03:44Z INFO HostContext] Well known config file 'Runner': 'C:\Users\vladi\Documents\GitHub\bob\actions-runner\.runner'
[2025-04-02 16:03:44Z INFO Listener] Runner is built for Windows (X64) - win-x64.
[2025-04-02 16:03:44Z INFO Listener] RuntimeInformation: Microsoft Windows 10.0.19045.
[2025-04-02 16:03:44Z INFO Listener] Version: 2.323.0
[2025-04-02 16:03:44Z INFO Listener] Commit: d8b82f44a9ec0258904d5869ae683c31d5aac299
[2025-04-02 16:03:44Z INFO Listener] Culture: en-GB
[2025-04-02 16:03:44Z INFO Listener] UI Culture: en-GB
[2025-04-02 16:03:44Z INFO HostContext] Well known directory 'Bin': 'C:\Users\vladi\Documents\GitHub\bob\actions-runner\bin'
[2025-04-02 16:03:44Z INFO HostContext] Well known directory 'Root': 'C:\Users\vladi\Documents\GitHub\bob\actions-runner'
[2025-04-02 16:03:44Z INFO Listener] Validating directory permissions for: 'C:\Users\vladi\Documents\GitHub\bob\actions-runner'
[2025-04-02 16:03:44Z INFO CommandLineParser] Parse
[2025-04-02 16:03:44Z INFO CommandLineParser] Parsing 1 args
[2025-04-02 16:03:44Z INFO CommandLineParser] parsing argument
[2025-04-02 16:03:44Z INFO CommandLineParser] HasArgs: False
[2025-04-02 16:03:44Z INFO CommandLineParser] Adding Command: run
[2025-04-02 16:03:44Z INFO Listener] Arguments parsed
[2025-04-02 16:03:44Z INFO Runner] ExecuteCommand
[2025-04-02 16:03:44Z INFO ConfigurationStore] currentAssemblyLocation: C:\Users\vladi\Documents\GitHub\bob\actions-runner\bin\Runner.Listener.dll
[2025-04-02 16:03:44Z INFO HostContext] Well known directory 'Bin': 'C:\Users\vladi\Documents\GitHub\bob\actions-runner\bin'
[2025-04-02 16:03:44Z INFO ConfigurationStore] binPath: C:\Users\vladi\Documents\GitHub\bob\actions-runner\bin
[2025-04-02 16:03:44Z INFO HostContext] Well known directory 'Bin': 'C:\Users\vladi\Documents\GitHub\bob\actions-runner\bin'
[2025-04-02 16:03:44Z INFO HostContext] Well known directory 'Root': 'C:\Users\vladi\Documents\GitHub\bob\actions-runner'
[2025-04-02 16:03:44Z INFO ConfigurationStore] RootFolder: C:\Users\vladi\Documents\GitHub\bob\actions-runner
[2025-04-02 16:03:44Z INFO HostContext] Well known directory 'Bin': 'C:\Users\vladi\Documents\GitHub\bob\actions-runner\bin'
[2025-04-02 16:03:44Z INFO HostContext] Well known directory 'Root': 'C:\Users\vladi\Documents\GitHub\bob\actions-runner'
[2025-04-02 16:03:44Z INFO HostContext] Well known config file 'Runner': 'C:\Users\vladi\Documents\GitHub\bob\actions-runner\.runner'
[2025-04-02 16:03:44Z INFO ConfigurationStore] ConfigFilePath: C:\Users\vladi\Documents\GitHub\bob\actions-runner\.runner
[2025-04-02 16:03:44Z INFO HostContext] Well known directory 'Bin': 'C:\Users\vladi\Documents\GitHub\bob\actions-runner\bin'
[2025-04-02 16:03:44Z INFO HostContext] Well known directory 'Root': 'C:\Users\vladi\Documents\GitHub\bob\actions-runner'
[2025-04-02 16:03:44Z INFO HostContext] Well known config file 'MigratedRunner': 'C:\Users\vladi\Documents\GitHub\bob\actions-runner\.runner_migrated'
[2025-04-02 16:03:44Z INFO ConfigurationStore] MigratedConfigFilePath: C:\Users\vladi\Documents\GitHub\bob\actions-runner\.runner_migrated
[2025-04-02 16:03:44Z INFO HostContext] Well known directory 'Bin': 'C:\Users\vladi\Documents\GitHub\bob\actions-runner\bin'
[2025-04-02 16:03:44Z INFO HostContext] Well known directory 'Root': 'C:\Users\vladi\Documents\GitHub\bob\actions-runner'
[2025-04-02 16:03:44Z INFO HostContext] Well known config file 'Credentials': 'C:\Users\vladi\Documents\GitHub\bob\actions-runner\.credentials'
[2025-04-02 16:03:44Z INFO ConfigurationStore] CredFilePath: C:\Users\vladi\Documents\GitHub\bob\actions-runner\.credentials
[2025-04-02 16:03:44Z INFO HostContext] Well known directory 'Bin': 'C:\Users\vladi\Documents\GitHub\bob\actions-runner\bin'
[2025-04-02 16:03:44Z INFO HostContext] Well known directory 'Root': 'C:\Users\vladi\Documents\GitHub\bob\actions-runner'
[2025-04-02 16:03:44Z INFO HostContext] Well known config file 'MigratedCredentials': 'C:\Users\vladi\Documents\GitHub\bob\actions-runner\.credentials_migrated'
[2025-04-02 16:03:44Z INFO ConfigurationStore] MigratedCredFilePath: C:\Users\vladi\Documents\GitHub\bob\actions-runner\.credentials_migrated
[2025-04-02 16:03:44Z INFO HostContext] Well known directory 'Bin': 'C:\Users\vladi\Documents\GitHub\bob\actions-runner\bin'
[2025-04-02 16:03:44Z INFO HostContext] Well known directory 'Root': 'C:\Users\vladi\Documents\GitHub\bob\actions-runner'
[2025-04-02 16:03:44Z INFO HostContext] Well known config file 'Service': 'C:\Users\vladi\Documents\GitHub\bob\actions-runner\.service'
[2025-04-02 16:03:44Z INFO ConfigurationStore] ServiceConfigFilePath: C:\Users\vladi\Documents\GitHub\bob\actions-runner\.service
[2025-04-02 16:03:44Z INFO CommandSettings] Flag 'help': 'False'
[2025-04-02 16:03:44Z INFO CommandSettings] Flag 'version': 'False'
[2025-04-02 16:03:44Z INFO CommandSettings] Flag 'commit': 'False'
[2025-04-02 16:03:44Z INFO CommandSettings] Flag 'check': 'False'
[2025-04-02 16:03:44Z INFO CommandSettings] Command 'configure': 'False'
[2025-04-02 16:03:44Z INFO CommandSettings] Command 'remove': 'False'
[2025-04-02 16:03:44Z INFO CommandSettings] Command 'warmup': 'False'
[2025-04-02 16:03:44Z INFO ConfigurationManager] LoadSettings
[2025-04-02 16:03:44Z INFO ConfigurationStore] IsConfigured()
[2025-04-02 16:03:44Z INFO ConfigurationStore] IsConfigured: True
[2025-04-02 16:03:44Z INFO ConfigurationManager] Is configured: True
[2025-04-02 16:03:44Z INFO ConfigurationStore] Read setting file: 293 chars
[2025-04-02 16:03:44Z INFO ConfigurationManager] Settings Loaded
[2025-04-02 16:03:44Z INFO ConfigurationStore] IsServiceConfigured()
[2025-04-02 16:03:44Z INFO ConfigurationStore] IsServiceConfigured: False
[2025-04-02 16:03:44Z INFO CommandSettings] Command 'run': 'True'
[2025-04-02 16:03:44Z INFO ConfigurationStore] IsConfigured()
[2025-04-02 16:03:44Z INFO ConfigurationStore] IsConfigured: True
[2025-04-02 16:03:44Z INFO ConfigurationManager] Is configured: True
[2025-04-02 16:03:44Z INFO Runner] Could not parse the argument value '' for StartupType. Defaulting to Manual
[2025-04-02 16:03:44Z INFO Runner] Set runner startup type - Manual
[2025-04-02 16:03:44Z INFO CommandSettings] Flag 'once': 'False'
[2025-04-02 16:03:44Z INFO CommandSettings] Flag 'once': 'False'
[2025-04-02 16:03:44Z INFO Runner] RunAsync
[2025-04-02 16:03:44Z INFO ConfigurationManager] LoadSettings
[2025-04-02 16:03:44Z INFO ConfigurationStore] IsConfigured()
[2025-04-02 16:03:44Z INFO ConfigurationStore] IsConfigured: True
[2025-04-02 16:03:44Z INFO ConfigurationManager] Is configured: True
[2025-04-02 16:03:44Z INFO ConfigurationManager] Settings Loaded
[2025-04-02 16:03:44Z INFO MessageListener] {
  "AgentId": 22,
  "AgentName": "bobs",
  "PoolId": 1,
  "PoolName": "Default",
  "ServerUrl": "https://pipelinesghubeus10.actions.githubusercontent.com/h5c7vwOkcZCfReMtYahw11SJdlk2lSAMfnNmAt52iITzib6AAT/",
  "GitHubUrl": "https://github.com/vladxdboi/bob",
  "WorkFolder": "_work"
}
[2025-04-02 16:03:44Z INFO MessageListener] Loading Credentials
[2025-04-02 16:03:44Z INFO ConfigurationStore] HasCredentials()
[2025-04-02 16:03:44Z INFO ConfigurationStore] stored True
[2025-04-02 16:03:44Z INFO CredentialManager] GetCredentialProvider
[2025-04-02 16:03:44Z INFO CredentialManager] Creating type OAuth
[2025-04-02 16:03:44Z INFO CredentialManager] Creating credential type: OAuth
[2025-04-02 16:03:44Z INFO HostContext] Well known directory 'Bin': 'C:\Users\vladi\Documents\GitHub\bob\actions-runner\bin'
[2025-04-02 16:03:44Z INFO HostContext] Well known directory 'Root': 'C:\Users\vladi\Documents\GitHub\bob\actions-runner'
[2025-04-02 16:03:44Z INFO HostContext] Well known config file 'RSACredentials': 'C:\Users\vladi\Documents\GitHub\bob\actions-runner\.credentials_rsaparams'
[2025-04-02 16:03:44Z INFO RSAEncryptedFileKeyManager] Loading RSA key parameters from file C:\Users\vladi\Documents\GitHub\bob\actions-runner\.credentials_rsaparams
[2025-04-02 16:03:44Z INFO MessageListener] Attempt to create session.
[2025-04-02 16:03:44Z INFO MessageListener] Connecting to the Runner Server...
[2025-04-02 16:03:44Z INFO RunnerServer] EstablishVssConnection
[2025-04-02 16:03:44Z INFO RunnerServer] Establish connection with 100 seconds timeout.
[2025-04-02 16:03:44Z INFO GitHubActionsService] Starting operation Location.GetConnectionData
[2025-04-02 16:03:44Z INFO RunnerServer] EstablishVssConnection
[2025-04-02 16:03:44Z INFO RunnerServer] Establish connection with 60 seconds timeout.
[2025-04-02 16:03:44Z INFO GitHubActionsService] Starting operation Location.GetConnectionData
[2025-04-02 16:03:44Z INFO RunnerServer] EstablishVssConnection
[2025-04-02 16:03:44Z INFO RunnerServer] Establish connection with 60 seconds timeout.
[2025-04-02 16:03:44Z INFO GitHubActionsService] Starting operation Location.GetConnectionData
[2025-04-02 16:03:45Z INFO GitHubActionsService] Finished operation Location.GetConnectionData
[2025-04-02 16:03:45Z INFO GitHubActionsService] Finished operation Location.GetConnectionData
[2025-04-02 16:03:45Z INFO GitHubActionsService] Finished operation Location.GetConnectionData
[2025-04-02 16:03:45Z INFO MessageListener] VssConnection created
[2025-04-02 16:03:45Z INFO Terminal] WRITE LINE: 
[2025-04-02 16:03:45Z INFO Terminal] WRITE LINE: 
[2025-04-02 16:03:45Z INFO RSAEncryptedFileKeyManager] Loading RSA key parameters from file C:\Users\vladi\Documents\GitHub\bob\actions-runner\.credentials_rsaparams
[2025-04-02 16:03:45Z INFO RSAEncryptedFileKeyManager] Loading RSA key parameters from file C:\Users\vladi\Documents\GitHub\bob\actions-runner\.credentials_rsaparams
[2025-04-02 16:03:46Z INFO GitHubActionsService] AAD Correlation ID for this token request: Unknown
[2025-04-02 16:03:46Z INFO MessageListener] Session created.
[2025-04-02 16:03:46Z INFO Terminal] WRITE LINE: Current runner version: '2.323.0'
[2025-04-02 16:03:46Z INFO Terminal] WRITE LINE: 2025-04-02 16:03:46Z: Listening for Jobs
[2025-04-02 16:03:46Z INFO JobDispatcher] Set runner/worker IPC timeout to 30 seconds.
[2025-04-02 16:03:46Z INFO RSAEncryptedFileKeyManager] Loading RSA key parameters from file C:\Users\vladi\Documents\GitHub\bob\actions-runner\.credentials_rsaparams
[2025-04-02 16:03:47Z INFO GitHubActionsService] AAD Correlation ID for this token request: Unknown
[2025-04-02 16:04:02Z INFO MessageListener] Message '4798785046590918859' received from session '6292a378-b24d-48f9-8813-1d24a4cf3f6a'.
[2025-04-02 16:04:02Z INFO ConfigurationStore] HasCredentials()
[2025-04-02 16:04:02Z INFO ConfigurationStore] stored True
[2025-04-02 16:04:02Z INFO CredentialManager] GetCredentialProvider
[2025-04-02 16:04:02Z INFO CredentialManager] Creating type OAuth
[2025-04-02 16:04:02Z INFO CredentialManager] Creating credential type: OAuth
[2025-04-02 16:04:02Z INFO RSAEncryptedFileKeyManager] Loading RSA key parameters from file C:\Users\vladi\Documents\GitHub\bob\actions-runner\.credentials_rsaparams
[2025-04-02 16:04:02Z INFO RSAEncryptedFileKeyManager] Loading RSA key parameters from file C:\Users\vladi\Documents\GitHub\bob\actions-runner\.credentials_rsaparams
[2025-04-02 16:04:02Z INFO RSAEncryptedFileKeyManager] Loading RSA key parameters from file C:\Users\vladi\Documents\GitHub\bob\actions-runner\.credentials_rsaparams
[2025-04-02 16:04:03Z INFO GitHubActionsService] AAD Correlation ID for this token request: Unknown
[2025-04-02 16:04:04Z INFO JobDispatcher] Job request 0 for plan 6c47f51f-63f3-4017-ab80-9d1b79f3333b job 5dcf889a-1046-5bb6-a737-fe936ebdc6e6 received.
[2025-04-02 16:04:04Z INFO MessageListener] Received job status event. JobState: Busy
[2025-04-02 16:04:04Z INFO MessageListener] _getMessagesTokenSource is already disposed.
[2025-04-02 16:04:04Z INFO Terminal] WRITE LINE: 2025-04-02 16:04:04Z: Running job: install-pip-deps
[2025-04-02 16:04:04Z INFO JobDispatcher] Start renew job request 0 for job 5dcf889a-1046-5bb6-a737-fe936ebdc6e6.
[2025-04-02 16:04:05Z INFO JobDispatcher] Successfully renew job 5dcf889a-1046-5bb6-a737-fe936ebdc6e6, job is valid till 02/04/2025 16:14:03
[2025-04-02 16:04:05Z INFO HostContext] Well known directory 'Bin': 'C:\Users\vladi\Documents\GitHub\bob\actions-runner\bin'
[2025-04-02 16:04:05Z INFO ProcessInvokerWrapper] Starting process:
[2025-04-02 16:04:05Z INFO ProcessInvokerWrapper]   File name: 'C:\Users\vladi\Documents\GitHub\bob\actions-runner\bin\Runner.Worker.exe'
[2025-04-02 16:04:05Z INFO ProcessInvokerWrapper]   Arguments: 'spawnclient 2204 2252'
[2025-04-02 16:04:05Z INFO ProcessInvokerWrapper]   Working directory: 'C:\Users\vladi\Documents\GitHub\bob\actions-runner\bin'
[2025-04-02 16:04:05Z INFO ProcessInvokerWrapper]   Require exit code zero: 'False'
[2025-04-02 16:04:05Z INFO ProcessInvokerWrapper]   Encoding web name:  ; code page: ''
[2025-04-02 16:04:05Z INFO ProcessInvokerWrapper]   Force kill process on cancellation: 'True'
[2025-04-02 16:04:05Z INFO ProcessInvokerWrapper]   Redirected STDIN: 'False'
[2025-04-02 16:04:05Z INFO ProcessInvokerWrapper]   Persist current code page: 'False'
[2025-04-02 16:04:05Z INFO ProcessInvokerWrapper]   Keep redirected STDIN open: 'False'
[2025-04-02 16:04:05Z INFO ProcessInvokerWrapper]   High priority process: 'True'
[2025-04-02 16:04:05Z INFO ProcessInvokerWrapper] Process started with process id 14756, waiting for process exit.
[2025-04-02 16:04:05Z INFO JobDispatcher] Send job request message to worker for job 5dcf889a-1046-5bb6-a737-fe936ebdc6e6.
[2025-04-02 16:04:05Z INFO ProcessChannel] Sending message of length 18882, with hash 'ae25cee30f9cb0f5166c4786f5bf88f1e57c2f4c26a62ea3141962528adcd5b5'
[2025-04-02 16:04:05Z INFO JobNotification] Entering JobStarted Notification
[2025-04-02 16:04:05Z INFO JobNotification] Entering StartMonitor
[2025-04-02 16:04:37Z INFO ProcessInvokerWrapper] STDOUT/STDERR stream read finished.
[2025-04-02 16:04:37Z INFO ProcessInvokerWrapper] STDOUT/STDERR stream read finished.
[2025-04-02 16:04:37Z INFO ProcessInvokerWrapper] Finished process 14756 with exit code 102, and elapsed time 00:00:32.0822215.
[2025-04-02 16:04:37Z INFO JobDispatcher] Worker finished for job 5dcf889a-1046-5bb6-a737-fe936ebdc6e6. Code: 102
[2025-04-02 16:04:37Z INFO JobDispatcher] finish job request for job 5dcf889a-1046-5bb6-a737-fe936ebdc6e6 with result: Failed
[2025-04-02 16:04:37Z INFO Terminal] WRITE LINE: 2025-04-02 16:04:37Z: Job install-pip-deps completed with result: Failed
[2025-04-02 16:04:37Z INFO JobDispatcher] Stop renew job request for job 5dcf889a-1046-5bb6-a737-fe936ebdc6e6.
[2025-04-02 16:04:37Z INFO JobDispatcher] job renew has been cancelled, stop renew job 5dcf889a-1046-5bb6-a737-fe936ebdc6e6.
[2025-04-02 16:04:37Z INFO JobNotification] Entering JobCompleted Notification
[2025-04-02 16:04:37Z INFO JobNotification] Entering EndMonitor
[2025-04-02 16:04:37Z INFO MessageListener] Received job status event. JobState: Online
[2025-04-02 16:04:51Z INFO Terminal] WRITE LINE: Exiting...
[2025-04-02 16:04:51Z INFO ConfigurationStore] IsServiceConfigured()
[2025-04-02 16:04:51Z INFO ConfigurationStore] IsServiceConfigured: False
[2025-04-02 16:04:51Z INFO HostContext] Runner will be shutdown for UserCancelled
[2025-04-02 16:04:51Z WARN GitHubActionsService] GET request to https://broker.actions.githubusercontent.com/message?sessionId=6292a378-b24d-48f9-8813-1d24a4cf3f6a&status=Busy&runnerVersion=2.323.0&os=Windows&architecture=X64&disableUpdate=false has been cancelled.
[2025-04-02 16:04:51Z ERR  BrokerServer] Catch exception during request
[2025-04-02 16:04:51Z ERR  BrokerServer] System.Threading.Tasks.TaskCanceledException: The operation was canceled.
 ---> System.Threading.Tasks.TaskCanceledException: The operation was canceled.
 ---> System.IO.IOException: Unable to read data from the transport connection: The I/O operation has been aborted because of either a thread exit or an application request..
 ---> System.Net.Sockets.SocketException (995): The I/O operation has been aborted because of either a thread exit or an application request.
   --- End of inner exception stack trace ---
   at System.Net.Sockets.Socket.AwaitableSocketAsyncEventArgs.ThrowException(SocketError error, CancellationToken cancellationToken)
   at System.Net.Sockets.Socket.AwaitableSocketAsyncEventArgs.System.Threading.Tasks.Sources.IValueTaskSource<System.Int32>.GetResult(Int16 token)
   at System.Net.Security.SslStream.EnsureFullTlsFrameAsync[TIOAdapter](CancellationToken cancellationToken, Int32 estimatedSize)
   at System.Runtime.CompilerServices.PoolingAsyncValueTaskMethodBuilder`1.StateMachineBox`1.System.Threading.Tasks.Sources.IValueTaskSource<TResult>.GetResult(Int16 token)
   at System.Net.Security.SslStream.ReadAsyncInternal[TIOAdapter](Memory`1 buffer, CancellationToken cancellationToken)
   at System.Runtime.CompilerServices.PoolingAsyncValueTaskMethodBuilder`1.StateMachineBox`1.System.Threading.Tasks.Sources.IValueTaskSource<TResult>.GetResult(Int16 token)
   at System.Net.Http.HttpConnection.SendAsync(HttpRequestMessage request, Boolean async, CancellationToken cancellationToken)
   --- End of inner exception stack trace ---
   at System.Net.Http.HttpConnection.SendAsync(HttpRequestMessage request, Boolean async, CancellationToken cancellationToken)
   at System.Net.Http.AuthenticationHelper.SendWithNtAuthAsync(HttpRequestMessage request, Uri authUri, Boolean async, ICredentials credentials, Boolean isProxyAuth, HttpConnection connection, HttpConnectionPool connectionPool, CancellationToken cancellationToken)
   at System.Net.Http.HttpConnectionPool.SendWithVersionDetectionAndRetryAsync(HttpRequestMessage request, Boolean async, Boolean doRequestAuth, CancellationToken cancellationToken)
   at System.Net.Http.AuthenticationHelper.SendWithAuthAsync(HttpRequestMessage request, Uri authUri, Boolean async, ICredentials credentials, Boolean preAuthenticate, Boolean isProxyAuth, Boolean doRequestAuth, HttpConnectionPool pool, CancellationToken cancellationToken)
   at System.Net.Http.RedirectHandler.SendAsync(HttpRequestMessage request, Boolean async, CancellationToken cancellationToken)
   at GitHub.Services.Common.RawHttpMessageHandler.SendAsync(HttpRequestMessage request, CancellationToken cancellationToken)
   at GitHub.Services.Common.VssHttpRetryMessageHandler.SendAsync(HttpRequestMessage request, CancellationToken cancellationToken)
   at System.Net.Http.HttpClient.<SendAsync>g__Core|83_0(HttpRequestMessage request, HttpCompletionOption completionOption, CancellationTokenSource cts, Boolean disposeCts, CancellationTokenSource pendingRequestsCts, CancellationToken originalCancellationToken)
   --- End of inner exception stack trace ---
   at System.Net.Http.HttpClient.HandleFailure(Exception e, Boolean telemetryStarted, HttpResponseMessage response, CancellationTokenSource cts, CancellationToken cancellationToken, CancellationTokenSource pendingRequestsCts)
   at System.Net.Http.HttpClient.<SendAsync>g__Core|83_0(HttpRequestMessage request, HttpCompletionOption completionOption, CancellationTokenSource cts, Boolean disposeCts, CancellationTokenSource pendingRequestsCts, CancellationToken originalCancellationToken)
   at Sdk.WebApi.WebApi.RawHttpClientBase.SendAsync(HttpRequestMessage message, HttpCompletionOption completionOption, Object userState, CancellationToken cancellationToken)
   at Sdk.WebApi.WebApi.RawHttpClientBase.SendAsync[T](HttpRequestMessage message, Boolean readErrorBody, Object userState, CancellationToken cancellationToken)
   at Sdk.WebApi.WebApi.RawHttpClientBase.SendAsync[T](HttpMethod method, IEnumerable`1 additionalHeaders, Uri requestUri, HttpContent content, IEnumerable`1 queryParameters, Boolean readErrorBody, Object userState, CancellationToken cancellationToken)
   at GitHub.Actions.RunService.WebApi.BrokerHttpClient.GetRunnerMessageAsync(Nullable`1 sessionId, String runnerVersion, Nullable`1 status, String os, String architecture, Nullable`1 disableUpdate, CancellationToken cancellationToken)
   at GitHub.Runner.Common.BrokerServer.<>c__DisplayClass7_0.<<GetRunnerMessageAsync>b__0>d.MoveNext()
--- End of stack trace from previous location ---
   at GitHub.Runner.Common.RunnerService.RetryRequest[T](Func`1 func, CancellationToken cancellationToken, Int32 maxRetryAttemptsCount, Func`2 shouldRetry)
[2025-04-02 16:04:51Z ERR  BrokerServer] #####################################################
[2025-04-02 16:04:51Z ERR  BrokerServer] System.Threading.Tasks.TaskCanceledException: The operation was canceled.
 ---> System.IO.IOException: Unable to read data from the transport connection: The I/O operation has been aborted because of either a thread exit or an application request..
 ---> System.Net.Sockets.SocketException (995): The I/O operation has been aborted because of either a thread exit or an application request.
   --- End of inner exception stack trace ---
   at System.Net.Sockets.Socket.AwaitableSocketAsyncEventArgs.ThrowException(SocketError error, CancellationToken cancellationToken)
   at System.Net.Sockets.Socket.AwaitableSocketAsyncEventArgs.System.Threading.Tasks.Sources.IValueTaskSource<System.Int32>.GetResult(Int16 token)
   at System.Net.Security.SslStream.EnsureFullTlsFrameAsync[TIOAdapter](CancellationToken cancellationToken, Int32 estimatedSize)
   at System.Runtime.CompilerServices.PoolingAsyncValueTaskMethodBuilder`1.StateMachineBox`1.System.Threading.Tasks.Sources.IValueTaskSource<TResult>.GetResult(Int16 token)
   at System.Net.Security.SslStream.ReadAsyncInternal[TIOAdapter](Memory`1 buffer, CancellationToken cancellationToken)
   at System.Runtime.CompilerServices.PoolingAsyncValueTaskMethodBuilder`1.StateMachineBox`1.System.Threading.Tasks.Sources.IValueTaskSource<TResult>.GetResult(Int16 token)
   at System.Net.Http.HttpConnection.SendAsync(HttpRequestMessage request, Boolean async, CancellationToken cancellationToken)
   --- End of inner exception stack trace ---
   at System.Net.Http.HttpConnection.SendAsync(HttpRequestMessage request, Boolean async, CancellationToken cancellationToken)
   at System.Net.Http.AuthenticationHelper.SendWithNtAuthAsync(HttpRequestMessage request, Uri authUri, Boolean async, ICredentials credentials, Boolean isProxyAuth, HttpConnection connection, HttpConnectionPool connectionPool, CancellationToken cancellationToken)
   at System.Net.Http.HttpConnectionPool.SendWithVersionDetectionAndRetryAsync(HttpRequestMessage request, Boolean async, Boolean doRequestAuth, CancellationToken cancellationToken)
   at System.Net.Http.AuthenticationHelper.SendWithAuthAsync(HttpRequestMessage request, Uri authUri, Boolean async, ICredentials credentials, Boolean preAuthenticate, Boolean isProxyAuth, Boolean doRequestAuth, HttpConnectionPool pool, CancellationToken cancellationToken)
   at System.Net.Http.RedirectHandler.SendAsync(HttpRequestMessage request, Boolean async, CancellationToken cancellationToken)
   at GitHub.Services.Common.RawHttpMessageHandler.SendAsync(HttpRequestMessage request, CancellationToken cancellationToken)
   at GitHub.Services.Common.VssHttpRetryMessageHandler.SendAsync(HttpRequestMessage request, CancellationToken cancellationToken)
   at System.Net.Http.HttpClient.<SendAsync>g__Core|83_0(HttpRequestMessage request, HttpCompletionOption completionOption, CancellationTokenSource cts, Boolean disposeCts, CancellationTokenSource pendingRequestsCts, CancellationToken originalCancellationToken)
[2025-04-02 16:04:51Z ERR  BrokerServer] #####################################################
[2025-04-02 16:04:51Z ERR  BrokerServer] System.IO.IOException: Unable to read data from the transport connection: The I/O operation has been aborted because of either a thread exit or an application request..
 ---> System.Net.Sockets.SocketException (995): The I/O operation has been aborted because of either a thread exit or an application request.
   --- End of inner exception stack trace ---
   at System.Net.Sockets.Socket.AwaitableSocketAsyncEventArgs.ThrowException(SocketError error, CancellationToken cancellationToken)
   at System.Net.Sockets.Socket.AwaitableSocketAsyncEventArgs.System.Threading.Tasks.Sources.IValueTaskSource<System.Int32>.GetResult(Int16 token)
   at System.Net.Security.SslStream.EnsureFullTlsFrameAsync[TIOAdapter](CancellationToken cancellationToken, Int32 estimatedSize)
   at System.Runtime.CompilerServices.PoolingAsyncValueTaskMethodBuilder`1.StateMachineBox`1.System.Threading.Tasks.Sources.IValueTaskSource<TResult>.GetResult(Int16 token)
   at System.Net.Security.SslStream.ReadAsyncInternal[TIOAdapter](Memory`1 buffer, CancellationToken cancellationToken)
   at System.Runtime.CompilerServices.PoolingAsyncValueTaskMethodBuilder`1.StateMachineBox`1.System.Threading.Tasks.Sources.IValueTaskSource<TResult>.GetResult(Int16 token)
   at System.Net.Http.HttpConnection.SendAsync(HttpRequestMessage request, Boolean async, CancellationToken cancellationToken)
[2025-04-02 16:04:51Z ERR  BrokerServer] #####################################################
[2025-04-02 16:04:51Z ERR  BrokerServer] System.Net.Sockets.SocketException (995): The I/O operation has been aborted because of either a thread exit or an application request.
[2025-04-02 16:04:51Z WARN BrokerServer] Back off 10.581 seconds before next retry. 4 attempt left.
[2025-04-02 16:04:51Z INFO MessageListener] Get next message has been cancelled.
[2025-04-02 16:04:51Z INFO JobDispatcher] Shutting down JobDispatcher. Make sure all WorkerDispatcher has finished.
[2025-04-02 16:04:51Z INFO JobDispatcher] Ensure WorkerDispatcher for job 5dcf889a-1046-5bb6-a737-fe936ebdc6e6 run to finish, cancel any running job.
[2025-04-02 16:04:51Z INFO JobDispatcher] Job request 5dcf889a-1046-5bb6-a737-fe936ebdc6e6 processed succeed.
[2025-04-02 16:04:51Z INFO Runner] Deleting Runner Session...
[2025-04-02 16:04:51Z INFO Listener] Runner execution been cancelled.
