[2025-04-02 18:37:01Z INFO HostContext] No proxy settings were found based on environmental variables (http_proxy/https_proxy/HTTP_PROXY/HTTPS_PROXY)
[2025-04-02 18:37:01Z INFO HostContext] Well known directory 'Bin': 'C:\Users\vladi\Documents\GitHub\bob\actions-runner\bin'
[2025-04-02 18:37:01Z INFO HostContext] Well known directory 'Root': 'C:\Users\vladi\Documents\GitHub\bob\actions-runner'
[2025-04-02 18:37:01Z INFO HostContext] Well known config file 'Credentials': 'C:\Users\vladi\Documents\GitHub\bob\actions-runner\.credentials'
[2025-04-02 18:37:01Z INFO HostContext] Well known directory 'Bin': 'C:\Users\vladi\Documents\GitHub\bob\actions-runner\bin'
[2025-04-02 18:37:01Z INFO HostContext] Well known directory 'Root': 'C:\Users\vladi\Documents\GitHub\bob\actions-runner'
[2025-04-02 18:37:01Z INFO HostContext] Well known config file 'Runner': 'C:\Users\vladi\Documents\GitHub\bob\actions-runner\.runner'
[2025-04-02 18:37:01Z INFO Worker] Version: 2.323.0
[2025-04-02 18:37:01Z INFO Worker] Commit: d8b82f44a9ec0258904d5869ae683c31d5aac299
[2025-04-02 18:37:01Z INFO Worker] Culture: en-GB
[2025-04-02 18:37:01Z INFO Worker] UI Culture: en-GB
[2025-04-02 18:37:01Z INFO Worker] Waiting to receive the job message from the channel.
[2025-04-02 18:37:01Z INFO ProcessChannel] Receiving message of length 18360, with hash '0921c58618ea9dc8dbaf89ef9e8a202ac6b269b97ec7c1aad85423a70650f387'
[2025-04-02 18:37:01Z INFO Worker] Message received.
[2025-04-02 18:37:01Z INFO Worker] Job message:
 {
  "fileTable": [
    ".github/workflows/python-greetings.yml"
  ],
  "mask": [
    {
      "type": "regex",
      "value": "***"
    },
    {
      "type": "regex",
      "value": "***"
    },
    {
      "type": "regex",
      "value": "***"
    },
    {
      "type": "regex",
      "value": "***"
    },
    {
      "type": "regex",
      "value": "***"
    },
    {
      "type": "regex",
      "value": "***"
    },
    {
      "type": "regex",
      "value": "***"
    },
    {
      "type": "regex",
      "value": "***"
    },
    {
      "type": "regex",
      "value": "***"
    },
    {
      "type": "regex",
      "value": "***"
    },
    {
      "type": "regex",
      "value": "***"
    },
    {
      "type": "regex",
      "value": "***"
    },
    {
      "type": "regex",
      "value": "***"
    },
    {
      "type": "regex",
      "value": "***"
    },
    {
      "type": "regex",
      "value": "***"
    },
    {
      "type": "regex",
      "value": "***"
    },
    {
      "type": "regex",
      "value": "***"
    },
    {
      "type": "regex",
      "value": "***"
    }
  ],
  "steps": [
    {
      "type": "action",
      "reference": {
        "type": "script"
      },
      "displayNameToken": {
        "type": 0,
        "file": 1,
        "line": 50,
        "col": 15,
        "lit": "Installing dependencies"
      },
      "contextName": "__run",
      "inputs": {
        "type": 2,
        "map": [
          {
            "key": "script",
            "value": {
              "type": 0,
              "file": 1,
              "line": 52,
              "col": 14,
              "lit": "npm install"
            }
          },
          {
            "key": "workingDirectory",
            "value": {
              "type": 0,
              "file": 1,
              "line": 51,
              "col": 28,
              "lit": "course-js-api-framework"
            }
          }
        ]
      },
      "condition": "success()",
      "id": "3548d58d-f6aa-42ea-acc2-1f4fc15cb4a3",
      "name": "__run"
    },
    {
      "type": "action",
      "reference": {
        "type": "script"
      },
      "displayNameToken": {
        "type": 0,
        "file": 1,
        "line": 53,
        "col": 15,
        "lit": "Running test"
      },
      "contextName": "__run_2",
      "inputs": {
        "type": 2,
        "map": [
          {
            "key": "script",
            "value": {
              "type": 0,
              "file": 1,
              "line": 55,
              "col": 14,
              "lit": "npm run greetings greetings_dev"
            }
          },
          {
            "key": "workingDirectory",
            "value": {
              "type": 0,
              "file": 1,
              "line": 54,
              "col": 28,
              "lit": "course-js-api-framework"
            }
          }
        ]
      },
      "condition": "success()",
      "id": "ece087d9-d45e-49ea-8647-df9a2514a98b",
      "name": "__run_2"
    }
  ],
  "variables": {
    "Actions.EnableHttpRedirects": {
      "value": "true"
    },
    "DistributedTask.AddWarningToNode12Action": {
      "value": "true"
    },
    "DistributedTask.AddWarningToNode16Action": {
      "value": "true"
    },
    "DistributedTask.AllowRunnerContainerHooks": {
      "value": "true"
    },
    "DistributedTask.DeprecateStepOutputCommands": {
      "value": "true"
    },
    "DistributedTask.DetailUntarFailure": {
      "value": "true"
    },
    "DistributedTask.EnableCompositeActions": {
      "value": "true"
    },
    "DistributedTask.EnableJobServerQueueTelemetry": {
      "value": "true"
    },
    "DistributedTask.EnhancedAnnotations": {
      "value": "true"
    },
    "DistributedTask.ForceGithubJavascriptActionsToNode16": {
      "value": "true"
    },
    "DistributedTask.ForceGithubJavascriptActionsToNode20": {
      "value": "true"
    },
    "DistributedTask.LogTemplateErrorsAsDebugMessages": {
      "value": "true"
    },
    "DistributedTask.MarkJobAsFailedOnWorkerCrash": {
      "value": "true"
    },
    "DistributedTask.NewActionMetadata": {
      "value": "true"
    },
    "DistributedTask.UploadStepSummary": {
      "value": "true"
    },
    "DistributedTask.UseActionArchiveCache": {
      "value": "true"
    },
    "DistributedTask.UseWhich2": {
      "value": "true"
    },
    "RunService.FixEmbeddedIssues": {
      "value": "true"
    },
    "actions_skip_retry_complete_job_upon_known_errors": {
      "value": "true"
    },
    "actions_uses_cache_service_v2": {
      "value": "true"
    },
    "github_token": {
      "value": "***",
      "isSecret": true
    },
    "system.from_run_service": {
      "value": "true"
    },
    "system.github.job": {
      "value": "tests-on-dev"
    },
    "system.github.launch_endpoint": {
      "value": "https://launch.actions.githubusercontent.com"
    },
    "system.github.results_endpoint": {
      "value": "https://results-receiver.actions.githubusercontent.com/"
    },
    "system.github.results_upload_with_sdk": {
      "value": "true"
    },
    "system.github.token": {
      "value": "***",
      "isSecret": true
    },
    "system.github.token.permissions": {
      "value": "{\"Contents\":\"read\",\"Metadata\":\"read\",\"Packages\":\"read\"}"
    },
    "system.orchestrationId": {
      "value": "9d886cb0-844a-4bfa-a729-36d536124204.tests-on-dev.__default"
    },
    "system.phaseDisplayName": {
      "value": "tests-on-dev"
    },
    "system.runner.lowdiskspacethreshold": {
      "value": "100"
    },
    "system.runnerEnvironment": {
      "value": "self-hosted"
    }
  },
  "messageType": "RunnerJobRequest",
  "plan": {
    "scopeIdentifier": "00000000-0000-0000-0000-000000000000",
    "planType": "actions",
    "version": 0,
    "planId": "9d886cb0-844a-4bfa-a729-36d536124204",
    "planGroup": null,
    "artifactUri": null,
    "artifactLocation": null,
    "definition": null,
    "owner": null
  },
  "timeline": {
    "id": "9d886cb0-844a-4bfa-a729-36d536124204",
    "changeId": 0,
    "location": null
  },
  "jobId": "4d71ec45-0f8e-5e6e-bb6e-c1da69ec5847",
  "jobDisplayName": "tests-on-dev",
  "jobName": "__default",
  "requestId": 0,
  "lockedUntil": "0001-01-01T00:00:00",
  "resources": {
    "endpoints": [
      {
        "data": {
          "ServerId": "",
          "ServerName": "",
          "CacheServerUrl": "https://acghubeus1.actions.githubusercontent.com/h5c7vwOkcZCfReMtYahw11SJdlk2lSAMfnNmAt52iITzib6AAT/",
          "FeedStreamUrl": "wss://results-receiver.actions.githubusercontent.com/_ws/ingest.sock",
          "ResultsServiceUrl": "https://results-receiver.actions.githubusercontent.com/",
          "PipelinesServiceUrl": "https://pipelinesghubeus10.actions.githubusercontent.com/h5c7vwOkcZCfReMtYahw11SJdlk2lSAMfnNmAt52iITzib6AAT/",
          "GenerateIdTokenUrl": ""
        },
        "name": "SystemVssConnection",
        "url": "https://run-actions-1-azure-eastus.actions.githubusercontent.com/54/",
        "authorization": {
          "parameters": {
            "AccessToken": "***"
          },
          "scheme": "OAuth"
        },
        "isShared": false,
        "isReady": true
      }
    ]
  },
  "contextData": {
    "github": {
      "t": 2,
      "d": [
        {
          "k": "ref",
          "v": "refs/heads/main"
        },
        {
          "k": "sha",
          "v": "6321a94e7cb5f27ed1db5fcda550d7d5546d54e0"
        },
        {
          "k": "repository",
          "v": "vladxdboi/bob"
        },
        {
          "k": "repository_owner",
          "v": "vladxdboi"
        },
        {
          "k": "repository_owner_id",
          "v": "47676811"
        },
        {
          "k": "repositoryUrl",
          "v": "git://github.com/vladxdboi/bob.git"
        },
        {
          "k": "run_id",
          "v": "14227018065"
        },
        {
          "k": "run_number",
          "v": "62"
        },
        {
          "k": "retention_days",
          "v": "90"
        },
        {
          "k": "run_attempt",
          "v": "1"
        },
        {
          "k": "artifact_cache_size_limit",
          "v": "10"
        },
        {
          "k": "repository_visibility",
          "v": "private"
        },
        {
          "k": "actor_id",
          "v": "47676811"
        },
        {
          "k": "actor",
          "v": "vladxdboi"
        },
        {
          "k": "workflow",
          "v": "bob"
        },
        {
          "k": "head_ref",
          "v": ""
        },
        {
          "k": "base_ref",
          "v": ""
        },
        {
          "k": "event_name",
          "v": "push"
        },
        {
          "k": "server_url",
          "v": "https://github.com"
        },
        {
          "k": "api_url",
          "v": "https://api.github.com"
        },
        {
          "k": "graphql_url",
          "v": "https://api.github.com/graphql"
        },
        {
          "k": "ref_name",
          "v": "main"
        },
        {
          "k": "ref_protected",
          "v": false
        },
        {
          "k": "ref_type",
          "v": "branch"
        },
        {
          "k": "secret_source",
          "v": "Actions"
        },
        {
          "k": "event",
          "v": {
            "t": 2,
            "d": [
              {
                "k": "after",
                "v": "6321a94e7cb5f27ed1db5fcda550d7d5546d54e0"
              },
              {
                "k": "base_ref",
                "v": null
              },
              {
                "k": "before",
                "v": "8faeb4b4a12a15e1f1b6a3378f2f84657e473057"
              },
              {
                "k": "commits",
                "v": {
                  "t": 1,
                  "a": [
                    {
                      "t": 2,
                      "d": [
                        {
                          "k": "author",
                          "v": {
                            "t": 2,
                            "d": [
                              {
                                "k": "email",
                                "v": "47676811+vladxdboi@users.noreply.github.com"
                              },
                              {
                                "k": "name",
                                "v": "Vladislavs Senevics"
                              },
                              {
                                "k": "username",
                                "v": "vladxdboi"
                              }
                            ]
                          }
                        },
                        {
                          "k": "committer",
                          "v": {
                            "t": 2,
                            "d": [
                              {
                                "k": "email",
                                "v": "noreply@github.com"
                              },
                              {
                                "k": "name",
                                "v": "GitHub"
                              },
                              {
                                "k": "username",
                                "v": "web-flow"
                              }
                            ]
                          }
                        },
                        {
                          "k": "distinct",
                          "v": true
                        },
                        {
                          "k": "id",
                          "v": "6321a94e7cb5f27ed1db5fcda550d7d5546d54e0"
                        },
                        {
                          "k": "message",
                          "v": "Update python-greetings.yml"
                        },
                        {
                          "k": "timestamp",
                          "v": "2025-04-02T21:36:10+03:00"
                        },
                        {
                          "k": "tree_id",
                          "v": "f55eb82eddbcb8b1c962663a3a7a7e843ada43a1"
                        },
                        {
                          "k": "url",
                          "v": "https://github.com/vladxdboi/bob/commit/6321a94e7cb5f27ed1db5fcda550d7d5546d54e0"
                        }
                      ]
                    }
                  ]
                }
              },
              {
                "k": "compare",
                "v": "https://github.com/vladxdboi/bob/compare/8faeb4b4a12a...6321a94e7cb5"
              },
              {
                "k": "created",
                "v": false
              },
              {
                "k": "deleted",
                "v": false
              },
              {
                "k": "forced",
                "v": false
              },
              {
                "k": "head_commit",
                "v": {
                  "t": 2,
                  "d": [
                    {
                      "k": "author",
                      "v": {
                        "t": 2,
                        "d": [
                          {
                            "k": "email",
                            "v": "47676811+vladxdboi@users.noreply.github.com"
                          },
                          {
                            "k": "name",
                            "v": "Vladislavs Senevics"
                          },
                          {
                            "k": "username",
                            "v": "vladxdboi"
                          }
                        ]
                      }
                    },
                    {
                      "k": "committer",
                      "v": {
                        "t": 2,
                        "d": [
                          {
                            "k": "email",
                            "v": "noreply@github.com"
                          },
                          {
                            "k": "name",
                            "v": "GitHub"
                          },
                          {
                            "k": "username",
                            "v": "web-flow"
                          }
                        ]
                      }
                    },
                    {
                      "k": "distinct",
                      "v": true
                    },
                    {
                      "k": "id",
                      "v": "6321a94e7cb5f27ed1db5fcda550d7d5546d54e0"
                    },
                    {
                      "k": "message",
                      "v": "Update python-greetings.yml"
                    },
                    {
                      "k": "timestamp",
                      "v": "2025-04-02T21:36:10+03:00"
                    },
                    {
                      "k": "tree_id",
                      "v": "f55eb82eddbcb8b1c962663a3a7a7e843ada43a1"
                    },
                    {
                      "k": "url",
                      "v": "https://github.com/vladxdboi/bob/commit/6321a94e7cb5f27ed1db5fcda550d7d5546d54e0"
                    }
                  ]
                }
              },
              {
                "k": "pusher",
                "v": {
                  "t": 2,
                  "d": [
                    {
                      "k": "email",
                      "v": "47676811+vladxdboi@users.noreply.github.com"
                    },
                    {
                      "k": "name",
                      "v": "vladxdboi"
                    }
                  ]
                }
              },
              {
                "k": "ref",
                "v": "refs/heads/main"
              },
              {
                "k": "repository",
                "v": {
                  "t": 2,
                  "d": [
                    {
                      "k": "allow_forking",
                      "v": true
                    },
                    {
                      "k": "archive_url",
                      "v": "https://api.github.com/repos/vladxdboi/bob/{archive_format}{/ref}"
                    },
                    {
                      "k": "archived",
                      "v": false
                    },
                    {
                      "k": "assignees_url",
                      "v": "https://api.github.com/repos/vladxdboi/bob/assignees{/user}"
                    },
                    {
                      "k": "blobs_url",
                      "v": "https://api.github.com/repos/vladxdboi/bob/git/blobs{/sha}"
                    },
                    {
                      "k": "branches_url",
                      "v": "https://api.github.com/repos/vladxdboi/bob/branches{/branch}"
                    },
                    {
                      "k": "clone_url",
                      "v": "https://github.com/vladxdboi/bob.git"
                    },
                    {
                      "k": "collaborators_url",
                      "v": "https://api.github.com/repos/vladxdboi/bob/collaborators{/collaborator}"
                    },
                    {
                      "k": "comments_url",
                      "v": "https://api.github.com/repos/vladxdboi/bob/comments{/number}"
                    },
                    {
                      "k": "commits_url",
                      "v": "https://api.github.com/repos/vladxdboi/bob/commits{/sha}"
                    },
                    {
                      "k": "compare_url",
                      "v": "https://api.github.com/repos/vladxdboi/bob/compare/{base}...{head}"
                    },
                    {
                      "k": "contents_url",
                      "v": "https://api.github.com/repos/vladxdboi/bob/contents/{+path}"
                    },
                    {
                      "k": "contributors_url",
                      "v": "https://api.github.com/repos/vladxdboi/bob/contributors"
                    },
                    {
                      "k": "created_at",
                      "v": 1743515216.0
                    },
                    {
                      "k": "default_branch",
                      "v": "main"
                    },
                    {
                      "k": "deployments_url",
                      "v": "https://api.github.com/repos/vladxdboi/bob/deployments"
                    },
                    {
                      "k": "description",
                      "v": null
                    },
                    {
                      "k": "disabled",
                      "v": false
                    },
                    {
                      "k": "downloads_url",
                      "v": "https://api.github.com/repos/vladxdboi/bob/downloads"
                    },
                    {
                      "k": "events_url",
                      "v": "https://api.github.com/repos/vladxdboi/bob/events"
                    },
                    {
                      "k": "fork",
                      "v": false
                    },
                    {
                      "k": "forks",
                      "v": 0.0
                    },
                    {
                      "k": "forks_count",
                      "v": 0.0
                    },
                    {
                      "k": "forks_url",
                      "v": "https://api.github.com/repos/vladxdboi/bob/forks"
                    },
                    {
                      "k": "full_name",
                      "v": "vladxdboi/bob"
                    },
                    {
                      "k": "git_commits_url",
                      "v": "https://api.github.com/repos/vladxdboi/bob/git/commits{/sha}"
                    },
                    {
                      "k": "git_refs_url",
                      "v": "https://api.github.com/repos/vladxdboi/bob/git/refs{/sha}"
                    },
                    {
                      "k": "git_tags_url",
                      "v": "https://api.github.com/repos/vladxdboi/bob/git/tags{/sha}"
                    },
                    {
                      "k": "git_url",
                      "v": "git://github.com/vladxdboi/bob.git"
                    },
                    {
                      "k": "has_discussions",
                      "v": false
                    },
                    {
                      "k": "has_downloads",
                      "v": true
                    },
                    {
                      "k": "has_issues",
                      "v": true
                    },
                    {
                      "k": "has_pages",
                      "v": false
                    },
                    {
                      "k": "has_projects",
                      "v": true
                    },
                    {
                      "k": "has_wiki",
                      "v": false
                    },
                    {
                      "k": "homepage",
                      "v": null
                    },
                    {
                      "k": "hooks_url",
                      "v": "https://api.github.com/repos/vladxdboi/bob/hooks"
                    },
                    {
                      "k": "html_url",
                      "v": "https://github.com/vladxdboi/bob"
                    },
                    {
                      "k": "id",
                      "v": 958619869.0
                    },
                    {
                      "k": "is_template",
                      "v": false
                    },
                    {
                      "k": "issue_comment_url",
                      "v": "https://api.github.com/repos/vladxdboi/bob/issues/comments{/number}"
                    },
                    {
                      "k": "issue_events_url",
                      "v": "https://api.github.com/repos/vladxdboi/bob/issues/events{/number}"
                    },
                    {
                      "k": "issues_url",
                      "v": "https://api.github.com/repos/vladxdboi/bob/issues{/number}"
                    },
                    {
                      "k": "keys_url",
                      "v": "https://api.github.com/repos/vladxdboi/bob/keys{/key_id}"
                    },
                    {
                      "k": "labels_url",
                      "v": "https://api.github.com/repos/vladxdboi/bob/labels{/name}"
                    },
                    {
                      "k": "language",
                      "v": "JavaScript"
                    },
                    {
                      "k": "languages_url",
                      "v": "https://api.github.com/repos/vladxdboi/bob/languages"
                    },
                    {
                      "k": "license",
                      "v": null
                    },
                    {
                      "k": "master_branch",
                      "v": "main"
                    },
                    {
                      "k": "merges_url",
                      "v": "https://api.github.com/repos/vladxdboi/bob/merges"
                    },
                    {
                      "k": "milestones_url",
                      "v": "https://api.github.com/repos/vladxdboi/bob/milestones{/number}"
                    },
                    {
                      "k": "mirror_url",
                      "v": null
                    },
                    {
                      "k": "name",
                      "v": "bob"
                    },
                    {
                      "k": "node_id",
                      "v": "R_kgDOOSNg3Q"
                    },
                    {
                      "k": "notifications_url",
                      "v": "https://api.github.com/repos/vladxdboi/bob/notifications{?since,all,participating}"
                    },
                    {
                      "k": "open_issues",
                      "v": 0.0
                    },
                    {
                      "k": "open_issues_count",
                      "v": 0.0
                    },
                    {
                      "k": "owner",
                      "v": {
                        "t": 2,
                        "d": [
                          {
                            "k": "avatar_url",
                            "v": "https://avatars.githubusercontent.com/u/47676811?v=4"
                          },
                          {
                            "k": "email",
                            "v": "47676811+vladxdboi@users.noreply.github.com"
                          },
                          {
                            "k": "events_url",
                            "v": "https://api.github.com/users/vladxdboi/events{/privacy}"
                          },
                          {
                            "k": "followers_url",
                            "v": "https://api.github.com/users/vladxdboi/followers"
                          },
                          {
                            "k": "following_url",
                            "v": "https://api.github.com/users/vladxdboi/following{/other_user}"
                          },
                          {
                            "k": "gists_url",
                            "v": "https://api.github.com/users/vladxdboi/gists{/gist_id}"
                          },
                          {
                            "k": "gravatar_id",
                            "v": ""
                          },
                          {
                            "k": "html_url",
                            "v": "https://github.com/vladxdboi"
                          },
                          {
                            "k": "id",
                            "v": 47676811.0
                          },
                          {
                            "k": "login",
                            "v": "vladxdboi"
                          },
                          {
                            "k": "name",
                            "v": "vladxdboi"
                          },
                          {
                            "k": "node_id",
                            "v": "MDQ6VXNlcjQ3Njc2ODEx"
                          },
                          {
                            "k": "organizations_url",
                            "v": "https://api.github.com/users/vladxdboi/orgs"
                          },
                          {
                            "k": "received_events_url",
                            "v": "https://api.github.com/users/vladxdboi/received_events"
                          },
                          {
                            "k": "repos_url",
                            "v": "https://api.github.com/users/vladxdboi/repos"
                          },
                          {
                            "k": "site_admin",
                            "v": false
                          },
                          {
                            "k": "starred_url",
                            "v": "https://api.github.com/users/vladxdboi/starred{/owner}{/repo}"
                          },
                          {
                            "k": "subscriptions_url",
                            "v": "https://api.github.com/users/vladxdboi/subscriptions"
                          },
                          {
                            "k": "type",
                            "v": "User"
                          },
                          {
                            "k": "url",
                            "v": "https://api.github.com/users/vladxdboi"
                          },
                          {
                            "k": "user_view_type",
                            "v": "public"
                          }
                        ]
                      }
                    },
                    {
                      "k": "private",
                      "v": true
                    },
                    {
                      "k": "pulls_url",
                      "v": "https://api.github.com/repos/vladxdboi/bob/pulls{/number}"
                    },
                    {
                      "k": "pushed_at",
                      "v": 1743618970.0
                    },
                    {
                      "k": "releases_url",
                      "v": "https://api.github.com/repos/vladxdboi/bob/releases{/id}"
                    },
                    {
                      "k": "size",
                      "v": 122884.0
                    },
                    {
                      "k": "ssh_url",
                      "v": "git@github.com:vladxdboi/bob.git"
                    },
                    {
                      "k": "stargazers",
                      "v": 0.0
                    },
                    {
                      "k": "stargazers_count",
                      "v": 0.0
                    },
                    {
                      "k": "stargazers_url",
                      "v": "https://api.github.com/repos/vladxdboi/bob/stargazers"
                    },
                    {
                      "k": "statuses_url",
                      "v": "https://api.github.com/repos/vladxdboi/bob/statuses/{sha}"
                    },
                    {
                      "k": "subscribers_url",
                      "v": "https://api.github.com/repos/vladxdboi/bob/subscribers"
                    },
                    {
                      "k": "subscription_url",
                      "v": "https://api.github.com/repos/vladxdboi/bob/subscription"
                    },
                    {
                      "k": "svn_url",
                      "v": "https://github.com/vladxdboi/bob"
                    },
                    {
                      "k": "tags_url",
                      "v": "https://api.github.com/repos/vladxdboi/bob/tags"
                    },
                    {
                      "k": "teams_url",
                      "v": "https://api.github.com/repos/vladxdboi/bob/teams"
                    },
                    {
                      "k": "topics",
                      "v": {
                        "t": 1
                      }
                    },
                    {
                      "k": "trees_url",
                      "v": "https://api.github.com/repos/vladxdboi/bob/git/trees{/sha}"
                    },
                    {
                      "k": "updated_at",
                      "v": "2025-04-02T18:08:32Z"
                    },
                    {
                      "k": "url",
                      "v": "https://github.com/vladxdboi/bob"
                    },
                    {
                      "k": "visibility",
                      "v": "private"
                    },
                    {
                      "k": "watchers",
                      "v": 0.0
                    },
                    {
                      "k": "watchers_count",
                      "v": 0.0
                    },
                    {
                      "k": "web_commit_signoff_required",
                      "v": false
                    }
                  ]
                }
              },
              {
                "k": "sender",
                "v": {
                  "t": 2,
                  "d": [
                    {
                      "k": "avatar_url",
                      "v": "https://avatars.githubusercontent.com/u/47676811?v=4"
                    },
                    {
                      "k": "events_url",
                      "v": "https://api.github.com/users/vladxdboi/events{/privacy}"
                    },
                    {
                      "k": "followers_url",
                      "v": "https://api.github.com/users/vladxdboi/followers"
                    },
                    {
                      "k": "following_url",
                      "v": "https://api.github.com/users/vladxdboi/following{/other_user}"
                    },
                    {
                      "k": "gists_url",
                      "v": "https://api.github.com/users/vladxdboi/gists{/gist_id}"
                    },
                    {
                      "k": "gravatar_id",
                      "v": ""
                    },
                    {
                      "k": "html_url",
                      "v": "https://github.com/vladxdboi"
                    },
                    {
                      "k": "id",
                      "v": 47676811.0
                    },
                    {
                      "k": "login",
                      "v": "vladxdboi"
                    },
                    {
                      "k": "node_id",
                      "v": "MDQ6VXNlcjQ3Njc2ODEx"
                    },
                    {
                      "k": "organizations_url",
                      "v": "https://api.github.com/users/vladxdboi/orgs"
                    },
                    {
                      "k": "received_events_url",
                      "v": "https://api.github.com/users/vladxdboi/received_events"
                    },
                    {
                      "k": "repos_url",
                      "v": "https://api.github.com/users/vladxdboi/repos"
                    },
                    {
                      "k": "site_admin",
                      "v": false
                    },
                    {
                      "k": "starred_url",
                      "v": "https://api.github.com/users/vladxdboi/starred{/owner}{/repo}"
                    },
                    {
                      "k": "subscriptions_url",
                      "v": "https://api.github.com/users/vladxdboi/subscriptions"
                    },
                    {
                      "k": "type",
                      "v": "User"
                    },
                    {
                      "k": "url",
                      "v": "https://api.github.com/users/vladxdboi"
                    },
                    {
                      "k": "user_view_type",
                      "v": "public"
                    }
                  ]
                }
              }
            ]
          }
        },
        {
          "k": "workflow_ref",
          "v": "vladxdboi/bob/.github/workflows/python-greetings.yml@refs/heads/main"
        },
        {
          "k": "workflow_sha",
          "v": "6321a94e7cb5f27ed1db5fcda550d7d5546d54e0"
        },
        {
          "k": "repository_id",
          "v": "958619869"
        },
        {
          "k": "triggering_actor",
          "v": "vladxdboi"
        }
      ]
    },
    "inputs": {
      "t": 2
    },
    "matrix": null,
    "needs": {
      "t": 2,
      "d": [
        {
          "k": "deploy-to-dev",
          "v": {
            "t": 2,
            "d": [
              {
                "k": "result",
                "v": "success"
              },
              {
                "k": "outputs",
                "v": {
                  "t": 2
                }
              }
            ]
          }
        }
      ]
    },
    "strategy": {
      "t": 2,
      "d": [
        {
          "k": "fail-fast",
          "v": true
        },
        {
          "k": "job-index",
          "v": 0.0
        },
        {
          "k": "job-total",
          "v": 1.0
        },
        {
          "k": "max-parallel",
          "v": 1.0
        }
      ]
    },
    "vars": {
      "t": 2
    }
  },
  "billingOwnerId": "U_kgDOAtd9iw"
}
[2025-04-02 18:37:01Z INFO JobRunner] Job ID 4d71ec45-0f8e-5e6e-bb6e-c1da69ec5847
[2025-04-02 18:37:01Z INFO ConfigurationStore] currentAssemblyLocation: C:\Users\vladi\Documents\GitHub\bob\actions-runner\bin\Runner.Worker.dll
[2025-04-02 18:37:01Z INFO HostContext] Well known directory 'Bin': 'C:\Users\vladi\Documents\GitHub\bob\actions-runner\bin'
[2025-04-02 18:37:01Z INFO ConfigurationStore] binPath: C:\Users\vladi\Documents\GitHub\bob\actions-runner\bin
[2025-04-02 18:37:01Z INFO HostContext] Well known directory 'Bin': 'C:\Users\vladi\Documents\GitHub\bob\actions-runner\bin'
[2025-04-02 18:37:01Z INFO HostContext] Well known directory 'Root': 'C:\Users\vladi\Documents\GitHub\bob\actions-runner'
[2025-04-02 18:37:01Z INFO ConfigurationStore] RootFolder: C:\Users\vladi\Documents\GitHub\bob\actions-runner
[2025-04-02 18:37:01Z INFO HostContext] Well known directory 'Bin': 'C:\Users\vladi\Documents\GitHub\bob\actions-runner\bin'
[2025-04-02 18:37:01Z INFO HostContext] Well known directory 'Root': 'C:\Users\vladi\Documents\GitHub\bob\actions-runner'
[2025-04-02 18:37:01Z INFO HostContext] Well known config file 'Runner': 'C:\Users\vladi\Documents\GitHub\bob\actions-runner\.runner'
[2025-04-02 18:37:01Z INFO ConfigurationStore] ConfigFilePath: C:\Users\vladi\Documents\GitHub\bob\actions-runner\.runner
[2025-04-02 18:37:01Z INFO HostContext] Well known directory 'Bin': 'C:\Users\vladi\Documents\GitHub\bob\actions-runner\bin'
[2025-04-02 18:37:01Z INFO HostContext] Well known directory 'Root': 'C:\Users\vladi\Documents\GitHub\bob\actions-runner'
[2025-04-02 18:37:01Z INFO HostContext] Well known config file 'MigratedRunner': 'C:\Users\vladi\Documents\GitHub\bob\actions-runner\.runner_migrated'
[2025-04-02 18:37:01Z INFO ConfigurationStore] MigratedConfigFilePath: C:\Users\vladi\Documents\GitHub\bob\actions-runner\.runner_migrated
[2025-04-02 18:37:01Z INFO HostContext] Well known directory 'Bin': 'C:\Users\vladi\Documents\GitHub\bob\actions-runner\bin'
[2025-04-02 18:37:01Z INFO HostContext] Well known directory 'Root': 'C:\Users\vladi\Documents\GitHub\bob\actions-runner'
[2025-04-02 18:37:01Z INFO HostContext] Well known config file 'Credentials': 'C:\Users\vladi\Documents\GitHub\bob\actions-runner\.credentials'
[2025-04-02 18:37:01Z INFO ConfigurationStore] CredFilePath: C:\Users\vladi\Documents\GitHub\bob\actions-runner\.credentials
[2025-04-02 18:37:01Z INFO HostContext] Well known directory 'Bin': 'C:\Users\vladi\Documents\GitHub\bob\actions-runner\bin'
[2025-04-02 18:37:01Z INFO HostContext] Well known directory 'Root': 'C:\Users\vladi\Documents\GitHub\bob\actions-runner'
[2025-04-02 18:37:01Z INFO HostContext] Well known config file 'MigratedCredentials': 'C:\Users\vladi\Documents\GitHub\bob\actions-runner\.credentials_migrated'
[2025-04-02 18:37:01Z INFO ConfigurationStore] MigratedCredFilePath: C:\Users\vladi\Documents\GitHub\bob\actions-runner\.credentials_migrated
[2025-04-02 18:37:01Z INFO HostContext] Well known directory 'Bin': 'C:\Users\vladi\Documents\GitHub\bob\actions-runner\bin'
[2025-04-02 18:37:01Z INFO HostContext] Well known directory 'Root': 'C:\Users\vladi\Documents\GitHub\bob\actions-runner'
[2025-04-02 18:37:01Z INFO HostContext] Well known config file 'Service': 'C:\Users\vladi\Documents\GitHub\bob\actions-runner\.service'
[2025-04-02 18:37:01Z INFO ConfigurationStore] ServiceConfigFilePath: C:\Users\vladi\Documents\GitHub\bob\actions-runner\.service
[2025-04-02 18:37:01Z INFO ConfigurationStore] Read setting file: 293 chars
[2025-04-02 18:37:01Z INFO JobRunner] Initializing launch client
[2025-04-02 18:37:01Z INFO JobServerQueue] Initializing results client
[2025-04-02 18:37:01Z INFO ResultServer] Creating websocket client ...wss://results-receiver.actions.githubusercontent.com/_ws/ingest.sock
[2025-04-02 18:37:01Z INFO ResultServer] Attempting to start websocket client with delay 00:00:00.
[2025-04-02 18:37:01Z INFO JobServerQueue] Start process web console line queue.
[2025-04-02 18:37:01Z INFO JobServerQueue] Start process file upload queue.
[2025-04-02 18:37:01Z INFO JobServerQueue] Start results file upload queue.
[2025-04-02 18:37:01Z INFO JobServerQueue] Starting results-based upload queue...
[2025-04-02 18:37:01Z INFO JobServerQueue] Start process timeline update queue.
[2025-04-02 18:37:01Z INFO ExecutionContext] Initialize GitHub context
[2025-04-02 18:37:01Z INFO ExecutionContext] Initialize Env context
[2025-04-02 18:37:01Z INFO HostContext] Well known directory 'Bin': 'C:\Users\vladi\Documents\GitHub\bob\actions-runner\bin'
[2025-04-02 18:37:01Z INFO HostContext] Well known directory 'Root': 'C:\Users\vladi\Documents\GitHub\bob\actions-runner'
[2025-04-02 18:37:01Z INFO HostContext] Well known directory 'Diag': 'C:\Users\vladi\Documents\GitHub\bob\actions-runner\_diag'
[2025-04-02 18:37:01Z INFO HostContext] Well known directory 'Bin': 'C:\Users\vladi\Documents\GitHub\bob\actions-runner\bin'
[2025-04-02 18:37:01Z INFO HostContext] Well known directory 'Root': 'C:\Users\vladi\Documents\GitHub\bob\actions-runner'
[2025-04-02 18:37:01Z INFO HostContext] Well known directory 'Diag': 'C:\Users\vladi\Documents\GitHub\bob\actions-runner\_diag'
[2025-04-02 18:37:01Z INFO JobRunner] Starting the job execution context.
[2025-04-02 18:37:01Z INFO HostContext] Well known directory 'Bin': 'C:\Users\vladi\Documents\GitHub\bob\actions-runner\bin'
[2025-04-02 18:37:01Z INFO HostContext] Well known directory 'Root': 'C:\Users\vladi\Documents\GitHub\bob\actions-runner'
[2025-04-02 18:37:01Z INFO HostContext] Well known directory 'Work': 'C:\Users\vladi\Documents\GitHub\bob\actions-runner\_work'
[2025-04-02 18:37:01Z INFO JobRunner] Validating directory permissions for: 'C:\Users\vladi\Documents\GitHub\bob\actions-runner\_work'
[2025-04-02 18:37:01Z INFO HostContext] Well known directory 'Bin': 'C:\Users\vladi\Documents\GitHub\bob\actions-runner\bin'
[2025-04-02 18:37:01Z INFO HostContext] Well known directory 'Root': 'C:\Users\vladi\Documents\GitHub\bob\actions-runner'
[2025-04-02 18:37:01Z INFO HostContext] Well known directory 'Work': 'C:\Users\vladi\Documents\GitHub\bob\actions-runner\_work'
[2025-04-02 18:37:01Z INFO HostContext] Well known directory 'Tools': 'C:\Users\vladi\Documents\GitHub\bob\actions-runner\_work\_tool'
[2025-04-02 18:37:01Z INFO HostContext] Well known directory 'Bin': 'C:\Users\vladi\Documents\GitHub\bob\actions-runner\bin'
[2025-04-02 18:37:01Z INFO HostContext] Well known directory 'Root': 'C:\Users\vladi\Documents\GitHub\bob\actions-runner'
[2025-04-02 18:37:01Z INFO HostContext] Well known directory 'Work': 'C:\Users\vladi\Documents\GitHub\bob\actions-runner\_work'
[2025-04-02 18:37:01Z INFO HostContext] Well known directory 'Temp': 'C:\Users\vladi\Documents\GitHub\bob\actions-runner\_work\_temp'
[2025-04-02 18:37:01Z INFO JobRunner] Getting job extension.
[2025-04-02 18:37:01Z INFO JobRunner] Initialize job. Getting all job steps.
[2025-04-02 18:37:01Z INFO HostContext] Well known directory 'Bin': 'C:\Users\vladi\Documents\GitHub\bob\actions-runner\bin'
[2025-04-02 18:37:01Z INFO HostContext] Well known directory 'Root': 'C:\Users\vladi\Documents\GitHub\bob\actions-runner'
[2025-04-02 18:37:01Z INFO HostContext] Well known directory 'Diag': 'C:\Users\vladi\Documents\GitHub\bob\actions-runner\_diag'
[2025-04-02 18:37:01Z INFO HostContext] Well known directory 'Bin': 'C:\Users\vladi\Documents\GitHub\bob\actions-runner\bin'
[2025-04-02 18:37:01Z INFO HostContext] Well known directory 'Root': 'C:\Users\vladi\Documents\GitHub\bob\actions-runner'
[2025-04-02 18:37:01Z INFO HostContext] Well known directory 'Diag': 'C:\Users\vladi\Documents\GitHub\bob\actions-runner\_diag'
[2025-04-02 18:37:01Z INFO HostContext] Well known directory 'Bin': 'C:\Users\vladi\Documents\GitHub\bob\actions-runner\bin'
[2025-04-02 18:37:01Z INFO HostContext] Well known directory 'Root': 'C:\Users\vladi\Documents\GitHub\bob\actions-runner'
[2025-04-02 18:37:01Z INFO HostContext] Well known config file 'Credentials': 'C:\Users\vladi\Documents\GitHub\bob\actions-runner\.credentials'
[2025-04-02 18:37:01Z INFO HostContext] Well known directory 'Bin': 'C:\Users\vladi\Documents\GitHub\bob\actions-runner\bin'
[2025-04-02 18:37:01Z INFO HostContext] Well known directory 'Root': 'C:\Users\vladi\Documents\GitHub\bob\actions-runner'
[2025-04-02 18:37:01Z INFO HostContext] Well known config file 'SetupInfo': 'C:\Users\vladi\Documents\GitHub\bob\actions-runner\.setup_info'
[2025-04-02 18:37:01Z INFO HostContext] Well known directory 'Bin': 'C:\Users\vladi\Documents\GitHub\bob\actions-runner\bin'
[2025-04-02 18:37:01Z INFO HostContext] Well known directory 'Root': 'C:\Users\vladi\Documents\GitHub\bob\actions-runner'
[2025-04-02 18:37:01Z INFO HostContext] Well known directory 'Work': 'C:\Users\vladi\Documents\GitHub\bob\actions-runner\_work'
[2025-04-02 18:37:01Z INFO PipelineDirectoryManager] Loading tracking config if exists: C:\Users\vladi\Documents\GitHub\bob\actions-runner\_work\_PipelineMapping\vladxdboi/bob\PipelineFolder.json
[2025-04-02 18:37:01Z INFO PipelineDirectoryManager] Updating job run properties.
[2025-04-02 18:37:01Z INFO HostContext] Well known directory 'Bin': 'C:\Users\vladi\Documents\GitHub\bob\actions-runner\bin'
[2025-04-02 18:37:01Z INFO HostContext] Well known directory 'Root': 'C:\Users\vladi\Documents\GitHub\bob\actions-runner'
[2025-04-02 18:37:01Z INFO HostContext] Well known directory 'Work': 'C:\Users\vladi\Documents\GitHub\bob\actions-runner\_work'
[2025-04-02 18:37:01Z INFO HostContext] Well known directory 'Bin': 'C:\Users\vladi\Documents\GitHub\bob\actions-runner\bin'
[2025-04-02 18:37:01Z INFO HostContext] Well known directory 'Root': 'C:\Users\vladi\Documents\GitHub\bob\actions-runner'
[2025-04-02 18:37:01Z INFO HostContext] Well known directory 'Work': 'C:\Users\vladi\Documents\GitHub\bob\actions-runner\_work'
[2025-04-02 18:37:01Z INFO HostContext] Well known directory 'Bin': 'C:\Users\vladi\Documents\GitHub\bob\actions-runner\bin'
[2025-04-02 18:37:01Z INFO HostContext] Well known directory 'Root': 'C:\Users\vladi\Documents\GitHub\bob\actions-runner'
[2025-04-02 18:37:01Z INFO HostContext] Well known directory 'Work': 'C:\Users\vladi\Documents\GitHub\bob\actions-runner\_work'
[2025-04-02 18:37:01Z INFO JobExtension] Downloading actions
[2025-04-02 18:37:01Z INFO HostContext] Well known directory 'Bin': 'C:\Users\vladi\Documents\GitHub\bob\actions-runner\bin'
[2025-04-02 18:37:01Z INFO HostContext] Well known directory 'Root': 'C:\Users\vladi\Documents\GitHub\bob\actions-runner'
[2025-04-02 18:37:01Z INFO HostContext] Well known directory 'Work': 'C:\Users\vladi\Documents\GitHub\bob\actions-runner\_work'
[2025-04-02 18:37:01Z INFO HostContext] Well known directory 'Actions': 'C:\Users\vladi\Documents\GitHub\bob\actions-runner\_work\_actions'
[2025-04-02 18:37:01Z INFO JobExtension] Adding .
[2025-04-02 18:37:02Z INFO JobExtension] Adding .
[2025-04-02 18:37:02Z INFO HostContext] Well known directory 'Bin': 'C:\Users\vladi\Documents\GitHub\bob\actions-runner\bin'
[2025-04-02 18:37:02Z INFO HostContext] Well known directory 'Root': 'C:\Users\vladi\Documents\GitHub\bob\actions-runner'
[2025-04-02 18:37:02Z INFO HostContext] Well known directory 'Diag': 'C:\Users\vladi\Documents\GitHub\bob\actions-runner\_diag'
[2025-04-02 18:37:02Z INFO HostContext] Well known directory 'Bin': 'C:\Users\vladi\Documents\GitHub\bob\actions-runner\bin'
[2025-04-02 18:37:02Z INFO HostContext] Well known directory 'Root': 'C:\Users\vladi\Documents\GitHub\bob\actions-runner'
[2025-04-02 18:37:02Z INFO HostContext] Well known directory 'Diag': 'C:\Users\vladi\Documents\GitHub\bob\actions-runner\_diag'
[2025-04-02 18:37:02Z INFO HostContext] Well known directory 'Bin': 'C:\Users\vladi\Documents\GitHub\bob\actions-runner\bin'
[2025-04-02 18:37:02Z INFO HostContext] Well known directory 'Root': 'C:\Users\vladi\Documents\GitHub\bob\actions-runner'
[2025-04-02 18:37:02Z INFO HostContext] Well known directory 'Diag': 'C:\Users\vladi\Documents\GitHub\bob\actions-runner\_diag'
[2025-04-02 18:37:02Z INFO HostContext] Well known directory 'Bin': 'C:\Users\vladi\Documents\GitHub\bob\actions-runner\bin'
[2025-04-02 18:37:02Z INFO HostContext] Well known directory 'Root': 'C:\Users\vladi\Documents\GitHub\bob\actions-runner'
[2025-04-02 18:37:02Z INFO HostContext] Well known directory 'Diag': 'C:\Users\vladi\Documents\GitHub\bob\actions-runner\_diag'
[2025-04-02 18:37:02Z INFO JobExtension] Total accessible running process: 272.
[2025-04-02 18:37:02Z INFO HostContext] Well known directory 'Bin': 'C:\Users\vladi\Documents\GitHub\bob\actions-runner\bin'
[2025-04-02 18:37:02Z INFO HostContext] Well known directory 'Root': 'C:\Users\vladi\Documents\GitHub\bob\actions-runner'
[2025-04-02 18:37:02Z INFO HostContext] Well known directory 'Work': 'C:\Users\vladi\Documents\GitHub\bob\actions-runner\_work'
[2025-04-02 18:37:02Z INFO JobExtension] Start checking service connectivity in background.
[2025-04-02 18:37:02Z INFO ExecutionContext] Publish step telemetry for current step {
  "action": "setup_job",
  "type": "runner",
  "stage": "Pre",
  "stepId": "211c72f0-a63f-4d0c-aaa0-72dae37ea308",
  "result": "succeeded",
  "errorMessages": [],
  "executionTimeInSeconds": 1,
  "startTime": "2025-04-02T18:37:01.828809Z",
  "finishTime": "2025-04-02T18:37:02.1095683Z"
}.
[2025-04-02 18:37:02Z INFO JobRunner] Total job steps: 2.
[2025-04-02 18:37:02Z INFO JobRunner] Run all job steps.
[2025-04-02 18:37:02Z INFO StepsRunner] Processing step: DisplayName='Installing dependencies'
[2025-04-02 18:37:02Z INFO StepsRunner] Evaluating: success()
[2025-04-02 18:37:02Z INFO StepsRunner] Result: true
[2025-04-02 18:37:02Z INFO StepsRunner] Starting the step.
[2025-04-02 18:37:02Z INFO HostContext] Well known directory 'Bin': 'C:\Users\vladi\Documents\GitHub\bob\actions-runner\bin'
[2025-04-02 18:37:02Z INFO HostContext] Well known directory 'Root': 'C:\Users\vladi\Documents\GitHub\bob\actions-runner'
[2025-04-02 18:37:02Z INFO HostContext] Well known directory 'Work': 'C:\Users\vladi\Documents\GitHub\bob\actions-runner\_work'
[2025-04-02 18:37:02Z INFO StepsRunner] Which2: 'chcp'
[2025-04-02 18:37:02Z INFO StepsRunner] Location: 'C:\WINDOWS\system32\chcp.COM'
[2025-04-02 18:37:02Z INFO ProcessInvokerWrapper] Starting process:
[2025-04-02 18:37:02Z INFO ProcessInvokerWrapper]   File name: 'C:\WINDOWS\system32\chcp.COM'
[2025-04-02 18:37:02Z INFO ProcessInvokerWrapper]   Arguments: '65001'
[2025-04-02 18:37:02Z INFO ProcessInvokerWrapper]   Working directory: 'C:\Users\vladi\Documents\GitHub\bob\actions-runner\_work'
[2025-04-02 18:37:02Z INFO ProcessInvokerWrapper]   Require exit code zero: 'False'
[2025-04-02 18:37:02Z INFO ProcessInvokerWrapper]   Encoding web name:  ; code page: ''
[2025-04-02 18:37:02Z INFO ProcessInvokerWrapper]   Force kill process on cancellation: 'False'
[2025-04-02 18:37:02Z INFO ProcessInvokerWrapper]   Redirected STDIN: 'False'
[2025-04-02 18:37:02Z INFO ProcessInvokerWrapper]   Persist current code page: 'True'
[2025-04-02 18:37:02Z INFO ProcessInvokerWrapper]   Keep redirected STDIN open: 'False'
[2025-04-02 18:37:02Z INFO ProcessInvokerWrapper]   High priority process: 'False'
[2025-04-02 18:37:02Z INFO ProcessInvokerWrapper] Process started with process id 13736, waiting for process exit.
[2025-04-02 18:37:02Z INFO Worker] Listening for cancel message from the channel.
[2025-04-02 18:37:02Z INFO ProcessInvokerWrapper] STDOUT/STDERR stream read finished.
[2025-04-02 18:37:02Z INFO Worker] Waiting for the job to complete or for a cancel message from the channel.
[2025-04-02 18:37:02Z INFO ProcessInvokerWrapper] STDOUT/STDERR stream read finished.
[2025-04-02 18:37:02Z INFO ProcessInvokerWrapper] Finished process 13736 with exit code 0, and elapsed time 00:00:00.0136674.
[2025-04-02 18:37:02Z INFO StepsRunner] Successfully returned to code page 65001 (UTF8)
[2025-04-02 18:37:02Z INFO HostContext] Well known directory 'Bin': 'C:\Users\vladi\Documents\GitHub\bob\actions-runner\bin'
[2025-04-02 18:37:02Z INFO HostContext] Well known directory 'Root': 'C:\Users\vladi\Documents\GitHub\bob\actions-runner'
[2025-04-02 18:37:02Z INFO HostContext] Well known directory 'Work': 'C:\Users\vladi\Documents\GitHub\bob\actions-runner\_work'
[2025-04-02 18:37:02Z INFO HostContext] Well known directory 'Temp': 'C:\Users\vladi\Documents\GitHub\bob\actions-runner\_work\_temp'
[2025-04-02 18:37:02Z INFO ExecutionContext] Write event payload to C:\Users\vladi\Documents\GitHub\bob\actions-runner\_work\_temp\_github_workflow\event.json
[2025-04-02 18:37:02Z INFO HostContext] Well known directory 'Bin': 'C:\Users\vladi\Documents\GitHub\bob\actions-runner\bin'
[2025-04-02 18:37:02Z INFO HostContext] Well known directory 'Root': 'C:\Users\vladi\Documents\GitHub\bob\actions-runner'
[2025-04-02 18:37:02Z INFO HostContext] Well known directory 'Work': 'C:\Users\vladi\Documents\GitHub\bob\actions-runner\_work'
[2025-04-02 18:37:02Z INFO HostContext] Well known directory 'Temp': 'C:\Users\vladi\Documents\GitHub\bob\actions-runner\_work\_temp'
[2025-04-02 18:37:02Z INFO ExtensionManager] Getting extensions for interface: 'GitHub.Runner.Worker.IFileCommandExtension'
[2025-04-02 18:37:02Z INFO ExtensionManager] Creating instance: GitHub.Runner.Worker.AddPathFileCommand, Runner.Worker
[2025-04-02 18:37:02Z INFO ExtensionManager] Creating instance: GitHub.Runner.Worker.SetEnvFileCommand, Runner.Worker
[2025-04-02 18:37:02Z INFO ExtensionManager] Creating instance: GitHub.Runner.Worker.CreateStepSummaryCommand, Runner.Worker
[2025-04-02 18:37:02Z INFO ExtensionManager] Creating instance: GitHub.Runner.Worker.SaveStateFileCommand, Runner.Worker
[2025-04-02 18:37:02Z INFO ExtensionManager] Creating instance: GitHub.Runner.Worker.SetOutputFileCommand, Runner.Worker
[2025-04-02 18:37:02Z INFO ExtensionManager] Getting extensions for interface: 'GitHub.Runner.Worker.IActionCommandExtension'
[2025-04-02 18:37:02Z INFO ExtensionManager] Creating instance: GitHub.Runner.Worker.InternalPluginSetRepoPathCommandExtension, Runner.Worker
[2025-04-02 18:37:02Z INFO ExtensionManager] Creating instance: GitHub.Runner.Worker.SetEnvCommandExtension, Runner.Worker
[2025-04-02 18:37:02Z INFO ExtensionManager] Creating instance: GitHub.Runner.Worker.SetOutputCommandExtension, Runner.Worker
[2025-04-02 18:37:02Z INFO ExtensionManager] Creating instance: GitHub.Runner.Worker.SaveStateCommandExtension, Runner.Worker
[2025-04-02 18:37:02Z INFO ExtensionManager] Creating instance: GitHub.Runner.Worker.AddPathCommandExtension, Runner.Worker
[2025-04-02 18:37:02Z INFO ExtensionManager] Creating instance: GitHub.Runner.Worker.AddMaskCommandExtension, Runner.Worker
[2025-04-02 18:37:02Z INFO ExtensionManager] Creating instance: GitHub.Runner.Worker.AddMatcherCommandExtension, Runner.Worker
[2025-04-02 18:37:02Z INFO ExtensionManager] Creating instance: GitHub.Runner.Worker.RemoveMatcherCommandExtension, Runner.Worker
[2025-04-02 18:37:02Z INFO ExtensionManager] Creating instance: GitHub.Runner.Worker.WarningCommandExtension, Runner.Worker
[2025-04-02 18:37:02Z INFO ExtensionManager] Creating instance: GitHub.Runner.Worker.ErrorCommandExtension, Runner.Worker
[2025-04-02 18:37:02Z INFO ExtensionManager] Creating instance: GitHub.Runner.Worker.NoticeCommandExtension, Runner.Worker
[2025-04-02 18:37:02Z INFO ExtensionManager] Creating instance: GitHub.Runner.Worker.DebugCommandExtension, Runner.Worker
[2025-04-02 18:37:02Z INFO ExtensionManager] Creating instance: GitHub.Runner.Worker.GroupCommandExtension, Runner.Worker
[2025-04-02 18:37:02Z INFO ExtensionManager] Creating instance: GitHub.Runner.Worker.EndGroupCommandExtension, Runner.Worker
[2025-04-02 18:37:02Z INFO ExtensionManager] Creating instance: GitHub.Runner.Worker.EchoCommandExtension, Runner.Worker
[2025-04-02 18:37:02Z INFO ActionCommandManager] Register action command extension for command internal-set-repo-path
[2025-04-02 18:37:02Z INFO ActionCommandManager] Register action command extension for command set-env
[2025-04-02 18:37:02Z INFO ActionCommandManager] Register action command extension for command set-output
[2025-04-02 18:37:02Z INFO ActionCommandManager] Register action command extension for command save-state
[2025-04-02 18:37:02Z INFO ActionCommandManager] Register action command extension for command add-path
[2025-04-02 18:37:02Z INFO ActionCommandManager] Register action command extension for command add-mask
[2025-04-02 18:37:02Z INFO ActionCommandManager] Register action command extension for command add-matcher
[2025-04-02 18:37:02Z INFO ActionCommandManager] Register action command extension for command remove-matcher
[2025-04-02 18:37:02Z INFO ActionCommandManager] Register action command extension for command warning
[2025-04-02 18:37:02Z INFO ActionCommandManager] Register action command extension for command error
[2025-04-02 18:37:02Z INFO ActionCommandManager] Register action command extension for command notice
[2025-04-02 18:37:02Z INFO ActionCommandManager] Register action command extension for command debug
[2025-04-02 18:37:02Z INFO ActionCommandManager] Register action command extension for command group
[2025-04-02 18:37:02Z INFO ActionCommandManager] Register action command extension for command endgroup
[2025-04-02 18:37:02Z INFO ActionCommandManager] Register action command extension for command echo
[2025-04-02 18:37:02Z INFO ScriptHandler] Which2: 'pwsh'
[2025-04-02 18:37:02Z INFO ScriptHandler] Location: 'C:\Program Files\WindowsApps\Microsoft.PowerShell_7.5.0.0_x64__8wekyb3d8bbwe\pwsh.EXE'
[2025-04-02 18:37:02Z INFO HostContext] Well known directory 'Bin': 'C:\Users\vladi\Documents\GitHub\bob\actions-runner\bin'
[2025-04-02 18:37:02Z INFO HostContext] Well known directory 'Root': 'C:\Users\vladi\Documents\GitHub\bob\actions-runner'
[2025-04-02 18:37:02Z INFO HostContext] Well known directory 'Work': 'C:\Users\vladi\Documents\GitHub\bob\actions-runner\_work'
[2025-04-02 18:37:02Z INFO HostContext] Well known directory 'Temp': 'C:\Users\vladi\Documents\GitHub\bob\actions-runner\_work\_temp'
[2025-04-02 18:37:02Z INFO ScriptHandler] Which2: 'pwsh'
[2025-04-02 18:37:02Z INFO ScriptHandler] Location: 'C:\Program Files\WindowsApps\Microsoft.PowerShell_7.5.0.0_x64__8wekyb3d8bbwe\pwsh.EXE'
[2025-04-02 18:37:02Z INFO ResultServer] Successfully started websocket client.
[2025-04-02 18:37:02Z INFO JobServerQueue] Try to append 1 batches web console lines for record '211c72f0-a63f-4d0c-aaa0-72dae37ea308', success rate: 1/1.
[2025-04-02 18:37:02Z INFO ProcessInvokerWrapper] Starting process:
[2025-04-02 18:37:02Z INFO ProcessInvokerWrapper]   File name: 'C:\Program Files\WindowsApps\Microsoft.PowerShell_7.5.0.0_x64__8wekyb3d8bbwe\pwsh.EXE'
[2025-04-02 18:37:02Z INFO ProcessInvokerWrapper]   Arguments: '-command ". 'C:\Users\vladi\Documents\GitHub\bob\actions-runner\_work\_temp\9427dc3e-a971-492b-81d2-a119cb1939af.ps1'"'
[2025-04-02 18:37:02Z INFO ProcessInvokerWrapper]   Working directory: 'C:\Users\vladi\Documents\GitHub\bob\actions-runner\_work\bob\bob\course-js-api-framework'
[2025-04-02 18:37:02Z INFO ProcessInvokerWrapper]   Require exit code zero: 'False'
[2025-04-02 18:37:02Z INFO ProcessInvokerWrapper]   Encoding web name:  ; code page: ''
[2025-04-02 18:37:02Z INFO ProcessInvokerWrapper]   Force kill process on cancellation: 'False'
[2025-04-02 18:37:02Z INFO ProcessInvokerWrapper]   Redirected STDIN: 'False'
[2025-04-02 18:37:02Z INFO ProcessInvokerWrapper]   Persist current code page: 'True'
[2025-04-02 18:37:02Z INFO ProcessInvokerWrapper]   Keep redirected STDIN open: 'False'
[2025-04-02 18:37:02Z INFO ProcessInvokerWrapper]   High priority process: 'False'
[2025-04-02 18:37:02Z INFO ProcessInvokerWrapper] Process started with process id 17332, waiting for process exit.
[2025-04-02 18:37:02Z INFO JobServerQueue] Try to append 1 batches web console lines for record '211c72f0-a63f-4d0c-aaa0-72dae37ea308', success rate: 1/1.
[2025-04-02 18:37:02Z INFO JobServerQueue] Try to append 1 batches web console lines for record '3548d58d-f6aa-42ea-acc2-1f4fc15cb4a3', success rate: 1/1.
[2025-04-02 18:37:02Z INFO JobServerQueue] Got a step log file to send to results service.
[2025-04-02 18:37:02Z INFO JobServerQueue] Starting upload of step log file to results service ResultsLog, C:\Users\vladi\Documents\GitHub\bob\actions-runner\_diag\blocks\9d886cb0-844a-4bfa-a729-36d536124204_211c72f0-a63f-4d0c-aaa0-72dae37ea308.1
[2025-04-02 18:37:02Z INFO JobServerQueue] Try to upload 1 log files or attachments, success rate: 1/1.
[2025-04-02 18:37:03Z INFO JobServerQueue] Job timeline record has been updated for the first time.
[2025-04-02 18:37:03Z INFO JobServerQueue] Tried to upload 1 file(s) to results, success rate: 1/1.
[2025-04-02 18:37:08Z INFO JobServerQueue] Try to append 1 batches web console lines for record '3548d58d-f6aa-42ea-acc2-1f4fc15cb4a3', success rate: 1/1.
[2025-04-02 18:37:08Z INFO ProcessInvokerWrapper] STDOUT/STDERR stream read finished.
[2025-04-02 18:37:08Z INFO ProcessInvokerWrapper] STDOUT/STDERR stream read finished.
[2025-04-02 18:37:08Z INFO ProcessInvokerWrapper] Finished process 17332 with exit code 0, and elapsed time 00:00:06.1968505.
[2025-04-02 18:37:08Z INFO CreateStepSummaryCommand] Step Summary file (C:\Users\vladi\Documents\GitHub\bob\actions-runner\_work\_temp\_runner_file_commands\step_summary_fad79a48-fec6-4b48-9a30-c53cc5f2fabd) is empty; skipping attachment upload
[2025-04-02 18:37:08Z INFO StepsRunner] Step result: 
[2025-04-02 18:37:08Z INFO ExecutionContext] Publish step telemetry for current step {
  "action": "pwsh",
  "type": "run",
  "stage": "Main",
  "stepId": "3548d58d-f6aa-42ea-acc2-1f4fc15cb4a3",
  "stepContextName": "__run",
  "result": "succeeded",
  "errorMessages": [],
  "executionTimeInSeconds": 7,
  "startTime": "2025-04-02T18:37:02.1628713Z",
  "finishTime": "2025-04-02T18:37:08.5750247Z"
}.
[2025-04-02 18:37:08Z INFO StepsRunner] No need for updating job result with current step result 'Succeeded'.
[2025-04-02 18:37:08Z INFO StepsRunner] Current state: job state = ''
[2025-04-02 18:37:08Z INFO StepsRunner] Processing step: DisplayName='Running test'
[2025-04-02 18:37:08Z INFO StepsRunner] Evaluating: success()
[2025-04-02 18:37:08Z INFO StepsRunner] Result: true
[2025-04-02 18:37:08Z INFO StepsRunner] Starting the step.
[2025-04-02 18:37:08Z INFO HostContext] Well known directory 'Bin': 'C:\Users\vladi\Documents\GitHub\bob\actions-runner\bin'
[2025-04-02 18:37:08Z INFO HostContext] Well known directory 'Root': 'C:\Users\vladi\Documents\GitHub\bob\actions-runner'
[2025-04-02 18:37:08Z INFO HostContext] Well known directory 'Work': 'C:\Users\vladi\Documents\GitHub\bob\actions-runner\_work'
[2025-04-02 18:37:08Z INFO StepsRunner] Which2: 'chcp'
[2025-04-02 18:37:08Z INFO StepsRunner] Location: 'C:\WINDOWS\system32\chcp.COM'
[2025-04-02 18:37:08Z INFO ProcessInvokerWrapper] Starting process:
[2025-04-02 18:37:08Z INFO ProcessInvokerWrapper]   File name: 'C:\WINDOWS\system32\chcp.COM'
[2025-04-02 18:37:08Z INFO ProcessInvokerWrapper]   Arguments: '65001'
[2025-04-02 18:37:08Z INFO ProcessInvokerWrapper]   Working directory: 'C:\Users\vladi\Documents\GitHub\bob\actions-runner\_work'
[2025-04-02 18:37:08Z INFO ProcessInvokerWrapper]   Require exit code zero: 'False'
[2025-04-02 18:37:08Z INFO ProcessInvokerWrapper]   Encoding web name:  ; code page: ''
[2025-04-02 18:37:08Z INFO ProcessInvokerWrapper]   Force kill process on cancellation: 'False'
[2025-04-02 18:37:08Z INFO ProcessInvokerWrapper]   Redirected STDIN: 'False'
[2025-04-02 18:37:08Z INFO ProcessInvokerWrapper]   Persist current code page: 'True'
[2025-04-02 18:37:08Z INFO ProcessInvokerWrapper]   Keep redirected STDIN open: 'False'
[2025-04-02 18:37:08Z INFO ProcessInvokerWrapper]   High priority process: 'False'
[2025-04-02 18:37:08Z INFO ProcessInvokerWrapper] Process started with process id 16316, waiting for process exit.
[2025-04-02 18:37:08Z INFO ProcessInvokerWrapper] STDOUT/STDERR stream read finished.
[2025-04-02 18:37:08Z INFO ProcessInvokerWrapper] STDOUT/STDERR stream read finished.
[2025-04-02 18:37:08Z INFO ProcessInvokerWrapper] Finished process 16316 with exit code 0, and elapsed time 00:00:00.0222665.
[2025-04-02 18:37:08Z INFO StepsRunner] Successfully returned to code page 65001 (UTF8)
[2025-04-02 18:37:08Z INFO HostContext] Well known directory 'Bin': 'C:\Users\vladi\Documents\GitHub\bob\actions-runner\bin'
[2025-04-02 18:37:08Z INFO HostContext] Well known directory 'Root': 'C:\Users\vladi\Documents\GitHub\bob\actions-runner'
[2025-04-02 18:37:08Z INFO HostContext] Well known directory 'Work': 'C:\Users\vladi\Documents\GitHub\bob\actions-runner\_work'
[2025-04-02 18:37:08Z INFO HostContext] Well known directory 'Temp': 'C:\Users\vladi\Documents\GitHub\bob\actions-runner\_work\_temp'
[2025-04-02 18:37:08Z INFO ExecutionContext] Write event payload to C:\Users\vladi\Documents\GitHub\bob\actions-runner\_work\_temp\_github_workflow\event.json
[2025-04-02 18:37:08Z INFO HostContext] Well known directory 'Bin': 'C:\Users\vladi\Documents\GitHub\bob\actions-runner\bin'
[2025-04-02 18:37:08Z INFO HostContext] Well known directory 'Root': 'C:\Users\vladi\Documents\GitHub\bob\actions-runner'
[2025-04-02 18:37:08Z INFO HostContext] Well known directory 'Work': 'C:\Users\vladi\Documents\GitHub\bob\actions-runner\_work'
[2025-04-02 18:37:08Z INFO HostContext] Well known directory 'Temp': 'C:\Users\vladi\Documents\GitHub\bob\actions-runner\_work\_temp'
[2025-04-02 18:37:08Z INFO ExtensionManager] Getting extensions for interface: 'GitHub.Runner.Worker.IFileCommandExtension'
[2025-04-02 18:37:08Z INFO ExtensionManager] Getting extensions for interface: 'GitHub.Runner.Worker.IActionCommandExtension'
[2025-04-02 18:37:08Z INFO ActionCommandManager] Register action command extension for command internal-set-repo-path
[2025-04-02 18:37:08Z INFO ActionCommandManager] Register action command extension for command set-env
[2025-04-02 18:37:08Z INFO ActionCommandManager] Register action command extension for command set-output
[2025-04-02 18:37:08Z INFO ActionCommandManager] Register action command extension for command save-state
[2025-04-02 18:37:08Z INFO ActionCommandManager] Register action command extension for command add-path
[2025-04-02 18:37:08Z INFO ActionCommandManager] Register action command extension for command add-mask
[2025-04-02 18:37:08Z INFO ActionCommandManager] Register action command extension for command add-matcher
[2025-04-02 18:37:08Z INFO ActionCommandManager] Register action command extension for command remove-matcher
[2025-04-02 18:37:08Z INFO ActionCommandManager] Register action command extension for command warning
[2025-04-02 18:37:08Z INFO ActionCommandManager] Register action command extension for command error
[2025-04-02 18:37:08Z INFO ActionCommandManager] Register action command extension for command notice
[2025-04-02 18:37:08Z INFO ActionCommandManager] Register action command extension for command debug
[2025-04-02 18:37:08Z INFO ActionCommandManager] Register action command extension for command group
[2025-04-02 18:37:08Z INFO ActionCommandManager] Register action command extension for command endgroup
[2025-04-02 18:37:08Z INFO ActionCommandManager] Register action command extension for command echo
[2025-04-02 18:37:08Z INFO ScriptHandler] Which2: 'pwsh'
[2025-04-02 18:37:08Z INFO ScriptHandler] Location: 'C:\Program Files\WindowsApps\Microsoft.PowerShell_7.5.0.0_x64__8wekyb3d8bbwe\pwsh.EXE'
[2025-04-02 18:37:08Z INFO HostContext] Well known directory 'Bin': 'C:\Users\vladi\Documents\GitHub\bob\actions-runner\bin'
[2025-04-02 18:37:08Z INFO HostContext] Well known directory 'Root': 'C:\Users\vladi\Documents\GitHub\bob\actions-runner'
[2025-04-02 18:37:08Z INFO HostContext] Well known directory 'Work': 'C:\Users\vladi\Documents\GitHub\bob\actions-runner\_work'
[2025-04-02 18:37:08Z INFO HostContext] Well known directory 'Temp': 'C:\Users\vladi\Documents\GitHub\bob\actions-runner\_work\_temp'
[2025-04-02 18:37:08Z INFO ScriptHandler] Which2: 'pwsh'
[2025-04-02 18:37:08Z INFO ScriptHandler] Location: 'C:\Program Files\WindowsApps\Microsoft.PowerShell_7.5.0.0_x64__8wekyb3d8bbwe\pwsh.EXE'
[2025-04-02 18:37:08Z INFO ProcessInvokerWrapper] Starting process:
[2025-04-02 18:37:08Z INFO ProcessInvokerWrapper]   File name: 'C:\Program Files\WindowsApps\Microsoft.PowerShell_7.5.0.0_x64__8wekyb3d8bbwe\pwsh.EXE'
[2025-04-02 18:37:08Z INFO ProcessInvokerWrapper]   Arguments: '-command ". 'C:\Users\vladi\Documents\GitHub\bob\actions-runner\_work\_temp\672527d3-9ced-4682-9b3e-ebd29122dcdc.ps1'"'
[2025-04-02 18:37:08Z INFO ProcessInvokerWrapper]   Working directory: 'C:\Users\vladi\Documents\GitHub\bob\actions-runner\_work\bob\bob\course-js-api-framework'
[2025-04-02 18:37:08Z INFO ProcessInvokerWrapper]   Require exit code zero: 'False'
[2025-04-02 18:37:08Z INFO ProcessInvokerWrapper]   Encoding web name:  ; code page: ''
[2025-04-02 18:37:08Z INFO ProcessInvokerWrapper]   Force kill process on cancellation: 'False'
[2025-04-02 18:37:08Z INFO ProcessInvokerWrapper]   Redirected STDIN: 'False'
[2025-04-02 18:37:08Z INFO ProcessInvokerWrapper]   Persist current code page: 'True'
[2025-04-02 18:37:08Z INFO ProcessInvokerWrapper]   Keep redirected STDIN open: 'False'
[2025-04-02 18:37:08Z INFO ProcessInvokerWrapper]   High priority process: 'False'
[2025-04-02 18:37:08Z INFO ProcessInvokerWrapper] Process started with process id 18220, waiting for process exit.
[2025-04-02 18:37:08Z INFO JobServerQueue] Try to append 1 batches web console lines for record 'ece087d9-d45e-49ea-8647-df9a2514a98b', success rate: 1/1.
[2025-04-02 18:37:08Z INFO JobServerQueue] Try to upload 1 log files or attachments, success rate: 1/1.
[2025-04-02 18:37:08Z INFO JobServerQueue] Got a step log file to send to results service.
[2025-04-02 18:37:08Z INFO JobServerQueue] Starting upload of step log file to results service ResultsLog, C:\Users\vladi\Documents\GitHub\bob\actions-runner\_diag\blocks\9d886cb0-844a-4bfa-a729-36d536124204_3548d58d-f6aa-42ea-acc2-1f4fc15cb4a3.1
[2025-04-02 18:37:09Z INFO JobServerQueue] Tried to upload 1 file(s) to results, success rate: 1/1.
[2025-04-02 18:37:10Z INFO JobServerQueue] Try to append 1 batches web console lines for record 'ece087d9-d45e-49ea-8647-df9a2514a98b', success rate: 1/1.
[2025-04-02 18:37:10Z INFO JobServerQueue] Try to append 1 batches web console lines for record 'ece087d9-d45e-49ea-8647-df9a2514a98b', success rate: 1/1.
[2025-04-02 18:37:11Z INFO ProcessInvokerWrapper] STDOUT/STDERR stream read finished.
[2025-04-02 18:37:11Z INFO ProcessInvokerWrapper] STDOUT/STDERR stream read finished.
[2025-04-02 18:37:11Z INFO ProcessInvokerWrapper] Finished process 18220 with exit code 1, and elapsed time 00:00:02.7036376.
[2025-04-02 18:37:11Z INFO CreateStepSummaryCommand] Step Summary file (C:\Users\vladi\Documents\GitHub\bob\actions-runner\_work\_temp\_runner_file_commands\step_summary_d2121d07-0f76-4ef7-85d5-10aef9baac1b) is empty; skipping attachment upload
[2025-04-02 18:37:11Z INFO StepsRunner] Step result: Failed
[2025-04-02 18:37:11Z INFO ExecutionContext] Publish step telemetry for current step {
  "action": "pwsh",
  "type": "run",
  "stage": "Main",
  "stepId": "ece087d9-d45e-49ea-8647-df9a2514a98b",
  "stepContextName": "__run_2",
  "result": "failed",
  "errorMessages": [
    "Process completed with exit code 1."
  ],
  "executionTimeInSeconds": 3,
  "startTime": "2025-04-02T18:37:08.578996Z",
  "finishTime": "2025-04-02T18:37:11.3429995Z"
}.
[2025-04-02 18:37:11Z INFO StepsRunner] Update job result with current step result 'Failed'.
[2025-04-02 18:37:11Z INFO StepsRunner] Current state: job state = 'Failed'
[2025-04-02 18:37:11Z INFO JobRunner] Finalize job.
[2025-04-02 18:37:11Z INFO HostContext] Well known directory 'Bin': 'C:\Users\vladi\Documents\GitHub\bob\actions-runner\bin'
[2025-04-02 18:37:11Z INFO HostContext] Well known directory 'Root': 'C:\Users\vladi\Documents\GitHub\bob\actions-runner'
[2025-04-02 18:37:11Z INFO HostContext] Well known directory 'Diag': 'C:\Users\vladi\Documents\GitHub\bob\actions-runner\_diag'
[2025-04-02 18:37:11Z INFO HostContext] Well known directory 'Bin': 'C:\Users\vladi\Documents\GitHub\bob\actions-runner\bin'
[2025-04-02 18:37:11Z INFO HostContext] Well known directory 'Root': 'C:\Users\vladi\Documents\GitHub\bob\actions-runner'
[2025-04-02 18:37:11Z INFO HostContext] Well known directory 'Diag': 'C:\Users\vladi\Documents\GitHub\bob\actions-runner\_diag'
[2025-04-02 18:37:11Z INFO JobExtension] Initialize Env context
[2025-04-02 18:37:11Z INFO JobExtension] Initialize steps context
[2025-04-02 18:37:11Z INFO JobServerQueue] Got a step log file to send to results service.
[2025-04-02 18:37:11Z INFO JobServerQueue] Starting upload of step log file to results service ResultsLog, C:\Users\vladi\Documents\GitHub\bob\actions-runner\_diag\blocks\9d886cb0-844a-4bfa-a729-36d536124204_ece087d9-d45e-49ea-8647-df9a2514a98b.1
[2025-04-02 18:37:11Z INFO JobExtension] Total accessible running process: 272.
[2025-04-02 18:37:11Z INFO ExecutionContext] Publish step telemetry for current step {
  "action": "complete_job",
  "type": "runner",
  "stage": "Post",
  "stepId": "54b91eb7-e6fc-45c3-861d-e1021e626a99",
  "result": "succeeded",
  "errorMessages": [],
  "executionTimeInSeconds": 1,
  "startTime": "2025-04-02T18:37:11.3506442Z",
  "finishTime": "2025-04-02T18:37:11.3626681Z"
}.
[2025-04-02 18:37:11Z INFO JobRunner] Job result after all job steps finish: Failed
[2025-04-02 18:37:11Z INFO JobRunner] Completing the job execution context.
[2025-04-02 18:37:11Z INFO JobServerQueue] Try to append 1 batches web console lines for record 'ece087d9-d45e-49ea-8647-df9a2514a98b', success rate: 1/1.
[2025-04-02 18:37:11Z INFO JobServerQueue] Try to append 1 batches web console lines for record '54b91eb7-e6fc-45c3-861d-e1021e626a99', success rate: 1/1.
[2025-04-02 18:37:11Z INFO JobRunner] Shutting down the job server queue.
[2025-04-02 18:37:11Z INFO JobServerQueue] Fire signal to shutdown all queues.
[2025-04-02 18:37:11Z INFO JobServerQueue] Tried to upload 1 file(s) to results, success rate: 1/1.
[2025-04-02 18:37:12Z INFO JobServerQueue] All queue process task stopped.
[2025-04-02 18:37:12Z INFO JobServerQueue] Web console line queue drained.
[2025-04-02 18:37:12Z INFO JobServerQueue] Uploading 3 files in one shot.
[2025-04-02 18:37:12Z INFO JobServerQueue] Try to upload 3 log files or attachments, success rate: 3/3.
[2025-04-02 18:37:12Z INFO JobServerQueue] File upload queue drained.
[2025-04-02 18:37:12Z INFO JobServerQueue] Starting results-based upload queue...
[2025-04-02 18:37:12Z INFO JobServerQueue] Uploading 2 file(s) in one shot through results service.
[2025-04-02 18:37:12Z INFO JobServerQueue] Got a step log file to send to results service.
[2025-04-02 18:37:12Z INFO JobServerQueue] Starting upload of step log file to results service ResultsLog, C:\Users\vladi\Documents\GitHub\bob\actions-runner\_diag\blocks\9d886cb0-844a-4bfa-a729-36d536124204_54b91eb7-e6fc-45c3-861d-e1021e626a99.1
[2025-04-02 18:37:13Z INFO JobServerQueue] Got a job log file to send to results service.
[2025-04-02 18:37:13Z INFO JobServerQueue] Starting upload of job log file to results service ResultsLog, C:\Users\vladi\Documents\GitHub\bob\actions-runner\_diag\blocks\9d886cb0-844a-4bfa-a729-36d536124204_4d71ec45-0f8e-5e6e-bb6e-c1da69ec5847.1
[2025-04-02 18:37:13Z INFO JobServerQueue] Tried to upload 2 file(s) to results, success rate: 2/2.
[2025-04-02 18:37:13Z INFO JobServerQueue] Results upload queue drained.
[2025-04-02 18:37:13Z INFO JobServerQueue] Timeline update queue drained.
[2025-04-02 18:37:13Z INFO JobServerQueue] Disposing job server ...
[2025-04-02 18:37:13Z INFO JobServerQueue] Disposing results server ...
[2025-04-02 18:37:13Z INFO JobServerQueue] All queue process tasks have been stopped, and all queues are drained.
[2025-04-02 18:37:13Z INFO TempDirectoryManager] Cleaning runner temp folder: C:\Users\vladi\Documents\GitHub\bob\actions-runner\_work\_temp
[2025-04-02 18:37:13Z INFO HostContext] Well known directory 'Bin': 'C:\Users\vladi\Documents\GitHub\bob\actions-runner\bin'
[2025-04-02 18:37:13Z INFO HostContext] Well known directory 'Root': 'C:\Users\vladi\Documents\GitHub\bob\actions-runner'
[2025-04-02 18:37:13Z INFO HostContext] Well known directory 'Diag': 'C:\Users\vladi\Documents\GitHub\bob\actions-runner\_diag'
[2025-04-02 18:37:13Z INFO HostContext] Well known config file 'Telemetry': 'C:\Users\vladi\Documents\GitHub\bob\actions-runner\_diag\.telemetry'
[2025-04-02 18:37:13Z INFO JobRunner] Raising job completed against run service
[2025-04-02 18:37:14Z INFO Worker] Job completed.
