[2025-04-02 19:39:49Z INFO HostContext] No proxy settings were found based on environmental variables (http_proxy/https_proxy/HTTP_PROXY/HTTPS_PROXY)
[2025-04-02 19:39:49Z INFO HostContext] Well known directory 'Bin': 'C:\Users\vladi\Documents\GitHub\bob\actions-runner\bin'
[2025-04-02 19:39:49Z INFO HostContext] Well known directory 'Root': 'C:\Users\vladi\Documents\GitHub\bob\actions-runner'
[2025-04-02 19:39:50Z INFO HostContext] Well known config file 'Credentials': 'C:\Users\vladi\Documents\GitHub\bob\actions-runner\.credentials'
[2025-04-02 19:39:50Z INFO HostContext] Well known directory 'Bin': 'C:\Users\vladi\Documents\GitHub\bob\actions-runner\bin'
[2025-04-02 19:39:50Z INFO HostContext] Well known directory 'Root': 'C:\Users\vladi\Documents\GitHub\bob\actions-runner'
[2025-04-02 19:39:50Z INFO HostContext] Well known config file 'Runner': 'C:\Users\vladi\Documents\GitHub\bob\actions-runner\.runner'
[2025-04-02 19:39:50Z INFO Worker] Version: 2.323.0
[2025-04-02 19:39:50Z INFO Worker] Commit: d8b82f44a9ec0258904d5869ae683c31d5aac299
[2025-04-02 19:39:50Z INFO Worker] Culture: en-GB
[2025-04-02 19:39:50Z INFO Worker] UI Culture: en-GB
[2025-04-02 19:39:50Z INFO Worker] Waiting to receive the job message from the channel.
[2025-04-02 19:39:50Z INFO ProcessChannel] Receiving message of length 18624, with hash '3f5b6ff8fe1ebe62ccc54ca2dc7813433dfb918437b2f0da41f15b183ea97563'
[2025-04-02 19:39:50Z INFO Worker] Message received.
[2025-04-02 19:39:50Z INFO Worker] Job message:
 {
  "fileTable": [
    ".github/workflows/python-greetings.yml"
  ],
  "mask": [
    {
      "type": "regex",
      "value": "***"
    },
    {
      "type": "regex",
      "value": "***"
    },
    {
      "type": "regex",
      "value": "***"
    },
    {
      "type": "regex",
      "value": "***"
    },
    {
      "type": "regex",
      "value": "***"
    },
    {
      "type": "regex",
      "value": "***"
    },
    {
      "type": "regex",
      "value": "***"
    },
    {
      "type": "regex",
      "value": "***"
    },
    {
      "type": "regex",
      "value": "***"
    },
    {
      "type": "regex",
      "value": "***"
    },
    {
      "type": "regex",
      "value": "***"
    },
    {
      "type": "regex",
      "value": "***"
    },
    {
      "type": "regex",
      "value": "***"
    },
    {
      "type": "regex",
      "value": "***"
    },
    {
      "type": "regex",
      "value": "***"
    },
    {
      "type": "regex",
      "value": "***"
    },
    {
      "type": "regex",
      "value": "***"
    },
    {
      "type": "regex",
      "value": "***"
    }
  ],
  "steps": [
    {
      "type": "action",
      "reference": {
        "type": "script"
      },
      "displayNameToken": {
        "type": 0,
        "file": 1,
        "line": 114,
        "col": 15,
        "lit": "Stop existing service"
      },
      "contextName": "__run",
      "inputs": {
        "type": 2,
        "map": [
          {
            "key": "script",
            "value": {
              "type": 0,
              "file": 1,
              "line": 116,
              "col": 14,
              "lit": "pm2 delete \"greetings-app-prod\"\nif ($?) { Write-Host \"Service stopped successfully\" } else { Write-Host \"Service not found, continuing...\" }\nexit 0 \n"
            }
          },
          {
            "key": "workingDirectory",
            "value": {
              "type": 0,
              "file": 1,
              "line": 115,
              "col": 28,
              "lit": "python-greetings"
            }
          }
        ]
      },
      "condition": "success()",
      "id": "4413272b-aae3-4689-bd54-55d44c5a0aef",
      "name": "__run"
    },
    {
      "type": "action",
      "reference": {
        "type": "script"
      },
      "displayNameToken": {
        "type": 0,
        "file": 1,
        "line": 120,
        "col": 15,
        "lit": "Start application"
      },
      "contextName": "__run_2",
      "inputs": {
        "type": 2,
        "map": [
          {
            "key": "script",
            "value": {
              "type": 0,
              "file": 1,
              "line": 123,
              "col": 14,
              "lit": "pm2 start -f app.py --name \"greetings-app-prod\" -- --port 7004"
            }
          },
          {
            "key": "workingDirectory",
            "value": {
              "type": 0,
              "file": 1,
              "line": 121,
              "col": 28,
              "lit": "python-greetings"
            }
          },
          {
            "key": "shell",
            "value": {
              "type": 0,
              "file": 1,
              "line": 122,
              "col": 16,
              "lit": "cmd"
            }
          }
        ]
      },
      "condition": "success()",
      "id": "2a5d1559-8c00-491a-9159-1a316e436db3",
      "name": "__run_2"
    }
  ],
  "variables": {
    "Actions.EnableHttpRedirects": {
      "value": "true"
    },
    "DistributedTask.AddWarningToNode12Action": {
      "value": "true"
    },
    "DistributedTask.AddWarningToNode16Action": {
      "value": "true"
    },
    "DistributedTask.AllowRunnerContainerHooks": {
      "value": "true"
    },
    "DistributedTask.DeprecateStepOutputCommands": {
      "value": "true"
    },
    "DistributedTask.DetailUntarFailure": {
      "value": "true"
    },
    "DistributedTask.EnableCompositeActions": {
      "value": "true"
    },
    "DistributedTask.EnableJobServerQueueTelemetry": {
      "value": "true"
    },
    "DistributedTask.EnhancedAnnotations": {
      "value": "true"
    },
    "DistributedTask.ForceGithubJavascriptActionsToNode16": {
      "value": "true"
    },
    "DistributedTask.ForceGithubJavascriptActionsToNode20": {
      "value": "true"
    },
    "DistributedTask.LogTemplateErrorsAsDebugMessages": {
      "value": "true"
    },
    "DistributedTask.MarkJobAsFailedOnWorkerCrash": {
      "value": "true"
    },
    "DistributedTask.NewActionMetadata": {
      "value": "true"
    },
    "DistributedTask.UploadStepSummary": {
      "value": "true"
    },
    "DistributedTask.UseActionArchiveCache": {
      "value": "true"
    },
    "DistributedTask.UseWhich2": {
      "value": "true"
    },
    "RunService.FixEmbeddedIssues": {
      "value": "true"
    },
    "actions_skip_retry_complete_job_upon_known_errors": {
      "value": "true"
    },
    "actions_uses_cache_service_v2": {
      "value": "true"
    },
    "github_token": {
      "value": "***",
      "isSecret": true
    },
    "system.from_run_service": {
      "value": "true"
    },
    "system.github.job": {
      "value": "deploy-to-prod"
    },
    "system.github.launch_endpoint": {
      "value": "https://launch.actions.githubusercontent.com"
    },
    "system.github.results_endpoint": {
      "value": "https://results-receiver.actions.githubusercontent.com/"
    },
    "system.github.results_upload_with_sdk": {
      "value": "true"
    },
    "system.github.token": {
      "value": "***",
      "isSecret": true
    },
    "system.github.token.permissions": {
      "value": "{\"Contents\":\"read\",\"Metadata\":\"read\",\"Packages\":\"read\"}"
    },
    "system.orchestrationId": {
      "value": "42f64a17-4773-4b45-ad24-cddbb0ebcb9f.deploy-to-prod.__default"
    },
    "system.phaseDisplayName": {
      "value": "deploy-to-prod"
    },
    "system.runner.lowdiskspacethreshold": {
      "value": "100"
    },
    "system.runnerEnvironment": {
      "value": "self-hosted"
    }
  },
  "messageType": "RunnerJobRequest",
  "plan": {
    "scopeIdentifier": "00000000-0000-0000-0000-000000000000",
    "planType": "actions",
    "version": 0,
    "planId": "42f64a17-4773-4b45-ad24-cddbb0ebcb9f",
    "planGroup": null,
    "artifactUri": null,
    "artifactLocation": null,
    "definition": null,
    "owner": null
  },
  "timeline": {
    "id": "42f64a17-4773-4b45-ad24-cddbb0ebcb9f",
    "changeId": 0,
    "location": null
  },
  "jobId": "83025e13-e1f0-52d9-afb7-59ea49cb61fc",
  "jobDisplayName": "deploy-to-prod",
  "jobName": "__default",
  "requestId": 0,
  "lockedUntil": "0001-01-01T00:00:00",
  "resources": {
    "endpoints": [
      {
        "data": {
          "ServerId": "",
          "ServerName": "",
          "CacheServerUrl": "https://acghubeus1.actions.githubusercontent.com/h5c7vwOkcZCfReMtYahw11SJdlk2lSAMfnNmAt52iITzib6AAT/",
          "FeedStreamUrl": "wss://results-receiver.actions.githubusercontent.com/_ws/ingest.sock",
          "ResultsServiceUrl": "https://results-receiver.actions.githubusercontent.com/",
          "PipelinesServiceUrl": "https://pipelinesghubeus10.actions.githubusercontent.com/h5c7vwOkcZCfReMtYahw11SJdlk2lSAMfnNmAt52iITzib6AAT/",
          "GenerateIdTokenUrl": ""
        },
        "name": "SystemVssConnection",
        "url": "https://run-actions-2-azure-eastus.actions.githubusercontent.com/3/",
        "authorization": {
          "parameters": {
            "AccessToken": "***"
          },
          "scheme": "OAuth"
        },
        "isShared": false,
        "isReady": true
      }
    ]
  },
  "contextData": {
    "github": {
      "t": 2,
      "d": [
        {
          "k": "ref",
          "v": "refs/heads/main"
        },
        {
          "k": "sha",
          "v": "c6993dec72efeb1d9a2be8e448dbb159ea4799bd"
        },
        {
          "k": "repository",
          "v": "vladxdboi/bob"
        },
        {
          "k": "repository_owner",
          "v": "vladxdboi"
        },
        {
          "k": "repository_owner_id",
          "v": "47676811"
        },
        {
          "k": "repositoryUrl",
          "v": "git://github.com/vladxdboi/bob.git"
        },
        {
          "k": "run_id",
          "v": "14228100763"
        },
        {
          "k": "run_number",
          "v": "78"
        },
        {
          "k": "retention_days",
          "v": "90"
        },
        {
          "k": "run_attempt",
          "v": "1"
        },
        {
          "k": "artifact_cache_size_limit",
          "v": "10"
        },
        {
          "k": "repository_visibility",
          "v": "private"
        },
        {
          "k": "actor_id",
          "v": "47676811"
        },
        {
          "k": "actor",
          "v": "vladxdboi"
        },
        {
          "k": "workflow",
          "v": "bob"
        },
        {
          "k": "head_ref",
          "v": ""
        },
        {
          "k": "base_ref",
          "v": ""
        },
        {
          "k": "event_name",
          "v": "push"
        },
        {
          "k": "server_url",
          "v": "https://github.com"
        },
        {
          "k": "api_url",
          "v": "https://api.github.com"
        },
        {
          "k": "graphql_url",
          "v": "https://api.github.com/graphql"
        },
        {
          "k": "ref_name",
          "v": "main"
        },
        {
          "k": "ref_protected",
          "v": false
        },
        {
          "k": "ref_type",
          "v": "branch"
        },
        {
          "k": "secret_source",
          "v": "Actions"
        },
        {
          "k": "event",
          "v": {
            "t": 2,
            "d": [
              {
                "k": "after",
                "v": "c6993dec72efeb1d9a2be8e448dbb159ea4799bd"
              },
              {
                "k": "base_ref",
                "v": null
              },
              {
                "k": "before",
                "v": "be06934611cea9f9e997dd8dca76706379366936"
              },
              {
                "k": "commits",
                "v": {
                  "t": 1,
                  "a": [
                    {
                      "t": 2,
                      "d": [
                        {
                          "k": "author",
                          "v": {
                            "t": 2,
                            "d": [
                              {
                                "k": "email",
                                "v": "47676811+vladxdboi@users.noreply.github.com"
                              },
                              {
                                "k": "name",
                                "v": "Vladislavs Senevics"
                              },
                              {
                                "k": "username",
                                "v": "vladxdboi"
                              }
                            ]
                          }
                        },
                        {
                          "k": "committer",
                          "v": {
                            "t": 2,
                            "d": [
                              {
                                "k": "email",
                                "v": "noreply@github.com"
                              },
                              {
                                "k": "name",
                                "v": "GitHub"
                              },
                              {
                                "k": "username",
                                "v": "web-flow"
                              }
                            ]
                          }
                        },
                        {
                          "k": "distinct",
                          "v": true
                        },
                        {
                          "k": "id",
                          "v": "c6993dec72efeb1d9a2be8e448dbb159ea4799bd"
                        },
                        {
                          "k": "message",
                          "v": "Update python-greetings.yml"
                        },
                        {
                          "k": "timestamp",
                          "v": "2025-04-02T22:38:04+03:00"
                        },
                        {
                          "k": "tree_id",
                          "v": "1e1972818a82a1b98a4f3ca0783c82c3cc8b4fcd"
                        },
                        {
                          "k": "url",
                          "v": "https://github.com/vladxdboi/bob/commit/c6993dec72efeb1d9a2be8e448dbb159ea4799bd"
                        }
                      ]
                    }
                  ]
                }
              },
              {
                "k": "compare",
                "v": "https://github.com/vladxdboi/bob/compare/be06934611ce...c6993dec72ef"
              },
              {
                "k": "created",
                "v": false
              },
              {
                "k": "deleted",
                "v": false
              },
              {
                "k": "forced",
                "v": false
              },
              {
                "k": "head_commit",
                "v": {
                  "t": 2,
                  "d": [
                    {
                      "k": "author",
                      "v": {
                        "t": 2,
                        "d": [
                          {
                            "k": "email",
                            "v": "47676811+vladxdboi@users.noreply.github.com"
                          },
                          {
                            "k": "name",
                            "v": "Vladislavs Senevics"
                          },
                          {
                            "k": "username",
                            "v": "vladxdboi"
                          }
                        ]
                      }
                    },
                    {
                      "k": "committer",
                      "v": {
                        "t": 2,
                        "d": [
                          {
                            "k": "email",
                            "v": "noreply@github.com"
                          },
                          {
                            "k": "name",
                            "v": "GitHub"
                          },
                          {
                            "k": "username",
                            "v": "web-flow"
                          }
                        ]
                      }
                    },
                    {
                      "k": "distinct",
                      "v": true
                    },
                    {
                      "k": "id",
                      "v": "c6993dec72efeb1d9a2be8e448dbb159ea4799bd"
                    },
                    {
                      "k": "message",
                      "v": "Update python-greetings.yml"
                    },
                    {
                      "k": "timestamp",
                      "v": "2025-04-02T22:38:04+03:00"
                    },
                    {
                      "k": "tree_id",
                      "v": "1e1972818a82a1b98a4f3ca0783c82c3cc8b4fcd"
                    },
                    {
                      "k": "url",
                      "v": "https://github.com/vladxdboi/bob/commit/c6993dec72efeb1d9a2be8e448dbb159ea4799bd"
                    }
                  ]
                }
              },
              {
                "k": "pusher",
                "v": {
                  "t": 2,
                  "d": [
                    {
                      "k": "email",
                      "v": "47676811+vladxdboi@users.noreply.github.com"
                    },
                    {
                      "k": "name",
                      "v": "vladxdboi"
                    }
                  ]
                }
              },
              {
                "k": "ref",
                "v": "refs/heads/main"
              },
              {
                "k": "repository",
                "v": {
                  "t": 2,
                  "d": [
                    {
                      "k": "allow_forking",
                      "v": true
                    },
                    {
                      "k": "archive_url",
                      "v": "https://api.github.com/repos/vladxdboi/bob/{archive_format}{/ref}"
                    },
                    {
                      "k": "archived",
                      "v": false
                    },
                    {
                      "k": "assignees_url",
                      "v": "https://api.github.com/repos/vladxdboi/bob/assignees{/user}"
                    },
                    {
                      "k": "blobs_url",
                      "v": "https://api.github.com/repos/vladxdboi/bob/git/blobs{/sha}"
                    },
                    {
                      "k": "branches_url",
                      "v": "https://api.github.com/repos/vladxdboi/bob/branches{/branch}"
                    },
                    {
                      "k": "clone_url",
                      "v": "https://github.com/vladxdboi/bob.git"
                    },
                    {
                      "k": "collaborators_url",
                      "v": "https://api.github.com/repos/vladxdboi/bob/collaborators{/collaborator}"
                    },
                    {
                      "k": "comments_url",
                      "v": "https://api.github.com/repos/vladxdboi/bob/comments{/number}"
                    },
                    {
                      "k": "commits_url",
                      "v": "https://api.github.com/repos/vladxdboi/bob/commits{/sha}"
                    },
                    {
                      "k": "compare_url",
                      "v": "https://api.github.com/repos/vladxdboi/bob/compare/{base}...{head}"
                    },
                    {
                      "k": "contents_url",
                      "v": "https://api.github.com/repos/vladxdboi/bob/contents/{+path}"
                    },
                    {
                      "k": "contributors_url",
                      "v": "https://api.github.com/repos/vladxdboi/bob/contributors"
                    },
                    {
                      "k": "created_at",
                      "v": 1743515216.0
                    },
                    {
                      "k": "default_branch",
                      "v": "main"
                    },
                    {
                      "k": "deployments_url",
                      "v": "https://api.github.com/repos/vladxdboi/bob/deployments"
                    },
                    {
                      "k": "description",
                      "v": null
                    },
                    {
                      "k": "disabled",
                      "v": false
                    },
                    {
                      "k": "downloads_url",
                      "v": "https://api.github.com/repos/vladxdboi/bob/downloads"
                    },
                    {
                      "k": "events_url",
                      "v": "https://api.github.com/repos/vladxdboi/bob/events"
                    },
                    {
                      "k": "fork",
                      "v": false
                    },
                    {
                      "k": "forks",
                      "v": 0.0
                    },
                    {
                      "k": "forks_count",
                      "v": 0.0
                    },
                    {
                      "k": "forks_url",
                      "v": "https://api.github.com/repos/vladxdboi/bob/forks"
                    },
                    {
                      "k": "full_name",
                      "v": "vladxdboi/bob"
                    },
                    {
                      "k": "git_commits_url",
                      "v": "https://api.github.com/repos/vladxdboi/bob/git/commits{/sha}"
                    },
                    {
                      "k": "git_refs_url",
                      "v": "https://api.github.com/repos/vladxdboi/bob/git/refs{/sha}"
                    },
                    {
                      "k": "git_tags_url",
                      "v": "https://api.github.com/repos/vladxdboi/bob/git/tags{/sha}"
                    },
                    {
                      "k": "git_url",
                      "v": "git://github.com/vladxdboi/bob.git"
                    },
                    {
                      "k": "has_discussions",
                      "v": false
                    },
                    {
                      "k": "has_downloads",
                      "v": true
                    },
                    {
                      "k": "has_issues",
                      "v": true
                    },
                    {
                      "k": "has_pages",
                      "v": false
                    },
                    {
                      "k": "has_projects",
                      "v": true
                    },
                    {
                      "k": "has_wiki",
                      "v": false
                    },
                    {
                      "k": "homepage",
                      "v": null
                    },
                    {
                      "k": "hooks_url",
                      "v": "https://api.github.com/repos/vladxdboi/bob/hooks"
                    },
                    {
                      "k": "html_url",
                      "v": "https://github.com/vladxdboi/bob"
                    },
                    {
                      "k": "id",
                      "v": 958619869.0
                    },
                    {
                      "k": "is_template",
                      "v": false
                    },
                    {
                      "k": "issue_comment_url",
                      "v": "https://api.github.com/repos/vladxdboi/bob/issues/comments{/number}"
                    },
                    {
                      "k": "issue_events_url",
                      "v": "https://api.github.com/repos/vladxdboi/bob/issues/events{/number}"
                    },
                    {
                      "k": "issues_url",
                      "v": "https://api.github.com/repos/vladxdboi/bob/issues{/number}"
                    },
                    {
                      "k": "keys_url",
                      "v": "https://api.github.com/repos/vladxdboi/bob/keys{/key_id}"
                    },
                    {
                      "k": "labels_url",
                      "v": "https://api.github.com/repos/vladxdboi/bob/labels{/name}"
                    },
                    {
                      "k": "language",
                      "v": "JavaScript"
                    },
                    {
                      "k": "languages_url",
                      "v": "https://api.github.com/repos/vladxdboi/bob/languages"
                    },
                    {
                      "k": "license",
                      "v": null
                    },
                    {
                      "k": "master_branch",
                      "v": "main"
                    },
                    {
                      "k": "merges_url",
                      "v": "https://api.github.com/repos/vladxdboi/bob/merges"
                    },
                    {
                      "k": "milestones_url",
                      "v": "https://api.github.com/repos/vladxdboi/bob/milestones{/number}"
                    },
                    {
                      "k": "mirror_url",
                      "v": null
                    },
                    {
                      "k": "name",
                      "v": "bob"
                    },
                    {
                      "k": "node_id",
                      "v": "R_kgDOOSNg3Q"
                    },
                    {
                      "k": "notifications_url",
                      "v": "https://api.github.com/repos/vladxdboi/bob/notifications{?since,all,participating}"
                    },
                    {
                      "k": "open_issues",
                      "v": 0.0
                    },
                    {
                      "k": "open_issues_count",
                      "v": 0.0
                    },
                    {
                      "k": "owner",
                      "v": {
                        "t": 2,
                        "d": [
                          {
                            "k": "avatar_url",
                            "v": "https://avatars.githubusercontent.com/u/47676811?v=4"
                          },
                          {
                            "k": "email",
                            "v": "47676811+vladxdboi@users.noreply.github.com"
                          },
                          {
                            "k": "events_url",
                            "v": "https://api.github.com/users/vladxdboi/events{/privacy}"
                          },
                          {
                            "k": "followers_url",
                            "v": "https://api.github.com/users/vladxdboi/followers"
                          },
                          {
                            "k": "following_url",
                            "v": "https://api.github.com/users/vladxdboi/following{/other_user}"
                          },
                          {
                            "k": "gists_url",
                            "v": "https://api.github.com/users/vladxdboi/gists{/gist_id}"
                          },
                          {
                            "k": "gravatar_id",
                            "v": ""
                          },
                          {
                            "k": "html_url",
                            "v": "https://github.com/vladxdboi"
                          },
                          {
                            "k": "id",
                            "v": 47676811.0
                          },
                          {
                            "k": "login",
                            "v": "vladxdboi"
                          },
                          {
                            "k": "name",
                            "v": "vladxdboi"
                          },
                          {
                            "k": "node_id",
                            "v": "MDQ6VXNlcjQ3Njc2ODEx"
                          },
                          {
                            "k": "organizations_url",
                            "v": "https://api.github.com/users/vladxdboi/orgs"
                          },
                          {
                            "k": "received_events_url",
                            "v": "https://api.github.com/users/vladxdboi/received_events"
                          },
                          {
                            "k": "repos_url",
                            "v": "https://api.github.com/users/vladxdboi/repos"
                          },
                          {
                            "k": "site_admin",
                            "v": false
                          },
                          {
                            "k": "starred_url",
                            "v": "https://api.github.com/users/vladxdboi/starred{/owner}{/repo}"
                          },
                          {
                            "k": "subscriptions_url",
                            "v": "https://api.github.com/users/vladxdboi/subscriptions"
                          },
                          {
                            "k": "type",
                            "v": "User"
                          },
                          {
                            "k": "url",
                            "v": "https://api.github.com/users/vladxdboi"
                          },
                          {
                            "k": "user_view_type",
                            "v": "public"
                          }
                        ]
                      }
                    },
                    {
                      "k": "private",
                      "v": true
                    },
                    {
                      "k": "pulls_url",
                      "v": "https://api.github.com/repos/vladxdboi/bob/pulls{/number}"
                    },
                    {
                      "k": "pushed_at",
                      "v": 1743622684.0
                    },
                    {
                      "k": "releases_url",
                      "v": "https://api.github.com/repos/vladxdboi/bob/releases{/id}"
                    },
                    {
                      "k": "size",
                      "v": 122901.0
                    },
                    {
                      "k": "ssh_url",
                      "v": "git@github.com:vladxdboi/bob.git"
                    },
                    {
                      "k": "stargazers",
                      "v": 0.0
                    },
                    {
                      "k": "stargazers_count",
                      "v": 0.0
                    },
                    {
                      "k": "stargazers_url",
                      "v": "https://api.github.com/repos/vladxdboi/bob/stargazers"
                    },
                    {
                      "k": "statuses_url",
                      "v": "https://api.github.com/repos/vladxdboi/bob/statuses/{sha}"
                    },
                    {
                      "k": "subscribers_url",
                      "v": "https://api.github.com/repos/vladxdboi/bob/subscribers"
                    },
                    {
                      "k": "subscription_url",
                      "v": "https://api.github.com/repos/vladxdboi/bob/subscription"
                    },
                    {
                      "k": "svn_url",
                      "v": "https://github.com/vladxdboi/bob"
                    },
                    {
                      "k": "tags_url",
                      "v": "https://api.github.com/repos/vladxdboi/bob/tags"
                    },
                    {
                      "k": "teams_url",
                      "v": "https://api.github.com/repos/vladxdboi/bob/teams"
                    },
                    {
                      "k": "topics",
                      "v": {
                        "t": 1
                      }
                    },
                    {
                      "k": "trees_url",
                      "v": "https://api.github.com/repos/vladxdboi/bob/git/trees{/sha}"
                    },
                    {
                      "k": "updated_at",
                      "v": "2025-04-02T19:33:37Z"
                    },
                    {
                      "k": "url",
                      "v": "https://github.com/vladxdboi/bob"
                    },
                    {
                      "k": "visibility",
                      "v": "private"
                    },
                    {
                      "k": "watchers",
                      "v": 0.0
                    },
                    {
                      "k": "watchers_count",
                      "v": 0.0
                    },
                    {
                      "k": "web_commit_signoff_required",
                      "v": false
                    }
                  ]
                }
              },
              {
                "k": "sender",
                "v": {
                  "t": 2,
                  "d": [
                    {
                      "k": "avatar_url",
                      "v": "https://avatars.githubusercontent.com/u/47676811?v=4"
                    },
                    {
                      "k": "events_url",
                      "v": "https://api.github.com/users/vladxdboi/events{/privacy}"
                    },
                    {
                      "k": "followers_url",
                      "v": "https://api.github.com/users/vladxdboi/followers"
                    },
                    {
                      "k": "following_url",
                      "v": "https://api.github.com/users/vladxdboi/following{/other_user}"
                    },
                    {
                      "k": "gists_url",
                      "v": "https://api.github.com/users/vladxdboi/gists{/gist_id}"
                    },
                    {
                      "k": "gravatar_id",
                      "v": ""
                    },
                    {
                      "k": "html_url",
                      "v": "https://github.com/vladxdboi"
                    },
                    {
                      "k": "id",
                      "v": 47676811.0
                    },
                    {
                      "k": "login",
                      "v": "vladxdboi"
                    },
                    {
                      "k": "node_id",
                      "v": "MDQ6VXNlcjQ3Njc2ODEx"
                    },
                    {
                      "k": "organizations_url",
                      "v": "https://api.github.com/users/vladxdboi/orgs"
                    },
                    {
                      "k": "received_events_url",
                      "v": "https://api.github.com/users/vladxdboi/received_events"
                    },
                    {
                      "k": "repos_url",
                      "v": "https://api.github.com/users/vladxdboi/repos"
                    },
                    {
                      "k": "site_admin",
                      "v": false
                    },
                    {
                      "k": "starred_url",
                      "v": "https://api.github.com/users/vladxdboi/starred{/owner}{/repo}"
                    },
                    {
                      "k": "subscriptions_url",
                      "v": "https://api.github.com/users/vladxdboi/subscriptions"
                    },
                    {
                      "k": "type",
                      "v": "User"
                    },
                    {
                      "k": "url",
                      "v": "https://api.github.com/users/vladxdboi"
                    },
                    {
                      "k": "user_view_type",
                      "v": "public"
                    }
                  ]
                }
              }
            ]
          }
        },
        {
          "k": "workflow_ref",
          "v": "vladxdboi/bob/.github/workflows/python-greetings.yml@refs/heads/main"
        },
        {
          "k": "workflow_sha",
          "v": "c6993dec72efeb1d9a2be8e448dbb159ea4799bd"
        },
        {
          "k": "repository_id",
          "v": "958619869"
        },
        {
          "k": "triggering_actor",
          "v": "vladxdboi"
        }
      ]
    },
    "inputs": {
      "t": 2
    },
    "matrix": null,
    "needs": {
      "t": 2,
      "d": [
        {
          "k": "tests-on-preprod",
          "v": {
            "t": 2,
            "d": [
              {
                "k": "result",
                "v": "success"
              },
              {
                "k": "outputs",
                "v": {
                  "t": 2
                }
              }
            ]
          }
        }
      ]
    },
    "strategy": {
      "t": 2,
      "d": [
        {
          "k": "fail-fast",
          "v": true
        },
        {
          "k": "job-index",
          "v": 0.0
        },
        {
          "k": "job-total",
          "v": 1.0
        },
        {
          "k": "max-parallel",
          "v": 1.0
        }
      ]
    },
    "vars": {
      "t": 2
    }
  },
  "billingOwnerId": "U_kgDOAtd9iw"
}
[2025-04-02 19:39:50Z INFO JobRunner] Job ID 83025e13-e1f0-52d9-afb7-59ea49cb61fc
[2025-04-02 19:39:50Z INFO ConfigurationStore] currentAssemblyLocation: C:\Users\vladi\Documents\GitHub\bob\actions-runner\bin\Runner.Worker.dll
[2025-04-02 19:39:50Z INFO HostContext] Well known directory 'Bin': 'C:\Users\vladi\Documents\GitHub\bob\actions-runner\bin'
[2025-04-02 19:39:50Z INFO ConfigurationStore] binPath: C:\Users\vladi\Documents\GitHub\bob\actions-runner\bin
[2025-04-02 19:39:50Z INFO HostContext] Well known directory 'Bin': 'C:\Users\vladi\Documents\GitHub\bob\actions-runner\bin'
[2025-04-02 19:39:50Z INFO HostContext] Well known directory 'Root': 'C:\Users\vladi\Documents\GitHub\bob\actions-runner'
[2025-04-02 19:39:50Z INFO ConfigurationStore] RootFolder: C:\Users\vladi\Documents\GitHub\bob\actions-runner
[2025-04-02 19:39:50Z INFO HostContext] Well known directory 'Bin': 'C:\Users\vladi\Documents\GitHub\bob\actions-runner\bin'
[2025-04-02 19:39:50Z INFO HostContext] Well known directory 'Root': 'C:\Users\vladi\Documents\GitHub\bob\actions-runner'
[2025-04-02 19:39:50Z INFO HostContext] Well known config file 'Runner': 'C:\Users\vladi\Documents\GitHub\bob\actions-runner\.runner'
[2025-04-02 19:39:50Z INFO ConfigurationStore] ConfigFilePath: C:\Users\vladi\Documents\GitHub\bob\actions-runner\.runner
[2025-04-02 19:39:50Z INFO HostContext] Well known directory 'Bin': 'C:\Users\vladi\Documents\GitHub\bob\actions-runner\bin'
[2025-04-02 19:39:50Z INFO HostContext] Well known directory 'Root': 'C:\Users\vladi\Documents\GitHub\bob\actions-runner'
[2025-04-02 19:39:50Z INFO HostContext] Well known config file 'MigratedRunner': 'C:\Users\vladi\Documents\GitHub\bob\actions-runner\.runner_migrated'
[2025-04-02 19:39:50Z INFO ConfigurationStore] MigratedConfigFilePath: C:\Users\vladi\Documents\GitHub\bob\actions-runner\.runner_migrated
[2025-04-02 19:39:50Z INFO HostContext] Well known directory 'Bin': 'C:\Users\vladi\Documents\GitHub\bob\actions-runner\bin'
[2025-04-02 19:39:50Z INFO HostContext] Well known directory 'Root': 'C:\Users\vladi\Documents\GitHub\bob\actions-runner'
[2025-04-02 19:39:50Z INFO HostContext] Well known config file 'Credentials': 'C:\Users\vladi\Documents\GitHub\bob\actions-runner\.credentials'
[2025-04-02 19:39:50Z INFO ConfigurationStore] CredFilePath: C:\Users\vladi\Documents\GitHub\bob\actions-runner\.credentials
[2025-04-02 19:39:50Z INFO HostContext] Well known directory 'Bin': 'C:\Users\vladi\Documents\GitHub\bob\actions-runner\bin'
[2025-04-02 19:39:50Z INFO HostContext] Well known directory 'Root': 'C:\Users\vladi\Documents\GitHub\bob\actions-runner'
[2025-04-02 19:39:50Z INFO HostContext] Well known config file 'MigratedCredentials': 'C:\Users\vladi\Documents\GitHub\bob\actions-runner\.credentials_migrated'
[2025-04-02 19:39:50Z INFO ConfigurationStore] MigratedCredFilePath: C:\Users\vladi\Documents\GitHub\bob\actions-runner\.credentials_migrated
[2025-04-02 19:39:50Z INFO HostContext] Well known directory 'Bin': 'C:\Users\vladi\Documents\GitHub\bob\actions-runner\bin'
[2025-04-02 19:39:50Z INFO HostContext] Well known directory 'Root': 'C:\Users\vladi\Documents\GitHub\bob\actions-runner'
[2025-04-02 19:39:50Z INFO HostContext] Well known config file 'Service': 'C:\Users\vladi\Documents\GitHub\bob\actions-runner\.service'
[2025-04-02 19:39:50Z INFO ConfigurationStore] ServiceConfigFilePath: C:\Users\vladi\Documents\GitHub\bob\actions-runner\.service
[2025-04-02 19:39:50Z INFO ConfigurationStore] Read setting file: 293 chars
[2025-04-02 19:39:50Z INFO JobRunner] Initializing launch client
[2025-04-02 19:39:50Z INFO JobServerQueue] Initializing results client
[2025-04-02 19:39:50Z INFO ResultServer] Creating websocket client ...wss://results-receiver.actions.githubusercontent.com/_ws/ingest.sock
[2025-04-02 19:39:50Z INFO ResultServer] Attempting to start websocket client with delay 00:00:00.
[2025-04-02 19:39:50Z INFO JobServerQueue] Start process web console line queue.
[2025-04-02 19:39:50Z INFO JobServerQueue] Start process file upload queue.
[2025-04-02 19:39:50Z INFO JobServerQueue] Start results file upload queue.
[2025-04-02 19:39:50Z INFO JobServerQueue] Starting results-based upload queue...
[2025-04-02 19:39:50Z INFO JobServerQueue] Start process timeline update queue.
[2025-04-02 19:39:50Z INFO ExecutionContext] Initialize GitHub context
[2025-04-02 19:39:50Z INFO ExecutionContext] Initialize Env context
[2025-04-02 19:39:50Z INFO HostContext] Well known directory 'Bin': 'C:\Users\vladi\Documents\GitHub\bob\actions-runner\bin'
[2025-04-02 19:39:50Z INFO HostContext] Well known directory 'Root': 'C:\Users\vladi\Documents\GitHub\bob\actions-runner'
[2025-04-02 19:39:50Z INFO HostContext] Well known directory 'Diag': 'C:\Users\vladi\Documents\GitHub\bob\actions-runner\_diag'
[2025-04-02 19:39:50Z INFO HostContext] Well known directory 'Bin': 'C:\Users\vladi\Documents\GitHub\bob\actions-runner\bin'
[2025-04-02 19:39:50Z INFO HostContext] Well known directory 'Root': 'C:\Users\vladi\Documents\GitHub\bob\actions-runner'
[2025-04-02 19:39:50Z INFO HostContext] Well known directory 'Diag': 'C:\Users\vladi\Documents\GitHub\bob\actions-runner\_diag'
[2025-04-02 19:39:50Z INFO JobRunner] Starting the job execution context.
[2025-04-02 19:39:50Z INFO HostContext] Well known directory 'Bin': 'C:\Users\vladi\Documents\GitHub\bob\actions-runner\bin'
[2025-04-02 19:39:50Z INFO HostContext] Well known directory 'Root': 'C:\Users\vladi\Documents\GitHub\bob\actions-runner'
[2025-04-02 19:39:50Z INFO HostContext] Well known directory 'Work': 'C:\Users\vladi\Documents\GitHub\bob\actions-runner\_work'
[2025-04-02 19:39:50Z INFO JobRunner] Validating directory permissions for: 'C:\Users\vladi\Documents\GitHub\bob\actions-runner\_work'
[2025-04-02 19:39:50Z INFO HostContext] Well known directory 'Bin': 'C:\Users\vladi\Documents\GitHub\bob\actions-runner\bin'
[2025-04-02 19:39:50Z INFO HostContext] Well known directory 'Root': 'C:\Users\vladi\Documents\GitHub\bob\actions-runner'
[2025-04-02 19:39:50Z INFO HostContext] Well known directory 'Work': 'C:\Users\vladi\Documents\GitHub\bob\actions-runner\_work'
[2025-04-02 19:39:50Z INFO HostContext] Well known directory 'Tools': 'C:\Users\vladi\Documents\GitHub\bob\actions-runner\_work\_tool'
[2025-04-02 19:39:50Z INFO HostContext] Well known directory 'Bin': 'C:\Users\vladi\Documents\GitHub\bob\actions-runner\bin'
[2025-04-02 19:39:50Z INFO HostContext] Well known directory 'Root': 'C:\Users\vladi\Documents\GitHub\bob\actions-runner'
[2025-04-02 19:39:50Z INFO HostContext] Well known directory 'Work': 'C:\Users\vladi\Documents\GitHub\bob\actions-runner\_work'
[2025-04-02 19:39:50Z INFO HostContext] Well known directory 'Temp': 'C:\Users\vladi\Documents\GitHub\bob\actions-runner\_work\_temp'
[2025-04-02 19:39:50Z INFO JobRunner] Getting job extension.
[2025-04-02 19:39:50Z INFO JobRunner] Initialize job. Getting all job steps.
[2025-04-02 19:39:50Z INFO HostContext] Well known directory 'Bin': 'C:\Users\vladi\Documents\GitHub\bob\actions-runner\bin'
[2025-04-02 19:39:50Z INFO HostContext] Well known directory 'Root': 'C:\Users\vladi\Documents\GitHub\bob\actions-runner'
[2025-04-02 19:39:50Z INFO HostContext] Well known directory 'Diag': 'C:\Users\vladi\Documents\GitHub\bob\actions-runner\_diag'
[2025-04-02 19:39:50Z INFO HostContext] Well known directory 'Bin': 'C:\Users\vladi\Documents\GitHub\bob\actions-runner\bin'
[2025-04-02 19:39:50Z INFO HostContext] Well known directory 'Root': 'C:\Users\vladi\Documents\GitHub\bob\actions-runner'
[2025-04-02 19:39:50Z INFO HostContext] Well known directory 'Diag': 'C:\Users\vladi\Documents\GitHub\bob\actions-runner\_diag'
[2025-04-02 19:39:50Z INFO HostContext] Well known directory 'Bin': 'C:\Users\vladi\Documents\GitHub\bob\actions-runner\bin'
[2025-04-02 19:39:50Z INFO HostContext] Well known directory 'Root': 'C:\Users\vladi\Documents\GitHub\bob\actions-runner'
[2025-04-02 19:39:50Z INFO HostContext] Well known config file 'Credentials': 'C:\Users\vladi\Documents\GitHub\bob\actions-runner\.credentials'
[2025-04-02 19:39:50Z INFO HostContext] Well known directory 'Bin': 'C:\Users\vladi\Documents\GitHub\bob\actions-runner\bin'
[2025-04-02 19:39:50Z INFO HostContext] Well known directory 'Root': 'C:\Users\vladi\Documents\GitHub\bob\actions-runner'
[2025-04-02 19:39:50Z INFO HostContext] Well known config file 'SetupInfo': 'C:\Users\vladi\Documents\GitHub\bob\actions-runner\.setup_info'
[2025-04-02 19:39:50Z INFO HostContext] Well known directory 'Bin': 'C:\Users\vladi\Documents\GitHub\bob\actions-runner\bin'
[2025-04-02 19:39:50Z INFO HostContext] Well known directory 'Root': 'C:\Users\vladi\Documents\GitHub\bob\actions-runner'
[2025-04-02 19:39:50Z INFO HostContext] Well known directory 'Work': 'C:\Users\vladi\Documents\GitHub\bob\actions-runner\_work'
[2025-04-02 19:39:50Z INFO PipelineDirectoryManager] Loading tracking config if exists: C:\Users\vladi\Documents\GitHub\bob\actions-runner\_work\_PipelineMapping\vladxdboi/bob\PipelineFolder.json
[2025-04-02 19:39:50Z INFO PipelineDirectoryManager] Updating job run properties.
[2025-04-02 19:39:50Z INFO HostContext] Well known directory 'Bin': 'C:\Users\vladi\Documents\GitHub\bob\actions-runner\bin'
[2025-04-02 19:39:50Z INFO HostContext] Well known directory 'Root': 'C:\Users\vladi\Documents\GitHub\bob\actions-runner'
[2025-04-02 19:39:50Z INFO HostContext] Well known directory 'Work': 'C:\Users\vladi\Documents\GitHub\bob\actions-runner\_work'
[2025-04-02 19:39:50Z INFO HostContext] Well known directory 'Bin': 'C:\Users\vladi\Documents\GitHub\bob\actions-runner\bin'
[2025-04-02 19:39:50Z INFO HostContext] Well known directory 'Root': 'C:\Users\vladi\Documents\GitHub\bob\actions-runner'
[2025-04-02 19:39:50Z INFO HostContext] Well known directory 'Work': 'C:\Users\vladi\Documents\GitHub\bob\actions-runner\_work'
[2025-04-02 19:39:50Z INFO HostContext] Well known directory 'Bin': 'C:\Users\vladi\Documents\GitHub\bob\actions-runner\bin'
[2025-04-02 19:39:50Z INFO HostContext] Well known directory 'Root': 'C:\Users\vladi\Documents\GitHub\bob\actions-runner'
[2025-04-02 19:39:50Z INFO HostContext] Well known directory 'Work': 'C:\Users\vladi\Documents\GitHub\bob\actions-runner\_work'
[2025-04-02 19:39:50Z INFO JobExtension] Downloading actions
[2025-04-02 19:39:50Z INFO HostContext] Well known directory 'Bin': 'C:\Users\vladi\Documents\GitHub\bob\actions-runner\bin'
[2025-04-02 19:39:50Z INFO HostContext] Well known directory 'Root': 'C:\Users\vladi\Documents\GitHub\bob\actions-runner'
[2025-04-02 19:39:50Z INFO HostContext] Well known directory 'Work': 'C:\Users\vladi\Documents\GitHub\bob\actions-runner\_work'
[2025-04-02 19:39:50Z INFO HostContext] Well known directory 'Actions': 'C:\Users\vladi\Documents\GitHub\bob\actions-runner\_work\_actions'
[2025-04-02 19:39:50Z INFO JobExtension] Adding .
[2025-04-02 19:39:50Z INFO JobExtension] Adding .
[2025-04-02 19:39:50Z INFO HostContext] Well known directory 'Bin': 'C:\Users\vladi\Documents\GitHub\bob\actions-runner\bin'
[2025-04-02 19:39:50Z INFO HostContext] Well known directory 'Root': 'C:\Users\vladi\Documents\GitHub\bob\actions-runner'
[2025-04-02 19:39:50Z INFO HostContext] Well known directory 'Diag': 'C:\Users\vladi\Documents\GitHub\bob\actions-runner\_diag'
[2025-04-02 19:39:50Z INFO HostContext] Well known directory 'Bin': 'C:\Users\vladi\Documents\GitHub\bob\actions-runner\bin'
[2025-04-02 19:39:50Z INFO HostContext] Well known directory 'Root': 'C:\Users\vladi\Documents\GitHub\bob\actions-runner'
[2025-04-02 19:39:50Z INFO HostContext] Well known directory 'Diag': 'C:\Users\vladi\Documents\GitHub\bob\actions-runner\_diag'
[2025-04-02 19:39:50Z INFO HostContext] Well known directory 'Bin': 'C:\Users\vladi\Documents\GitHub\bob\actions-runner\bin'
[2025-04-02 19:39:50Z INFO HostContext] Well known directory 'Root': 'C:\Users\vladi\Documents\GitHub\bob\actions-runner'
[2025-04-02 19:39:50Z INFO HostContext] Well known directory 'Diag': 'C:\Users\vladi\Documents\GitHub\bob\actions-runner\_diag'
[2025-04-02 19:39:50Z INFO HostContext] Well known directory 'Bin': 'C:\Users\vladi\Documents\GitHub\bob\actions-runner\bin'
[2025-04-02 19:39:50Z INFO HostContext] Well known directory 'Root': 'C:\Users\vladi\Documents\GitHub\bob\actions-runner'
[2025-04-02 19:39:50Z INFO HostContext] Well known directory 'Diag': 'C:\Users\vladi\Documents\GitHub\bob\actions-runner\_diag'
[2025-04-02 19:39:50Z INFO JobExtension] Total accessible running process: 275.
[2025-04-02 19:39:50Z INFO HostContext] Well known directory 'Bin': 'C:\Users\vladi\Documents\GitHub\bob\actions-runner\bin'
[2025-04-02 19:39:50Z INFO HostContext] Well known directory 'Root': 'C:\Users\vladi\Documents\GitHub\bob\actions-runner'
[2025-04-02 19:39:50Z INFO HostContext] Well known directory 'Work': 'C:\Users\vladi\Documents\GitHub\bob\actions-runner\_work'
[2025-04-02 19:39:50Z INFO JobExtension] Start checking service connectivity in background.
[2025-04-02 19:39:50Z INFO ExecutionContext] Publish step telemetry for current step {
  "action": "setup_job",
  "type": "runner",
  "stage": "Pre",
  "stepId": "ca3c2855-e5bc-4363-8179-7d7e97948d8e",
  "result": "succeeded",
  "errorMessages": [],
  "executionTimeInSeconds": 1,
  "startTime": "2025-04-02T19:39:50.5559628Z",
  "finishTime": "2025-04-02T19:39:50.6531639Z"
}.
[2025-04-02 19:39:50Z INFO JobRunner] Total job steps: 2.
[2025-04-02 19:39:50Z INFO JobRunner] Run all job steps.
[2025-04-02 19:39:50Z INFO StepsRunner] Processing step: DisplayName='Stop existing service'
[2025-04-02 19:39:50Z INFO StepsRunner] Evaluating: success()
[2025-04-02 19:39:50Z INFO StepsRunner] Result: true
[2025-04-02 19:39:50Z INFO StepsRunner] Starting the step.
[2025-04-02 19:39:50Z INFO HostContext] Well known directory 'Bin': 'C:\Users\vladi\Documents\GitHub\bob\actions-runner\bin'
[2025-04-02 19:39:50Z INFO HostContext] Well known directory 'Root': 'C:\Users\vladi\Documents\GitHub\bob\actions-runner'
[2025-04-02 19:39:50Z INFO HostContext] Well known directory 'Work': 'C:\Users\vladi\Documents\GitHub\bob\actions-runner\_work'
[2025-04-02 19:39:50Z INFO StepsRunner] Which2: 'chcp'
[2025-04-02 19:39:50Z INFO StepsRunner] Location: 'C:\WINDOWS\system32\chcp.COM'
[2025-04-02 19:39:50Z INFO ProcessInvokerWrapper] Starting process:
[2025-04-02 19:39:50Z INFO ProcessInvokerWrapper]   File name: 'C:\WINDOWS\system32\chcp.COM'
[2025-04-02 19:39:50Z INFO ProcessInvokerWrapper]   Arguments: '65001'
[2025-04-02 19:39:50Z INFO ProcessInvokerWrapper]   Working directory: 'C:\Users\vladi\Documents\GitHub\bob\actions-runner\_work'
[2025-04-02 19:39:50Z INFO ProcessInvokerWrapper]   Require exit code zero: 'False'
[2025-04-02 19:39:50Z INFO ProcessInvokerWrapper]   Encoding web name:  ; code page: ''
[2025-04-02 19:39:50Z INFO ProcessInvokerWrapper]   Force kill process on cancellation: 'False'
[2025-04-02 19:39:50Z INFO ProcessInvokerWrapper]   Redirected STDIN: 'False'
[2025-04-02 19:39:50Z INFO ProcessInvokerWrapper]   Persist current code page: 'True'
[2025-04-02 19:39:50Z INFO ProcessInvokerWrapper]   Keep redirected STDIN open: 'False'
[2025-04-02 19:39:50Z INFO ProcessInvokerWrapper]   High priority process: 'False'
[2025-04-02 19:39:50Z INFO ProcessInvokerWrapper] Process started with process id 6812, waiting for process exit.
[2025-04-02 19:39:50Z INFO Worker] Listening for cancel message from the channel.
[2025-04-02 19:39:50Z INFO ProcessInvokerWrapper] STDOUT/STDERR stream read finished.
[2025-04-02 19:39:50Z INFO Worker] Waiting for the job to complete or for a cancel message from the channel.
[2025-04-02 19:39:50Z INFO ProcessInvokerWrapper] STDOUT/STDERR stream read finished.
[2025-04-02 19:39:50Z INFO ProcessInvokerWrapper] Finished process 6812 with exit code 0, and elapsed time 00:00:00.0141284.
[2025-04-02 19:39:50Z INFO StepsRunner] Successfully returned to code page 65001 (UTF8)
[2025-04-02 19:39:50Z INFO HostContext] Well known directory 'Bin': 'C:\Users\vladi\Documents\GitHub\bob\actions-runner\bin'
[2025-04-02 19:39:50Z INFO HostContext] Well known directory 'Root': 'C:\Users\vladi\Documents\GitHub\bob\actions-runner'
[2025-04-02 19:39:50Z INFO HostContext] Well known directory 'Work': 'C:\Users\vladi\Documents\GitHub\bob\actions-runner\_work'
[2025-04-02 19:39:50Z INFO HostContext] Well known directory 'Temp': 'C:\Users\vladi\Documents\GitHub\bob\actions-runner\_work\_temp'
[2025-04-02 19:39:50Z INFO ExecutionContext] Write event payload to C:\Users\vladi\Documents\GitHub\bob\actions-runner\_work\_temp\_github_workflow\event.json
[2025-04-02 19:39:50Z INFO HostContext] Well known directory 'Bin': 'C:\Users\vladi\Documents\GitHub\bob\actions-runner\bin'
[2025-04-02 19:39:50Z INFO HostContext] Well known directory 'Root': 'C:\Users\vladi\Documents\GitHub\bob\actions-runner'
[2025-04-02 19:39:50Z INFO HostContext] Well known directory 'Work': 'C:\Users\vladi\Documents\GitHub\bob\actions-runner\_work'
[2025-04-02 19:39:50Z INFO HostContext] Well known directory 'Temp': 'C:\Users\vladi\Documents\GitHub\bob\actions-runner\_work\_temp'
[2025-04-02 19:39:50Z INFO ExtensionManager] Getting extensions for interface: 'GitHub.Runner.Worker.IFileCommandExtension'
[2025-04-02 19:39:50Z INFO ExtensionManager] Creating instance: GitHub.Runner.Worker.AddPathFileCommand, Runner.Worker
[2025-04-02 19:39:50Z INFO ExtensionManager] Creating instance: GitHub.Runner.Worker.SetEnvFileCommand, Runner.Worker
[2025-04-02 19:39:50Z INFO ExtensionManager] Creating instance: GitHub.Runner.Worker.CreateStepSummaryCommand, Runner.Worker
[2025-04-02 19:39:50Z INFO ExtensionManager] Creating instance: GitHub.Runner.Worker.SaveStateFileCommand, Runner.Worker
[2025-04-02 19:39:50Z INFO ExtensionManager] Creating instance: GitHub.Runner.Worker.SetOutputFileCommand, Runner.Worker
[2025-04-02 19:39:50Z INFO ExtensionManager] Getting extensions for interface: 'GitHub.Runner.Worker.IActionCommandExtension'
[2025-04-02 19:39:50Z INFO ExtensionManager] Creating instance: GitHub.Runner.Worker.InternalPluginSetRepoPathCommandExtension, Runner.Worker
[2025-04-02 19:39:50Z INFO ExtensionManager] Creating instance: GitHub.Runner.Worker.SetEnvCommandExtension, Runner.Worker
[2025-04-02 19:39:50Z INFO ExtensionManager] Creating instance: GitHub.Runner.Worker.SetOutputCommandExtension, Runner.Worker
[2025-04-02 19:39:50Z INFO ExtensionManager] Creating instance: GitHub.Runner.Worker.SaveStateCommandExtension, Runner.Worker
[2025-04-02 19:39:50Z INFO ExtensionManager] Creating instance: GitHub.Runner.Worker.AddPathCommandExtension, Runner.Worker
[2025-04-02 19:39:50Z INFO ExtensionManager] Creating instance: GitHub.Runner.Worker.AddMaskCommandExtension, Runner.Worker
[2025-04-02 19:39:50Z INFO ExtensionManager] Creating instance: GitHub.Runner.Worker.AddMatcherCommandExtension, Runner.Worker
[2025-04-02 19:39:50Z INFO ExtensionManager] Creating instance: GitHub.Runner.Worker.RemoveMatcherCommandExtension, Runner.Worker
[2025-04-02 19:39:50Z INFO ExtensionManager] Creating instance: GitHub.Runner.Worker.WarningCommandExtension, Runner.Worker
[2025-04-02 19:39:50Z INFO ExtensionManager] Creating instance: GitHub.Runner.Worker.ErrorCommandExtension, Runner.Worker
[2025-04-02 19:39:50Z INFO ExtensionManager] Creating instance: GitHub.Runner.Worker.NoticeCommandExtension, Runner.Worker
[2025-04-02 19:39:50Z INFO ExtensionManager] Creating instance: GitHub.Runner.Worker.DebugCommandExtension, Runner.Worker
[2025-04-02 19:39:50Z INFO ExtensionManager] Creating instance: GitHub.Runner.Worker.GroupCommandExtension, Runner.Worker
[2025-04-02 19:39:50Z INFO ExtensionManager] Creating instance: GitHub.Runner.Worker.EndGroupCommandExtension, Runner.Worker
[2025-04-02 19:39:50Z INFO ExtensionManager] Creating instance: GitHub.Runner.Worker.EchoCommandExtension, Runner.Worker
[2025-04-02 19:39:50Z INFO ActionCommandManager] Register action command extension for command internal-set-repo-path
[2025-04-02 19:39:50Z INFO ActionCommandManager] Register action command extension for command set-env
[2025-04-02 19:39:50Z INFO ActionCommandManager] Register action command extension for command set-output
[2025-04-02 19:39:50Z INFO ActionCommandManager] Register action command extension for command save-state
[2025-04-02 19:39:50Z INFO ActionCommandManager] Register action command extension for command add-path
[2025-04-02 19:39:50Z INFO ActionCommandManager] Register action command extension for command add-mask
[2025-04-02 19:39:50Z INFO ActionCommandManager] Register action command extension for command add-matcher
[2025-04-02 19:39:50Z INFO ActionCommandManager] Register action command extension for command remove-matcher
[2025-04-02 19:39:50Z INFO ActionCommandManager] Register action command extension for command warning
[2025-04-02 19:39:50Z INFO ActionCommandManager] Register action command extension for command error
[2025-04-02 19:39:50Z INFO ActionCommandManager] Register action command extension for command notice
[2025-04-02 19:39:50Z INFO ActionCommandManager] Register action command extension for command debug
[2025-04-02 19:39:50Z INFO ActionCommandManager] Register action command extension for command group
[2025-04-02 19:39:50Z INFO ActionCommandManager] Register action command extension for command endgroup
[2025-04-02 19:39:50Z INFO ActionCommandManager] Register action command extension for command echo
[2025-04-02 19:39:50Z INFO ScriptHandler] Which2: 'pwsh'
[2025-04-02 19:39:50Z INFO ScriptHandler] Location: 'C:\Program Files\WindowsApps\Microsoft.PowerShell_7.5.0.0_x64__8wekyb3d8bbwe\pwsh.EXE'
[2025-04-02 19:39:50Z INFO HostContext] Well known directory 'Bin': 'C:\Users\vladi\Documents\GitHub\bob\actions-runner\bin'
[2025-04-02 19:39:50Z INFO HostContext] Well known directory 'Root': 'C:\Users\vladi\Documents\GitHub\bob\actions-runner'
[2025-04-02 19:39:50Z INFO HostContext] Well known directory 'Work': 'C:\Users\vladi\Documents\GitHub\bob\actions-runner\_work'
[2025-04-02 19:39:50Z INFO HostContext] Well known directory 'Temp': 'C:\Users\vladi\Documents\GitHub\bob\actions-runner\_work\_temp'
[2025-04-02 19:39:50Z INFO ScriptHandler] Which2: 'pwsh'
[2025-04-02 19:39:50Z INFO ScriptHandler] Location: 'C:\Program Files\WindowsApps\Microsoft.PowerShell_7.5.0.0_x64__8wekyb3d8bbwe\pwsh.EXE'
[2025-04-02 19:39:50Z INFO ProcessInvokerWrapper] Starting process:
[2025-04-02 19:39:50Z INFO ProcessInvokerWrapper]   File name: 'C:\Program Files\WindowsApps\Microsoft.PowerShell_7.5.0.0_x64__8wekyb3d8bbwe\pwsh.EXE'
[2025-04-02 19:39:50Z INFO ProcessInvokerWrapper]   Arguments: '-command ". 'C:\Users\vladi\Documents\GitHub\bob\actions-runner\_work\_temp\70952fea-91ee-457f-ba8e-1f21914af49f.ps1'"'
[2025-04-02 19:39:50Z INFO ProcessInvokerWrapper]   Working directory: 'C:\Users\vladi\Documents\GitHub\bob\actions-runner\_work\bob\bob\python-greetings'
[2025-04-02 19:39:50Z INFO ProcessInvokerWrapper]   Require exit code zero: 'False'
[2025-04-02 19:39:50Z INFO ProcessInvokerWrapper]   Encoding web name:  ; code page: ''
[2025-04-02 19:39:50Z INFO ProcessInvokerWrapper]   Force kill process on cancellation: 'False'
[2025-04-02 19:39:50Z INFO ProcessInvokerWrapper]   Redirected STDIN: 'False'
[2025-04-02 19:39:50Z INFO ProcessInvokerWrapper]   Persist current code page: 'True'
[2025-04-02 19:39:50Z INFO ProcessInvokerWrapper]   Keep redirected STDIN open: 'False'
[2025-04-02 19:39:50Z INFO ProcessInvokerWrapper]   High priority process: 'False'
[2025-04-02 19:39:50Z INFO ProcessInvokerWrapper] Process started with process id 19260, waiting for process exit.
[2025-04-02 19:39:51Z INFO ResultServer] Successfully started websocket client.
[2025-04-02 19:39:51Z INFO JobServerQueue] Try to append 1 batches web console lines for record 'ca3c2855-e5bc-4363-8179-7d7e97948d8e', success rate: 1/1.
[2025-04-02 19:39:51Z INFO JobServerQueue] Try to append 1 batches web console lines for record '4413272b-aae3-4689-bd54-55d44c5a0aef', success rate: 1/1.
[2025-04-02 19:39:51Z INFO JobServerQueue] Got a step log file to send to results service.
[2025-04-02 19:39:51Z INFO JobServerQueue] Starting upload of step log file to results service ResultsLog, C:\Users\vladi\Documents\GitHub\bob\actions-runner\_diag\blocks\42f64a17-4773-4b45-ad24-cddbb0ebcb9f_ca3c2855-e5bc-4363-8179-7d7e97948d8e.1
[2025-04-02 19:39:51Z INFO JobServerQueue] Try to upload 1 log files or attachments, success rate: 1/1.
[2025-04-02 19:39:51Z INFO JobServerQueue] Job timeline record has been updated for the first time.
[2025-04-02 19:39:52Z INFO JobServerQueue] Tried to upload 1 file(s) to results, success rate: 1/1.
[2025-04-02 19:39:52Z INFO JobServerQueue] Try to append 1 batches web console lines for record '4413272b-aae3-4689-bd54-55d44c5a0aef', success rate: 1/1.
[2025-04-02 19:39:52Z INFO JobServerQueue] Try to append 1 batches web console lines for record '4413272b-aae3-4689-bd54-55d44c5a0aef', success rate: 1/1.
[2025-04-02 19:39:53Z INFO JobServerQueue] Try to append 1 batches web console lines for record '4413272b-aae3-4689-bd54-55d44c5a0aef', success rate: 1/1.
[2025-04-02 19:39:53Z INFO ProcessInvokerWrapper] STDOUT/STDERR stream read finished.
[2025-04-02 19:39:53Z INFO ProcessInvokerWrapper] STDOUT/STDERR stream read finished.
[2025-04-02 19:39:53Z INFO ProcessInvokerWrapper] Finished process 19260 with exit code 0, and elapsed time 00:00:02.4051590.
[2025-04-02 19:39:53Z INFO CreateStepSummaryCommand] Step Summary file (C:\Users\vladi\Documents\GitHub\bob\actions-runner\_work\_temp\_runner_file_commands\step_summary_47940721-5e55-47b4-8f1f-5a2b8258e48e) is empty; skipping attachment upload
[2025-04-02 19:39:53Z INFO StepsRunner] Step result: 
[2025-04-02 19:39:53Z INFO ExecutionContext] Publish step telemetry for current step {
  "action": "pwsh",
  "type": "run",
  "stage": "Main",
  "stepId": "4413272b-aae3-4689-bd54-55d44c5a0aef",
  "stepContextName": "__run",
  "result": "succeeded",
  "errorMessages": [],
  "executionTimeInSeconds": 3,
  "startTime": "2025-04-02T19:39:50.6873347Z",
  "finishTime": "2025-04-02T19:39:53.2141376Z"
}.
[2025-04-02 19:39:53Z INFO StepsRunner] No need for updating job result with current step result 'Succeeded'.
[2025-04-02 19:39:53Z INFO StepsRunner] Current state: job state = ''
[2025-04-02 19:39:53Z INFO StepsRunner] Processing step: DisplayName='Start application'
[2025-04-02 19:39:53Z INFO StepsRunner] Evaluating: success()
[2025-04-02 19:39:53Z INFO StepsRunner] Result: true
[2025-04-02 19:39:53Z INFO StepsRunner] Starting the step.
[2025-04-02 19:39:53Z INFO HostContext] Well known directory 'Bin': 'C:\Users\vladi\Documents\GitHub\bob\actions-runner\bin'
[2025-04-02 19:39:53Z INFO HostContext] Well known directory 'Root': 'C:\Users\vladi\Documents\GitHub\bob\actions-runner'
[2025-04-02 19:39:53Z INFO HostContext] Well known directory 'Work': 'C:\Users\vladi\Documents\GitHub\bob\actions-runner\_work'
[2025-04-02 19:39:53Z INFO StepsRunner] Which2: 'chcp'
[2025-04-02 19:39:53Z INFO StepsRunner] Location: 'C:\WINDOWS\system32\chcp.COM'
[2025-04-02 19:39:53Z INFO ProcessInvokerWrapper] Starting process:
[2025-04-02 19:39:53Z INFO ProcessInvokerWrapper]   File name: 'C:\WINDOWS\system32\chcp.COM'
[2025-04-02 19:39:53Z INFO ProcessInvokerWrapper]   Arguments: '65001'
[2025-04-02 19:39:53Z INFO ProcessInvokerWrapper]   Working directory: 'C:\Users\vladi\Documents\GitHub\bob\actions-runner\_work'
[2025-04-02 19:39:53Z INFO ProcessInvokerWrapper]   Require exit code zero: 'False'
[2025-04-02 19:39:53Z INFO ProcessInvokerWrapper]   Encoding web name:  ; code page: ''
[2025-04-02 19:39:53Z INFO ProcessInvokerWrapper]   Force kill process on cancellation: 'False'
[2025-04-02 19:39:53Z INFO ProcessInvokerWrapper]   Redirected STDIN: 'False'
[2025-04-02 19:39:53Z INFO ProcessInvokerWrapper]   Persist current code page: 'True'
[2025-04-02 19:39:53Z INFO ProcessInvokerWrapper]   Keep redirected STDIN open: 'False'
[2025-04-02 19:39:53Z INFO ProcessInvokerWrapper]   High priority process: 'False'
[2025-04-02 19:39:53Z INFO ProcessInvokerWrapper] Process started with process id 1348, waiting for process exit.
[2025-04-02 19:39:53Z INFO ProcessInvokerWrapper] STDOUT/STDERR stream read finished.
[2025-04-02 19:39:53Z INFO ProcessInvokerWrapper] STDOUT/STDERR stream read finished.
[2025-04-02 19:39:53Z INFO ProcessInvokerWrapper] Finished process 1348 with exit code 0, and elapsed time 00:00:00.0127977.
[2025-04-02 19:39:53Z INFO StepsRunner] Successfully returned to code page 65001 (UTF8)
[2025-04-02 19:39:53Z INFO HostContext] Well known directory 'Bin': 'C:\Users\vladi\Documents\GitHub\bob\actions-runner\bin'
[2025-04-02 19:39:53Z INFO HostContext] Well known directory 'Root': 'C:\Users\vladi\Documents\GitHub\bob\actions-runner'
[2025-04-02 19:39:53Z INFO HostContext] Well known directory 'Work': 'C:\Users\vladi\Documents\GitHub\bob\actions-runner\_work'
[2025-04-02 19:39:53Z INFO HostContext] Well known directory 'Temp': 'C:\Users\vladi\Documents\GitHub\bob\actions-runner\_work\_temp'
[2025-04-02 19:39:53Z INFO ExecutionContext] Write event payload to C:\Users\vladi\Documents\GitHub\bob\actions-runner\_work\_temp\_github_workflow\event.json
[2025-04-02 19:39:53Z INFO HostContext] Well known directory 'Bin': 'C:\Users\vladi\Documents\GitHub\bob\actions-runner\bin'
[2025-04-02 19:39:53Z INFO HostContext] Well known directory 'Root': 'C:\Users\vladi\Documents\GitHub\bob\actions-runner'
[2025-04-02 19:39:53Z INFO HostContext] Well known directory 'Work': 'C:\Users\vladi\Documents\GitHub\bob\actions-runner\_work'
[2025-04-02 19:39:53Z INFO HostContext] Well known directory 'Temp': 'C:\Users\vladi\Documents\GitHub\bob\actions-runner\_work\_temp'
[2025-04-02 19:39:53Z INFO ExtensionManager] Getting extensions for interface: 'GitHub.Runner.Worker.IFileCommandExtension'
[2025-04-02 19:39:53Z INFO ExtensionManager] Getting extensions for interface: 'GitHub.Runner.Worker.IActionCommandExtension'
[2025-04-02 19:39:53Z INFO ActionCommandManager] Register action command extension for command internal-set-repo-path
[2025-04-02 19:39:53Z INFO ActionCommandManager] Register action command extension for command set-env
[2025-04-02 19:39:53Z INFO ActionCommandManager] Register action command extension for command set-output
[2025-04-02 19:39:53Z INFO ActionCommandManager] Register action command extension for command save-state
[2025-04-02 19:39:53Z INFO ActionCommandManager] Register action command extension for command add-path
[2025-04-02 19:39:53Z INFO ActionCommandManager] Register action command extension for command add-mask
[2025-04-02 19:39:53Z INFO ActionCommandManager] Register action command extension for command add-matcher
[2025-04-02 19:39:53Z INFO ActionCommandManager] Register action command extension for command remove-matcher
[2025-04-02 19:39:53Z INFO ActionCommandManager] Register action command extension for command warning
[2025-04-02 19:39:53Z INFO ActionCommandManager] Register action command extension for command error
[2025-04-02 19:39:53Z INFO ActionCommandManager] Register action command extension for command notice
[2025-04-02 19:39:53Z INFO ActionCommandManager] Register action command extension for command debug
[2025-04-02 19:39:53Z INFO ActionCommandManager] Register action command extension for command group
[2025-04-02 19:39:53Z INFO ActionCommandManager] Register action command extension for command endgroup
[2025-04-02 19:39:53Z INFO ActionCommandManager] Register action command extension for command echo
[2025-04-02 19:39:53Z INFO ScriptHandler] Which2: 'cmd'
[2025-04-02 19:39:53Z INFO ScriptHandler] Location: 'C:\WINDOWS\system32\cmd.EXE'
[2025-04-02 19:39:53Z INFO HostContext] Well known directory 'Bin': 'C:\Users\vladi\Documents\GitHub\bob\actions-runner\bin'
[2025-04-02 19:39:53Z INFO HostContext] Well known directory 'Root': 'C:\Users\vladi\Documents\GitHub\bob\actions-runner'
[2025-04-02 19:39:53Z INFO HostContext] Well known directory 'Work': 'C:\Users\vladi\Documents\GitHub\bob\actions-runner\_work'
[2025-04-02 19:39:53Z INFO HostContext] Well known directory 'Temp': 'C:\Users\vladi\Documents\GitHub\bob\actions-runner\_work\_temp'
[2025-04-02 19:39:53Z INFO ScriptHandler] Which2: 'cmd'
[2025-04-02 19:39:53Z INFO ScriptHandler] Location: 'C:\WINDOWS\system32\cmd.EXE'
[2025-04-02 19:39:53Z INFO ProcessInvokerWrapper] Starting process:
[2025-04-02 19:39:53Z INFO ProcessInvokerWrapper]   File name: 'C:\WINDOWS\system32\cmd.EXE'
[2025-04-02 19:39:53Z INFO ProcessInvokerWrapper]   Arguments: '/D /E:ON /V:OFF /S /C "CALL "C:\Users\vladi\Documents\GitHub\bob\actions-runner\_work\_temp\e4fff9c1-ce6b-406e-b0f9-ef3d20661cf5.cmd""'
[2025-04-02 19:39:53Z INFO ProcessInvokerWrapper]   Working directory: 'C:\Users\vladi\Documents\GitHub\bob\actions-runner\_work\bob\bob\python-greetings'
[2025-04-02 19:39:53Z INFO ProcessInvokerWrapper]   Require exit code zero: 'False'
[2025-04-02 19:39:53Z INFO ProcessInvokerWrapper]   Encoding web name:  ; code page: ''
[2025-04-02 19:39:53Z INFO ProcessInvokerWrapper]   Force kill process on cancellation: 'False'
[2025-04-02 19:39:53Z INFO ProcessInvokerWrapper]   Redirected STDIN: 'False'
[2025-04-02 19:39:53Z INFO ProcessInvokerWrapper]   Persist current code page: 'True'
[2025-04-02 19:39:53Z INFO ProcessInvokerWrapper]   Keep redirected STDIN open: 'False'
[2025-04-02 19:39:53Z INFO ProcessInvokerWrapper]   High priority process: 'False'
[2025-04-02 19:39:53Z INFO ProcessInvokerWrapper] Process started with process id 18836, waiting for process exit.
[2025-04-02 19:39:53Z INFO JobServerQueue] Try to append 1 batches web console lines for record '2a5d1559-8c00-491a-9159-1a316e436db3', success rate: 1/1.
[2025-04-02 19:39:53Z INFO JobServerQueue] Try to upload 1 log files or attachments, success rate: 1/1.
[2025-04-02 19:39:53Z INFO JobServerQueue] Got a step log file to send to results service.
[2025-04-02 19:39:53Z INFO JobServerQueue] Starting upload of step log file to results service ResultsLog, C:\Users\vladi\Documents\GitHub\bob\actions-runner\_diag\blocks\42f64a17-4773-4b45-ad24-cddbb0ebcb9f_4413272b-aae3-4689-bd54-55d44c5a0aef.1
[2025-04-02 19:39:54Z INFO JobServerQueue] Tried to upload 1 file(s) to results, success rate: 1/1.
[2025-04-02 19:39:54Z INFO JobServerQueue] Try to append 1 batches web console lines for record '2a5d1559-8c00-491a-9159-1a316e436db3', success rate: 1/1.
[2025-04-02 19:39:54Z INFO ProcessInvokerWrapper] STDOUT/STDERR stream read finished.
[2025-04-02 19:39:54Z INFO ProcessInvokerWrapper] STDOUT/STDERR stream read finished.
[2025-04-02 19:39:54Z INFO ProcessInvokerWrapper] Finished process 18836 with exit code 0, and elapsed time 00:00:01.2522908.
[2025-04-02 19:39:54Z INFO CreateStepSummaryCommand] Step Summary file (C:\Users\vladi\Documents\GitHub\bob\actions-runner\_work\_temp\_runner_file_commands\step_summary_cc8258f9-a61a-4fae-889c-124ee38fdb4a) is empty; skipping attachment upload
[2025-04-02 19:39:54Z INFO StepsRunner] Step result: 
[2025-04-02 19:39:54Z INFO ExecutionContext] Publish step telemetry for current step {
  "action": "cmd",
  "type": "run",
  "stage": "Main",
  "stepId": "2a5d1559-8c00-491a-9159-1a316e436db3",
  "stepContextName": "__run_2",
  "result": "succeeded",
  "errorMessages": [],
  "executionTimeInSeconds": 2,
  "startTime": "2025-04-02T19:39:53.2182737Z",
  "finishTime": "2025-04-02T19:39:54.5135145Z"
}.
[2025-04-02 19:39:54Z INFO StepsRunner] No need for updating job result with current step result 'Succeeded'.
[2025-04-02 19:39:54Z INFO StepsRunner] Current state: job state = ''
[2025-04-02 19:39:54Z INFO JobRunner] Finalize job.
[2025-04-02 19:39:54Z INFO HostContext] Well known directory 'Bin': 'C:\Users\vladi\Documents\GitHub\bob\actions-runner\bin'
[2025-04-02 19:39:54Z INFO HostContext] Well known directory 'Root': 'C:\Users\vladi\Documents\GitHub\bob\actions-runner'
[2025-04-02 19:39:54Z INFO HostContext] Well known directory 'Diag': 'C:\Users\vladi\Documents\GitHub\bob\actions-runner\_diag'
[2025-04-02 19:39:54Z INFO HostContext] Well known directory 'Bin': 'C:\Users\vladi\Documents\GitHub\bob\actions-runner\bin'
[2025-04-02 19:39:54Z INFO HostContext] Well known directory 'Root': 'C:\Users\vladi\Documents\GitHub\bob\actions-runner'
[2025-04-02 19:39:54Z INFO HostContext] Well known directory 'Diag': 'C:\Users\vladi\Documents\GitHub\bob\actions-runner\_diag'
[2025-04-02 19:39:54Z INFO JobExtension] Initialize Env context
[2025-04-02 19:39:54Z INFO JobExtension] Initialize steps context
[2025-04-02 19:39:54Z INFO JobExtension] Total accessible running process: 273.
[2025-04-02 19:39:54Z INFO JobExtension] Inspecting process environment variables. PID: 5284 (python)
[2025-04-02 19:39:54Z INFO JobServerQueue] Try to upload 1 log files or attachments, success rate: 1/1.
[2025-04-02 19:39:54Z INFO ExecutionContext] Publish step telemetry for current step {
  "action": "complete_job",
  "type": "runner",
  "stage": "Post",
  "stepId": "bb589fe3-475f-4c8f-8bb6-1cecb5fa058a",
  "result": "succeeded",
  "errorMessages": [],
  "executionTimeInSeconds": 1,
  "startTime": "2025-04-02T19:39:54.525527Z",
  "finishTime": "2025-04-02T19:39:54.5832312Z"
}.
[2025-04-02 19:39:54Z INFO JobRunner] Job result after all job steps finish: Succeeded
[2025-04-02 19:39:54Z INFO JobRunner] Completing the job execution context.
[2025-04-02 19:39:54Z INFO JobRunner] Shutting down the job server queue.
[2025-04-02 19:39:54Z INFO JobServerQueue] Fire signal to shutdown all queues.
[2025-04-02 19:39:55Z INFO JobServerQueue] All queue process task stopped.
[2025-04-02 19:39:55Z INFO JobServerQueue] Try to append 1 batches web console lines for record '2a5d1559-8c00-491a-9159-1a316e436db3', success rate: 1/1.
[2025-04-02 19:39:55Z INFO JobServerQueue] Try to append 1 batches web console lines for record 'bb589fe3-475f-4c8f-8bb6-1cecb5fa058a', success rate: 1/1.
[2025-04-02 19:39:55Z INFO JobServerQueue] Web console line queue drained.
[2025-04-02 19:39:55Z INFO JobServerQueue] Uploading 2 files in one shot.
[2025-04-02 19:39:55Z INFO JobServerQueue] Try to upload 2 log files or attachments, success rate: 2/2.
[2025-04-02 19:39:55Z INFO JobServerQueue] File upload queue drained.
[2025-04-02 19:39:55Z INFO JobServerQueue] Starting results-based upload queue...
[2025-04-02 19:39:55Z INFO JobServerQueue] Uploading 3 file(s) in one shot through results service.
[2025-04-02 19:39:55Z INFO JobServerQueue] Got a step log file to send to results service.
[2025-04-02 19:39:55Z INFO JobServerQueue] Starting upload of step log file to results service ResultsLog, C:\Users\vladi\Documents\GitHub\bob\actions-runner\_diag\blocks\42f64a17-4773-4b45-ad24-cddbb0ebcb9f_2a5d1559-8c00-491a-9159-1a316e436db3.1
[2025-04-02 19:39:56Z INFO JobServerQueue] Got a step log file to send to results service.
[2025-04-02 19:39:56Z INFO JobServerQueue] Starting upload of step log file to results service ResultsLog, C:\Users\vladi\Documents\GitHub\bob\actions-runner\_diag\blocks\42f64a17-4773-4b45-ad24-cddbb0ebcb9f_bb589fe3-475f-4c8f-8bb6-1cecb5fa058a.1
[2025-04-02 19:39:56Z INFO JobServerQueue] Got a job log file to send to results service.
[2025-04-02 19:39:56Z INFO JobServerQueue] Starting upload of job log file to results service ResultsLog, C:\Users\vladi\Documents\GitHub\bob\actions-runner\_diag\blocks\42f64a17-4773-4b45-ad24-cddbb0ebcb9f_83025e13-e1f0-52d9-afb7-59ea49cb61fc.1
[2025-04-02 19:39:56Z INFO JobServerQueue] Tried to upload 3 file(s) to results, success rate: 3/3.
[2025-04-02 19:39:56Z INFO JobServerQueue] Results upload queue drained.
[2025-04-02 19:39:56Z INFO JobServerQueue] Timeline update queue drained.
[2025-04-02 19:39:56Z INFO JobServerQueue] Disposing job server ...
[2025-04-02 19:39:56Z INFO JobServerQueue] Disposing results server ...
[2025-04-02 19:39:56Z INFO JobServerQueue] All queue process tasks have been stopped, and all queues are drained.
[2025-04-02 19:39:56Z INFO TempDirectoryManager] Cleaning runner temp folder: C:\Users\vladi\Documents\GitHub\bob\actions-runner\_work\_temp
[2025-04-02 19:39:56Z INFO HostContext] Well known directory 'Bin': 'C:\Users\vladi\Documents\GitHub\bob\actions-runner\bin'
[2025-04-02 19:39:56Z INFO HostContext] Well known directory 'Root': 'C:\Users\vladi\Documents\GitHub\bob\actions-runner'
[2025-04-02 19:39:56Z INFO HostContext] Well known directory 'Diag': 'C:\Users\vladi\Documents\GitHub\bob\actions-runner\_diag'
[2025-04-02 19:39:56Z INFO HostContext] Well known config file 'Telemetry': 'C:\Users\vladi\Documents\GitHub\bob\actions-runner\_diag\.telemetry'
[2025-04-02 19:39:56Z INFO JobRunner] Raising job completed against run service
[2025-04-02 19:39:57Z INFO Worker] Job completed.
